#
# There is insufficient memory for the Java Runtime Environment to continue.
# Native memory allocation (mmap) failed to map 212860928 bytes for committing reserved memory.
# Possible reasons:
#   The system is out of physical RAM or swap space
#   In 32 bit mode, the process size limit was hit
# Possible solutions:
#   Reduce memory load on the system
#   Increase physical memory or swap space
#   Check if swap backing store is full
#   Use 64 bit Java on a 64 bit OS
#   Decrease Java heap size (-Xmx/-Xms)
#   Decrease number of Java threads
#   Decrease Java thread stack sizes (-Xss)
#   Set larger code cache with -XX:ReservedCodeCacheSize=
# This output file may be truncated or incomplete.
#
#  Out of Memory Error (os_linux.cpp:2630), pid=745, tid=140140577834752
#
# JRE version: OpenJDK Runtime Environment (8.0_91-b14) (build 1.8.0_91-8u91-b14-0ubuntu4~14.04-b14)
# Java VM: OpenJDK 64-Bit Server VM (25.91-b14 mixed mode linux-amd64 compressed oops)
# Failed to write core dump. Core dumps have been disabled. To enable core dumping, try "ulimit -c unlimited" before starting Java again
#

---------------  T H R E A D  ---------------

Current thread (0x00007f7518080000):  VMThread [stack: 0x00007f75054c4000,0x00007f75055c5000] [id=771]

Stack: [0x00007f75054c4000,0x00007f75055c5000],  sp=0x00007f75055c3480,  free space=1021k
Native frames: (J=compiled Java code, j=interpreted, Vv=VM code, C=native code)
V  [libjvm.so+0x9f573d]
V  [libjvm.so+0x4bc3da]
V  [libjvm.so+0x85b0a0]
V  [libjvm.so+0x855b9f]
V  [libjvm.so+0x8cb83b]
V  [libjvm.so+0x8cc4f0]
V  [libjvm.so+0x8cc80b]
V  [libjvm.so+0x8c8f1c]
V  [libjvm.so+0x8c96f8]
V  [libjvm.so+0x87e0d3]
V  [libjvm.so+0x9f7204]
V  [libjvm.so+0x9fb5b7]
V  [libjvm.so+0x9fa078]
V  [libjvm.so+0x9fa4f9]
V  [libjvm.so+0x9fa942]
V  [libjvm.so+0x8584a2]

VM_Operation (0x00007f7504478f10): ParallelGCFailedAllocation, mode: safepoint, requested by thread 0x00007f751818f800


---------------  P R O C E S S  ---------------

Java Threads: ( => current thread )
  0x00007f75181a1800 JavaThread "pool-1-thread-4" [_thread_blocked, id=865, stack(0x00007f74ffeff000,0x00007f7500000000)]
  0x00007f7518195800 JavaThread "pool-1-thread-3" [_thread_blocked, id=860, stack(0x00007f7504077000,0x00007f7504178000)]
  0x00007f7518194800 JavaThread "pool-1-thread-2" [_thread_blocked, id=858, stack(0x00007f7504178000,0x00007f7504279000)]
  0x00007f7518191800 JavaThread "pool-2-thread-1" [_thread_blocked, id=854, stack(0x00007f7504279000,0x00007f750437a000)]
  0x00007f751818f800 JavaThread "pool-1-thread-1" [_thread_blocked, id=850, stack(0x00007f750437a000,0x00007f750447b000)]
  0x00007f75180c4000 JavaThread "Service Thread" daemon [_thread_blocked, id=790, stack(0x00007f75045da000,0x00007f75046db000)]
  0x00007f75180bf000 JavaThread "C1 CompilerThread3" daemon [_thread_blocked, id=789, stack(0x00007f75046db000,0x00007f75047dc000)]
  0x00007f75180bb000 JavaThread "C2 CompilerThread2" daemon [_thread_in_native, id=788, stack(0x00007f75047dc000,0x00007f75048dd000)]
  0x00007f75180b9000 JavaThread "C2 CompilerThread1" daemon [_thread_blocked, id=787, stack(0x00007f75048dd000,0x00007f75049de000)]
  0x00007f75180b6000 JavaThread "C2 CompilerThread0" daemon [_thread_in_native, id=786, stack(0x00007f75049de000,0x00007f7504adf000)]
  0x00007f75180b4000 JavaThread "Signal Dispatcher" daemon [_thread_blocked, id=784, stack(0x00007f7504adf000,0x00007f7504be0000)]
  0x00007f751808c000 JavaThread "Finalizer" daemon [_thread_blocked, id=776, stack(0x00007f75052c2000,0x00007f75053c3000)]
  0x00007f7518087800 JavaThread "Reference Handler" daemon [_thread_blocked, id=774, stack(0x00007f75053c3000,0x00007f75054c4000)]
  0x00007f751800a000 JavaThread "main" [_thread_blocked, id=754, stack(0x00007f7521233000,0x00007f7521334000)]

Other Threads:
=>0x00007f7518080000 VMThread [stack: 0x00007f75054c4000,0x00007f75055c5000] [id=771]
  0x00007f75180c6800 WatcherThread [stack: 0x00007f75044d9000,0x00007f75045da000] [id=791]

VM state:at safepoint (normal execution)

VM Mutex/Monitor currently owned by a thread:  ([mutex/lock_event])
[0x00007f75180067c0] Threads_lock - owner thread: 0x00007f7518080000
[0x00007f7518006cc0] Heap_lock - owner thread: 0x00007f751818f800

Heap:
 PSYoungGen      total 132096K, used 5091K [0x00000000eab00000, 0x00000000f3100000, 0x0000000100000000)
  eden space 126976K, 0% used [0x00000000eab00000,0x00000000eab00000,0x00000000f2700000)
  from space 5120K, 99% used [0x00000000f2700000,0x00000000f2bf8ee0,0x00000000f2c00000)
  to   space 5120K, 0% used [0x00000000f2c00000,0x00000000f2c00000,0x00000000f3100000)
 ParOldGen       total 84992K, used 66116K [0x00000000c0000000, 0x00000000c5300000, 0x00000000eab00000)
  object space 84992K, 77% used [0x00000000c0000000,0x00000000c40912f0,0x00000000c5300000)
 Metaspace       used 6159K, capacity 7088K, committed 7296K, reserved 1056768K
  class space    used 588K, capacity 616K, committed 640K, reserved 1048576K

Card table byte_map: [0x00007f751d7cb000,0x00007f751d9cc000] byte_map_base: 0x00007f751d1cb000

Marking Bits: (ParMarkBitMap*) 0x00007f7520503080
 Begin Bits: [0x00007f7507000000, 0x00007f7508000000)
 End Bits:   [0x00007f7508000000, 0x00007f7509000000)

Polling page: 0x00007f752134e000

CodeCache: size=245760Kb used=7432Kb max_used=7432Kb free=238327Kb
 bounds [0x00007f7509000000, 0x00007f7509750000, 0x00007f7518000000]
 total_blobs=2047 nmethods=1780 adapters=182
 compilation: enabled

Compilation events (10 events):
Event: 16.760 Thread 0x00007f75180bf000 2067       3       com.android.dx.cf.code.Simulator$SimVisitor::visitNoArgs (2108 bytes)
Event: 16.803 Thread 0x00007f75180bf000 nmethod 2067 0x00007f7509731150 code [0x00007f7509732040, 0x00007f750973dac8]
Event: 16.803 Thread 0x00007f75180bf000 2068       3       com.android.dx.rop.code.Rops::pickBinaryOp (158 bytes)
Event: 16.814 Thread 0x00007f75180bf000 nmethod 2068 0x00007f7509743ed0 code [0x00007f7509744120, 0x00007f7509744fb8]
Event: 16.976 Thread 0x00007f75180bf000 2070       3       com.android.dx.rop.cst.CstLiteral32::equals (35 bytes)
Event: 16.976 Thread 0x00007f75180bf000 nmethod 2070 0x00007f75097457d0 code [0x00007f7509745940, 0x00007f7509745d90]
Event: 17.088 Thread 0x00007f75180bf000 2073       3       com.android.dx.rop.code.Rops::opOr (21 bytes)
Event: 17.088 Thread 0x00007f75180bf000 nmethod 2073 0x00007f7509745e90 code [0x00007f7509746000, 0x00007f75097461c8]
Event: 17.139 Thread 0x00007f75180bf000 2074       3       com.android.dx.rop.code.Rops::opPutField (97 bytes)
Event: 17.141 Thread 0x00007f75180bf000 nmethod 2074 0x00007f7509746250 code [0x00007f75097464a0, 0x00007f7509747118]

GC Heap History (9 events):
Event: 2.078 GC heap before
{Heap before GC invocations=1 (full 0):
 PSYoungGen      total 36864K, used 31744K [0x00000000eab00000, 0x00000000ed400000, 0x0000000100000000)
  eden space 31744K, 100% used [0x00000000eab00000,0x00000000eca00000,0x00000000eca00000)
  from space 5120K, 0% used [0x00000000ecf00000,0x00000000ecf00000,0x00000000ed400000)
  to   space 5120K, 0% used [0x00000000eca00000,0x00000000eca00000,0x00000000ecf00000)
 ParOldGen       total 84992K, used 0K [0x00000000c0000000, 0x00000000c5300000, 0x00000000eab00000)
  object space 84992K, 0% used [0x00000000c0000000,0x00000000c0000000,0x00000000c5300000)
 Metaspace       used 5321K, capacity 6448K, committed 6528K, reserved 1056768K
  class space    used 560K, capacity 616K, committed 640K, reserved 1048576K
Event: 2.277 GC heap after
Heap after GC invocations=1 (full 0):
 PSYoungGen      total 36864K, used 3646K [0x00000000eab00000, 0x00000000ef300000, 0x0000000100000000)
  eden space 31744K, 0% used [0x00000000eab00000,0x00000000eab00000,0x00000000eca00000)
  from space 5120K, 71% used [0x00000000eca00000,0x00000000ecd8f970,0x00000000ecf00000)
  to   space 5120K, 0% used [0x00000000eee00000,0x00000000eee00000,0x00000000ef300000)
 ParOldGen       total 84992K, used 8K [0x00000000c0000000, 0x00000000c5300000, 0x00000000eab00000)
  object space 84992K, 0% used [0x00000000c0000000,0x00000000c0002000,0x00000000c5300000)
 Metaspace       used 5321K, capacity 6448K, committed 6528K, reserved 1056768K
  class space    used 560K, capacity 616K, committed 640K, reserved 1048576K
}
Event: 4.068 GC heap before
{Heap before GC invocations=2 (full 0):
 PSYoungGen      total 36864K, used 35390K [0x00000000eab00000, 0x00000000ef300000, 0x0000000100000000)
  eden space 31744K, 100% used [0x00000000eab00000,0x00000000eca00000,0x00000000eca00000)
  from space 5120K, 71% used [0x00000000eca00000,0x00000000ecd8f970,0x00000000ecf00000)
  to   space 5120K, 0% used [0x00000000eee00000,0x00000000eee00000,0x00000000ef300000)
 ParOldGen       total 84992K, used 8K [0x00000000c0000000, 0x00000000c5300000, 0x00000000eab00000)
  object space 84992K, 0% used [0x00000000c0000000,0x00000000c0002000,0x00000000c5300000)
 Metaspace       used 5813K, capacity 6896K, committed 7040K, reserved 1056768K
  class space    used 569K, capacity 616K, committed 640K, reserved 1048576K
Event: 4.105 GC heap after
Heap after GC invocations=2 (full 0):
 PSYoungGen      total 68608K, used 5111K [0x00000000eab00000, 0x00000000ef300000, 0x0000000100000000)
  eden space 63488K, 0% used [0x00000000eab00000,0x00000000eab00000,0x00000000ee900000)
  from space 5120K, 99% used [0x00000000eee00000,0x00000000ef2fdc88,0x00000000ef300000)
  to   space 5120K, 0% used [0x00000000ee900000,0x00000000ee900000,0x00000000eee00000)
 ParOldGen       total 84992K, used 1713K [0x00000000c0000000, 0x00000000c5300000, 0x00000000eab00000)
  object space 84992K, 2% used [0x00000000c0000000,0x00000000c01ac658,0x00000000c5300000)
 Metaspace       used 5813K, capacity 6896K, committed 7040K, reserved 1056768K
  class space    used 569K, capacity 616K, committed 640K, reserved 1048576K
}
Event: 5.839 GC heap before
{Heap before GC invocations=3 (full 0):
 PSYoungGen      total 68608K, used 68599K [0x00000000eab00000, 0x00000000ef300000, 0x0000000100000000)
  eden space 63488K, 100% used [0x00000000eab00000,0x00000000ee900000,0x00000000ee900000)
  from space 5120K, 99% used [0x00000000eee00000,0x00000000ef2fdc88,0x00000000ef300000)
  to   space 5120K, 0% used [0x00000000ee900000,0x00000000ee900000,0x00000000eee00000)
 ParOldGen       total 84992K, used 1713K [0x00000000c0000000, 0x00000000c5300000, 0x00000000eab00000)
  object space 84992K, 2% used [0x00000000c0000000,0x00000000c01ac658,0x00000000c5300000)
 Metaspace       used 5922K, capacity 6960K, committed 7040K, reserved 1056768K
  class space    used 570K, capacity 616K, committed 640K, reserved 1048576K
Event: 5.929 GC heap after
Heap after GC invocations=3 (full 0):
 PSYoungGen      total 68608K, used 5114K [0x00000000eab00000, 0x00000000f3100000, 0x0000000100000000)
  eden space 63488K, 0% used [0x00000000eab00000,0x00000000eab00000,0x00000000ee900000)
  from space 5120K, 99% used [0x00000000ee900000,0x00000000eedfeaa8,0x00000000eee00000)
  to   space 5120K, 0% used [0x00000000f2c00000,0x00000000f2c00000,0x00000000f3100000)
 ParOldGen       total 84992K, used 10767K [0x00000000c0000000, 0x00000000c5300000, 0x00000000eab00000)
  object space 84992K, 12% used [0x00000000c0000000,0x00000000c0a83fb8,0x00000000c5300000)
 Metaspace       used 5922K, capacity 6960K, committed 7040K, reserved 1056768K
  class space    used 570K, capacity 616K, committed 640K, reserved 1048576K
}
Event: 6.824 GC heap before
{Heap before GC invocations=4 (full 0):
 PSYoungGen      total 68608K, used 68602K [0x00000000eab00000, 0x00000000f3100000, 0x0000000100000000)
  eden space 63488K, 100% used [0x00000000eab00000,0x00000000ee900000,0x00000000ee900000)
  from space 5120K, 99% used [0x00000000ee900000,0x00000000eedfeaa8,0x00000000eee00000)
  to   space 5120K, 0% used [0x00000000f2c00000,0x00000000f2c00000,0x00000000f3100000)
 ParOldGen       total 84992K, used 10767K [0x00000000c0000000, 0x00000000c5300000, 0x00000000eab00000)
  object space 84992K, 12% used [0x00000000c0000000,0x00000000c0a83fb8,0x00000000c5300000)
 Metaspace       used 6057K, capacity 7024K, committed 7296K, reserved 1056768K
  class space    used 588K, capacity 616K, committed 640K, reserved 1048576K
Event: 6.909 GC heap after
Heap after GC invocations=4 (full 0):
 PSYoungGen      total 132096K, used 5088K [0x00000000eab00000, 0x00000000f3100000, 0x0000000100000000)
  eden space 126976K, 0% used [0x00000000eab00000,0x00000000eab00000,0x00000000f2700000)
  from space 5120K, 99% used [0x00000000f2c00000,0x00000000f30f8028,0x00000000f3100000)
  to   space 5120K, 0% used [0x00000000f2700000,0x00000000f2700000,0x00000000f2c00000)
 ParOldGen       total 84992K, used 19776K [0x00000000c0000000, 0x00000000c5300000, 0x00000000eab00000)
  object space 84992K, 23% used [0x00000000c0000000,0x00000000c1350100,0x00000000c5300000)
 Metaspace       used 6057K, capacity 7024K, committed 7296K, reserved 1056768K
  class space    used 588K, capacity 616K, committed 640K, reserved 1048576K
}
Event: 17.472 GC heap before
{Heap before GC invocations=5 (full 0):
 PSYoungGen      total 132096K, used 132064K [0x00000000eab00000, 0x00000000f3100000, 0x0000000100000000)
  eden space 126976K, 100% used [0x00000000eab00000,0x00000000f2700000,0x00000000f2700000)
  from space 5120K, 99% used [0x00000000f2c00000,0x00000000f30f8028,0x00000000f3100000)
  to   space 5120K, 0% used [0x00000000f2700000,0x00000000f2700000,0x00000000f2c00000)
 ParOldGen       total 84992K, used 19776K [0x00000000c0000000, 0x00000000c5300000, 0x00000000eab00000)
  object space 84992K, 23% used [0x00000000c0000000,0x00000000c1350100,0x00000000c5300000)
 Metaspace       used 6159K, capacity 7088K, committed 7296K, reserved 1056768K
  class space    used 588K, capacity 616K, committed 640K, reserved 1048576K

Deoptimization events (10 events):
Event: 4.783 Thread 0x00007f751818f800 Uncommon trap: reason=bimorphic action=maybe_recompile pc=0x00007f75092723a0 method=java.util.HashMap.getNode(ILjava/lang/Object;)Ljava/util/HashMap$Node; @ 126
Event: 4.947 Thread 0x00007f751800a000 Uncommon trap: reason=unstable_if action=reinterpret pc=0x00007f75093158bc method=com.android.dx.ssa.SsaMethod.updateOneDefinition(Lcom/android/dx/ssa/SsaInsn;Lcom/android/dx/rop/code/RegisterSpec;)V @ 4
Event: 4.988 Thread 0x00007f751818f800 Uncommon trap: reason=bimorphic action=maybe_recompile pc=0x00007f75092723a0 method=java.util.HashMap.getNode(ILjava/lang/Object;)Ljava/util/HashMap$Node; @ 126
Event: 5.945 Thread 0x00007f7518194800 Uncommon trap: reason=unstable_if action=reinterpret pc=0x00007f75092833e0 method=java.util.HashMap.putVal(ILjava/lang/Object;Ljava/lang/Object;ZZ)Ljava/lang/Object; @ 162
Event: 5.948 Thread 0x00007f7518194800 Uncommon trap: reason=unstable_if action=reinterpret pc=0x00007f7509272388 method=java.util.HashMap.getNode(ILjava/lang/Object;)Ljava/util/HashMap$Node; @ 84
Event: 5.948 Thread 0x00007f7518194800 Uncommon trap: reason=unstable_if action=reinterpret pc=0x00007f7509299364 method=java.util.HashMap.getNode(ILjava/lang/Object;)Ljava/util/HashMap$Node; @ 84
Event: 7.030 Thread 0x00007f75181a1800 Uncommon trap: reason=unstable_if action=reinterpret pc=0x00007f7509564b64 method=com.android.dx.cf.code.BytecodeArray.parseInstruction(ILcom/android/dx/cf/code/BytecodeArray$Visitor;)I @ 1198
Event: 7.256 Thread 0x00007f751818f800 Uncommon trap: reason=class_check action=maybe_recompile pc=0x00007f7509551738 method=com.android.dx.ssa.SCCP.simulateBranch(Lcom/android/dx/ssa/SsaInsn;)V @ 145
Event: 7.585 Thread 0x00007f751818f800 Uncommon trap: reason=unstable_if action=reinterpret pc=0x00007f7509575f4c method=java.util.HashMap.putVal(ILjava/lang/Object;Ljava/lang/Object;ZZ)Ljava/lang/Object; @ 109
Event: 7.631 Thread 0x00007f75181a1800 Uncommon trap: reason=class_check action=maybe_recompile pc=0x00007f7509551738 method=com.android.dx.ssa.SCCP.simulateBranch(Lcom/android/dx/ssa/SsaInsn;)V @ 145

Internal exceptions (9 events):
Event: 0.235 Thread 0x00007f751800a000 Exception <a 'java/lang/NoSuchMethodError': Method sun.misc.Unsafe.defineClass(Ljava/lang/String;[BII)Ljava/lang/Class; name or signature does not match> (0x00000000eab07cc0) thrown at [/build/openjdk-8-vT_67x/openjdk-8-8u91-b14/src/hotspot/src/share/vm/p
Event: 0.235 Thread 0x00007f751800a000 Exception <a 'java/lang/NoSuchMethodError': Method sun.misc.Unsafe.prefetchRead(Ljava/lang/Object;J)V name or signature does not match> (0x00000000eab07fa8) thrown at [/build/openjdk-8-vT_67x/openjdk-8-8u91-b14/src/hotspot/src/share/vm/prims/jni.cpp, line
Event: 0.446 Thread 0x00007f751800a000 Exception <a 'java/util/zip/ZipException'> (0x00000000eab51ec0) thrown at [/build/openjdk-8-vT_67x/openjdk-8-8u91-b14/src/hotspot/src/share/vm/prims/jni.cpp, line 709]
Event: 0.446 Thread 0x00007f751800a000 Exception <a 'java/security/PrivilegedActionException'> (0x00000000eab52160) thrown at [/build/openjdk-8-vT_67x/openjdk-8-8u91-b14/src/hotspot/src/share/vm/prims/jvm.cpp, line 1386]
Event: 0.446 Thread 0x00007f751800a000 Exception <a 'java/security/PrivilegedActionException'> (0x00000000eab52370) thrown at [/build/openjdk-8-vT_67x/openjdk-8-8u91-b14/src/hotspot/src/share/vm/prims/jvm.cpp, line 1386]
Event: 2.900 Thread 0x00007f751800a000 Implicit null exception at 0x00007f7509243362 to 0x00007f750924345b
Event: 5.946 Thread 0x00007f7518194800 Exception <a 'java/lang/ArrayIndexOutOfBoundsException': 18> (0x00000000ead4fe60) thrown at [/build/openjdk-8-vT_67x/openjdk-8-8u91-b14/src/hotspot/src/share/vm/interpreter/interpreterRuntime.cpp, line 366]
Event: 5.947 Thread 0x00007f7518194800 Exception <a 'java/lang/ArrayIndexOutOfBoundsException': 145> (0x00000000ead519e0) thrown at [/build/openjdk-8-vT_67x/openjdk-8-8u91-b14/src/hotspot/src/share/vm/interpreter/interpreterRuntime.cpp, line 366]
Event: 5.947 Thread 0x00007f7518194800 Exception <a 'java/lang/ArrayIndexOutOfBoundsException': 40> (0x00000000ead52cc8) thrown at [/build/openjdk-8-vT_67x/openjdk-8-8u91-b14/src/hotspot/src/share/vm/interpreter/interpreterRuntime.cpp, line 366]

Events (10 events):
Event: 8.806 Thread 0x00007f7518195800 DEOPT UNPACKING pc=0x00007f7509047373 sp=0x00007f7504176008 mode 0
Event: 8.820 Thread 0x00007f7518195800 DEOPT PACKING pc=0x00007f7509484f75 sp=0x00007f7504176310
Event: 8.820 Thread 0x00007f7518195800 DEOPT UNPACKING pc=0x00007f7509047373 sp=0x00007f7504176080 mode 0
Event: 8.831 Thread 0x00007f7518195800 DEOPT PACKING pc=0x00007f750948557b sp=0x00007f7504176190
Event: 8.831 Thread 0x00007f7518195800 DEOPT UNPACKING pc=0x00007f7509047373 sp=0x00007f7504175ef8 mode 0
Event: 8.837 Thread 0x00007f7518195800 DEOPT PACKING pc=0x00007f7509434fa4 sp=0x00007f7504176140
Event: 8.837 Thread 0x00007f7518195800 DEOPT UNPACKING pc=0x00007f7509047373 sp=0x00007f7504175ef0 mode 0
Event: 17.397 Thread 0x00007f751818f800 DEOPT PACKING pc=0x00007f75093e2d6c sp=0x00007f75044791b0
Event: 17.397 Thread 0x00007f751818f800 DEOPT UNPACKING pc=0x00007f7509047373 sp=0x00007f7504478eb0 mode 0
Event: 17.459 Executing VM operation: ParallelGCFailedAllocation


Dynamic libraries:
00400000-00401000 r-xp 00000000 08:16 1058522                            /usr/lib/jvm/java-8-openjdk-amd64/jre/bin/java
00600000-00601000 r--p 00000000 08:16 1058522                            /usr/lib/jvm/java-8-openjdk-amd64/jre/bin/java
00601000-00602000 rw-p 00001000 08:16 1058522                            /usr/lib/jvm/java-8-openjdk-amd64/jre/bin/java
006c1000-006e2000 rw-p 00000000 00:00 0                                  [heap]
c0000000-c5300000 rw-p 00000000 00:00 0 
c5300000-eab00000 ---p 00000000 00:00 0 
eab00000-f3100000 rw-p 00000000 00:00 0 
ffc00000-100000000 ---p 00000000 00:00 0 
100000000-1000a0000 rw-p 00000000 00:00 0 
1000a0000-140000000 ---p 00000000 00:00 0 
7f7498000000-7f7498021000 rw-p 00000000 00:00 0 
7f7498021000-7f749c000000 ---p 00000000 00:00 0 
7f74a0000000-7f74a0021000 rw-p 00000000 00:00 0 
7f74a0021000-7f74a4000000 ---p 00000000 00:00 0 
7f74a4000000-7f74a4021000 rw-p 00000000 00:00 0 
7f74a4021000-7f74a8000000 ---p 00000000 00:00 0 
7f74a8000000-7f74a8025000 rw-p 00000000 00:00 0 
7f74a8025000-7f74ac000000 ---p 00000000 00:00 0 
7f74ac000000-7f74ac021000 rw-p 00000000 00:00 0 
7f74ac021000-7f74b0000000 ---p 00000000 00:00 0 
7f74b0000000-7f74b0021000 rw-p 00000000 00:00 0 
7f74b0021000-7f74b4000000 ---p 00000000 00:00 0 
7f74b4000000-7f74b4021000 rw-p 00000000 00:00 0 
7f74b4021000-7f74b8000000 ---p 00000000 00:00 0 
7f74b8000000-7f74b9be1000 rw-p 00000000 00:00 0 
7f74b9be1000-7f74bc000000 ---p 00000000 00:00 0 
7f74bc000000-7f74bc760000 rw-p 00000000 00:00 0 
7f74bc760000-7f74c0000000 ---p 00000000 00:00 0 
7f74c0000000-7f74c0d19000 rw-p 00000000 00:00 0 
7f74c0d19000-7f74c4000000 ---p 00000000 00:00 0 
7f74c4000000-7f74c6059000 rw-p 00000000 00:00 0 
7f74c6059000-7f74c8000000 ---p 00000000 00:00 0 
7f74c8000000-7f74c8021000 rw-p 00000000 00:00 0 
7f74c8021000-7f74cc000000 ---p 00000000 00:00 0 
7f74cc000000-7f74cc021000 rw-p 00000000 00:00 0 
7f74cc021000-7f74d0000000 ---p 00000000 00:00 0 
7f74d0000000-7f74d0021000 rw-p 00000000 00:00 0 
7f74d0021000-7f74d4000000 ---p 00000000 00:00 0 
7f74d4000000-7f74d4021000 rw-p 00000000 00:00 0 
7f74d4021000-7f74d8000000 ---p 00000000 00:00 0 
7f74d8000000-7f74d8021000 rw-p 00000000 00:00 0 
7f74d8021000-7f74dc000000 ---p 00000000 00:00 0 
7f74dc000000-7f74dc021000 rw-p 00000000 00:00 0 
7f74dc021000-7f74e0000000 ---p 00000000 00:00 0 
7f74e0000000-7f74e0021000 rw-p 00000000 00:00 0 
7f74e0021000-7f74e4000000 ---p 00000000 00:00 0 
7f74e4000000-7f74e4021000 rw-p 00000000 00:00 0 
7f74e4021000-7f74e8000000 ---p 00000000 00:00 0 
7f74e8000000-7f74e8021000 rw-p 00000000 00:00 0 
7f74e8021000-7f74ec000000 ---p 00000000 00:00 0 
7f74f0000000-7f74f0021000 rw-p 00000000 00:00 0 
7f74f0021000-7f74f4000000 ---p 00000000 00:00 0 
7f74f8000000-7f74f8021000 rw-p 00000000 00:00 0 
7f74f8021000-7f74fc000000 ---p 00000000 00:00 0 
7f74ffeff000-7f74fff02000 ---p 00000000 00:00 0 
7f74fff02000-7f7500000000 rw-p 00000000 00:00 0                          [stack:865]
7f7500000000-7f7500021000 rw-p 00000000 00:00 0 
7f7500021000-7f7504000000 ---p 00000000 00:00 0 
7f7504077000-7f750407a000 ---p 00000000 00:00 0 
7f750407a000-7f7504178000 rw-p 00000000 00:00 0                          [stack:860]
7f7504178000-7f750417b000 ---p 00000000 00:00 0 
7f750417b000-7f7504279000 rw-p 00000000 00:00 0                          [stack:858]
7f7504279000-7f750427c000 ---p 00000000 00:00 0 
7f750427c000-7f750437a000 rw-p 00000000 00:00 0                          [stack:854]
7f750437a000-7f750437d000 ---p 00000000 00:00 0 
7f750437d000-7f750447b000 rw-p 00000000 00:00 0                          [stack:850]
7f750447b000-7f7504493000 r--s 000f5000 08:16 2629549                    /home/pc2/Desktop/Android/SOSapp/SOSapp/app/build/intermediates/exploded-aar/com.google.android.gms/play-services-ads/8.4.0/jars/classes.jar
7f7504493000-7f75044a2000 r--s 000df000 08:16 3674186                    /root/Android/Sdk/build-tools/23.0.3/lib/dx.jar
7f75044a2000-7f75044bd000 r--s 001d7000 08:16 1971917                    /usr/lib/jvm/java-8-openjdk-amd64/jre/lib/ext/nashorn.jar
7f75044bd000-7f75044d9000 r--s 00393000 08:16 1971986                    /usr/lib/jvm/java-8-openjdk-amd64/jre/lib/ext/cldrdata.jar
7f75044d9000-7f75044da000 ---p 00000000 00:00 0 
7f75044da000-7f75045da000 rw-p 00000000 00:00 0                          [stack:791]
7f75045da000-7f75045dd000 ---p 00000000 00:00 0 
7f75045dd000-7f75046db000 rw-p 00000000 00:00 0                          [stack:790]
7f75046db000-7f75046de000 ---p 00000000 00:00 0 
7f75046de000-7f75047dc000 rw-p 00000000 00:00 0                          [stack:789]
7f75047dc000-7f75047df000 ---p 00000000 00:00 0 
7f75047df000-7f75048dd000 rw-p 00000000 00:00 0                          [stack:788]
7f75048dd000-7f75048e0000 ---p 00000000 00:00 0 
7f75048e0000-7f75049de000 rw-p 00000000 00:00 0                          [stack:787]
7f75049de000-7f75049e1000 ---p 00000000 00:00 0 
7f75049e1000-7f7504adf000 rw-p 00000000 00:00 0                          [stack:786]
7f7504adf000-7f7504ae2000 ---p 00000000 00:00 0 
7f7504ae2000-7f7504be0000 rw-p 00000000 00:00 0                          [stack:784]
7f7504be0000-7f75052c2000 r--p 00000000 08:16 531444                     /usr/lib/locale/locale-archive
7f75052c2000-7f75052c5000 ---p 00000000 00:00 0 
7f75052c5000-7f75053c3000 rw-p 00000000 00:00 0                          [stack:776]
7f75053c3000-7f75053c6000 ---p 00000000 00:00 0 
7f75053c6000-7f75054c4000 rw-p 00000000 00:00 0                          [stack:774]
7f75054c4000-7f75054c5000 ---p 00000000 00:00 0 
7f75054c5000-7f7509000000 rw-p 00000000 00:00 0                          [stack:771]
7f7509000000-7f7509750000 rwxp 00000000 00:00 0 
7f7509750000-7f7518000000 ---p 00000000 00:00 0 
7f7518000000-7f75181d7000 rw-p 00000000 00:00 0 
7f75181d7000-7f751c000000 ---p 00000000 00:00 0 
7f751c00b000-7f751c00c000 rw-p 00000000 00:00 0 
7f751c00c000-7f751c016000 r--s 00116000 08:16 1972026                    /usr/lib/jvm/java-8-openjdk-amd64/jre/lib/ext/localedata.jar
7f751c016000-7f751c22a000 rw-p 00000000 00:00 0 
7f751c22a000-7f751c3f7000 r--s 03be7000 08:16 1328837                    /usr/lib/jvm/java-8-openjdk-amd64/jre/lib/rt.jar
7f751c3f7000-7f751caed000 rw-p 00000000 00:00 0 
7f751caed000-7f751cc6d000 ---p 00000000 00:00 0 
7f751cc6d000-7f751ce6d000 rw-p 00000000 00:00 0 
7f751ce6d000-7f751ce6e000 ---p 00000000 00:00 0 
7f751ce6e000-7f751cf6e000 rw-p 00000000 00:00 0                          [stack:767]
7f751cf6e000-7f751cf6f000 ---p 00000000 00:00 0 
7f751cf6f000-7f751d06f000 rw-p 00000000 00:00 0                          [stack:766]
7f751d06f000-7f751d070000 ---p 00000000 00:00 0 
7f751d070000-7f751d170000 rw-p 00000000 00:00 0                          [stack:765]
7f751d170000-7f751d171000 ---p 00000000 00:00 0 
7f751d171000-7f751d271000 rw-p 00000000 00:00 0                          [stack:763]
7f751d271000-7f751d272000 ---p 00000000 00:00 0 
7f751d272000-7f751d372000 rw-p 00000000 00:00 0                          [stack:761]
7f751d372000-7f751d373000 ---p 00000000 00:00 0 
7f751d373000-7f751d473000 rw-p 00000000 00:00 0                          [stack:760]
7f751d473000-7f751d474000 ---p 00000000 00:00 0 
7f751d474000-7f751d574000 rw-p 00000000 00:00 0                          [stack:757]
7f751d574000-7f751d575000 ---p 00000000 00:00 0 
7f751d575000-7f751d69f000 rw-p 00000000 00:00 0                          [stack:755]
7f751d69f000-7f751d7cb000 ---p 00000000 00:00 0 
7f751d7cb000-7f751d7f5000 rw-p 00000000 00:00 0 
7f751d7f5000-7f751d920000 ---p 00000000 00:00 0 
7f751d920000-7f751d964000 rw-p 00000000 00:00 0 
7f751d964000-7f751d9cb000 ---p 00000000 00:00 0 
7f751d9cb000-7f751d9ea000 rw-p 00000000 00:00 0 
7f751d9ea000-7f751dd8c000 ---p 00000000 00:00 0 
7f751dd8c000-7f751dd94000 r-xp 00000000 08:16 1444986                    /usr/lib/jvm/java-8-openjdk-amd64/jre/lib/amd64/libzip.so
7f751dd94000-7f751df93000 ---p 00008000 08:16 1444986                    /usr/lib/jvm/java-8-openjdk-amd64/jre/lib/amd64/libzip.so
7f751df93000-7f751df94000 r--p 00007000 08:16 1444986                    /usr/lib/jvm/java-8-openjdk-amd64/jre/lib/amd64/libzip.so
7f751df94000-7f751df95000 rw-p 00008000 08:16 1444986                    /usr/lib/jvm/java-8-openjdk-amd64/jre/lib/amd64/libzip.so
7f751df95000-7f751df9f000 r-xp 00000000 08:16 3413541                    /lib/x86_64-linux-gnu/libnss_files-2.19.so
7f751df9f000-7f751e19e000 ---p 0000a000 08:16 3413541                    /lib/x86_64-linux-gnu/libnss_files-2.19.so
7f751e19e000-7f751e19f000 r--p 00009000 08:16 3413541                    /lib/x86_64-linux-gnu/libnss_files-2.19.so
7f751e19f000-7f751e1a0000 rw-p 0000a000 08:16 3413541                    /lib/x86_64-linux-gnu/libnss_files-2.19.so
7f751e1a0000-7f751e1ab000 r-xp 00000000 08:16 3413533                    /lib/x86_64-linux-gnu/libnss_nis-2.19.so
7f751e1ab000-7f751e3aa000 ---p 0000b000 08:16 3413533                    /lib/x86_64-linux-gnu/libnss_nis-2.19.so
7f751e3aa000-7f751e3ab000 r--p 0000a000 08:16 3413533                    /lib/x86_64-linux-gnu/libnss_nis-2.19.so
7f751e3ab000-7f751e3ac000 rw-p 0000b000 08:16 3413533                    /lib/x86_64-linux-gnu/libnss_nis-2.19.so
7f751e3ac000-7f751e3c3000 r-xp 00000000 08:16 3413529                    /lib/x86_64-linux-gnu/libnsl-2.19.so
7f751e3c3000-7f751e5c2000 ---p 00017000 08:16 3413529                    /lib/x86_64-linux-gnu/libnsl-2.19.so
7f751e5c2000-7f751e5c3000 r--p 00016000 08:16 3413529                    /lib/x86_64-linux-gnu/libnsl-2.19.so
7f751e5c3000-7f751e5c4000 rw-p 00017000 08:16 3413529                    /lib/x86_64-linux-gnu/libnsl-2.19.so
7f751e5c4000-7f751e5c6000 rw-p 00000000 00:00 0 
7f751e5c6000-7f751e5cf000 r-xp 00000000 08:16 3413528                    /lib/x86_64-linux-gnu/libnss_compat-2.19.so
7f751e5cf000-7f751e7ce000 ---p 00009000 08:16 3413528                    /lib/x86_64-linux-gnu/libnss_compat-2.19.so
7f751e7ce000-7f751e7cf000 r--p 00008000 08:16 3413528                    /lib/x86_64-linux-gnu/libnss_compat-2.19.so
7f751e7cf000-7f751e7d0000 rw-p 00009000 08:16 3413528                    /lib/x86_64-linux-gnu/libnss_compat-2.19.so
7f751e7d0000-7f751e7fc000 r-xp 00000000 08:16 1444413                    /usr/lib/jvm/java-8-openjdk-amd64/jre/lib/amd64/libjava.so
7f751e7fc000-7f751e9fc000 ---p 0002c000 08:16 1444413                    /usr/lib/jvm/java-8-openjdk-amd64/jre/lib/amd64/libjava.so
7f751e9fc000-7f751e9fd000 r--p 0002c000 08:16 1444413                    /usr/lib/jvm/java-8-openjdk-amd64/jre/lib/amd64/libjava.so
7f751e9fd000-7f751e9ff000 rw-p 0002d000 08:16 1444413                    /usr/lib/jvm/java-8-openjdk-amd64/jre/lib/amd64/libjava.so
7f751e9ff000-7f751ea0f000 r-xp 00000000 08:16 1444420                    /usr/lib/jvm/java-8-openjdk-amd64/jre/lib/amd64/libverify.so
7f751ea0f000-7f751ec0e000 ---p 00010000 08:16 1444420                    /usr/lib/jvm/java-8-openjdk-amd64/jre/lib/amd64/libverify.so
7f751ec0e000-7f751ec10000 r--p 0000f000 08:16 1444420                    /usr/lib/jvm/java-8-openjdk-amd64/jre/lib/amd64/libverify.so
7f751ec10000-7f751ec11000 rw-p 00011000 08:16 1444420                    /usr/lib/jvm/java-8-openjdk-amd64/jre/lib/amd64/libverify.so
7f751ec11000-7f751ec18000 r-xp 00000000 08:16 3413537                    /lib/x86_64-linux-gnu/librt-2.19.so
7f751ec18000-7f751ee17000 ---p 00007000 08:16 3413537                    /lib/x86_64-linux-gnu/librt-2.19.so
7f751ee17000-7f751ee18000 r--p 00006000 08:16 3413537                    /lib/x86_64-linux-gnu/librt-2.19.so
7f751ee18000-7f751ee19000 rw-p 00007000 08:16 3413537                    /lib/x86_64-linux-gnu/librt-2.19.so
7f751ee19000-7f751ee2f000 r-xp 00000000 08:16 3413520                    /lib/x86_64-linux-gnu/libgcc_s.so.1
7f751ee2f000-7f751f02e000 ---p 00016000 08:16 3413520                    /lib/x86_64-linux-gnu/libgcc_s.so.1
7f751f02e000-7f751f02f000 rw-p 00015000 08:16 3413520                    /lib/x86_64-linux-gnu/libgcc_s.so.1
7f751f02f000-7f751f134000 r-xp 00000000 08:16 3413523                    /lib/x86_64-linux-gnu/libm-2.19.so
7f751f134000-7f751f333000 ---p 00105000 08:16 3413523                    /lib/x86_64-linux-gnu/libm-2.19.so
7f751f333000-7f751f334000 r--p 00104000 08:16 3413523                    /lib/x86_64-linux-gnu/libm-2.19.so
7f751f334000-7f751f335000 rw-p 00105000 08:16 3413523                    /lib/x86_64-linux-gnu/libm-2.19.so
7f751f335000-7f751f41b000 r-xp 00000000 08:16 524323                     /usr/lib/x86_64-linux-gnu/libstdc++.so.6.0.19
7f751f41b000-7f751f61a000 ---p 000e6000 08:16 524323                     /usr/lib/x86_64-linux-gnu/libstdc++.so.6.0.19
7f751f61a000-7f751f622000 r--p 000e5000 08:16 524323                     /usr/lib/x86_64-linux-gnu/libstdc++.so.6.0.19
7f751f622000-7f751f624000 rw-p 000ed000 08:16 524323                     /usr/lib/x86_64-linux-gnu/libstdc++.so.6.0.19
7f751f624000-7f751f639000 rw-p 00000000 00:00 0 
7f751f639000-7f7520227000 r-xp 00000000 08:16 1574165                    /usr/lib/jvm/java-8-openjdk-amd64/jre/lib/amd64/server/libjvm.so
7f7520227000-7f7520427000 ---p 00bee000 08:16 1574165                    /usr/lib/jvm/java-8-openjdk-amd64/jre/lib/amd64/server/libjvm.so
7f7520427000-7f75204c5000 r--p 00bee000 08:16 1574165                    /usr/lib/jvm/java-8-openjdk-amd64/jre/lib/amd64/server/libjvm.so
7f75204c5000-7f75204ee000 rw-p 00c8c000 08:16 1574165                    /usr/lib/jvm/java-8-openjdk-amd64/jre/lib/amd64/server/libjvm.so
7f75204ee000-7f7520520000 rw-p 00000000 00:00 0 
7f7520520000-7f7520539000 r-xp 00000000 08:16 3413530                    /lib/x86_64-linux-gnu/libpthread-2.19.so
7f7520539000-7f7520738000 ---p 00019000 08:16 3413530                    /lib/x86_64-linux-gnu/libpthread-2.19.so
7f7520738000-7f7520739000 r--p 00018000 08:16 3413530                    /lib/x86_64-linux-gnu/libpthread-2.19.so
7f7520739000-7f752073a000 rw-p 00019000 08:16 3413530                    /lib/x86_64-linux-gnu/libpthread-2.19.so
7f752073a000-7f752073e000 rw-p 00000000 00:00 0 
7f752073e000-7f7520741000 r-xp 00000000 08:16 3413525                    /lib/x86_64-linux-gnu/libdl-2.19.so
7f7520741000-7f7520940000 ---p 00003000 08:16 3413525                    /lib/x86_64-linux-gnu/libdl-2.19.so
7f7520940000-7f7520941000 r--p 00002000 08:16 3413525                    /lib/x86_64-linux-gnu/libdl-2.19.so
7f7520941000-7f7520942000 rw-p 00003000 08:16 3413525                    /lib/x86_64-linux-gnu/libdl-2.19.so
7f7520942000-7f752095a000 r-xp 00000000 08:16 3412060                    /lib/x86_64-linux-gnu/libz.so.1.2.8
7f752095a000-7f7520b59000 ---p 00018000 08:16 3412060                    /lib/x86_64-linux-gnu/libz.so.1.2.8
7f7520b59000-7f7520b5a000 r--p 00017000 08:16 3412060                    /lib/x86_64-linux-gnu/libz.so.1.2.8
7f7520b5a000-7f7520b5b000 rw-p 00018000 08:16 3412060                    /lib/x86_64-linux-gnu/libz.so.1.2.8
7f7520b5b000-7f7520d15000 r-xp 00000000 08:16 3413538                    /lib/x86_64-linux-gnu/libc-2.19.so
7f7520d15000-7f7520f15000 ---p 001ba000 08:16 3413538                    /lib/x86_64-linux-gnu/libc-2.19.so
7f7520f15000-7f7520f19000 r--p 001ba000 08:16 3413538                    /lib/x86_64-linux-gnu/libc-2.19.so
7f7520f19000-7f7520f1b000 rw-p 001be000 08:16 3413538                    /lib/x86_64-linux-gnu/libc-2.19.so
7f7520f1b000-7f7520f20000 rw-p 00000000 00:00 0 
7f7520f20000-7f7520f2d000 r-xp 00000000 08:16 1574169                    /usr/lib/jvm/java-8-openjdk-amd64/jre/lib/amd64/jli/libjli.so
7f7520f2d000-7f752112d000 ---p 0000d000 08:16 1574169                    /usr/lib/jvm/java-8-openjdk-amd64/jre/lib/amd64/jli/libjli.so
7f752112d000-7f752112e000 r--p 0000d000 08:16 1574169                    /usr/lib/jvm/java-8-openjdk-amd64/jre/lib/amd64/jli/libjli.so
7f752112e000-7f752112f000 rw-p 0000e000 08:16 1574169                    /usr/lib/jvm/java-8-openjdk-amd64/jre/lib/amd64/jli/libjli.so
7f752112f000-7f7521152000 r-xp 00000000 08:16 3413531                    /lib/x86_64-linux-gnu/ld-2.19.so
7f7521152000-7f7521158000 r--s 0003a000 08:16 1972006                    /usr/lib/jvm/java-8-openjdk-amd64/jre/lib/ext/sunjce_provider.jar
7f7521158000-7f752115a000 r--s 00006000 08:16 924865                     /usr/share/java/java-atk-wrapper.jar
7f752115a000-7f7521233000 rw-p 00000000 00:00 0 
7f7521233000-7f7521236000 ---p 00000000 00:00 0 
7f7521236000-7f7521339000 rw-p 00000000 00:00 0                          [stack:754]
7f7521339000-7f752133a000 r--s 00008000 08:16 1971996                    /usr/lib/jvm/java-8-openjdk-amd64/jre/lib/ext/sunec.jar
7f752133a000-7f752133d000 r--s 0000f000 08:16 1972013                    /usr/lib/jvm/java-8-openjdk-amd64/jre/lib/ext/icedtea-sound.jar
7f752133d000-7f752133f000 r--s 00001000 08:16 1971942                    /usr/lib/jvm/java-8-openjdk-amd64/jre/lib/ext/dnsns.jar
7f752133f000-7f7521340000 r--s 0000a000 08:16 1972003                    /usr/lib/jvm/java-8-openjdk-amd64/jre/lib/ext/jaccess.jar
7f7521340000-7f7521341000 r--s 00010000 08:16 1972005                    /usr/lib/jvm/java-8-openjdk-amd64/jre/lib/ext/zipfs.jar
7f7521341000-7f7521345000 r--s 00037000 08:16 1972031                    /usr/lib/jvm/java-8-openjdk-amd64/jre/lib/ext/sunpkcs11.jar
7f7521345000-7f752134d000 rw-s 00000000 08:16 4473107                    /tmp/hsperfdata_root/745
7f752134d000-7f752134e000 rw-p 00000000 00:00 0 
7f752134e000-7f752134f000 ---p 00000000 00:00 0 
7f752134f000-7f7521351000 rw-p 00000000 00:00 0 
7f7521351000-7f7521352000 r--p 00022000 08:16 3413531                    /lib/x86_64-linux-gnu/ld-2.19.so
7f7521352000-7f7521353000 rw-p 00023000 08:16 3413531                    /lib/x86_64-linux-gnu/ld-2.19.so
7f7521353000-7f7521354000 rw-p 00000000 00:00 0 
7ffc22e19000-7ffc22e3a000 rw-p 00000000 00:00 0                          [stack]
7ffc22ebd000-7ffc22ebf000 r-xp 00000000 00:00 0                          [vdso]
ffffffffff600000-ffffffffff601000 r-xp 00000000 00:00 0                  [vsyscall]

VM Arguments:
jvm_args: -Djava.awt.headless=true -Xmx1024M -Dfile.encoding=UTF-8 -Duser.country=US -Duser.language=en -Duser.variant 
java_command: com.android.dx.command.Main --dex --num-threads=4 --output /home/pc2/Desktop/Android/SOSapp/SOSapp/app/build/intermediates/pre-dexed/debug/com.google.android.gms-play-services-ads-8.4.0_3927c4c565e297d68f29b87637b9623ddfd72bb8.jar /home/pc2/Desktop/Android/SOSapp/SOSapp/app/build/intermediates/exploded-aar/com.google.android.gms/play-services-ads/8.4.0/jars/classes.jar
java_class_path (initial): /root/Android/Sdk/build-tools/23.0.3/lib/dx.jar
Launcher Type: SUN_STANDARD

Environment Variables:
PATH=/usr/local/sbin:/usr/local/bin:/usr/sbin:/usr/bin:/sbin:/bin
USERNAME=root
LD_LIBRARY_PATH=.:
SHELL=/bin/bash
DISPLAY=:0

Signal Handlers:
SIGSEGV: [libjvm.so+0x9f6230], sa_mask[0]=11111111011111111101111111111110, sa_flags=SA_RESTART|SA_SIGINFO
SIGBUS: [libjvm.so+0x9f6230], sa_mask[0]=11111111011111111101111111111110, sa_flags=SA_RESTART|SA_SIGINFO
SIGFPE: [libjvm.so+0x856c80], sa_mask[0]=11111111011111111101111111111110, sa_flags=SA_RESTART|SA_SIGINFO
SIGPIPE: [libjvm.so+0x856c80], sa_mask[0]=11111111011111111101111111111110, sa_flags=SA_RESTART|SA_SIGINFO
SIGXFSZ: [libjvm.so+0x856c80], sa_mask[0]=11111111011111111101111111111110, sa_flags=SA_RESTART|SA_SIGINFO
SIGILL: [libjvm.so+0x856c80], sa_mask[0]=11111111011111111101111111111110, sa_flags=SA_RESTART|SA_SIGINFO
SIGUSR1: SIG_DFL, sa_mask[0]=00000000000000000000000000000000, sa_flags=none
SIGUSR2: [libjvm.so+0x856b50], sa_mask[0]=00100000000000000000000000000000, sa_flags=SA_RESTART|SA_SIGINFO
SIGHUP: [libjvm.so+0x856d40], sa_mask[0]=11111111011111111101111111111110, sa_flags=SA_RESTART|SA_SIGINFO
SIGINT: [libjvm.so+0x856d40], sa_mask[0]=11111111011111111101111111111110, sa_flags=SA_RESTART|SA_SIGINFO
SIGTERM: [libjvm.so+0x856d40], sa_mask[0]=11111111011111111101111111111110, sa_flags=SA_RESTART|SA_SIGINFO
SIGQUIT: [libjvm.so+0x856d40], sa_mask[0]=11111111011111111101111111111110, sa_flags=SA_RESTART|SA_SIGINFO


---------------  S Y S T E M  ---------------

OS:DISTRIB_ID=Ubuntu
DISTRIB_RELEASE=14.04
DISTRIB_CODENAME=trusty
DISTRIB_DESCRIPTION="Ubuntu 14.04.4 LTS"

uname:Linux 3.13.0-91-generic #138-Ubuntu SMP Fri Jun 24 17:00:34 UTC 2016 x86_64
libc:glibc 2.19 NPTL 2.19 
rlimit: STACK 8192k, CORE 0k, NPROC 62225, NOFILE 4096, AS infinity
load average:22.77 8.33 3.77

/proc/meminfo:
MemTotal:        8054008 kB
MemFree:          135700 kB
Buffers:            1316 kB
Cached:           750912 kB
SwapCached:            0 kB
Active:          6920576 kB
Inactive:         718588 kB
Active(anon):    6894548 kB
Inactive(anon):   705524 kB
Active(file):      26028 kB
Inactive(file):    13064 kB
Unevictable:          48 kB
Mlocked:              48 kB
SwapTotal:             0 kB
SwapFree:              0 kB
Dirty:               356 kB
Writeback:             0 kB
AnonPages:       6888652 kB
Mapped:           276896 kB
Shmem:            710976 kB
Slab:             101528 kB
SReclaimable:      41700 kB
SUnreclaim:        59828 kB
KernelStack:        9976 kB
PageTables:        72876 kB
NFS_Unstable:          0 kB
Bounce:                0 kB
WritebackTmp:          0 kB
CommitLimit:     4027004 kB
Committed_AS:   17316468 kB
VmallocTotal:   34359738367 kB
VmallocUsed:      557012 kB
VmallocChunk:   34359168600 kB
HardwareCorrupted:     0 kB
AnonHugePages:   1763328 kB
HugePages_Total:       0
HugePages_Free:        0
HugePages_Rsvd:        0
HugePages_Surp:        0
Hugepagesize:       2048 kB
DirectMap4k:       99072 kB
DirectMap2M:     3973120 kB
DirectMap1G:     4194304 kB


CPU:total 8 (4 cores per cpu, 2 threads per core) family 6 model 60 stepping 3, cmov, cx8, fxsr, mmx, sse, sse2, sse3, ssse3, sse4.1, sse4.2, popcnt, avx, avx2, aes, clmul, erms, lzcnt, ht, tsc, tscinvbit, bmi1, bmi2

/proc/cpuinfo:
processor	: 0
vendor_id	: GenuineIntel
cpu family	: 6
model		: 60
model name	: Intel(R) Core(TM) i7-4702MQ CPU @ 2.20GHz
stepping	: 3
microcode	: 0x17
cpu MHz		: 2201.000
cache size	: 6144 KB
physical id	: 0
siblings	: 8
core id		: 0
cpu cores	: 4
apicid		: 0
initial apicid	: 0
fpu		: yes
fpu_exception	: yes
cpuid level	: 13
wp		: yes
flags		: fpu vme de pse tsc msr pae mce cx8 apic sep mtrr pge mca cmov pat pse36 clflush dts acpi mmx fxsr sse sse2 ss ht tm pbe syscall nx pdpe1gb rdtscp lm constant_tsc arch_perfmon pebs bts rep_good nopl xtopology nonstop_tsc aperfmperf eagerfpu pni pclmulqdq dtes64 monitor ds_cpl vmx est tm2 ssse3 fma cx16 xtpr pdcm pcid sse4_1 sse4_2 movbe popcnt tsc_deadline_timer aes xsave avx f16c rdrand lahf_lm abm ida arat epb xsaveopt pln pts dtherm tpr_shadow vnmi flexpriority ept vpid fsgsbase tsc_adjust bmi1 avx2 smep bmi2 erms invpcid
bogomips	: 4389.83
clflush size	: 64
cache_alignment	: 64
address sizes	: 39 bits physical, 48 bits virtual
power management:

processor	: 1
vendor_id	: GenuineIntel
cpu family	: 6
model		: 60
model name	: Intel(R) Core(TM) i7-4702MQ CPU @ 2.20GHz
stepping	: 3
microcode	: 0x17
cpu MHz		: 2201.000
cache size	: 6144 KB
physical id	: 0
siblings	: 8
core id		: 0
cpu cores	: 4
apicid		: 1
initial apicid	: 1
fpu		: yes
fpu_exception	: yes
cpuid level	: 13
wp		: yes
flags		: fpu vme de pse tsc msr pae mce cx8 apic sep mtrr pge mca cmov pat pse36 clflush dts acpi mmx fxsr sse sse2 ss ht tm pbe syscall nx pdpe1gb rdtscp lm constant_tsc arch_perfmon pebs bts rep_good nopl xtopology nonstop_tsc aperfmperf eagerfpu pni pclmulqdq dtes64 monitor ds_cpl vmx est tm2 ssse3 fma cx16 xtpr pdcm pcid sse4_1 sse4_2 movbe popcnt tsc_deadline_timer aes xsave avx f16c rdrand lahf_lm abm ida arat epb xsaveopt pln pts dtherm tpr_shadow vnmi flexpriority ept vpid fsgsbase tsc_adjust bmi1 avx2 smep bmi2 erms invpcid
bogomips	: 4389.83
clflush size	: 64
cache_alignment	: 64
address sizes	: 39 bits physical, 48 bits virtual
power management:

processor	: 2
vendor_id	: GenuineIntel
cpu family	: 6
model		: 60
model name	: Intel(R) Core(TM) i7-4702MQ CPU @ 2.20GHz
stepping	: 3
microcode	: 0x17
cpu MHz		: 2201.000
cache size	: 6144 KB
physical id	: 0
siblings	: 8
core id		: 1
cpu cores	: 4
apicid		: 2
initial apicid	: 2
fpu		: yes
fpu_exception	: yes
cpuid level	: 13
wp		: yes
flags		: fpu vme de pse tsc msr pae mce cx8 apic sep mtrr pge mca cmov pat pse36 clflush dts acpi mmx fxsr sse sse2 ss ht tm pbe syscall nx pdpe1gb rdtscp lm constant_tsc arch_perfmon pebs bts rep_good nopl xtopology nonstop_tsc aperfmperf eagerfpu pni pclmulqdq dtes64 monitor ds_cpl vmx est tm2 ssse3 fma cx16 xtpr pdcm pcid sse4_1 sse4_2 movbe popcnt tsc_deadline_timer aes xsave avx f16c rdrand lahf_lm abm ida arat epb xsaveopt pln pts dtherm tpr_shadow vnmi flexpriority ept vpid fsgsbase tsc_adjust bmi1 avx2 smep bmi2 erms invpcid
bogomips	: 4389.83
clflush size	: 64
cache_alignment	: 64
address sizes	: 39 bits physical, 48 bits virtual
power management:

processor	: 3
vendor_id	: GenuineIntel
cpu family	: 6
model		: 60
model name	: Intel(R) Core(TM) i7-4702MQ CPU @ 2.20GHz
stepping	: 3
microcode	: 0x17
cpu MHz		: 2201.000
cache size	: 6144 KB
physical id	: 0
siblings	: 8
core id		: 1
cpu cores	: 4
apicid		: 3
initial apicid	: 3
fpu		: yes
fpu_exception	: yes
cpuid level	: 13
wp		: yes
flags		: fpu vme de pse tsc msr pae mce cx8 apic sep mtrr pge mca cmov pat pse36 clflush dts acpi mmx fxsr sse sse2 ss ht tm pbe syscall nx pdpe1gb rdtscp lm constant_tsc arch_perfmon pebs bts rep_good nopl xtopology nonstop_tsc aperfmperf eagerfpu pni pclmulqdq dtes64 monitor ds_cpl vmx est tm2 ssse3 fma cx16 xtpr pdcm pcid sse4_1 sse4_2 movbe popcnt tsc_deadline_timer aes xsave avx f16c rdrand lahf_lm abm ida arat epb xsaveopt pln pts dtherm tpr_shadow vnmi flexpriority ept vpid fsgsbase tsc_adjust bmi1 avx2 smep bmi2 erms invpcid
bogomips	: 4389.83
clflush size	: 64
cache_alignment	: 64
address sizes	: 39 bits physical, 48 bits virtual
power management:

processor	: 4
vendor_id	: GenuineIntel
cpu family	: 6
model		: 60
model name	: Intel(R) Core(TM) i7-4702MQ CPU @ 2.20GHz
stepping	: 3
microcode	: 0x17
cpu MHz		: 2201.000
cache size	: 6144 KB
physical id	: 0
siblings	: 8
core id		: 2
cpu cores	: 4
apicid		: 4
initial apicid	: 4
fpu		: yes
fpu_exception	: yes
cpuid level	: 13
wp		: yes
flags		: fpu vme de pse tsc msr pae mce cx8 apic sep mtrr pge mca cmov pat pse36 clflush dts acpi mmx fxsr sse sse2 ss ht tm pbe syscall nx pdpe1gb rdtscp lm constant_tsc arch_perfmon pebs bts rep_good nopl xtopology nonstop_tsc aperfmperf eagerfpu pni pclmulqdq dtes64 monitor ds_cpl vmx est tm2 ssse3 fma cx16 xtpr pdcm pcid sse4_1 sse4_2 movbe popcnt tsc_deadline_timer aes xsave avx f16c rdrand lahf_lm abm ida arat epb xsaveopt pln pts dtherm tpr_shadow vnmi flexpriority ept vpid fsgsbase tsc_adjust bmi1 avx2 smep bmi2 erms invpcid
bogomips	: 4389.83
clflush size	: 64
cache_alignment	: 64
address sizes	: 39 bits physical, 48 bits virtual
power management:

processor	: 5
vendor_id	: GenuineIntel
cpu family	: 6
model		: 60
model name	: Intel(R) Core(TM) i7-4702MQ CPU @ 2.20GHz
stepping	: 3
microcode	: 0x17
cpu MHz		: 2201.000
cache size	: 6144 KB
physical id	: 0
siblings	: 8
core id		: 2
cpu cores	: 4
apicid		: 5
initial apicid	: 5
fpu		: yes
fpu_exception	: yes
cpuid level	: 13
wp		: yes
flags		: fpu vme de pse tsc msr pae mce cx8 apic sep mtrr pge mca cmov pat pse36 clflush dts acpi mmx fxsr sse sse2 ss ht tm pbe syscall nx pdpe1gb rdtscp lm constant_tsc arch_perfmon pebs bts rep_good nopl xtopology nonstop_tsc aperfmperf eagerfpu pni pclmulqdq dtes64 monitor ds_cpl vmx est tm2 ssse3 fma cx16 xtpr pdcm pcid sse4_1 sse4_2 movbe popcnt tsc_deadline_timer aes xsave avx f16c rdrand lahf_lm abm ida arat epb xsaveopt pln pts dtherm tpr_shadow vnmi flexpriority ept vpid fsgsbase tsc_adjust bmi1 avx2 smep bmi2 erms invpcid
bogomips	: 4389.83
clflush size	: 64
cache_alignment	: 64
address sizes	: 39 bits physical, 48 bits virtual
power management:

processor	: 6
vendor_id	: GenuineIntel
cpu family	: 6
model		: 60
model name	: Intel(R) Core(TM) i7-4702MQ CPU @ 2.20GHz
stepping	: 3
microcode	: 0x17
cpu MHz		: 2201.000
cache size	: 6144 KB
physical id	: 0
siblings	: 8
core id		: 3
cpu cores	: 4
apicid		: 6
initial apicid	: 6
fpu		: yes
fpu_exception	: yes
cpuid level	: 13
wp		: yes
flags		: fpu vme de pse tsc msr pae mce cx8 apic sep mtrr pge mca cmov pat pse36 clflush dts acpi mmx fxsr sse sse2 ss ht tm pbe syscall nx pdpe1gb rdtscp lm constant_tsc arch_perfmon pebs bts rep_good nopl xtopology nonstop_tsc aperfmperf eagerfpu pni pclmulqdq dtes64 monitor ds_cpl vmx est tm2 ssse3 fma cx16 xtpr pdcm pcid sse4_1 sse4_2 movbe popcnt tsc_deadline_timer aes xsave avx f16c rdrand lahf_lm abm ida arat epb xsaveopt pln pts dtherm tpr_shadow vnmi flexpriority ept vpid fsgsbase tsc_adjust bmi1 avx2 smep bmi2 erms invpcid
bogomips	: 4389.83
clflush size	: 64
cache_alignment	: 64
address sizes	: 39 bits physical, 48 bits virtual
power management:

processor	: 7
vendor_id	: GenuineIntel
cpu family	: 6
model		: 60
model name	: Intel(R) Core(TM) i7-4702MQ CPU @ 2.20GHz
stepping	: 3
microcode	: 0x17
cpu MHz		: 2201.000
cache size	: 6144 KB
physical id	: 0
siblings	: 8
core id		: 3
cpu cores	: 4
apicid		: 7
initial apicid	: 7
fpu		: yes
fpu_exception	: yes
cpuid level	: 13
wp		: yes
flags		: fpu vme de pse tsc msr pae mce cx8 apic sep mtrr pge mca cmov pat pse36 clflush dts acpi mmx fxsr sse sse2 ss ht tm pbe syscall nx pdpe1gb rdtscp lm constant_tsc arch_perfmon pebs bts rep_good nopl xtopology nonstop_tsc aperfmperf eagerfpu pni pclmulqdq dtes64 monitor ds_cpl vmx est tm2 ssse3 fma cx16 xtpr pdcm pcid sse4_1 sse4_2 movbe popcnt tsc_deadline_timer aes xsave avx f16c rdrand lahf_lm abm ida arat epb xsaveopt pln pts dtherm tpr_shadow vnmi flexpriority ept vpid fsgsbase tsc_adjust bmi1 avx2 smep bmi2 erms invpcid
bogomips	: 4389.83
clflush size	: 64
cache_alignment	: 64
address sizes	: 39 bits physical, 48 bits virtual
power management:



Memory: 4k page, physical 8054008k(135824k free), swap 0k(0k free)

vm_info: OpenJDK 64-Bit Server VM (25.91-b14) for linux-amd64 JRE (1.8.0_91-8u91-b14-0ubuntu4~14.04-b14), built on Apr 22 2016 12:27:31 by "buildd" with gcc 4.8.2

time: Mon Jul  4 22:14:36 2016
elapsed time: 17 seconds (0d 0h 0m 17s)

