#
# There is insufficient memory for the Java Runtime Environment to continue.
# Native memory allocation (mmap) failed to map 162004992 bytes for committing reserved memory.
# Possible reasons:
#   The system is out of physical RAM or swap space
#   In 32 bit mode, the process size limit was hit
# Possible solutions:
#   Reduce memory load on the system
#   Increase physical memory or swap space
#   Check if swap backing store is full
#   Use 64 bit Java on a 64 bit OS
#   Decrease Java heap size (-Xmx/-Xms)
#   Decrease number of Java threads
#   Decrease Java thread stack sizes (-Xss)
#   Set larger code cache with -XX:ReservedCodeCacheSize=
# This output file may be truncated or incomplete.
#
#  Out of Memory Error (os_linux.cpp:2630), pid=25247, tid=139977752909568
#
# JRE version: OpenJDK Runtime Environment (8.0_91-b14) (build 1.8.0_91-8u91-b14-0ubuntu4~14.04-b14)
# Java VM: OpenJDK 64-Bit Server VM (25.91-b14 mixed mode linux-amd64 compressed oops)
# Failed to write core dump. Core dumps have been disabled. To enable core dumping, try "ulimit -c unlimited" before starting Java again
#

---------------  T H R E A D  ---------------

Current thread (0x00007f4f34080000):  VMThread [stack: 0x00007f4f1c2d1000,0x00007f4f1c3d2000] [id=25273]

Stack: [0x00007f4f1c2d1000,0x00007f4f1c3d2000],  sp=0x00007f4f1c3d0490,  free space=1021k
Native frames: (J=compiled Java code, j=interpreted, Vv=VM code, C=native code)
V  [libjvm.so+0x9f573d]
V  [libjvm.so+0x4bc3da]
V  [libjvm.so+0x85b0a0]
V  [libjvm.so+0x855b9f]
V  [libjvm.so+0x8cb83b]
V  [libjvm.so+0x8bc6ab]
V  [libjvm.so+0x8bc86b]
V  [libjvm.so+0x8bd148]
V  [libjvm.so+0x8c275c]
V  [libjvm.so+0x8c983d]
V  [libjvm.so+0x87e0d3]
V  [libjvm.so+0x9f7204]
V  [libjvm.so+0x9fb5b7]
V  [libjvm.so+0x9fa078]
V  [libjvm.so+0x9fa4f9]
V  [libjvm.so+0x9fa942]
V  [libjvm.so+0x8584a2]

VM_Operation (0x00007f4f0f012ee0): ParallelGCFailedAllocation, mode: safepoint, requested by thread 0x00007f4f34194800


---------------  P R O C E S S  ---------------

Java Threads: ( => current thread )
  0x00007f4f34198000 JavaThread "pool-1-thread-4" [_thread_blocked, id=25317, stack(0x00007f4f0ed12000,0x00007f4f0ee13000)]
  0x00007f4f34196000 JavaThread "pool-1-thread-3" [_thread_blocked, id=25316, stack(0x00007f4f0ee13000,0x00007f4f0ef14000)]
  0x00007f4f34194800 JavaThread "pool-1-thread-2" [_thread_blocked, id=25313, stack(0x00007f4f0ef14000,0x00007f4f0f015000)]
  0x00007f4f34191800 JavaThread "pool-2-thread-1" [_thread_blocked, id=25312, stack(0x00007f4f0f015000,0x00007f4f0f116000)]
  0x00007f4f3418f800 JavaThread "pool-1-thread-1" [_thread_blocked, id=25311, stack(0x00007f4f0f116000,0x00007f4f0f217000)]
  0x00007f4f340c4000 JavaThread "Service Thread" daemon [_thread_blocked, id=25289, stack(0x00007f4f0f318000,0x00007f4f0f419000)]
  0x00007f4f340bf000 JavaThread "C1 CompilerThread3" daemon [_thread_blocked, id=25287, stack(0x00007f4f0f419000,0x00007f4f0f51a000)]
  0x00007f4f340bb000 JavaThread "C2 CompilerThread2" daemon [_thread_in_native, id=25283, stack(0x00007f4f0f51a000,0x00007f4f0f61b000)]
  0x00007f4f340b9000 JavaThread "C2 CompilerThread1" daemon [_thread_blocked, id=25279, stack(0x00007f4f0f61b000,0x00007f4f0f71c000)]
  0x00007f4f340b6000 JavaThread "C2 CompilerThread0" daemon [_thread_blocked, id=25278, stack(0x00007f4f0f71c000,0x00007f4f0f81d000)]
  0x00007f4f340b4000 JavaThread "Signal Dispatcher" daemon [_thread_blocked, id=25277, stack(0x00007f4f0f81d000,0x00007f4f0f91e000)]
  0x00007f4f3408c000 JavaThread "Finalizer" daemon [_thread_blocked, id=25275, stack(0x00007f4f1c0cf000,0x00007f4f1c1d0000)]
  0x00007f4f34087800 JavaThread "Reference Handler" daemon [_thread_blocked, id=25274, stack(0x00007f4f1c1d0000,0x00007f4f1c2d1000)]
  0x00007f4f3400a000 JavaThread "main" [_thread_blocked, id=25251, stack(0x00007f4f3c04c000,0x00007f4f3c14d000)]

Other Threads:
=>0x00007f4f34080000 VMThread [stack: 0x00007f4f1c2d1000,0x00007f4f1c3d2000] [id=25273]
  0x00007f4f340c6800 WatcherThread [stack: 0x00007f4f0f217000,0x00007f4f0f318000] [id=25291]

VM state:at safepoint (normal execution)

VM Mutex/Monitor currently owned by a thread:  ([mutex/lock_event])
[0x00007f4f34006140] ExpandHeap_lock - owner thread: 0x00007f4f34080000
[0x00007f4f340067c0] Threads_lock - owner thread: 0x00007f4f34080000
[0x00007f4f34006cc0] Heap_lock - owner thread: 0x00007f4f34194800

Heap:
 PSYoungGen      total 271360K, used 57210K [0x00000000eab00000, 0x0000000100000000, 0x0000000100000000)
  eden space 197632K, 0% used [0x00000000eab00000,0x00000000eab00000,0x00000000f6c00000)
  from space 73728K, 77% used [0x00000000f6c00000,0x00000000fa3dea08,0x00000000fb400000)
  to   space 77824K, 0% used [0x00000000fb400000,0x00000000fb400000,0x0000000100000000)
 ParOldGen       total 167424K, used 167216K [0x00000000c0000000, 0x00000000ca380000, 0x00000000eab00000)
  object space 167424K, 99% used [0x00000000c0000000,0x00000000ca34c110,0x00000000ca380000)
 Metaspace       used 6217K, capacity 7152K, committed 7296K, reserved 1056768K
  class space    used 589K, capacity 616K, committed 640K, reserved 1048576K

Card table byte_map: [0x00007f4f385e4000,0x00007f4f387e5000] byte_map_base: 0x00007f4f37fe4000

Marking Bits: (ParMarkBitMap*) 0x00007f4f3b31c080
 Begin Bits: [0x00007f4f1e000000, 0x00007f4f1f000000)
 End Bits:   [0x00007f4f1f000000, 0x00007f4f20000000)

Polling page: 0x00007f4f3c167000

CodeCache: size=245760Kb used=7587Kb max_used=7607Kb free=238172Kb
 bounds [0x00007f4f25000000, 0x00007f4f25780000, 0x00007f4f34000000]
 total_blobs=2159 nmethods=1891 adapters=182
 compilation: enabled

Compilation events (10 events):
Event: 15.540 Thread 0x00007f4f340bf000 2108       3       java.util.zip.ZipFile$ZipFileInputStream::finalize (5 bytes)
Event: 15.540 Thread 0x00007f4f340bf000 nmethod 2108 0x00007f4f257520d0 code [0x00007f4f25752240, 0x00007f4f257523c8]
Event: 15.712 Thread 0x00007f4f340bf000 2119       2       com.android.dx.util.ListIntSet::<init> (23 bytes)
Event: 15.712 Thread 0x00007f4f340bf000 nmethod 2119 0x00007f4f25751950 code [0x00007f4f25751b00, 0x00007f4f25751e78]
Event: 15.840 Thread 0x00007f4f340bf000 2122       2       com.android.dx.util.ListIntSet::iterator (9 bytes)
Event: 15.840 Thread 0x00007f4f340bf000 nmethod 2122 0x00007f4f25751590 code [0x00007f4f25751700, 0x00007f4f257518b0]
Event: 15.840 Thread 0x00007f4f340bf000 2123       2       com.android.dx.util.ListIntSet$1::hasNext (23 bytes)
Event: 15.840 Thread 0x00007f4f340bf000 nmethod 2123 0x00007f4f257511d0 code [0x00007f4f25751340, 0x00007f4f257514b0]
Event: 16.429 Thread 0x00007f4f340b6000 nmethod 2091 0x00007f4f25772390 code [0x00007f4f257726e0, 0x00007f4f25774d68]
Event: 16.429 Thread 0x00007f4f340b6000 2121 %     4       com.android.dx.ssa.SsaConverter::placePhiFunctions @ 131 (394 bytes)

GC Heap History (10 events):
Event: 5.752 GC heap after
Heap after GC invocations=4 (full 0):
 PSYoungGen      total 132096K, used 5088K [0x00000000eab00000, 0x00000000f3100000, 0x0000000100000000)
  eden space 126976K, 0% used [0x00000000eab00000,0x00000000eab00000,0x00000000f2700000)
  from space 5120K, 99% used [0x00000000f2c00000,0x00000000f30f8010,0x00000000f3100000)
  to   space 5120K, 0% used [0x00000000f2700000,0x00000000f2700000,0x00000000f2c00000)
 ParOldGen       total 84992K, used 20101K [0x00000000c0000000, 0x00000000c5300000, 0x00000000eab00000)
  object space 84992K, 23% used [0x00000000c0000000,0x00000000c13a1508,0x00000000c5300000)
 Metaspace       used 6100K, capacity 7088K, committed 7296K, reserved 1056768K
  class space    used 587K, capacity 616K, committed 640K, reserved 1048576K
}
Event: 13.643 GC heap before
{Heap before GC invocations=5 (full 0):
 PSYoungGen      total 132096K, used 132064K [0x00000000eab00000, 0x00000000f3100000, 0x0000000100000000)
  eden space 126976K, 100% used [0x00000000eab00000,0x00000000f2700000,0x00000000f2700000)
  from space 5120K, 99% used [0x00000000f2c00000,0x00000000f30f8010,0x00000000f3100000)
  to   space 5120K, 0% used [0x00000000f2700000,0x00000000f2700000,0x00000000f2c00000)
 ParOldGen       total 84992K, used 20101K [0x00000000c0000000, 0x00000000c5300000, 0x00000000eab00000)
  object space 84992K, 23% used [0x00000000c0000000,0x00000000c13a1508,0x00000000c5300000)
 Metaspace       used 6206K, capacity 7088K, committed 7296K, reserved 1056768K
  class space    used 587K, capacity 616K, committed 640K, reserved 1048576K
Event: 13.855 GC heap after
Heap after GC invocations=5 (full 0):
 PSYoungGen      total 132096K, used 5102K [0x00000000eab00000, 0x00000000ffc00000, 0x0000000100000000)
  eden space 126976K, 0% used [0x00000000eab00000,0x00000000eab00000,0x00000000f2700000)
  from space 5120K, 99% used [0x00000000f2700000,0x00000000f2bfbaa8,0x00000000f2c00000)
  to   space 45568K, 0% used [0x00000000fcf80000,0x00000000fcf80000,0x00000000ffc00000)
 ParOldGen       total 84992K, used 66029K [0x00000000c0000000, 0x00000000c5300000, 0x00000000eab00000)
  object space 84992K, 77% used [0x00000000c0000000,0x00000000c407b7f0,0x00000000c5300000)
 Metaspace       used 6206K, capacity 7088K, committed 7296K, reserved 1056768K
  class space    used 587K, capacity 616K, committed 640K, reserved 1048576K
}
Event: 13.855 GC heap before
{Heap before GC invocations=6 (full 1):
 PSYoungGen      total 132096K, used 5102K [0x00000000eab00000, 0x00000000ffc00000, 0x0000000100000000)
  eden space 126976K, 0% used [0x00000000eab00000,0x00000000eab00000,0x00000000f2700000)
  from space 5120K, 99% used [0x00000000f2700000,0x00000000f2bfbaa8,0x00000000f2c00000)
  to   space 45568K, 0% used [0x00000000fcf80000,0x00000000fcf80000,0x00000000ffc00000)
 ParOldGen       total 84992K, used 66029K [0x00000000c0000000, 0x00000000c5300000, 0x00000000eab00000)
  object space 84992K, 77% used [0x00000000c0000000,0x00000000c407b7f0,0x00000000c5300000)
 Metaspace       used 6206K, capacity 7088K, committed 7296K, reserved 1056768K
  class space    used 587K, capacity 616K, committed 640K, reserved 1048576K
Event: 15.503 GC heap after
Heap after GC invocations=6 (full 1):
 PSYoungGen      total 132096K, used 0K [0x00000000eab00000, 0x00000000ffc00000, 0x0000000100000000)
  eden space 126976K, 0% used [0x00000000eab00000,0x00000000eab00000,0x00000000f2700000)
  from space 5120K, 0% used [0x00000000f2700000,0x00000000f2700000,0x00000000f2c00000)
  to   space 45568K, 0% used [0x00000000fcf80000,0x00000000fcf80000,0x00000000ffc00000)
 ParOldGen       total 162304K, used 68476K [0x00000000c0000000, 0x00000000c9e80000, 0x00000000eab00000)
  object space 162304K, 42% used [0x00000000c0000000,0x00000000c42df0c8,0x00000000c9e80000)
 Metaspace       used 6206K, capacity 7088K, committed 7296K, reserved 1056768K
  class space    used 587K, capacity 616K, committed 640K, reserved 1048576K
}
Event: 16.119 GC heap before
{Heap before GC invocations=7 (full 1):
 PSYoungGen      total 132096K, used 126976K [0x00000000eab00000, 0x00000000ffc00000, 0x0000000100000000)
  eden space 126976K, 100% used [0x00000000eab00000,0x00000000f2700000,0x00000000f2700000)
  from space 5120K, 0% used [0x00000000f2700000,0x00000000f2700000,0x00000000f2c00000)
  to   space 45568K, 0% used [0x00000000fcf80000,0x00000000fcf80000,0x00000000ffc00000)
 ParOldGen       total 162304K, used 68476K [0x00000000c0000000, 0x00000000c9e80000, 0x00000000eab00000)
  object space 162304K, 42% used [0x00000000c0000000,0x00000000c42df0c8,0x00000000c9e80000)
 Metaspace       used 6217K, capacity 7152K, committed 7296K, reserved 1056768K
  class space    used 589K, capacity 616K, committed 640K, reserved 1048576K
Event: 16.384 GC heap after
Heap after GC invocations=7 (full 1):
 PSYoungGen      total 219136K, used 45546K [0x00000000eab00000, 0x00000000ffc00000, 0x0000000100000000)
  eden space 173568K, 0% used [0x00000000eab00000,0x00000000eab00000,0x00000000f5480000)
  from space 45568K, 99% used [0x00000000fcf80000,0x00000000ffbfa848,0x00000000ffc00000)
  to   space 73728K, 0% used [0x00000000f6c00000,0x00000000f6c00000,0x00000000fb400000)
 ParOldGen       total 162304K, used 98860K [0x00000000c0000000, 0x00000000c9e80000, 0x00000000eab00000)
  object space 162304K, 60% used [0x00000000c0000000,0x00000000c608b0c8,0x00000000c9e80000)
 Metaspace       used 6217K, capacity 7152K, committed 7296K, reserved 1056768K
  class space    used 589K, capacity 616K, committed 640K, reserved 1048576K
}
Event: 16.680 GC heap before
{Heap before GC invocations=8 (full 1):
 PSYoungGen      total 219136K, used 219114K [0x00000000eab00000, 0x00000000ffc00000, 0x0000000100000000)
  eden space 173568K, 100% used [0x00000000eab00000,0x00000000f5480000,0x00000000f5480000)
  from space 45568K, 99% used [0x00000000fcf80000,0x00000000ffbfa848,0x00000000ffc00000)
  to   space 73728K, 0% used [0x00000000f6c00000,0x00000000f6c00000,0x00000000fb400000)
 ParOldGen       total 162304K, used 98860K [0x00000000c0000000, 0x00000000c9e80000, 0x00000000eab00000)
  object space 162304K, 60% used [0x00000000c0000000,0x00000000c608b0c8,0x00000000c9e80000)
 Metaspace       used 6217K, capacity 7152K, committed 7296K, reserved 1056768K
  class space    used 589K, capacity 616K, committed 640K, reserved 1048576K
Event: 16.852 GC heap after
Heap after GC invocations=8 (full 1):
 PSYoungGen      total 271360K, used 73712K [0x00000000eab00000, 0x0000000100000000, 0x0000000100000000)
  eden space 197632K, 0% used [0x00000000eab00000,0x00000000eab00000,0x00000000f6c00000)
  from space 73728K, 99% used [0x00000000f6c00000,0x00000000fb3fc140,0x00000000fb400000)
  to   space 77824K, 0% used [0x00000000fb400000,0x00000000fb400000,0x0000000100000000)
 ParOldGen       total 167424K, used 165259K [0x00000000c0000000, 0x00000000ca380000, 0x00000000eab00000)
  object space 167424K, 98% used [0x00000000c0000000,0x00000000ca162c70,0x00000000ca380000)
 Metaspace       used 6217K, capacity 7152K, committed 7296K, reserved 1056768K
  class space    used 589K, capacity 616K, committed 640K, reserved 1048576K
}
Event: 16.852 GC heap before
{Heap before GC invocations=9 (full 2):
 PSYoungGen      total 271360K, used 73712K [0x00000000eab00000, 0x0000000100000000, 0x0000000100000000)
  eden space 197632K, 0% used [0x00000000eab00000,0x00000000eab00000,0x00000000f6c00000)
  from space 73728K, 99% used [0x00000000f6c00000,0x00000000fb3fc140,0x00000000fb400000)
  to   space 77824K, 0% used [0x00000000fb400000,0x00000000fb400000,0x0000000100000000)
 ParOldGen       total 167424K, used 165259K [0x00000000c0000000, 0x00000000ca380000, 0x00000000eab00000)
  object space 167424K, 98% used [0x00000000c0000000,0x00000000ca162c70,0x00000000ca380000)
 Metaspace       used 6217K, capacity 7152K, committed 7296K, reserved 1056768K
  class space    used 589K, capacity 616K, committed 640K, reserved 1048576K

Deoptimization events (10 events):
Event: 4.966 Thread 0x00007f4f34196000 Uncommon trap: reason=unstable_if action=reinterpret pc=0x00007f4f25457b28 method=com.android.dx.ssa.SCCP.simulateStmt(Lcom/android/dx/ssa/SsaInsn;)V @ 53
Event: 4.968 Thread 0x00007f4f34196000 Uncommon trap: reason=unstable_if action=reinterpret pc=0x00007f4f2522af80 method=java.util.HashMap.putVal(ILjava/lang/Object;Ljava/lang/Object;ZZ)Ljava/lang/Object; @ 162
Event: 4.995 Thread 0x00007f4f34196000 Uncommon trap: reason=unstable_if action=reinterpret pc=0x00007f4f251efa2c method=java.util.HashMap.getNode(ILjava/lang/Object;)Ljava/util/HashMap$Node; @ 84
Event: 4.995 Thread 0x00007f4f34196000 Uncommon trap: reason=unstable_if action=reinterpret pc=0x00007f4f251e7c04 method=java.util.HashMap.getNode(ILjava/lang/Object;)Ljava/util/HashMap$Node; @ 84
Event: 5.429 Thread 0x00007f4f34196000 Uncommon trap: reason=class_check action=maybe_recompile pc=0x00007f4f254de7b8 method=com.android.dx.ssa.SCCP.simulateBranch(Lcom/android/dx/ssa/SsaInsn;)V @ 145
Event: 5.490 Thread 0x00007f4f3418f800 Uncommon trap: reason=uninitialized action=reinterpret pc=0x00007f4f25520314 method=com.android.dx.cf.code.BytecodeArray.parseInstruction(ILcom/android/dx/cf/code/BytecodeArray$Visitor;)I @ 999
Event: 5.931 Thread 0x00007f4f34196000 Uncommon trap: reason=class_check action=maybe_recompile pc=0x00007f4f254de7b8 method=com.android.dx.ssa.SCCP.simulateBranch(Lcom/android/dx/ssa/SsaInsn;)V @ 145
Event: 6.288 Thread 0x00007f4f34196000 Uncommon trap: reason=unstable_if action=reinterpret pc=0x00007f4f25554f44 method=java.util.HashMap.putVal(ILjava/lang/Object;Ljava/lang/Object;ZZ)Ljava/lang/Object; @ 109
Event: 6.289 Thread 0x00007f4f34194800 Uncommon trap: reason=class_check action=maybe_recompile pc=0x00007f4f254de7b8 method=com.android.dx.ssa.SCCP.simulateBranch(Lcom/android/dx/ssa/SsaInsn;)V @ 145
Event: 6.507 Thread 0x00007f4f34196000 Uncommon trap: reason=unstable_if action=reinterpret pc=0x00007f4f2554e000 method=com.android.dx.ssa.MoveParamCombiner$1.visitNonMoveInsn(Lcom/android/dx/ssa/NormalSsaInsn;)V @ 27

Internal exceptions (9 events):
Event: 0.232 Thread 0x00007f4f3400a000 Exception <a 'java/lang/NoSuchMethodError': Method sun.misc.Unsafe.defineClass(Ljava/lang/String;[BII)Ljava/lang/Class; name or signature does not match> (0x00000000eab07cc0) thrown at [/build/openjdk-8-vT_67x/openjdk-8-8u91-b14/src/hotspot/src/share/vm/p
Event: 0.232 Thread 0x00007f4f3400a000 Exception <a 'java/lang/NoSuchMethodError': Method sun.misc.Unsafe.prefetchRead(Ljava/lang/Object;J)V name or signature does not match> (0x00000000eab07fa8) thrown at [/build/openjdk-8-vT_67x/openjdk-8-8u91-b14/src/hotspot/src/share/vm/prims/jni.cpp, line
Event: 0.435 Thread 0x00007f4f3400a000 Exception <a 'java/util/zip/ZipException'> (0x00000000eab51ec0) thrown at [/build/openjdk-8-vT_67x/openjdk-8-8u91-b14/src/hotspot/src/share/vm/prims/jni.cpp, line 709]
Event: 0.435 Thread 0x00007f4f3400a000 Exception <a 'java/security/PrivilegedActionException'> (0x00000000eab52160) thrown at [/build/openjdk-8-vT_67x/openjdk-8-8u91-b14/src/hotspot/src/share/vm/prims/jvm.cpp, line 1386]
Event: 0.435 Thread 0x00007f4f3400a000 Exception <a 'java/security/PrivilegedActionException'> (0x00000000eab52370) thrown at [/build/openjdk-8-vT_67x/openjdk-8-8u91-b14/src/hotspot/src/share/vm/prims/jvm.cpp, line 1386]
Event: 2.346 Thread 0x00007f4f3400a000 Implicit null exception at 0x00007f4f2520c422 to 0x00007f4f2520c51b
Event: 4.969 Thread 0x00007f4f34196000 Exception <a 'java/lang/ArrayIndexOutOfBoundsException': 18> (0x00000000eafa73c8) thrown at [/build/openjdk-8-vT_67x/openjdk-8-8u91-b14/src/hotspot/src/share/vm/interpreter/interpreterRuntime.cpp, line 366]
Event: 4.975 Thread 0x00007f4f34196000 Exception <a 'java/lang/ArrayIndexOutOfBoundsException': 145> (0x00000000eafa8f48) thrown at [/build/openjdk-8-vT_67x/openjdk-8-8u91-b14/src/hotspot/src/share/vm/interpreter/interpreterRuntime.cpp, line 366]
Event: 4.976 Thread 0x00007f4f34196000 Exception <a 'java/lang/ArrayIndexOutOfBoundsException': 40> (0x00000000eafaa230) thrown at [/build/openjdk-8-vT_67x/openjdk-8-8u91-b14/src/hotspot/src/share/vm/interpreter/interpreterRuntime.cpp, line 366]

Events (10 events):
Event: 16.402 Thread 0x00007f4f34196000 DEOPT UNPACKING pc=0x00007f4f25047373 sp=0x00007f4f0ef11dd0 mode 0
Event: 16.407 Thread 0x00007f4f3418f800 DEOPT PACKING pc=0x00007f4f2547d8aa sp=0x00007f4f0f215100
Event: 16.407 Thread 0x00007f4f3418f800 DEOPT UNPACKING pc=0x00007f4f25047373 sp=0x00007f4f0f214e58 mode 0
Event: 16.438 Thread 0x00007f4f34198000 DEOPT PACKING pc=0x00007f4f2547d8aa sp=0x00007f4f0ee11100
Event: 16.438 Thread 0x00007f4f34198000 DEOPT UNPACKING pc=0x00007f4f25047373 sp=0x00007f4f0ee10e58 mode 0
Event: 16.463 Thread 0x00007f4f34194800 DEOPT PACKING pc=0x00007f4f253d09ec sp=0x00007f4f0f0130d0
Event: 16.463 Thread 0x00007f4f34194800 DEOPT UNPACKING pc=0x00007f4f25047373 sp=0x00007f4f0f012dd0 mode 0
Event: 16.540 Thread 0x00007f4f34196000 DEOPT PACKING pc=0x00007f4f2547d8aa sp=0x00007f4f0ef12100
Event: 16.540 Thread 0x00007f4f34196000 DEOPT UNPACKING pc=0x00007f4f25047373 sp=0x00007f4f0ef11e58 mode 0
Event: 16.589 Executing VM operation: ParallelGCFailedAllocation


Dynamic libraries:
00400000-00401000 r-xp 00000000 08:16 1058522                            /usr/lib/jvm/java-8-openjdk-amd64/jre/bin/java
00600000-00601000 r--p 00000000 08:16 1058522                            /usr/lib/jvm/java-8-openjdk-amd64/jre/bin/java
00601000-00602000 rw-p 00001000 08:16 1058522                            /usr/lib/jvm/java-8-openjdk-amd64/jre/bin/java
00c32000-00c53000 rw-p 00000000 00:00 0                                  [heap]
c0000000-ca380000 rw-p 00000000 00:00 0 
d3e00000-eab00000 ---p 00000000 00:00 0 
eab00000-100000000 rw-p 00000000 00:00 0 
100000000-1000a0000 rw-p 00000000 00:00 0 
1000a0000-140000000 ---p 00000000 00:00 0 
7f4ec0000000-7f4ec0034000 rw-p 00000000 00:00 0 
7f4ec0034000-7f4ec4000000 ---p 00000000 00:00 0 
7f4ec4000000-7f4ec4021000 rw-p 00000000 00:00 0 
7f4ec4021000-7f4ec8000000 ---p 00000000 00:00 0 
7f4ec8000000-7f4ec8021000 rw-p 00000000 00:00 0 
7f4ec8021000-7f4ecc000000 ---p 00000000 00:00 0 
7f4ecc000000-7f4ecc028000 rw-p 00000000 00:00 0 
7f4ecc028000-7f4ed0000000 ---p 00000000 00:00 0 
7f4ed0000000-7f4ed0021000 rw-p 00000000 00:00 0 
7f4ed0021000-7f4ed4000000 ---p 00000000 00:00 0 
7f4ed4000000-7f4ed4048000 rw-p 00000000 00:00 0 
7f4ed4048000-7f4ed8000000 ---p 00000000 00:00 0 
7f4ed8000000-7f4ed896c000 rw-p 00000000 00:00 0 
7f4ed896c000-7f4edc000000 ---p 00000000 00:00 0 
7f4edc000000-7f4edc021000 rw-p 00000000 00:00 0 
7f4edc021000-7f4ee0000000 ---p 00000000 00:00 0 
7f4ee0000000-7f4ee14db000 rw-p 00000000 00:00 0 
7f4ee14db000-7f4ee4000000 ---p 00000000 00:00 0 
7f4ee4000000-7f4ee5613000 rw-p 00000000 00:00 0 
7f4ee5613000-7f4ee8000000 ---p 00000000 00:00 0 
7f4ee8000000-7f4ee8021000 rw-p 00000000 00:00 0 
7f4ee8021000-7f4eec000000 ---p 00000000 00:00 0 
7f4eec000000-7f4eed48f000 rw-p 00000000 00:00 0 
7f4eed48f000-7f4ef0000000 ---p 00000000 00:00 0 
7f4ef0000000-7f4ef0021000 rw-p 00000000 00:00 0 
7f4ef0021000-7f4ef4000000 ---p 00000000 00:00 0 
7f4ef4000000-7f4ef4021000 rw-p 00000000 00:00 0 
7f4ef4021000-7f4ef8000000 ---p 00000000 00:00 0 
7f4ef8000000-7f4ef8021000 rw-p 00000000 00:00 0 
7f4ef8021000-7f4efc000000 ---p 00000000 00:00 0 
7f4efc000000-7f4efc021000 rw-p 00000000 00:00 0 
7f4efc021000-7f4f00000000 ---p 00000000 00:00 0 
7f4f00000000-7f4f00021000 rw-p 00000000 00:00 0 
7f4f00021000-7f4f04000000 ---p 00000000 00:00 0 
7f4f04000000-7f4f04021000 rw-p 00000000 00:00 0 
7f4f04021000-7f4f08000000 ---p 00000000 00:00 0 
7f4f08000000-7f4f08021000 rw-p 00000000 00:00 0 
7f4f08021000-7f4f0c000000 ---p 00000000 00:00 0 
7f4f0ed12000-7f4f0ed15000 ---p 00000000 00:00 0 
7f4f0ed15000-7f4f0ee13000 rw-p 00000000 00:00 0                          [stack:25317]
7f4f0ee13000-7f4f0ee16000 ---p 00000000 00:00 0 
7f4f0ee16000-7f4f0ef14000 rw-p 00000000 00:00 0                          [stack:25316]
7f4f0ef14000-7f4f0ef17000 ---p 00000000 00:00 0 
7f4f0ef17000-7f4f0f015000 rw-p 00000000 00:00 0                          [stack:25313]
7f4f0f015000-7f4f0f018000 ---p 00000000 00:00 0 
7f4f0f018000-7f4f0f116000 rw-p 00000000 00:00 0                          [stack:25312]
7f4f0f116000-7f4f0f119000 ---p 00000000 00:00 0 
7f4f0f119000-7f4f0f217000 rw-p 00000000 00:00 0                          [stack:25311]
7f4f0f217000-7f4f0f218000 ---p 00000000 00:00 0 
7f4f0f218000-7f4f0f318000 rw-p 00000000 00:00 0                          [stack:25291]
7f4f0f318000-7f4f0f31b000 ---p 00000000 00:00 0 
7f4f0f31b000-7f4f0f419000 rw-p 00000000 00:00 0                          [stack:25289]
7f4f0f419000-7f4f0f41c000 ---p 00000000 00:00 0 
7f4f0f41c000-7f4f0f51a000 rw-p 00000000 00:00 0                          [stack:25287]
7f4f0f51a000-7f4f0f51d000 ---p 00000000 00:00 0 
7f4f0f51d000-7f4f0f61b000 rw-p 00000000 00:00 0                          [stack:25283]
7f4f0f61b000-7f4f0f61e000 ---p 00000000 00:00 0 
7f4f0f61e000-7f4f0f71c000 rw-p 00000000 00:00 0                          [stack:25279]
7f4f0f71c000-7f4f0f71f000 ---p 00000000 00:00 0 
7f4f0f71f000-7f4f0f81d000 rw-p 00000000 00:00 0                          [stack:25278]
7f4f0f81d000-7f4f0f820000 ---p 00000000 00:00 0 
7f4f0f820000-7f4f0f91e000 rw-p 00000000 00:00 0                          [stack:25277]
7f4f0f91e000-7f4f10000000 r--p 00000000 08:16 531444                     /usr/lib/locale/locale-archive
7f4f10000000-7f4f10021000 rw-p 00000000 00:00 0 
7f4f10021000-7f4f14000000 ---p 00000000 00:00 0 
7f4f14000000-7f4f14021000 rw-p 00000000 00:00 0 
7f4f14021000-7f4f18000000 ---p 00000000 00:00 0 
7f4f18000000-7f4f18021000 rw-p 00000000 00:00 0 
7f4f18021000-7f4f1c000000 ---p 00000000 00:00 0 
7f4f1c071000-7f4f1c089000 r--s 000f5000 08:16 2629661                    /home/pc2/Desktop/Android/SOSapp/SOSapp/app/build/intermediates/exploded-aar/com.google.android.gms/play-services-ads/8.4.0/jars/classes.jar
7f4f1c089000-7f4f1c098000 r--s 000df000 08:16 3674186                    /root/Android/Sdk/build-tools/23.0.3/lib/dx.jar
7f4f1c098000-7f4f1c0b3000 r--s 001d7000 08:16 1971917                    /usr/lib/jvm/java-8-openjdk-amd64/jre/lib/ext/nashorn.jar
7f4f1c0b3000-7f4f1c0cf000 r--s 00393000 08:16 1971986                    /usr/lib/jvm/java-8-openjdk-amd64/jre/lib/ext/cldrdata.jar
7f4f1c0cf000-7f4f1c0d2000 ---p 00000000 00:00 0 
7f4f1c0d2000-7f4f1c1d0000 rw-p 00000000 00:00 0                          [stack:25275]
7f4f1c1d0000-7f4f1c1d3000 ---p 00000000 00:00 0 
7f4f1c1d3000-7f4f1c2d1000 rw-p 00000000 00:00 0                          [stack:25274]
7f4f1c2d1000-7f4f1c2d2000 ---p 00000000 00:00 0 
7f4f1c2d2000-7f4f20000000 rw-p 00000000 00:00 0                          [stack:25273]
7f4f20000000-7f4f20021000 rw-p 00000000 00:00 0 
7f4f20021000-7f4f24000000 ---p 00000000 00:00 0 
7f4f2400e000-7f4f2402f000 rw-p 00000000 00:00 0 
7f4f2402f000-7f4f241fc000 r--s 03be7000 08:16 1328837                    /usr/lib/jvm/java-8-openjdk-amd64/jre/lib/rt.jar
7f4f241fc000-7f4f2487c000 rw-p 00000000 00:00 0 
7f4f2487c000-7f4f249fc000 ---p 00000000 00:00 0 
7f4f249fc000-7f4f24bfc000 rw-p 00000000 00:00 0 
7f4f24bfc000-7f4f24bfd000 ---p 00000000 00:00 0 
7f4f24bfd000-7f4f24cfd000 rw-p 00000000 00:00 0                          [stack:25272]
7f4f24cfd000-7f4f24cfe000 ---p 00000000 00:00 0 
7f4f24cfe000-7f4f24dfe000 rw-p 00000000 00:00 0                          [stack:25270]
7f4f24dfe000-7f4f24dff000 ---p 00000000 00:00 0 
7f4f24dff000-7f4f24eff000 rw-p 00000000 00:00 0                          [stack:25268]
7f4f24eff000-7f4f24f00000 ---p 00000000 00:00 0 
7f4f24f00000-7f4f25000000 rw-p 00000000 00:00 0                          [stack:25267]
7f4f25000000-7f4f25780000 rwxp 00000000 00:00 0 
7f4f25780000-7f4f34000000 ---p 00000000 00:00 0 
7f4f34000000-7f4f341d5000 rw-p 00000000 00:00 0 
7f4f341d5000-7f4f38000000 ---p 00000000 00:00 0 
7f4f38009000-7f4f3800a000 rw-p 00000000 00:00 0 
7f4f3800a000-7f4f38014000 r--s 00116000 08:16 1972026                    /usr/lib/jvm/java-8-openjdk-amd64/jre/lib/ext/localedata.jar
7f4f38014000-7f4f3808a000 rw-p 00000000 00:00 0 
7f4f3808a000-7f4f3808b000 ---p 00000000 00:00 0 
7f4f3808b000-7f4f3818b000 rw-p 00000000 00:00 0                          [stack:25264]
7f4f3818b000-7f4f3818c000 ---p 00000000 00:00 0 
7f4f3818c000-7f4f3828c000 rw-p 00000000 00:00 0                          [stack:25263]
7f4f3828c000-7f4f3828d000 ---p 00000000 00:00 0 
7f4f3828d000-7f4f3838d000 rw-p 00000000 00:00 0                          [stack:25261]
7f4f3838d000-7f4f3838e000 ---p 00000000 00:00 0 
7f4f3838e000-7f4f384e0000 rw-p 00000000 00:00 0                          [stack:25255]
7f4f384e0000-7f4f385e4000 ---p 00000000 00:00 0 
7f4f385e4000-7f4f38636000 rw-p 00000000 00:00 0 
7f4f38636000-7f4f38739000 ---p 00000000 00:00 0 
7f4f38739000-7f4f387e4000 rw-p 00000000 00:00 0 
7f4f387e4000-7f4f38803000 rw-p 00000000 00:00 0 
7f4f38803000-7f4f38ba5000 ---p 00000000 00:00 0 
7f4f38ba5000-7f4f38bad000 r-xp 00000000 08:16 1444986                    /usr/lib/jvm/java-8-openjdk-amd64/jre/lib/amd64/libzip.so
7f4f38bad000-7f4f38dac000 ---p 00008000 08:16 1444986                    /usr/lib/jvm/java-8-openjdk-amd64/jre/lib/amd64/libzip.so
7f4f38dac000-7f4f38dad000 r--p 00007000 08:16 1444986                    /usr/lib/jvm/java-8-openjdk-amd64/jre/lib/amd64/libzip.so
7f4f38dad000-7f4f38dae000 rw-p 00008000 08:16 1444986                    /usr/lib/jvm/java-8-openjdk-amd64/jre/lib/amd64/libzip.so
7f4f38dae000-7f4f38db8000 r-xp 00000000 08:16 3413541                    /lib/x86_64-linux-gnu/libnss_files-2.19.so
7f4f38db8000-7f4f38fb7000 ---p 0000a000 08:16 3413541                    /lib/x86_64-linux-gnu/libnss_files-2.19.so
7f4f38fb7000-7f4f38fb8000 r--p 00009000 08:16 3413541                    /lib/x86_64-linux-gnu/libnss_files-2.19.so
7f4f38fb8000-7f4f38fb9000 rw-p 0000a000 08:16 3413541                    /lib/x86_64-linux-gnu/libnss_files-2.19.so
7f4f38fb9000-7f4f38fc4000 r-xp 00000000 08:16 3413533                    /lib/x86_64-linux-gnu/libnss_nis-2.19.so
7f4f38fc4000-7f4f391c3000 ---p 0000b000 08:16 3413533                    /lib/x86_64-linux-gnu/libnss_nis-2.19.so
7f4f391c3000-7f4f391c4000 r--p 0000a000 08:16 3413533                    /lib/x86_64-linux-gnu/libnss_nis-2.19.so
7f4f391c4000-7f4f391c5000 rw-p 0000b000 08:16 3413533                    /lib/x86_64-linux-gnu/libnss_nis-2.19.so
7f4f391c5000-7f4f391dc000 r-xp 00000000 08:16 3413529                    /lib/x86_64-linux-gnu/libnsl-2.19.so
7f4f391dc000-7f4f393db000 ---p 00017000 08:16 3413529                    /lib/x86_64-linux-gnu/libnsl-2.19.so
7f4f393db000-7f4f393dc000 r--p 00016000 08:16 3413529                    /lib/x86_64-linux-gnu/libnsl-2.19.so
7f4f393dc000-7f4f393dd000 rw-p 00017000 08:16 3413529                    /lib/x86_64-linux-gnu/libnsl-2.19.so
7f4f393dd000-7f4f393df000 rw-p 00000000 00:00 0 
7f4f393df000-7f4f393e8000 r-xp 00000000 08:16 3413528                    /lib/x86_64-linux-gnu/libnss_compat-2.19.so
7f4f393e8000-7f4f395e7000 ---p 00009000 08:16 3413528                    /lib/x86_64-linux-gnu/libnss_compat-2.19.so
7f4f395e7000-7f4f395e8000 r--p 00008000 08:16 3413528                    /lib/x86_64-linux-gnu/libnss_compat-2.19.so
7f4f395e8000-7f4f395e9000 rw-p 00009000 08:16 3413528                    /lib/x86_64-linux-gnu/libnss_compat-2.19.so
7f4f395e9000-7f4f39615000 r-xp 00000000 08:16 1444413                    /usr/lib/jvm/java-8-openjdk-amd64/jre/lib/amd64/libjava.so
7f4f39615000-7f4f39815000 ---p 0002c000 08:16 1444413                    /usr/lib/jvm/java-8-openjdk-amd64/jre/lib/amd64/libjava.so
7f4f39815000-7f4f39816000 r--p 0002c000 08:16 1444413                    /usr/lib/jvm/java-8-openjdk-amd64/jre/lib/amd64/libjava.so
7f4f39816000-7f4f39818000 rw-p 0002d000 08:16 1444413                    /usr/lib/jvm/java-8-openjdk-amd64/jre/lib/amd64/libjava.so
7f4f39818000-7f4f39828000 r-xp 00000000 08:16 1444420                    /usr/lib/jvm/java-8-openjdk-amd64/jre/lib/amd64/libverify.so
7f4f39828000-7f4f39a27000 ---p 00010000 08:16 1444420                    /usr/lib/jvm/java-8-openjdk-amd64/jre/lib/amd64/libverify.so
7f4f39a27000-7f4f39a29000 r--p 0000f000 08:16 1444420                    /usr/lib/jvm/java-8-openjdk-amd64/jre/lib/amd64/libverify.so
7f4f39a29000-7f4f39a2a000 rw-p 00011000 08:16 1444420                    /usr/lib/jvm/java-8-openjdk-amd64/jre/lib/amd64/libverify.so
7f4f39a2a000-7f4f39a31000 r-xp 00000000 08:16 3413537                    /lib/x86_64-linux-gnu/librt-2.19.so
7f4f39a31000-7f4f39c30000 ---p 00007000 08:16 3413537                    /lib/x86_64-linux-gnu/librt-2.19.so
7f4f39c30000-7f4f39c31000 r--p 00006000 08:16 3413537                    /lib/x86_64-linux-gnu/librt-2.19.so
7f4f39c31000-7f4f39c32000 rw-p 00007000 08:16 3413537                    /lib/x86_64-linux-gnu/librt-2.19.so
7f4f39c32000-7f4f39c48000 r-xp 00000000 08:16 3413520                    /lib/x86_64-linux-gnu/libgcc_s.so.1
7f4f39c48000-7f4f39e47000 ---p 00016000 08:16 3413520                    /lib/x86_64-linux-gnu/libgcc_s.so.1
7f4f39e47000-7f4f39e48000 rw-p 00015000 08:16 3413520                    /lib/x86_64-linux-gnu/libgcc_s.so.1
7f4f39e48000-7f4f39f4d000 r-xp 00000000 08:16 3413523                    /lib/x86_64-linux-gnu/libm-2.19.so
7f4f39f4d000-7f4f3a14c000 ---p 00105000 08:16 3413523                    /lib/x86_64-linux-gnu/libm-2.19.so
7f4f3a14c000-7f4f3a14d000 r--p 00104000 08:16 3413523                    /lib/x86_64-linux-gnu/libm-2.19.so
7f4f3a14d000-7f4f3a14e000 rw-p 00105000 08:16 3413523                    /lib/x86_64-linux-gnu/libm-2.19.so
7f4f3a14e000-7f4f3a234000 r-xp 00000000 08:16 524323                     /usr/lib/x86_64-linux-gnu/libstdc++.so.6.0.19
7f4f3a234000-7f4f3a433000 ---p 000e6000 08:16 524323                     /usr/lib/x86_64-linux-gnu/libstdc++.so.6.0.19
7f4f3a433000-7f4f3a43b000 r--p 000e5000 08:16 524323                     /usr/lib/x86_64-linux-gnu/libstdc++.so.6.0.19
7f4f3a43b000-7f4f3a43d000 rw-p 000ed000 08:16 524323                     /usr/lib/x86_64-linux-gnu/libstdc++.so.6.0.19
7f4f3a43d000-7f4f3a452000 rw-p 00000000 00:00 0 
7f4f3a452000-7f4f3b040000 r-xp 00000000 08:16 1574165                    /usr/lib/jvm/java-8-openjdk-amd64/jre/lib/amd64/server/libjvm.so
7f4f3b040000-7f4f3b240000 ---p 00bee000 08:16 1574165                    /usr/lib/jvm/java-8-openjdk-amd64/jre/lib/amd64/server/libjvm.so
7f4f3b240000-7f4f3b2de000 r--p 00bee000 08:16 1574165                    /usr/lib/jvm/java-8-openjdk-amd64/jre/lib/amd64/server/libjvm.so
7f4f3b2de000-7f4f3b307000 rw-p 00c8c000 08:16 1574165                    /usr/lib/jvm/java-8-openjdk-amd64/jre/lib/amd64/server/libjvm.so
7f4f3b307000-7f4f3b339000 rw-p 00000000 00:00 0 
7f4f3b339000-7f4f3b352000 r-xp 00000000 08:16 3413530                    /lib/x86_64-linux-gnu/libpthread-2.19.so
7f4f3b352000-7f4f3b551000 ---p 00019000 08:16 3413530                    /lib/x86_64-linux-gnu/libpthread-2.19.so
7f4f3b551000-7f4f3b552000 r--p 00018000 08:16 3413530                    /lib/x86_64-linux-gnu/libpthread-2.19.so
7f4f3b552000-7f4f3b553000 rw-p 00019000 08:16 3413530                    /lib/x86_64-linux-gnu/libpthread-2.19.so
7f4f3b553000-7f4f3b557000 rw-p 00000000 00:00 0 
7f4f3b557000-7f4f3b55a000 r-xp 00000000 08:16 3413525                    /lib/x86_64-linux-gnu/libdl-2.19.so
7f4f3b55a000-7f4f3b759000 ---p 00003000 08:16 3413525                    /lib/x86_64-linux-gnu/libdl-2.19.so
7f4f3b759000-7f4f3b75a000 r--p 00002000 08:16 3413525                    /lib/x86_64-linux-gnu/libdl-2.19.so
7f4f3b75a000-7f4f3b75b000 rw-p 00003000 08:16 3413525                    /lib/x86_64-linux-gnu/libdl-2.19.so
7f4f3b75b000-7f4f3b773000 r-xp 00000000 08:16 3412060                    /lib/x86_64-linux-gnu/libz.so.1.2.8
7f4f3b773000-7f4f3b972000 ---p 00018000 08:16 3412060                    /lib/x86_64-linux-gnu/libz.so.1.2.8
7f4f3b972000-7f4f3b973000 r--p 00017000 08:16 3412060                    /lib/x86_64-linux-gnu/libz.so.1.2.8
7f4f3b973000-7f4f3b974000 rw-p 00018000 08:16 3412060                    /lib/x86_64-linux-gnu/libz.so.1.2.8
7f4f3b974000-7f4f3bb2e000 r-xp 00000000 08:16 3413538                    /lib/x86_64-linux-gnu/libc-2.19.so
7f4f3bb2e000-7f4f3bd2e000 ---p 001ba000 08:16 3413538                    /lib/x86_64-linux-gnu/libc-2.19.so
7f4f3bd2e000-7f4f3bd32000 r--p 001ba000 08:16 3413538                    /lib/x86_64-linux-gnu/libc-2.19.so
7f4f3bd32000-7f4f3bd34000 rw-p 001be000 08:16 3413538                    /lib/x86_64-linux-gnu/libc-2.19.so
7f4f3bd34000-7f4f3bd39000 rw-p 00000000 00:00 0 
7f4f3bd39000-7f4f3bd46000 r-xp 00000000 08:16 1574169                    /usr/lib/jvm/java-8-openjdk-amd64/jre/lib/amd64/jli/libjli.so
7f4f3bd46000-7f4f3bf46000 ---p 0000d000 08:16 1574169                    /usr/lib/jvm/java-8-openjdk-amd64/jre/lib/amd64/jli/libjli.so
7f4f3bf46000-7f4f3bf47000 r--p 0000d000 08:16 1574169                    /usr/lib/jvm/java-8-openjdk-amd64/jre/lib/amd64/jli/libjli.so
7f4f3bf47000-7f4f3bf48000 rw-p 0000e000 08:16 1574169                    /usr/lib/jvm/java-8-openjdk-amd64/jre/lib/amd64/jli/libjli.so
7f4f3bf48000-7f4f3bf6b000 r-xp 00000000 08:16 3413531                    /lib/x86_64-linux-gnu/ld-2.19.so
7f4f3bf6b000-7f4f3bf71000 r--s 0003a000 08:16 1972006                    /usr/lib/jvm/java-8-openjdk-amd64/jre/lib/ext/sunjce_provider.jar
7f4f3bf71000-7f4f3bf73000 r--s 00006000 08:16 924865                     /usr/share/java/java-atk-wrapper.jar
7f4f3bf73000-7f4f3c04c000 rw-p 00000000 00:00 0 
7f4f3c04c000-7f4f3c04f000 ---p 00000000 00:00 0 
7f4f3c04f000-7f4f3c152000 rw-p 00000000 00:00 0                          [stack:25251]
7f4f3c152000-7f4f3c153000 r--s 00008000 08:16 1971996                    /usr/lib/jvm/java-8-openjdk-amd64/jre/lib/ext/sunec.jar
7f4f3c153000-7f4f3c156000 r--s 0000f000 08:16 1972013                    /usr/lib/jvm/java-8-openjdk-amd64/jre/lib/ext/icedtea-sound.jar
7f4f3c156000-7f4f3c158000 r--s 00001000 08:16 1971942                    /usr/lib/jvm/java-8-openjdk-amd64/jre/lib/ext/dnsns.jar
7f4f3c158000-7f4f3c159000 r--s 0000a000 08:16 1972003                    /usr/lib/jvm/java-8-openjdk-amd64/jre/lib/ext/jaccess.jar
7f4f3c159000-7f4f3c15a000 r--s 00010000 08:16 1972005                    /usr/lib/jvm/java-8-openjdk-amd64/jre/lib/ext/zipfs.jar
7f4f3c15a000-7f4f3c15e000 r--s 00037000 08:16 1972031                    /usr/lib/jvm/java-8-openjdk-amd64/jre/lib/ext/sunpkcs11.jar
7f4f3c15e000-7f4f3c166000 rw-s 00000000 08:16 4473110                    /tmp/hsperfdata_root/25247
7f4f3c166000-7f4f3c167000 rw-p 00000000 00:00 0 
7f4f3c167000-7f4f3c168000 ---p 00000000 00:00 0 
7f4f3c168000-7f4f3c16a000 rw-p 00000000 00:00 0 
7f4f3c16a000-7f4f3c16b000 r--p 00022000 08:16 3413531                    /lib/x86_64-linux-gnu/ld-2.19.so
7f4f3c16b000-7f4f3c16c000 rw-p 00023000 08:16 3413531                    /lib/x86_64-linux-gnu/ld-2.19.so
7f4f3c16c000-7f4f3c16d000 rw-p 00000000 00:00 0 
7ffeb41e3000-7ffeb4204000 rw-p 00000000 00:00 0                          [stack]
7ffeb436c000-7ffeb436e000 r-xp 00000000 00:00 0                          [vdso]
ffffffffff600000-ffffffffff601000 r-xp 00000000 00:00 0                  [vsyscall]

VM Arguments:
jvm_args: -Djava.awt.headless=true -Xmx1024M -Dfile.encoding=UTF-8 -Duser.country=US -Duser.language=en -Duser.variant 
java_command: com.android.dx.command.Main --dex --num-threads=4 --output /home/pc2/Desktop/Android/SOSapp/SOSapp/app/build/intermediates/pre-dexed/debug/com.google.android.gms-play-services-ads-8.4.0_3927c4c565e297d68f29b87637b9623ddfd72bb8.jar /home/pc2/Desktop/Android/SOSapp/SOSapp/app/build/intermediates/exploded-aar/com.google.android.gms/play-services-ads/8.4.0/jars/classes.jar
java_class_path (initial): /root/Android/Sdk/build-tools/23.0.3/lib/dx.jar
Launcher Type: SUN_STANDARD

Environment Variables:
PATH=/usr/local/sbin:/usr/local/bin:/usr/sbin:/usr/bin:/sbin:/bin
USERNAME=root
LD_LIBRARY_PATH=.:
SHELL=/bin/bash
DISPLAY=:0

Signal Handlers:
SIGSEGV: [libjvm.so+0x9f6230], sa_mask[0]=11111111011111111101111111111110, sa_flags=SA_RESTART|SA_SIGINFO
SIGBUS: [libjvm.so+0x9f6230], sa_mask[0]=11111111011111111101111111111110, sa_flags=SA_RESTART|SA_SIGINFO
SIGFPE: [libjvm.so+0x856c80], sa_mask[0]=11111111011111111101111111111110, sa_flags=SA_RESTART|SA_SIGINFO
SIGPIPE: [libjvm.so+0x856c80], sa_mask[0]=11111111011111111101111111111110, sa_flags=SA_RESTART|SA_SIGINFO
SIGXFSZ: [libjvm.so+0x856c80], sa_mask[0]=11111111011111111101111111111110, sa_flags=SA_RESTART|SA_SIGINFO
SIGILL: [libjvm.so+0x856c80], sa_mask[0]=11111111011111111101111111111110, sa_flags=SA_RESTART|SA_SIGINFO
SIGUSR1: SIG_DFL, sa_mask[0]=00000000000000000000000000000000, sa_flags=none
SIGUSR2: [libjvm.so+0x856b50], sa_mask[0]=00100000000000000000000000000000, sa_flags=SA_RESTART|SA_SIGINFO
SIGHUP: [libjvm.so+0x856d40], sa_mask[0]=11111111011111111101111111111110, sa_flags=SA_RESTART|SA_SIGINFO
SIGINT: [libjvm.so+0x856d40], sa_mask[0]=11111111011111111101111111111110, sa_flags=SA_RESTART|SA_SIGINFO
SIGTERM: [libjvm.so+0x856d40], sa_mask[0]=11111111011111111101111111111110, sa_flags=SA_RESTART|SA_SIGINFO
SIGQUIT: [libjvm.so+0x856d40], sa_mask[0]=11111111011111111101111111111110, sa_flags=SA_RESTART|SA_SIGINFO


---------------  S Y S T E M  ---------------

OS:DISTRIB_ID=Ubuntu
DISTRIB_RELEASE=14.04
DISTRIB_CODENAME=trusty
DISTRIB_DESCRIPTION="Ubuntu 14.04.4 LTS"

uname:Linux 3.13.0-91-generic #138-Ubuntu SMP Fri Jun 24 17:00:34 UTC 2016 x86_64
libc:glibc 2.19 NPTL 2.19 
rlimit: STACK 8192k, CORE 0k, NPROC 62225, NOFILE 4096, AS infinity
load average:34.02 11.27 4.59

/proc/meminfo:
MemTotal:        8054008 kB
MemFree:          166144 kB
Buffers:             356 kB
Cached:           925460 kB
SwapCached:            0 kB
Active:          6719796 kB
Inactive:         886724 kB
Active(anon):    6690812 kB
Inactive(anon):   870956 kB
Active(file):      28984 kB
Inactive(file):    15768 kB
Unevictable:          48 kB
Mlocked:              48 kB
SwapTotal:             0 kB
SwapFree:              0 kB
Dirty:               460 kB
Writeback:             0 kB
AnonPages:       6682820 kB
Mapped:           433860 kB
Shmem:            878608 kB
Slab:             106200 kB
SReclaimable:      46328 kB
SUnreclaim:        59872 kB
KernelStack:       10048 kB
PageTables:        71996 kB
NFS_Unstable:          0 kB
Bounce:                0 kB
WritebackTmp:          0 kB
CommitLimit:     4027004 kB
Committed_AS:   17025148 kB
VmallocTotal:   34359738367 kB
VmallocUsed:      556980 kB
VmallocChunk:   34359168600 kB
HardwareCorrupted:     0 kB
AnonHugePages:   2205696 kB
HugePages_Total:       0
HugePages_Free:        0
HugePages_Rsvd:        0
HugePages_Surp:        0
Hugepagesize:       2048 kB
DirectMap4k:       99072 kB
DirectMap2M:     3973120 kB
DirectMap1G:     4194304 kB


CPU:total 8 (4 cores per cpu, 2 threads per core) family 6 model 60 stepping 3, cmov, cx8, fxsr, mmx, sse, sse2, sse3, ssse3, sse4.1, sse4.2, popcnt, avx, avx2, aes, clmul, erms, lzcnt, ht, tsc, tscinvbit, bmi1, bmi2

/proc/cpuinfo:
processor	: 0
vendor_id	: GenuineIntel
cpu family	: 6
model		: 60
model name	: Intel(R) Core(TM) i7-4702MQ CPU @ 2.20GHz
stepping	: 3
microcode	: 0x17
cpu MHz		: 2201.000
cache size	: 6144 KB
physical id	: 0
siblings	: 8
core id		: 0
cpu cores	: 4
apicid		: 0
initial apicid	: 0
fpu		: yes
fpu_exception	: yes
cpuid level	: 13
wp		: yes
flags		: fpu vme de pse tsc msr pae mce cx8 apic sep mtrr pge mca cmov pat pse36 clflush dts acpi mmx fxsr sse sse2 ss ht tm pbe syscall nx pdpe1gb rdtscp lm constant_tsc arch_perfmon pebs bts rep_good nopl xtopology nonstop_tsc aperfmperf eagerfpu pni pclmulqdq dtes64 monitor ds_cpl vmx est tm2 ssse3 fma cx16 xtpr pdcm pcid sse4_1 sse4_2 movbe popcnt tsc_deadline_timer aes xsave avx f16c rdrand lahf_lm abm ida arat epb xsaveopt pln pts dtherm tpr_shadow vnmi flexpriority ept vpid fsgsbase tsc_adjust bmi1 avx2 smep bmi2 erms invpcid
bogomips	: 4389.83
clflush size	: 64
cache_alignment	: 64
address sizes	: 39 bits physical, 48 bits virtual
power management:

processor	: 1
vendor_id	: GenuineIntel
cpu family	: 6
model		: 60
model name	: Intel(R) Core(TM) i7-4702MQ CPU @ 2.20GHz
stepping	: 3
microcode	: 0x17
cpu MHz		: 2201.000
cache size	: 6144 KB
physical id	: 0
siblings	: 8
core id		: 0
cpu cores	: 4
apicid		: 1
initial apicid	: 1
fpu		: yes
fpu_exception	: yes
cpuid level	: 13
wp		: yes
flags		: fpu vme de pse tsc msr pae mce cx8 apic sep mtrr pge mca cmov pat pse36 clflush dts acpi mmx fxsr sse sse2 ss ht tm pbe syscall nx pdpe1gb rdtscp lm constant_tsc arch_perfmon pebs bts rep_good nopl xtopology nonstop_tsc aperfmperf eagerfpu pni pclmulqdq dtes64 monitor ds_cpl vmx est tm2 ssse3 fma cx16 xtpr pdcm pcid sse4_1 sse4_2 movbe popcnt tsc_deadline_timer aes xsave avx f16c rdrand lahf_lm abm ida arat epb xsaveopt pln pts dtherm tpr_shadow vnmi flexpriority ept vpid fsgsbase tsc_adjust bmi1 avx2 smep bmi2 erms invpcid
bogomips	: 4389.83
clflush size	: 64
cache_alignment	: 64
address sizes	: 39 bits physical, 48 bits virtual
power management:

processor	: 2
vendor_id	: GenuineIntel
cpu family	: 6
model		: 60
model name	: Intel(R) Core(TM) i7-4702MQ CPU @ 2.20GHz
stepping	: 3
microcode	: 0x17
cpu MHz		: 2201.000
cache size	: 6144 KB
physical id	: 0
siblings	: 8
core id		: 1
cpu cores	: 4
apicid		: 2
initial apicid	: 2
fpu		: yes
fpu_exception	: yes
cpuid level	: 13
wp		: yes
flags		: fpu vme de pse tsc msr pae mce cx8 apic sep mtrr pge mca cmov pat pse36 clflush dts acpi mmx fxsr sse sse2 ss ht tm pbe syscall nx pdpe1gb rdtscp lm constant_tsc arch_perfmon pebs bts rep_good nopl xtopology nonstop_tsc aperfmperf eagerfpu pni pclmulqdq dtes64 monitor ds_cpl vmx est tm2 ssse3 fma cx16 xtpr pdcm pcid sse4_1 sse4_2 movbe popcnt tsc_deadline_timer aes xsave avx f16c rdrand lahf_lm abm ida arat epb xsaveopt pln pts dtherm tpr_shadow vnmi flexpriority ept vpid fsgsbase tsc_adjust bmi1 avx2 smep bmi2 erms invpcid
bogomips	: 4389.83
clflush size	: 64
cache_alignment	: 64
address sizes	: 39 bits physical, 48 bits virtual
power management:

processor	: 3
vendor_id	: GenuineIntel
cpu family	: 6
model		: 60
model name	: Intel(R) Core(TM) i7-4702MQ CPU @ 2.20GHz
stepping	: 3
microcode	: 0x17
cpu MHz		: 2201.000
cache size	: 6144 KB
physical id	: 0
siblings	: 8
core id		: 1
cpu cores	: 4
apicid		: 3
initial apicid	: 3
fpu		: yes
fpu_exception	: yes
cpuid level	: 13
wp		: yes
flags		: fpu vme de pse tsc msr pae mce cx8 apic sep mtrr pge mca cmov pat pse36 clflush dts acpi mmx fxsr sse sse2 ss ht tm pbe syscall nx pdpe1gb rdtscp lm constant_tsc arch_perfmon pebs bts rep_good nopl xtopology nonstop_tsc aperfmperf eagerfpu pni pclmulqdq dtes64 monitor ds_cpl vmx est tm2 ssse3 fma cx16 xtpr pdcm pcid sse4_1 sse4_2 movbe popcnt tsc_deadline_timer aes xsave avx f16c rdrand lahf_lm abm ida arat epb xsaveopt pln pts dtherm tpr_shadow vnmi flexpriority ept vpid fsgsbase tsc_adjust bmi1 avx2 smep bmi2 erms invpcid
bogomips	: 4389.83
clflush size	: 64
cache_alignment	: 64
address sizes	: 39 bits physical, 48 bits virtual
power management:

processor	: 4
vendor_id	: GenuineIntel
cpu family	: 6
model		: 60
model name	: Intel(R) Core(TM) i7-4702MQ CPU @ 2.20GHz
stepping	: 3
microcode	: 0x17
cpu MHz		: 2201.000
cache size	: 6144 KB
physical id	: 0
siblings	: 8
core id		: 2
cpu cores	: 4
apicid		: 4
initial apicid	: 4
fpu		: yes
fpu_exception	: yes
cpuid level	: 13
wp		: yes
flags		: fpu vme de pse tsc msr pae mce cx8 apic sep mtrr pge mca cmov pat pse36 clflush dts acpi mmx fxsr sse sse2 ss ht tm pbe syscall nx pdpe1gb rdtscp lm constant_tsc arch_perfmon pebs bts rep_good nopl xtopology nonstop_tsc aperfmperf eagerfpu pni pclmulqdq dtes64 monitor ds_cpl vmx est tm2 ssse3 fma cx16 xtpr pdcm pcid sse4_1 sse4_2 movbe popcnt tsc_deadline_timer aes xsave avx f16c rdrand lahf_lm abm ida arat epb xsaveopt pln pts dtherm tpr_shadow vnmi flexpriority ept vpid fsgsbase tsc_adjust bmi1 avx2 smep bmi2 erms invpcid
bogomips	: 4389.83
clflush size	: 64
cache_alignment	: 64
address sizes	: 39 bits physical, 48 bits virtual
power management:

processor	: 5
vendor_id	: GenuineIntel
cpu family	: 6
model		: 60
model name	: Intel(R) Core(TM) i7-4702MQ CPU @ 2.20GHz
stepping	: 3
microcode	: 0x17
cpu MHz		: 2201.000
cache size	: 6144 KB
physical id	: 0
siblings	: 8
core id		: 2
cpu cores	: 4
apicid		: 5
initial apicid	: 5
fpu		: yes
fpu_exception	: yes
cpuid level	: 13
wp		: yes
flags		: fpu vme de pse tsc msr pae mce cx8 apic sep mtrr pge mca cmov pat pse36 clflush dts acpi mmx fxsr sse sse2 ss ht tm pbe syscall nx pdpe1gb rdtscp lm constant_tsc arch_perfmon pebs bts rep_good nopl xtopology nonstop_tsc aperfmperf eagerfpu pni pclmulqdq dtes64 monitor ds_cpl vmx est tm2 ssse3 fma cx16 xtpr pdcm pcid sse4_1 sse4_2 movbe popcnt tsc_deadline_timer aes xsave avx f16c rdrand lahf_lm abm ida arat epb xsaveopt pln pts dtherm tpr_shadow vnmi flexpriority ept vpid fsgsbase tsc_adjust bmi1 avx2 smep bmi2 erms invpcid
bogomips	: 4389.83
clflush size	: 64
cache_alignment	: 64
address sizes	: 39 bits physical, 48 bits virtual
power management:

processor	: 6
vendor_id	: GenuineIntel
cpu family	: 6
model		: 60
model name	: Intel(R) Core(TM) i7-4702MQ CPU @ 2.20GHz
stepping	: 3
microcode	: 0x17
cpu MHz		: 2201.000
cache size	: 6144 KB
physical id	: 0
siblings	: 8
core id		: 3
cpu cores	: 4
apicid		: 6
initial apicid	: 6
fpu		: yes
fpu_exception	: yes
cpuid level	: 13
wp		: yes
flags		: fpu vme de pse tsc msr pae mce cx8 apic sep mtrr pge mca cmov pat pse36 clflush dts acpi mmx fxsr sse sse2 ss ht tm pbe syscall nx pdpe1gb rdtscp lm constant_tsc arch_perfmon pebs bts rep_good nopl xtopology nonstop_tsc aperfmperf eagerfpu pni pclmulqdq dtes64 monitor ds_cpl vmx est tm2 ssse3 fma cx16 xtpr pdcm pcid sse4_1 sse4_2 movbe popcnt tsc_deadline_timer aes xsave avx f16c rdrand lahf_lm abm ida arat epb xsaveopt pln pts dtherm tpr_shadow vnmi flexpriority ept vpid fsgsbase tsc_adjust bmi1 avx2 smep bmi2 erms invpcid
bogomips	: 4389.83
clflush size	: 64
cache_alignment	: 64
address sizes	: 39 bits physical, 48 bits virtual
power management:

processor	: 7
vendor_id	: GenuineIntel
cpu family	: 6
model		: 60
model name	: Intel(R) Core(TM) i7-4702MQ CPU @ 2.20GHz
stepping	: 3
microcode	: 0x17
cpu MHz		: 2201.000
cache size	: 6144 KB
physical id	: 0
siblings	: 8
core id		: 3
cpu cores	: 4
apicid		: 7
initial apicid	: 7
fpu		: yes
fpu_exception	: yes
cpuid level	: 13
wp		: yes
flags		: fpu vme de pse tsc msr pae mce cx8 apic sep mtrr pge mca cmov pat pse36 clflush dts acpi mmx fxsr sse sse2 ss ht tm pbe syscall nx pdpe1gb rdtscp lm constant_tsc arch_perfmon pebs bts rep_good nopl xtopology nonstop_tsc aperfmperf eagerfpu pni pclmulqdq dtes64 monitor ds_cpl vmx est tm2 ssse3 fma cx16 xtpr pdcm pcid sse4_1 sse4_2 movbe popcnt tsc_deadline_timer aes xsave avx f16c rdrand lahf_lm abm ida arat epb xsaveopt pln pts dtherm tpr_shadow vnmi flexpriority ept vpid fsgsbase tsc_adjust bmi1 avx2 smep bmi2 erms invpcid
bogomips	: 4389.83
clflush size	: 64
cache_alignment	: 64
address sizes	: 39 bits physical, 48 bits virtual
power management:



Memory: 4k page, physical 8054008k(166144k free), swap 0k(0k free)

vm_info: OpenJDK 64-Bit Server VM (25.91-b14) for linux-amd64 JRE (1.8.0_91-8u91-b14-0ubuntu4~14.04-b14), built on Apr 22 2016 12:27:31 by "buildd" with gcc 4.8.2

time: Mon Jul  4 21:18:16 2016
elapsed time: 18 seconds (0d 0h 0m 18s)

