#
# There is insufficient memory for the Java Runtime Environment to continue.
# Native memory allocation (mmap) failed to map 32505856 bytes for committing reserved memory.
# Possible reasons:
#   The system is out of physical RAM or swap space
#   In 32 bit mode, the process size limit was hit
# Possible solutions:
#   Reduce memory load on the system
#   Increase physical memory or swap space
#   Check if swap backing store is full
#   Use 64 bit Java on a 64 bit OS
#   Decrease Java heap size (-Xmx/-Xms)
#   Decrease number of Java threads
#   Decrease Java thread stack sizes (-Xss)
#   Set larger code cache with -XX:ReservedCodeCacheSize=
# This output file may be truncated or incomplete.
#
#  Out of Memory Error (os_linux.cpp:2630), pid=24069, tid=140306239424256
#
# JRE version: OpenJDK Runtime Environment (8.0_91-b14) (build 1.8.0_91-8u91-b14-0ubuntu4~14.04-b14)
# Java VM: OpenJDK 64-Bit Server VM (25.91-b14 mixed mode linux-amd64 compressed oops)
# Failed to write core dump. Core dumps have been disabled. To enable core dumping, try "ulimit -c unlimited" before starting Java again
#

---------------  T H R E A D  ---------------

Current thread (0x00007f9bc8080000):  VMThread [stack: 0x00007f9b977f8000,0x00007f9b978f9000] [id=24082]

Stack: [0x00007f9b977f8000,0x00007f9b978f9000],  sp=0x00007f9b978f7480,  free space=1021k
Native frames: (J=compiled Java code, j=interpreted, Vv=VM code, C=native code)
V  [libjvm.so+0x9f573d]
V  [libjvm.so+0x4bc3da]
V  [libjvm.so+0x85b0a0]
V  [libjvm.so+0x855b9f]
V  [libjvm.so+0x8cb83b]
V  [libjvm.so+0x8cc4f0]
V  [libjvm.so+0x8cc80b]
V  [libjvm.so+0x8c8f1c]
V  [libjvm.so+0x8c96f8]
V  [libjvm.so+0x87e0d3]
V  [libjvm.so+0x9f7204]
V  [libjvm.so+0x9fb5b7]
V  [libjvm.so+0x9fa078]
V  [libjvm.so+0x9fa4f9]
V  [libjvm.so+0x9fa942]
V  [libjvm.so+0x8584a2]

VM_Operation (0x00007f9b96407010): ParallelGCFailedAllocation, mode: safepoint, requested by thread 0x00007f9bc8194800


---------------  P R O C E S S  ---------------

Java Threads: ( => current thread )
  0x00007f9bc8194800 JavaThread "pool-1-thread-4" [_thread_blocked, id=24121, stack(0x00007f9b96308000,0x00007f9b96409000)]
  0x00007f9bc8193000 JavaThread "pool-1-thread-3" [_thread_blocked, id=24120, stack(0x00007f9b96409000,0x00007f9b9650a000)]
  0x00007f9bc8191800 JavaThread "pool-1-thread-2" [_thread_blocked, id=24119, stack(0x00007f9b9650a000,0x00007f9b9660b000)]
  0x00007f9bc8190000 JavaThread "pool-2-thread-1" [_thread_blocked, id=24118, stack(0x00007f9b9660b000,0x00007f9b9670c000)]
  0x00007f9bc818d800 JavaThread "pool-1-thread-1" [_thread_blocked, id=24117, stack(0x00007f9b9670c000,0x00007f9b9680d000)]
  0x00007f9bc80c4800 JavaThread "Service Thread" daemon [_thread_blocked, id=24100, stack(0x00007f9b9690e000,0x00007f9b96a0f000)]
  0x00007f9bc80bf800 JavaThread "C1 CompilerThread3" daemon [_thread_blocked, id=24099, stack(0x00007f9b96a0f000,0x00007f9b96b10000)]
  0x00007f9bc80bb000 JavaThread "C2 CompilerThread2" daemon [_thread_blocked, id=24098, stack(0x00007f9b96b10000,0x00007f9b96c11000)]
  0x00007f9bc80b9000 JavaThread "C2 CompilerThread1" daemon [_thread_blocked, id=24096, stack(0x00007f9b96c11000,0x00007f9b96d12000)]
  0x00007f9bc80b6000 JavaThread "C2 CompilerThread0" daemon [_thread_blocked, id=24094, stack(0x00007f9b96d12000,0x00007f9b96e13000)]
  0x00007f9bc80b4000 JavaThread "Signal Dispatcher" daemon [_thread_blocked, id=24093, stack(0x00007f9b96e13000,0x00007f9b96f14000)]
  0x00007f9bc808c000 JavaThread "Finalizer" daemon [_thread_blocked, id=24084, stack(0x00007f9b975f6000,0x00007f9b976f7000)]
  0x00007f9bc8087800 JavaThread "Reference Handler" daemon [_thread_blocked, id=24083, stack(0x00007f9b976f7000,0x00007f9b977f8000)]
  0x00007f9bc800a000 JavaThread "main" [_thread_blocked, id=24073, stack(0x00007f9bcf5f7000,0x00007f9bcf6f8000)]

Other Threads:
=>0x00007f9bc8080000 VMThread [stack: 0x00007f9b977f8000,0x00007f9b978f9000] [id=24082]
  0x00007f9bc80c6800 WatcherThread [stack: 0x00007f9b9680d000,0x00007f9b9690e000] [id=24101]

VM state:at safepoint (normal execution)

VM Mutex/Monitor currently owned by a thread:  ([mutex/lock_event])
[0x00007f9bc80067c0] Threads_lock - owner thread: 0x00007f9bc8080000
[0x00007f9bc8006cc0] Heap_lock - owner thread: 0x00007f9bc8194800

Heap:
 PSYoungGen      total 36864K, used 5111K [0x00000000eab00000, 0x00000000ed400000, 0x0000000100000000)
  eden space 31744K, 0% used [0x00000000eab00000,0x00000000eab00000,0x00000000eca00000)
  from space 5120K, 99% used [0x00000000eca00000,0x00000000ecefdc88,0x00000000ecf00000)
  to   space 5120K, 0% used [0x00000000ecf00000,0x00000000ecf00000,0x00000000ed400000)
 ParOldGen       total 84992K, used 1662K [0x00000000c0000000, 0x00000000c5300000, 0x00000000eab00000)
  object space 84992K, 1% used [0x00000000c0000000,0x00000000c019f828,0x00000000c5300000)
 Metaspace       used 5682K, capacity 6768K, committed 7040K, reserved 1056768K
  class space    used 565K, capacity 616K, committed 640K, reserved 1048576K

Card table byte_map: [0x00007f9bb8a3f000,0x00007f9bb8c40000] byte_map_base: 0x00007f9bb843f000

Marking Bits: (ParMarkBitMap*) 0x00007f9bce8c7080
 Begin Bits: [0x00007f9bb2000000, 0x00007f9bb3000000)
 End Bits:   [0x00007f9bb3000000, 0x00007f9bb4000000)

Polling page: 0x00007f9bcf712000

CodeCache: size=245760Kb used=2934Kb max_used=2948Kb free=242825Kb
 bounds [0x00007f9bb9000000, 0x00007f9bb92f0000, 0x00007f9bc8000000]
 total_blobs=1038 nmethods=771 adapters=182
 compilation: enabled

Compilation events (10 events):
Event: 2.606 Thread 0x00007f9bc80b6000  871       4       com.android.dx.util.BitIntSet::<init> (13 bytes)
Event: 2.607 Thread 0x00007f9bc80b6000 nmethod 871 0x00007f9bb92dcfd0 code [0x00007f9bb92dd120, 0x00007f9bb92dd238]
Event: 2.607 Thread 0x00007f9bc80b6000  855       4       com.android.dx.ssa.DeadCodeRemover::hasSideEffect (11 bytes)
Event: 2.634 Thread 0x00007f9bc80b6000 nmethod 855 0x00007f9bb92dcb50 code [0x00007f9bb92dccc0, 0x00007f9bb92dce18]
Event: 2.634 Thread 0x00007f9bc80b6000  874       4       java.util.HashMap::getNode (148 bytes)
Event: 2.665 Thread 0x00007f9bc80bb000 nmethod 818 0x00007f9bb92e1e90 code [0x00007f9bb92e21a0, 0x00007f9bb92e3d28]
Event: 2.665 Thread 0x00007f9bc80bb000  875       4       java.util.HashMap::get (23 bytes)
Event: 2.730 Thread 0x00007f9bc80b6000 nmethod 874 0x00007f9bb92cb210 code [0x00007f9bb92cb3e0, 0x00007f9bb92cbd58]
Event: 2.732 Thread 0x00007f9bc80bb000 nmethod 875 0x00007f9bb92de590 code [0x00007f9bb92de760, 0x00007f9bb92df158]
Event: 2.737 Thread 0x00007f9bc80b6000  884       4       java.util.BitSet::set (58 bytes)

GC Heap History (1 events):
Event: 2.790 GC heap before
{Heap before GC invocations=1 (full 0):
 PSYoungGen      total 36864K, used 31744K [0x00000000eab00000, 0x00000000ed400000, 0x0000000100000000)
  eden space 31744K, 100% used [0x00000000eab00000,0x00000000eca00000,0x00000000eca00000)
  from space 5120K, 0% used [0x00000000ecf00000,0x00000000ecf00000,0x00000000ed400000)
  to   space 5120K, 0% used [0x00000000eca00000,0x00000000eca00000,0x00000000ecf00000)
 ParOldGen       total 84992K, used 0K [0x00000000c0000000, 0x00000000c5300000, 0x00000000eab00000)
  object space 84992K, 0% used [0x00000000c0000000,0x00000000c0000000,0x00000000c5300000)
 Metaspace       used 5682K, capacity 6768K, committed 7040K, reserved 1056768K
  class space    used 565K, capacity 616K, committed 640K, reserved 1048576K

Deoptimization events (8 events):
Event: 1.004 Thread 0x00007f9bc800a000 Uncommon trap: reason=unstable_if action=reinterpret pc=0x00007f9bb913dfc8 method=java.lang.String.indexOf(II)I @ 49
Event: 1.869 Thread 0x00007f9bc800a000 Uncommon trap: reason=unstable_if action=reinterpret pc=0x00007f9bb91e1afc method=java.util.HashMap.getNode(ILjava/lang/Object;)Ljava/util/HashMap$Node; @ 62
Event: 1.978 Thread 0x00007f9bc800a000 Uncommon trap: reason=unstable_if action=reinterpret pc=0x00007f9bb91eecd0 method=java.util.HashMap.getNode(ILjava/lang/Object;)Ljava/util/HashMap$Node; @ 62
Event: 2.021 Thread 0x00007f9bc800a000 Uncommon trap: reason=unstable_if action=reinterpret pc=0x00007f9bb9225cd0 method=java.lang.String.<init>([CII)V @ 18
Event: 2.119 Thread 0x00007f9bc8191800 Uncommon trap: reason=unstable_if action=reinterpret pc=0x00007f9bb91ea42c method=java.util.BitSet.nextSetBit(I)I @ 87
Event: 2.370 Thread 0x00007f9bc800a000 Uncommon trap: reason=unstable_if action=reinterpret pc=0x00007f9bb9281b6c method=java.util.HashMap.getNode(ILjava/lang/Object;)Ljava/util/HashMap$Node; @ 129
Event: 2.370 Thread 0x00007f9bc800a000 Uncommon trap: reason=unstable_if action=reinterpret pc=0x00007f9bb92802c4 method=java.util.HashMap.getNode(ILjava/lang/Object;)Ljava/util/HashMap$Node; @ 129
Event: 2.452 Thread 0x00007f9bc8194800 Uncommon trap: reason=unstable_if action=reinterpret pc=0x00007f9bb91f4b38 method=java.util.BitSet.ensureCapacity(I)V @ 6

Internal exceptions (5 events):
Event: 0.361 Thread 0x00007f9bc800a000 Exception <a 'java/lang/NoSuchMethodError': Method sun.misc.Unsafe.defineClass(Ljava/lang/String;[BII)Ljava/lang/Class; name or signature does not match> (0x00000000eab07cc0) thrown at [/build/openjdk-8-vT_67x/openjdk-8-8u91-b14/src/hotspot/src/share/vm/p
Event: 0.361 Thread 0x00007f9bc800a000 Exception <a 'java/lang/NoSuchMethodError': Method sun.misc.Unsafe.prefetchRead(Ljava/lang/Object;J)V name or signature does not match> (0x00000000eab07fa8) thrown at [/build/openjdk-8-vT_67x/openjdk-8-8u91-b14/src/hotspot/src/share/vm/prims/jni.cpp, line
Event: 0.740 Thread 0x00007f9bc800a000 Exception <a 'java/util/zip/ZipException'> (0x00000000eab51ec8) thrown at [/build/openjdk-8-vT_67x/openjdk-8-8u91-b14/src/hotspot/src/share/vm/prims/jni.cpp, line 709]
Event: 0.740 Thread 0x00007f9bc800a000 Exception <a 'java/security/PrivilegedActionException'> (0x00000000eab52168) thrown at [/build/openjdk-8-vT_67x/openjdk-8-8u91-b14/src/hotspot/src/share/vm/prims/jvm.cpp, line 1386]
Event: 0.740 Thread 0x00007f9bc800a000 Exception <a 'java/security/PrivilegedActionException'> (0x00000000eab52378) thrown at [/build/openjdk-8-vT_67x/openjdk-8-8u91-b14/src/hotspot/src/share/vm/prims/jvm.cpp, line 1386]

Events (10 events):
Event: 2.370 Thread 0x00007f9bc800a000 DEOPT UNPACKING pc=0x00007f9bb9004f69 sp=0x00007f9bcf6f5520 mode 2
Event: 2.370 Thread 0x00007f9bc800a000 Uncommon trap: trap_request=0xffffff65 fr.pc=0x00007f9bb92802c4
Event: 2.370 Thread 0x00007f9bc800a000 DEOPT PACKING pc=0x00007f9bb92802c4 sp=0x00007f9bcf6f54d0
Event: 2.370 Thread 0x00007f9bc800a000 DEOPT UNPACKING pc=0x00007f9bb9004f69 sp=0x00007f9bcf6f5490 mode 2
Event: 2.452 Thread 0x00007f9bc8194800 Uncommon trap: trap_request=0xffffff65 fr.pc=0x00007f9bb91f4b38
Event: 2.452 Thread 0x00007f9bc8194800 DEOPT PACKING pc=0x00007f9bb91f4b38 sp=0x00007f9b964071f0
Event: 2.452 Thread 0x00007f9bc8194800 DEOPT UNPACKING pc=0x00007f9bb9004f69 sp=0x00007f9b964070f8 mode 2
Event: 2.672 Thread 0x00007f9bc8194800 DEOPT PACKING pc=0x00007f9bb9266e72 sp=0x00007f9b96407170
Event: 2.672 Thread 0x00007f9bc8194800 DEOPT UNPACKING pc=0x00007f9bb9047373 sp=0x00007f9b96406f80 mode 0
Event: 2.737 Executing VM operation: ParallelGCFailedAllocation


Dynamic libraries:
00400000-00401000 r-xp 00000000 08:16 1058522                            /usr/lib/jvm/java-8-openjdk-amd64/jre/bin/java
00600000-00601000 r--p 00000000 08:16 1058522                            /usr/lib/jvm/java-8-openjdk-amd64/jre/bin/java
00601000-00602000 rw-p 00001000 08:16 1058522                            /usr/lib/jvm/java-8-openjdk-amd64/jre/bin/java
00b6c000-00b8d000 rw-p 00000000 00:00 0                                  [heap]
c0000000-c5300000 rw-p 00000000 00:00 0 
c5300000-eab00000 ---p 00000000 00:00 0 
eab00000-ed400000 rw-p 00000000 00:00 0 
ef300000-100000000 ---p 00000000 00:00 0 
100000000-1000a0000 rw-p 00000000 00:00 0 
1000a0000-140000000 ---p 00000000 00:00 0 
7f9b54000000-7f9b54021000 rw-p 00000000 00:00 0 
7f9b54021000-7f9b58000000 ---p 00000000 00:00 0 
7f9b58000000-7f9b58021000 rw-p 00000000 00:00 0 
7f9b58021000-7f9b5c000000 ---p 00000000 00:00 0 
7f9b5c000000-7f9b5c021000 rw-p 00000000 00:00 0 
7f9b5c021000-7f9b60000000 ---p 00000000 00:00 0 
7f9b60000000-7f9b60022000 rw-p 00000000 00:00 0 
7f9b60022000-7f9b64000000 ---p 00000000 00:00 0 
7f9b64000000-7f9b64021000 rw-p 00000000 00:00 0 
7f9b64021000-7f9b68000000 ---p 00000000 00:00 0 
7f9b68000000-7f9b6802f000 rw-p 00000000 00:00 0 
7f9b6802f000-7f9b6c000000 ---p 00000000 00:00 0 
7f9b6c000000-7f9b6c407000 rw-p 00000000 00:00 0 
7f9b6c407000-7f9b70000000 ---p 00000000 00:00 0 
7f9b70000000-7f9b70021000 rw-p 00000000 00:00 0 
7f9b70021000-7f9b74000000 ---p 00000000 00:00 0 
7f9b74000000-7f9b7417e000 rw-p 00000000 00:00 0 
7f9b7417e000-7f9b78000000 ---p 00000000 00:00 0 
7f9b78000000-7f9b7825e000 rw-p 00000000 00:00 0 
7f9b7825e000-7f9b7c000000 ---p 00000000 00:00 0 
7f9b7c000000-7f9b7c021000 rw-p 00000000 00:00 0 
7f9b7c021000-7f9b80000000 ---p 00000000 00:00 0 
7f9b80000000-7f9b8024a000 rw-p 00000000 00:00 0 
7f9b8024a000-7f9b84000000 ---p 00000000 00:00 0 
7f9b84000000-7f9b84021000 rw-p 00000000 00:00 0 
7f9b84021000-7f9b88000000 ---p 00000000 00:00 0 
7f9b88000000-7f9b88021000 rw-p 00000000 00:00 0 
7f9b88021000-7f9b8c000000 ---p 00000000 00:00 0 
7f9b8c000000-7f9b8c021000 rw-p 00000000 00:00 0 
7f9b8c021000-7f9b90000000 ---p 00000000 00:00 0 
7f9b90000000-7f9b90021000 rw-p 00000000 00:00 0 
7f9b90021000-7f9b94000000 ---p 00000000 00:00 0 
7f9b96308000-7f9b9630b000 ---p 00000000 00:00 0 
7f9b9630b000-7f9b96409000 rw-p 00000000 00:00 0                          [stack:24121]
7f9b96409000-7f9b9640c000 ---p 00000000 00:00 0 
7f9b9640c000-7f9b9650a000 rw-p 00000000 00:00 0                          [stack:24120]
7f9b9650a000-7f9b9650d000 ---p 00000000 00:00 0 
7f9b9650d000-7f9b9660b000 rw-p 00000000 00:00 0                          [stack:24119]
7f9b9660b000-7f9b9660e000 ---p 00000000 00:00 0 
7f9b9660e000-7f9b9670c000 rw-p 00000000 00:00 0                          [stack:24118]
7f9b9670c000-7f9b9670f000 ---p 00000000 00:00 0 
7f9b9670f000-7f9b9680d000 rw-p 00000000 00:00 0                          [stack:24117]
7f9b9680d000-7f9b9680e000 ---p 00000000 00:00 0 
7f9b9680e000-7f9b9690e000 rw-p 00000000 00:00 0                          [stack:24101]
7f9b9690e000-7f9b96911000 ---p 00000000 00:00 0 
7f9b96911000-7f9b96a0f000 rw-p 00000000 00:00 0                          [stack:24100]
7f9b96a0f000-7f9b96a12000 ---p 00000000 00:00 0 
7f9b96a12000-7f9b96b10000 rw-p 00000000 00:00 0                          [stack:24099]
7f9b96b10000-7f9b96b13000 ---p 00000000 00:00 0 
7f9b96b13000-7f9b96c11000 rw-p 00000000 00:00 0                          [stack:24098]
7f9b96c11000-7f9b96c14000 ---p 00000000 00:00 0 
7f9b96c14000-7f9b96d12000 rw-p 00000000 00:00 0                          [stack:24096]
7f9b96d12000-7f9b96d15000 ---p 00000000 00:00 0 
7f9b96d15000-7f9b96e13000 rw-p 00000000 00:00 0                          [stack:24094]
7f9b96e13000-7f9b96e16000 ---p 00000000 00:00 0 
7f9b96e16000-7f9b96f14000 rw-p 00000000 00:00 0                          [stack:24093]
7f9b96f14000-7f9b975f6000 r--p 00000000 08:16 531444                     /usr/lib/locale/locale-archive
7f9b975f6000-7f9b975f9000 ---p 00000000 00:00 0 
7f9b975f9000-7f9b976f7000 rw-p 00000000 00:00 0                          [stack:24084]
7f9b976f7000-7f9b976fa000 ---p 00000000 00:00 0 
7f9b976fa000-7f9b977f8000 rw-p 00000000 00:00 0                          [stack:24083]
7f9b977f8000-7f9b977f9000 ---p 00000000 00:00 0 
7f9b977f9000-7f9b98000000 rw-p 00000000 00:00 0                          [stack:24082]
7f9b98000000-7f9b98021000 rw-p 00000000 00:00 0 
7f9b98021000-7f9b9c000000 ---p 00000000 00:00 0 
7f9b9c000000-7f9b9c021000 rw-p 00000000 00:00 0 
7f9b9c021000-7f9ba0000000 ---p 00000000 00:00 0 
7f9ba0000000-7f9ba0021000 rw-p 00000000 00:00 0 
7f9ba0021000-7f9ba4000000 ---p 00000000 00:00 0 
7f9ba4000000-7f9ba4021000 rw-p 00000000 00:00 0 
7f9ba4021000-7f9ba8000000 ---p 00000000 00:00 0 
7f9ba8000000-7f9ba8021000 rw-p 00000000 00:00 0 
7f9ba8021000-7f9bac000000 ---p 00000000 00:00 0 
7f9bac000000-7f9bac021000 rw-p 00000000 00:00 0 
7f9bac021000-7f9bb0000000 ---p 00000000 00:00 0 
7f9bb004c000-7f9bb005b000 r--s 000df000 08:16 3674186                    /root/Android/Sdk/build-tools/23.0.3/lib/dx.jar
7f9bb005b000-7f9bb0076000 r--s 001d7000 08:16 1971917                    /usr/lib/jvm/java-8-openjdk-amd64/jre/lib/ext/nashorn.jar
7f9bb0076000-7f9bb0080000 r--s 00116000 08:16 1972026                    /usr/lib/jvm/java-8-openjdk-amd64/jre/lib/ext/localedata.jar
7f9bb0080000-7f9bb009c000 r--s 00393000 08:16 1971986                    /usr/lib/jvm/java-8-openjdk-amd64/jre/lib/ext/cldrdata.jar
7f9bb009c000-7f9bb1433000 rw-p 00000000 00:00 0 
7f9bb1433000-7f9bb1600000 r--s 03be7000 08:16 1328837                    /usr/lib/jvm/java-8-openjdk-amd64/jre/lib/rt.jar
7f9bb1600000-7f9bb1c40000 rw-p 00000000 00:00 0 
7f9bb1c40000-7f9bb1e00000 ---p 00000000 00:00 0 
7f9bb1e00000-7f9bb4000000 rw-p 00000000 00:00 0 
7f9bb4000000-7f9bb4021000 rw-p 00000000 00:00 0 
7f9bb4021000-7f9bb8000000 ---p 00000000 00:00 0 
7f9bb8004000-7f9bb8008000 r--s 0001e000 08:16 3414545                    /home/pc2/Desktop/Android/SOSapp/SOSapp/app/build/intermediates/exploded-aar/com.google.android.gms/play-services-plus/8.4.0/jars/classes.jar
7f9bb8008000-7f9bb81e2000 rw-p 00000000 00:00 0 
7f9bb81e2000-7f9bb81e3000 ---p 00000000 00:00 0 
7f9bb81e3000-7f9bb82e3000 rw-p 00000000 00:00 0                          [stack:24081]
7f9bb82e3000-7f9bb82e4000 ---p 00000000 00:00 0 
7f9bb82e4000-7f9bb83e4000 rw-p 00000000 00:00 0                          [stack:24080]
7f9bb83e4000-7f9bb83e5000 ---p 00000000 00:00 0 
7f9bb83e5000-7f9bb84e5000 rw-p 00000000 00:00 0                          [stack:24079]
7f9bb84e5000-7f9bb84e6000 ---p 00000000 00:00 0 
7f9bb84e6000-7f9bb85e6000 rw-p 00000000 00:00 0                          [stack:24078]
7f9bb85e6000-7f9bb85e7000 ---p 00000000 00:00 0 
7f9bb85e7000-7f9bb86e7000 rw-p 00000000 00:00 0                          [stack:24077]
7f9bb86e7000-7f9bb86e8000 ---p 00000000 00:00 0 
7f9bb86e8000-7f9bb87e8000 rw-p 00000000 00:00 0                          [stack:24076]
7f9bb87e8000-7f9bb87e9000 ---p 00000000 00:00 0 
7f9bb87e9000-7f9bb8913000 rw-p 00000000 00:00 0                          [stack:24075]
7f9bb8913000-7f9bb8a3f000 ---p 00000000 00:00 0 
7f9bb8a3f000-7f9bb8a69000 rw-p 00000000 00:00 0 
7f9bb8a69000-7f9bb8b94000 ---p 00000000 00:00 0 
7f9bb8b94000-7f9bb8ba9000 rw-p 00000000 00:00 0 
7f9bb8ba9000-7f9bb8c3f000 ---p 00000000 00:00 0 
7f9bb8c3f000-7f9bb8c4c000 rw-p 00000000 00:00 0 
7f9bb8c4c000-7f9bb9000000 ---p 00000000 00:00 0 
7f9bb9000000-7f9bb92f0000 rwxp 00000000 00:00 0 
7f9bb92f0000-7f9bc8000000 ---p 00000000 00:00 0 
7f9bc8000000-7f9bc81a8000 rw-p 00000000 00:00 0 
7f9bc81a8000-7f9bcc000000 ---p 00000000 00:00 0 
7f9bcc001000-7f9bcc04f000 rw-p 00000000 00:00 0 
7f9bcc04f000-7f9bcc050000 ---p 00000000 00:00 0 
7f9bcc050000-7f9bcc150000 rw-p 00000000 00:00 0                          [stack:24074]
7f9bcc150000-7f9bcc158000 r-xp 00000000 08:16 1444986                    /usr/lib/jvm/java-8-openjdk-amd64/jre/lib/amd64/libzip.so
7f9bcc158000-7f9bcc357000 ---p 00008000 08:16 1444986                    /usr/lib/jvm/java-8-openjdk-amd64/jre/lib/amd64/libzip.so
7f9bcc357000-7f9bcc358000 r--p 00007000 08:16 1444986                    /usr/lib/jvm/java-8-openjdk-amd64/jre/lib/amd64/libzip.so
7f9bcc358000-7f9bcc359000 rw-p 00008000 08:16 1444986                    /usr/lib/jvm/java-8-openjdk-amd64/jre/lib/amd64/libzip.so
7f9bcc359000-7f9bcc363000 r-xp 00000000 08:16 3413541                    /lib/x86_64-linux-gnu/libnss_files-2.19.so
7f9bcc363000-7f9bcc562000 ---p 0000a000 08:16 3413541                    /lib/x86_64-linux-gnu/libnss_files-2.19.so
7f9bcc562000-7f9bcc563000 r--p 00009000 08:16 3413541                    /lib/x86_64-linux-gnu/libnss_files-2.19.so
7f9bcc563000-7f9bcc564000 rw-p 0000a000 08:16 3413541                    /lib/x86_64-linux-gnu/libnss_files-2.19.so
7f9bcc564000-7f9bcc56f000 r-xp 00000000 08:16 3413533                    /lib/x86_64-linux-gnu/libnss_nis-2.19.so
7f9bcc56f000-7f9bcc76e000 ---p 0000b000 08:16 3413533                    /lib/x86_64-linux-gnu/libnss_nis-2.19.so
7f9bcc76e000-7f9bcc76f000 r--p 0000a000 08:16 3413533                    /lib/x86_64-linux-gnu/libnss_nis-2.19.so
7f9bcc76f000-7f9bcc770000 rw-p 0000b000 08:16 3413533                    /lib/x86_64-linux-gnu/libnss_nis-2.19.so
7f9bcc770000-7f9bcc787000 r-xp 00000000 08:16 3413529                    /lib/x86_64-linux-gnu/libnsl-2.19.so
7f9bcc787000-7f9bcc986000 ---p 00017000 08:16 3413529                    /lib/x86_64-linux-gnu/libnsl-2.19.so
7f9bcc986000-7f9bcc987000 r--p 00016000 08:16 3413529                    /lib/x86_64-linux-gnu/libnsl-2.19.so
7f9bcc987000-7f9bcc988000 rw-p 00017000 08:16 3413529                    /lib/x86_64-linux-gnu/libnsl-2.19.so
7f9bcc988000-7f9bcc98a000 rw-p 00000000 00:00 0 
7f9bcc98a000-7f9bcc993000 r-xp 00000000 08:16 3413528                    /lib/x86_64-linux-gnu/libnss_compat-2.19.so
7f9bcc993000-7f9bccb92000 ---p 00009000 08:16 3413528                    /lib/x86_64-linux-gnu/libnss_compat-2.19.so
7f9bccb92000-7f9bccb93000 r--p 00008000 08:16 3413528                    /lib/x86_64-linux-gnu/libnss_compat-2.19.so
7f9bccb93000-7f9bccb94000 rw-p 00009000 08:16 3413528                    /lib/x86_64-linux-gnu/libnss_compat-2.19.so
7f9bccb94000-7f9bccbc0000 r-xp 00000000 08:16 1444413                    /usr/lib/jvm/java-8-openjdk-amd64/jre/lib/amd64/libjava.so
7f9bccbc0000-7f9bccdc0000 ---p 0002c000 08:16 1444413                    /usr/lib/jvm/java-8-openjdk-amd64/jre/lib/amd64/libjava.so
7f9bccdc0000-7f9bccdc1000 r--p 0002c000 08:16 1444413                    /usr/lib/jvm/java-8-openjdk-amd64/jre/lib/amd64/libjava.so
7f9bccdc1000-7f9bccdc3000 rw-p 0002d000 08:16 1444413                    /usr/lib/jvm/java-8-openjdk-amd64/jre/lib/amd64/libjava.so
7f9bccdc3000-7f9bccdd3000 r-xp 00000000 08:16 1444420                    /usr/lib/jvm/java-8-openjdk-amd64/jre/lib/amd64/libverify.so
7f9bccdd3000-7f9bccfd2000 ---p 00010000 08:16 1444420                    /usr/lib/jvm/java-8-openjdk-amd64/jre/lib/amd64/libverify.so
7f9bccfd2000-7f9bccfd4000 r--p 0000f000 08:16 1444420                    /usr/lib/jvm/java-8-openjdk-amd64/jre/lib/amd64/libverify.so
7f9bccfd4000-7f9bccfd5000 rw-p 00011000 08:16 1444420                    /usr/lib/jvm/java-8-openjdk-amd64/jre/lib/amd64/libverify.so
7f9bccfd5000-7f9bccfdc000 r-xp 00000000 08:16 3413537                    /lib/x86_64-linux-gnu/librt-2.19.so
7f9bccfdc000-7f9bcd1db000 ---p 00007000 08:16 3413537                    /lib/x86_64-linux-gnu/librt-2.19.so
7f9bcd1db000-7f9bcd1dc000 r--p 00006000 08:16 3413537                    /lib/x86_64-linux-gnu/librt-2.19.so
7f9bcd1dc000-7f9bcd1dd000 rw-p 00007000 08:16 3413537                    /lib/x86_64-linux-gnu/librt-2.19.so
7f9bcd1dd000-7f9bcd1f3000 r-xp 00000000 08:16 3413520                    /lib/x86_64-linux-gnu/libgcc_s.so.1
7f9bcd1f3000-7f9bcd3f2000 ---p 00016000 08:16 3413520                    /lib/x86_64-linux-gnu/libgcc_s.so.1
7f9bcd3f2000-7f9bcd3f3000 rw-p 00015000 08:16 3413520                    /lib/x86_64-linux-gnu/libgcc_s.so.1
7f9bcd3f3000-7f9bcd4f8000 r-xp 00000000 08:16 3413523                    /lib/x86_64-linux-gnu/libm-2.19.so
7f9bcd4f8000-7f9bcd6f7000 ---p 00105000 08:16 3413523                    /lib/x86_64-linux-gnu/libm-2.19.so
7f9bcd6f7000-7f9bcd6f8000 r--p 00104000 08:16 3413523                    /lib/x86_64-linux-gnu/libm-2.19.so
7f9bcd6f8000-7f9bcd6f9000 rw-p 00105000 08:16 3413523                    /lib/x86_64-linux-gnu/libm-2.19.so
7f9bcd6f9000-7f9bcd7df000 r-xp 00000000 08:16 524323                     /usr/lib/x86_64-linux-gnu/libstdc++.so.6.0.19
7f9bcd7df000-7f9bcd9de000 ---p 000e6000 08:16 524323                     /usr/lib/x86_64-linux-gnu/libstdc++.so.6.0.19
7f9bcd9de000-7f9bcd9e6000 r--p 000e5000 08:16 524323                     /usr/lib/x86_64-linux-gnu/libstdc++.so.6.0.19
7f9bcd9e6000-7f9bcd9e8000 rw-p 000ed000 08:16 524323                     /usr/lib/x86_64-linux-gnu/libstdc++.so.6.0.19
7f9bcd9e8000-7f9bcd9fd000 rw-p 00000000 00:00 0 
7f9bcd9fd000-7f9bce5eb000 r-xp 00000000 08:16 1574165                    /usr/lib/jvm/java-8-openjdk-amd64/jre/lib/amd64/server/libjvm.so
7f9bce5eb000-7f9bce7eb000 ---p 00bee000 08:16 1574165                    /usr/lib/jvm/java-8-openjdk-amd64/jre/lib/amd64/server/libjvm.so
7f9bce7eb000-7f9bce889000 r--p 00bee000 08:16 1574165                    /usr/lib/jvm/java-8-openjdk-amd64/jre/lib/amd64/server/libjvm.so
7f9bce889000-7f9bce8b2000 rw-p 00c8c000 08:16 1574165                    /usr/lib/jvm/java-8-openjdk-amd64/jre/lib/amd64/server/libjvm.so
7f9bce8b2000-7f9bce8e4000 rw-p 00000000 00:00 0 
7f9bce8e4000-7f9bce8fd000 r-xp 00000000 08:16 3413530                    /lib/x86_64-linux-gnu/libpthread-2.19.so
7f9bce8fd000-7f9bceafc000 ---p 00019000 08:16 3413530                    /lib/x86_64-linux-gnu/libpthread-2.19.so
7f9bceafc000-7f9bceafd000 r--p 00018000 08:16 3413530                    /lib/x86_64-linux-gnu/libpthread-2.19.so
7f9bceafd000-7f9bceafe000 rw-p 00019000 08:16 3413530                    /lib/x86_64-linux-gnu/libpthread-2.19.so
7f9bceafe000-7f9bceb02000 rw-p 00000000 00:00 0 
7f9bceb02000-7f9bceb05000 r-xp 00000000 08:16 3413525                    /lib/x86_64-linux-gnu/libdl-2.19.so
7f9bceb05000-7f9bced04000 ---p 00003000 08:16 3413525                    /lib/x86_64-linux-gnu/libdl-2.19.so
7f9bced04000-7f9bced05000 r--p 00002000 08:16 3413525                    /lib/x86_64-linux-gnu/libdl-2.19.so
7f9bced05000-7f9bced06000 rw-p 00003000 08:16 3413525                    /lib/x86_64-linux-gnu/libdl-2.19.so
7f9bced06000-7f9bced1e000 r-xp 00000000 08:16 3412060                    /lib/x86_64-linux-gnu/libz.so.1.2.8
7f9bced1e000-7f9bcef1d000 ---p 00018000 08:16 3412060                    /lib/x86_64-linux-gnu/libz.so.1.2.8
7f9bcef1d000-7f9bcef1e000 r--p 00017000 08:16 3412060                    /lib/x86_64-linux-gnu/libz.so.1.2.8
7f9bcef1e000-7f9bcef1f000 rw-p 00018000 08:16 3412060                    /lib/x86_64-linux-gnu/libz.so.1.2.8
7f9bcef1f000-7f9bcf0d9000 r-xp 00000000 08:16 3413538                    /lib/x86_64-linux-gnu/libc-2.19.so
7f9bcf0d9000-7f9bcf2d9000 ---p 001ba000 08:16 3413538                    /lib/x86_64-linux-gnu/libc-2.19.so
7f9bcf2d9000-7f9bcf2dd000 r--p 001ba000 08:16 3413538                    /lib/x86_64-linux-gnu/libc-2.19.so
7f9bcf2dd000-7f9bcf2df000 rw-p 001be000 08:16 3413538                    /lib/x86_64-linux-gnu/libc-2.19.so
7f9bcf2df000-7f9bcf2e4000 rw-p 00000000 00:00 0 
7f9bcf2e4000-7f9bcf2f1000 r-xp 00000000 08:16 1574169                    /usr/lib/jvm/java-8-openjdk-amd64/jre/lib/amd64/jli/libjli.so
7f9bcf2f1000-7f9bcf4f1000 ---p 0000d000 08:16 1574169                    /usr/lib/jvm/java-8-openjdk-amd64/jre/lib/amd64/jli/libjli.so
7f9bcf4f1000-7f9bcf4f2000 r--p 0000d000 08:16 1574169                    /usr/lib/jvm/java-8-openjdk-amd64/jre/lib/amd64/jli/libjli.so
7f9bcf4f2000-7f9bcf4f3000 rw-p 0000e000 08:16 1574169                    /usr/lib/jvm/java-8-openjdk-amd64/jre/lib/amd64/jli/libjli.so
7f9bcf4f3000-7f9bcf516000 r-xp 00000000 08:16 3413531                    /lib/x86_64-linux-gnu/ld-2.19.so
7f9bcf516000-7f9bcf51c000 r--s 0003a000 08:16 1972006                    /usr/lib/jvm/java-8-openjdk-amd64/jre/lib/ext/sunjce_provider.jar
7f9bcf51c000-7f9bcf51e000 r--s 00006000 08:16 924865                     /usr/share/java/java-atk-wrapper.jar
7f9bcf51e000-7f9bcf5f7000 rw-p 00000000 00:00 0 
7f9bcf5f7000-7f9bcf5fa000 ---p 00000000 00:00 0 
7f9bcf5fa000-7f9bcf6fd000 rw-p 00000000 00:00 0                          [stack:24073]
7f9bcf6fd000-7f9bcf6fe000 r--s 00008000 08:16 1971996                    /usr/lib/jvm/java-8-openjdk-amd64/jre/lib/ext/sunec.jar
7f9bcf6fe000-7f9bcf701000 r--s 0000f000 08:16 1972013                    /usr/lib/jvm/java-8-openjdk-amd64/jre/lib/ext/icedtea-sound.jar
7f9bcf701000-7f9bcf703000 r--s 00001000 08:16 1971942                    /usr/lib/jvm/java-8-openjdk-amd64/jre/lib/ext/dnsns.jar
7f9bcf703000-7f9bcf704000 r--s 0000a000 08:16 1972003                    /usr/lib/jvm/java-8-openjdk-amd64/jre/lib/ext/jaccess.jar
7f9bcf704000-7f9bcf705000 r--s 00010000 08:16 1972005                    /usr/lib/jvm/java-8-openjdk-amd64/jre/lib/ext/zipfs.jar
7f9bcf705000-7f9bcf709000 r--s 00037000 08:16 1972031                    /usr/lib/jvm/java-8-openjdk-amd64/jre/lib/ext/sunpkcs11.jar
7f9bcf709000-7f9bcf711000 rw-s 00000000 08:16 4473109                    /tmp/hsperfdata_root/24069
7f9bcf711000-7f9bcf712000 rw-p 00000000 00:00 0 
7f9bcf712000-7f9bcf713000 ---p 00000000 00:00 0 
7f9bcf713000-7f9bcf715000 rw-p 00000000 00:00 0 
7f9bcf715000-7f9bcf716000 r--p 00022000 08:16 3413531                    /lib/x86_64-linux-gnu/ld-2.19.so
7f9bcf716000-7f9bcf717000 rw-p 00023000 08:16 3413531                    /lib/x86_64-linux-gnu/ld-2.19.so
7f9bcf717000-7f9bcf718000 rw-p 00000000 00:00 0 
7ffd3cf9d000-7ffd3cfbe000 rw-p 00000000 00:00 0                          [stack]
7ffd3cff8000-7ffd3cffa000 r-xp 00000000 00:00 0                          [vdso]
ffffffffff600000-ffffffffff601000 r-xp 00000000 00:00 0                  [vsyscall]

VM Arguments:
jvm_args: -Djava.awt.headless=true -Xmx1024M -Dfile.encoding=UTF-8 -Duser.country=US -Duser.language=en -Duser.variant 
java_command: com.android.dx.command.Main --dex --num-threads=4 --output /home/pc2/Desktop/Android/SOSapp/SOSapp/app/build/intermediates/pre-dexed/debug/com.google.android.gms-play-services-plus-8.4.0_340148e9ab7aed04603db49e78899b04f0d02fd2.jar /home/pc2/Desktop/Android/SOSapp/SOSapp/app/build/intermediates/exploded-aar/com.google.android.gms/play-services-plus/8.4.0/jars/classes.jar
java_class_path (initial): /root/Android/Sdk/build-tools/23.0.3/lib/dx.jar
Launcher Type: SUN_STANDARD

Environment Variables:
PATH=/usr/local/sbin:/usr/local/bin:/usr/sbin:/usr/bin:/sbin:/bin
USERNAME=root
LD_LIBRARY_PATH=.:
SHELL=/bin/bash
DISPLAY=:0

Signal Handlers:
SIGSEGV: [libjvm.so+0x9f6230], sa_mask[0]=11111111011111111101111111111110, sa_flags=SA_RESTART|SA_SIGINFO
SIGBUS: [libjvm.so+0x9f6230], sa_mask[0]=11111111011111111101111111111110, sa_flags=SA_RESTART|SA_SIGINFO
SIGFPE: [libjvm.so+0x856c80], sa_mask[0]=11111111011111111101111111111110, sa_flags=SA_RESTART|SA_SIGINFO
SIGPIPE: [libjvm.so+0x856c80], sa_mask[0]=11111111011111111101111111111110, sa_flags=SA_RESTART|SA_SIGINFO
SIGXFSZ: [libjvm.so+0x856c80], sa_mask[0]=11111111011111111101111111111110, sa_flags=SA_RESTART|SA_SIGINFO
SIGILL: [libjvm.so+0x856c80], sa_mask[0]=11111111011111111101111111111110, sa_flags=SA_RESTART|SA_SIGINFO
SIGUSR1: SIG_DFL, sa_mask[0]=00000000000000000000000000000000, sa_flags=none
SIGUSR2: [libjvm.so+0x856b50], sa_mask[0]=00100000000000000000000000000000, sa_flags=SA_RESTART|SA_SIGINFO
SIGHUP: [libjvm.so+0x856d40], sa_mask[0]=11111111011111111101111111111110, sa_flags=SA_RESTART|SA_SIGINFO
SIGINT: [libjvm.so+0x856d40], sa_mask[0]=11111111011111111101111111111110, sa_flags=SA_RESTART|SA_SIGINFO
SIGTERM: [libjvm.so+0x856d40], sa_mask[0]=11111111011111111101111111111110, sa_flags=SA_RESTART|SA_SIGINFO
SIGQUIT: [libjvm.so+0x856d40], sa_mask[0]=11111111011111111101111111111110, sa_flags=SA_RESTART|SA_SIGINFO


---------------  S Y S T E M  ---------------

OS:DISTRIB_ID=Ubuntu
DISTRIB_RELEASE=14.04
DISTRIB_CODENAME=trusty
DISTRIB_DESCRIPTION="Ubuntu 14.04.4 LTS"

uname:Linux 3.13.0-91-generic #138-Ubuntu SMP Fri Jun 24 17:00:34 UTC 2016 x86_64
libc:glibc 2.19 NPTL 2.19 
rlimit: STACK 8192k, CORE 0k, NPROC 62225, NOFILE 4096, AS infinity
load average:15.54 4.23 2.05

/proc/meminfo:
MemTotal:        8054008 kB
MemFree:          249420 kB
Buffers:             748 kB
Cached:          1078180 kB
SwapCached:            0 kB
Active:          6453992 kB
Inactive:        1065008 kB
Active(anon):    6449780 kB
Inactive(anon):  1019024 kB
Active(file):       4212 kB
Inactive(file):    45984 kB
Unevictable:          48 kB
Mlocked:              48 kB
SwapTotal:             0 kB
SwapFree:              0 kB
Dirty:                32 kB
Writeback:             0 kB
AnonPages:       6442392 kB
Mapped:           456576 kB
Shmem:           1025648 kB
Slab:             108008 kB
SReclaimable:      47564 kB
SUnreclaim:        60444 kB
KernelStack:       10528 kB
PageTables:        73568 kB
NFS_Unstable:          0 kB
Bounce:                0 kB
WritebackTmp:          0 kB
CommitLimit:     4027004 kB
Committed_AS:   17041256 kB
VmallocTotal:   34359738367 kB
VmallocUsed:      556980 kB
VmallocChunk:   34359168600 kB
HardwareCorrupted:     0 kB
AnonHugePages:   2168832 kB
HugePages_Total:       0
HugePages_Free:        0
HugePages_Rsvd:        0
HugePages_Surp:        0
Hugepagesize:       2048 kB
DirectMap4k:       99072 kB
DirectMap2M:     3973120 kB
DirectMap1G:     4194304 kB


CPU:total 8 (4 cores per cpu, 2 threads per core) family 6 model 60 stepping 3, cmov, cx8, fxsr, mmx, sse, sse2, sse3, ssse3, sse4.1, sse4.2, popcnt, avx, avx2, aes, clmul, erms, lzcnt, ht, tsc, tscinvbit, bmi1, bmi2

/proc/cpuinfo:
processor	: 0
vendor_id	: GenuineIntel
cpu family	: 6
model		: 60
model name	: Intel(R) Core(TM) i7-4702MQ CPU @ 2.20GHz
stepping	: 3
microcode	: 0x17
cpu MHz		: 2201.000
cache size	: 6144 KB
physical id	: 0
siblings	: 8
core id		: 0
cpu cores	: 4
apicid		: 0
initial apicid	: 0
fpu		: yes
fpu_exception	: yes
cpuid level	: 13
wp		: yes
flags		: fpu vme de pse tsc msr pae mce cx8 apic sep mtrr pge mca cmov pat pse36 clflush dts acpi mmx fxsr sse sse2 ss ht tm pbe syscall nx pdpe1gb rdtscp lm constant_tsc arch_perfmon pebs bts rep_good nopl xtopology nonstop_tsc aperfmperf eagerfpu pni pclmulqdq dtes64 monitor ds_cpl vmx est tm2 ssse3 fma cx16 xtpr pdcm pcid sse4_1 sse4_2 movbe popcnt tsc_deadline_timer aes xsave avx f16c rdrand lahf_lm abm ida arat epb xsaveopt pln pts dtherm tpr_shadow vnmi flexpriority ept vpid fsgsbase tsc_adjust bmi1 avx2 smep bmi2 erms invpcid
bogomips	: 4389.83
clflush size	: 64
cache_alignment	: 64
address sizes	: 39 bits physical, 48 bits virtual
power management:

processor	: 1
vendor_id	: GenuineIntel
cpu family	: 6
model		: 60
model name	: Intel(R) Core(TM) i7-4702MQ CPU @ 2.20GHz
stepping	: 3
microcode	: 0x17
cpu MHz		: 2201.000
cache size	: 6144 KB
physical id	: 0
siblings	: 8
core id		: 0
cpu cores	: 4
apicid		: 1
initial apicid	: 1
fpu		: yes
fpu_exception	: yes
cpuid level	: 13
wp		: yes
flags		: fpu vme de pse tsc msr pae mce cx8 apic sep mtrr pge mca cmov pat pse36 clflush dts acpi mmx fxsr sse sse2 ss ht tm pbe syscall nx pdpe1gb rdtscp lm constant_tsc arch_perfmon pebs bts rep_good nopl xtopology nonstop_tsc aperfmperf eagerfpu pni pclmulqdq dtes64 monitor ds_cpl vmx est tm2 ssse3 fma cx16 xtpr pdcm pcid sse4_1 sse4_2 movbe popcnt tsc_deadline_timer aes xsave avx f16c rdrand lahf_lm abm ida arat epb xsaveopt pln pts dtherm tpr_shadow vnmi flexpriority ept vpid fsgsbase tsc_adjust bmi1 avx2 smep bmi2 erms invpcid
bogomips	: 4389.83
clflush size	: 64
cache_alignment	: 64
address sizes	: 39 bits physical, 48 bits virtual
power management:

processor	: 2
vendor_id	: GenuineIntel
cpu family	: 6
model		: 60
model name	: Intel(R) Core(TM) i7-4702MQ CPU @ 2.20GHz
stepping	: 3
microcode	: 0x17
cpu MHz		: 2201.000
cache size	: 6144 KB
physical id	: 0
siblings	: 8
core id		: 1
cpu cores	: 4
apicid		: 2
initial apicid	: 2
fpu		: yes
fpu_exception	: yes
cpuid level	: 13
wp		: yes
flags		: fpu vme de pse tsc msr pae mce cx8 apic sep mtrr pge mca cmov pat pse36 clflush dts acpi mmx fxsr sse sse2 ss ht tm pbe syscall nx pdpe1gb rdtscp lm constant_tsc arch_perfmon pebs bts rep_good nopl xtopology nonstop_tsc aperfmperf eagerfpu pni pclmulqdq dtes64 monitor ds_cpl vmx est tm2 ssse3 fma cx16 xtpr pdcm pcid sse4_1 sse4_2 movbe popcnt tsc_deadline_timer aes xsave avx f16c rdrand lahf_lm abm ida arat epb xsaveopt pln pts dtherm tpr_shadow vnmi flexpriority ept vpid fsgsbase tsc_adjust bmi1 avx2 smep bmi2 erms invpcid
bogomips	: 4389.83
clflush size	: 64
cache_alignment	: 64
address sizes	: 39 bits physical, 48 bits virtual
power management:

processor	: 3
vendor_id	: GenuineIntel
cpu family	: 6
model		: 60
model name	: Intel(R) Core(TM) i7-4702MQ CPU @ 2.20GHz
stepping	: 3
microcode	: 0x17
cpu MHz		: 2201.000
cache size	: 6144 KB
physical id	: 0
siblings	: 8
core id		: 1
cpu cores	: 4
apicid		: 3
initial apicid	: 3
fpu		: yes
fpu_exception	: yes
cpuid level	: 13
wp		: yes
flags		: fpu vme de pse tsc msr pae mce cx8 apic sep mtrr pge mca cmov pat pse36 clflush dts acpi mmx fxsr sse sse2 ss ht tm pbe syscall nx pdpe1gb rdtscp lm constant_tsc arch_perfmon pebs bts rep_good nopl xtopology nonstop_tsc aperfmperf eagerfpu pni pclmulqdq dtes64 monitor ds_cpl vmx est tm2 ssse3 fma cx16 xtpr pdcm pcid sse4_1 sse4_2 movbe popcnt tsc_deadline_timer aes xsave avx f16c rdrand lahf_lm abm ida arat epb xsaveopt pln pts dtherm tpr_shadow vnmi flexpriority ept vpid fsgsbase tsc_adjust bmi1 avx2 smep bmi2 erms invpcid
bogomips	: 4389.83
clflush size	: 64
cache_alignment	: 64
address sizes	: 39 bits physical, 48 bits virtual
power management:

processor	: 4
vendor_id	: GenuineIntel
cpu family	: 6
model		: 60
model name	: Intel(R) Core(TM) i7-4702MQ CPU @ 2.20GHz
stepping	: 3
microcode	: 0x17
cpu MHz		: 2201.000
cache size	: 6144 KB
physical id	: 0
siblings	: 8
core id		: 2
cpu cores	: 4
apicid		: 4
initial apicid	: 4
fpu		: yes
fpu_exception	: yes
cpuid level	: 13
wp		: yes
flags		: fpu vme de pse tsc msr pae mce cx8 apic sep mtrr pge mca cmov pat pse36 clflush dts acpi mmx fxsr sse sse2 ss ht tm pbe syscall nx pdpe1gb rdtscp lm constant_tsc arch_perfmon pebs bts rep_good nopl xtopology nonstop_tsc aperfmperf eagerfpu pni pclmulqdq dtes64 monitor ds_cpl vmx est tm2 ssse3 fma cx16 xtpr pdcm pcid sse4_1 sse4_2 movbe popcnt tsc_deadline_timer aes xsave avx f16c rdrand lahf_lm abm ida arat epb xsaveopt pln pts dtherm tpr_shadow vnmi flexpriority ept vpid fsgsbase tsc_adjust bmi1 avx2 smep bmi2 erms invpcid
bogomips	: 4389.83
clflush size	: 64
cache_alignment	: 64
address sizes	: 39 bits physical, 48 bits virtual
power management:

processor	: 5
vendor_id	: GenuineIntel
cpu family	: 6
model		: 60
model name	: Intel(R) Core(TM) i7-4702MQ CPU @ 2.20GHz
stepping	: 3
microcode	: 0x17
cpu MHz		: 2201.000
cache size	: 6144 KB
physical id	: 0
siblings	: 8
core id		: 2
cpu cores	: 4
apicid		: 5
initial apicid	: 5
fpu		: yes
fpu_exception	: yes
cpuid level	: 13
wp		: yes
flags		: fpu vme de pse tsc msr pae mce cx8 apic sep mtrr pge mca cmov pat pse36 clflush dts acpi mmx fxsr sse sse2 ss ht tm pbe syscall nx pdpe1gb rdtscp lm constant_tsc arch_perfmon pebs bts rep_good nopl xtopology nonstop_tsc aperfmperf eagerfpu pni pclmulqdq dtes64 monitor ds_cpl vmx est tm2 ssse3 fma cx16 xtpr pdcm pcid sse4_1 sse4_2 movbe popcnt tsc_deadline_timer aes xsave avx f16c rdrand lahf_lm abm ida arat epb xsaveopt pln pts dtherm tpr_shadow vnmi flexpriority ept vpid fsgsbase tsc_adjust bmi1 avx2 smep bmi2 erms invpcid
bogomips	: 4389.83
clflush size	: 64
cache_alignment	: 64
address sizes	: 39 bits physical, 48 bits virtual
power management:

processor	: 6
vendor_id	: GenuineIntel
cpu family	: 6
model		: 60
model name	: Intel(R) Core(TM) i7-4702MQ CPU @ 2.20GHz
stepping	: 3
microcode	: 0x17
cpu MHz		: 2201.000
cache size	: 6144 KB
physical id	: 0
siblings	: 8
core id		: 3
cpu cores	: 4
apicid		: 6
initial apicid	: 6
fpu		: yes
fpu_exception	: yes
cpuid level	: 13
wp		: yes
flags		: fpu vme de pse tsc msr pae mce cx8 apic sep mtrr pge mca cmov pat pse36 clflush dts acpi mmx fxsr sse sse2 ss ht tm pbe syscall nx pdpe1gb rdtscp lm constant_tsc arch_perfmon pebs bts rep_good nopl xtopology nonstop_tsc aperfmperf eagerfpu pni pclmulqdq dtes64 monitor ds_cpl vmx est tm2 ssse3 fma cx16 xtpr pdcm pcid sse4_1 sse4_2 movbe popcnt tsc_deadline_timer aes xsave avx f16c rdrand lahf_lm abm ida arat epb xsaveopt pln pts dtherm tpr_shadow vnmi flexpriority ept vpid fsgsbase tsc_adjust bmi1 avx2 smep bmi2 erms invpcid
bogomips	: 4389.83
clflush size	: 64
cache_alignment	: 64
address sizes	: 39 bits physical, 48 bits virtual
power management:

processor	: 7
vendor_id	: GenuineIntel
cpu family	: 6
model		: 60
model name	: Intel(R) Core(TM) i7-4702MQ CPU @ 2.20GHz
stepping	: 3
microcode	: 0x17
cpu MHz		: 2201.000
cache size	: 6144 KB
physical id	: 0
siblings	: 8
core id		: 3
cpu cores	: 4
apicid		: 7
initial apicid	: 7
fpu		: yes
fpu_exception	: yes
cpuid level	: 13
wp		: yes
flags		: fpu vme de pse tsc msr pae mce cx8 apic sep mtrr pge mca cmov pat pse36 clflush dts acpi mmx fxsr sse sse2 ss ht tm pbe syscall nx pdpe1gb rdtscp lm constant_tsc arch_perfmon pebs bts rep_good nopl xtopology nonstop_tsc aperfmperf eagerfpu pni pclmulqdq dtes64 monitor ds_cpl vmx est tm2 ssse3 fma cx16 xtpr pdcm pcid sse4_1 sse4_2 movbe popcnt tsc_deadline_timer aes xsave avx f16c rdrand lahf_lm abm ida arat epb xsaveopt pln pts dtherm tpr_shadow vnmi flexpriority ept vpid fsgsbase tsc_adjust bmi1 avx2 smep bmi2 erms invpcid
bogomips	: 4389.83
clflush size	: 64
cache_alignment	: 64
address sizes	: 39 bits physical, 48 bits virtual
power management:



Memory: 4k page, physical 8054008k(249172k free), swap 0k(0k free)

vm_info: OpenJDK 64-Bit Server VM (25.91-b14) for linux-amd64 JRE (1.8.0_91-8u91-b14-0ubuntu4~14.04-b14), built on Apr 22 2016 12:27:31 by "buildd" with gcc 4.8.2

time: Mon Jul  4 21:17:19 2016
elapsed time: 4 seconds (0d 0h 0m 4s)

