#
# There is insufficient memory for the Java Runtime Environment to continue.
# Native memory allocation (mmap) failed to map 65011712 bytes for committing reserved memory.
# Possible reasons:
#   The system is out of physical RAM or swap space
#   In 32 bit mode, the process size limit was hit
# Possible solutions:
#   Reduce memory load on the system
#   Increase physical memory or swap space
#   Check if swap backing store is full
#   Use 64 bit Java on a 64 bit OS
#   Decrease Java heap size (-Xmx/-Xms)
#   Decrease number of Java threads
#   Decrease Java thread stack sizes (-Xss)
#   Set larger code cache with -XX:ReservedCodeCacheSize=
# This output file may be truncated or incomplete.
#
#  Out of Memory Error (os_linux.cpp:2630), pid=24418, tid=140425836009216
#
# JRE version: OpenJDK Runtime Environment (8.0_91-b14) (build 1.8.0_91-8u91-b14-0ubuntu4~14.04-b14)
# Java VM: OpenJDK 64-Bit Server VM (25.91-b14 mixed mode linux-amd64 compressed oops)
# Failed to write core dump. Core dumps have been disabled. To enable core dumping, try "ulimit -c unlimited" before starting Java again
#

---------------  T H R E A D  ---------------

Current thread (0x00007fb784080000):  VMThread [stack: 0x00007fb770029000,0x00007fb77012a000] [id=24431]

Stack: [0x00007fb770029000,0x00007fb77012a000],  sp=0x00007fb770128480,  free space=1021k
Native frames: (J=compiled Java code, j=interpreted, Vv=VM code, C=native code)
V  [libjvm.so+0x9f573d]
V  [libjvm.so+0x4bc3da]
V  [libjvm.so+0x85b0a0]
V  [libjvm.so+0x855b9f]
V  [libjvm.so+0x8cb83b]
V  [libjvm.so+0x8cc4f0]
V  [libjvm.so+0x8cc80b]
V  [libjvm.so+0x8c8f1c]
V  [libjvm.so+0x8c96f8]
V  [libjvm.so+0x87e0d3]
V  [libjvm.so+0x9f7204]
V  [libjvm.so+0x9fb5b7]
V  [libjvm.so+0x9fa078]
V  [libjvm.so+0x9fa4f9]
V  [libjvm.so+0x9fa942]
V  [libjvm.so+0x8584a2]

VM_Operation (0x00007fb74ade2d20): ParallelGCFailedAllocation, mode: safepoint, requested by thread 0x00007fb784195800


---------------  P R O C E S S  ---------------

Java Threads: ( => current thread )
  0x00007fb784198800 JavaThread "pool-1-thread-4" [_thread_blocked, id=24457, stack(0x00007fb74aae2000,0x00007fb74abe3000)]
  0x00007fb784197000 JavaThread "pool-1-thread-3" [_thread_blocked, id=24455, stack(0x00007fb74abe3000,0x00007fb74ace4000)]
  0x00007fb784195800 JavaThread "pool-1-thread-2" [_thread_blocked, id=24453, stack(0x00007fb74ace4000,0x00007fb74ade5000)]
  0x00007fb784180800 JavaThread "pool-2-thread-1" [_thread_blocked, id=24452, stack(0x00007fb74ade5000,0x00007fb74aee6000)]
  0x00007fb78417e800 JavaThread "pool-1-thread-1" [_thread_blocked, id=24451, stack(0x00007fb74aee6000,0x00007fb74afe7000)]
  0x00007fb7840c4000 JavaThread "Service Thread" daemon [_thread_blocked, id=24449, stack(0x00007fb74b116000,0x00007fb74b217000)]
  0x00007fb7840bf000 JavaThread "C1 CompilerThread3" daemon [_thread_blocked, id=24448, stack(0x00007fb74b217000,0x00007fb74b318000)]
  0x00007fb7840bb000 JavaThread "C2 CompilerThread2" daemon [_thread_blocked, id=24447, stack(0x00007fb74b318000,0x00007fb74b419000)]
  0x00007fb7840b9000 JavaThread "C2 CompilerThread1" daemon [_thread_blocked, id=24446, stack(0x00007fb74b419000,0x00007fb74b51a000)]
  0x00007fb7840b6000 JavaThread "C2 CompilerThread0" daemon [_thread_blocked, id=24445, stack(0x00007fb74b51a000,0x00007fb74b61b000)]
  0x00007fb7840b4000 JavaThread "Signal Dispatcher" daemon [_thread_blocked, id=24444, stack(0x00007fb74b61b000,0x00007fb74b71c000)]
  0x00007fb78408c000 JavaThread "Finalizer" daemon [_thread_blocked, id=24433, stack(0x00007fb74bdfe000,0x00007fb74beff000)]
  0x00007fb784087800 JavaThread "Reference Handler" daemon [_thread_blocked, id=24432, stack(0x00007fb74beff000,0x00007fb74c000000)]
  0x00007fb78400a000 JavaThread "main" [_thread_blocked, id=24420, stack(0x00007fb78bd82000,0x00007fb78be83000)]

Other Threads:
=>0x00007fb784080000 VMThread [stack: 0x00007fb770029000,0x00007fb77012a000] [id=24431]
  0x00007fb7840c6800 WatcherThread [stack: 0x00007fb74b015000,0x00007fb74b116000] [id=24450]

VM state:at safepoint (normal execution)

VM Mutex/Monitor currently owned by a thread:  ([mutex/lock_event])
[0x00007fb7840067e0] Threads_lock - owner thread: 0x00007fb784080000
[0x00007fb784006ce0] Heap_lock - owner thread: 0x00007fb784195800

Heap:
 PSYoungGen      total 68608K, used 5115K [0x00000000eab00000, 0x00000000ef300000, 0x0000000100000000)
  eden space 63488K, 0% used [0x00000000eab00000,0x00000000eab00000,0x00000000ee900000)
  from space 5120K, 99% used [0x00000000ee900000,0x00000000eedfefe8,0x00000000eee00000)
  to   space 5120K, 0% used [0x00000000eee00000,0x00000000eee00000,0x00000000ef300000)
 ParOldGen       total 84992K, used 13052K [0x00000000c0000000, 0x00000000c5300000, 0x00000000eab00000)
  object space 84992K, 15% used [0x00000000c0000000,0x00000000c0cbf2e8,0x00000000c5300000)
 Metaspace       used 5802K, capacity 6896K, committed 7040K, reserved 1056768K
  class space    used 567K, capacity 616K, committed 640K, reserved 1048576K

Card table byte_map: [0x00007fb78831a000,0x00007fb78851b000] byte_map_base: 0x00007fb787d1a000

Marking Bits: (ParMarkBitMap*) 0x00007fb78b052080
 Begin Bits: [0x00007fb7728f9000, 0x00007fb7738f9000)
 End Bits:   [0x00007fb7738f9000, 0x00007fb7748f9000)

Polling page: 0x00007fb78be9d000

CodeCache: size=245760Kb used=4121Kb max_used=4141Kb free=241638Kb
 bounds [0x00007fb775000000, 0x00007fb775420000, 0x00007fb784000000]
 total_blobs=1429 nmethods=1162 adapters=182
 compilation: enabled

Compilation events (10 events):
Event: 5.099 Thread 0x00007fb7840bf000 nmethod 1404 0x00007fb775402a90 code [0x00007fb775402c40, 0x00007fb775402fe8]
Event: 5.099 Thread 0x00007fb7840bf000 1403       2       java.util.HashMap::get (23 bytes)
Event: 5.099 Thread 0x00007fb7840bf000 nmethod 1403 0x00007fb7753f1f10 code [0x00007fb7753f2080, 0x00007fb7753f2278]
Event: 5.099 Thread 0x00007fb7840bf000 1399 %     3       com.android.dx.ssa.SsaMethod::indexListFromLabelList @ 20 (47 bytes)
Event: 5.117 Thread 0x00007fb7840bb000 nmethod 1348% 0x00007fb7754099d0 code [0x00007fb775409b80, 0x00007fb77540a378]
Event: 5.117 Thread 0x00007fb7840bb000 1406       4       java.util.HashMap::get (23 bytes)
Event: 5.122 Thread 0x00007fb7840b9000 nmethod 954 0x00007fb77540ab10 code [0x00007fb77540af60, 0x00007fb77540df40]
Event: 5.122 Thread 0x00007fb7840b9000 1372       4       java.util.ArrayList::remove (77 bytes)
Event: 5.123 Thread 0x00007fb7840bf000 nmethod 1399% 0x00007fb775401d50 code [0x00007fb775401f20, 0x00007fb7754027b8]
Event: 5.123 Thread 0x00007fb7840bf000 1398 %     3       com.android.dx.cf.code.RopperMachine::jopToRopOpcode @ 949 (1103 bytes)

GC Heap History (5 events):
Event: 2.892 GC heap before
{Heap before GC invocations=1 (full 0):
 PSYoungGen      total 36864K, used 31744K [0x00000000eab00000, 0x00000000ed400000, 0x0000000100000000)
  eden space 31744K, 100% used [0x00000000eab00000,0x00000000eca00000,0x00000000eca00000)
  from space 5120K, 0% used [0x00000000ecf00000,0x00000000ecf00000,0x00000000ed400000)
  to   space 5120K, 0% used [0x00000000eca00000,0x00000000eca00000,0x00000000ecf00000)
 ParOldGen       total 84992K, used 0K [0x00000000c0000000, 0x00000000c5300000, 0x00000000eab00000)
  object space 84992K, 0% used [0x00000000c0000000,0x00000000c0000000,0x00000000c5300000)
 Metaspace       used 5597K, capacity 6704K, committed 6784K, reserved 1056768K
  class space    used 562K, capacity 616K, committed 640K, reserved 1048576K
Event: 2.927 GC heap after
Heap after GC invocations=1 (full 0):
 PSYoungGen      total 36864K, used 5104K [0x00000000eab00000, 0x00000000ef300000, 0x0000000100000000)
  eden space 31744K, 0% used [0x00000000eab00000,0x00000000eab00000,0x00000000eca00000)
  from space 5120K, 99% used [0x00000000eca00000,0x00000000ecefc368,0x00000000ecf00000)
  to   space 5120K, 0% used [0x00000000eee00000,0x00000000eee00000,0x00000000ef300000)
 ParOldGen       total 84992K, used 832K [0x00000000c0000000, 0x00000000c5300000, 0x00000000eab00000)
  object space 84992K, 0% used [0x00000000c0000000,0x00000000c00d0050,0x00000000c5300000)
 Metaspace       used 5597K, capacity 6704K, committed 6784K, reserved 1056768K
  class space    used 562K, capacity 616K, committed 640K, reserved 1048576K
}
Event: 4.016 GC heap before
{Heap before GC invocations=2 (full 0):
 PSYoungGen      total 36864K, used 36848K [0x00000000eab00000, 0x00000000ef300000, 0x0000000100000000)
  eden space 31744K, 100% used [0x00000000eab00000,0x00000000eca00000,0x00000000eca00000)
  from space 5120K, 99% used [0x00000000eca00000,0x00000000ecefc368,0x00000000ecf00000)
  to   space 5120K, 0% used [0x00000000eee00000,0x00000000eee00000,0x00000000ef300000)
 ParOldGen       total 84992K, used 832K [0x00000000c0000000, 0x00000000c5300000, 0x00000000eab00000)
  object space 84992K, 0% used [0x00000000c0000000,0x00000000c00d0050,0x00000000c5300000)
 Metaspace       used 5740K, capacity 6832K, committed 7040K, reserved 1056768K
  class space    used 566K, capacity 616K, committed 640K, reserved 1048576K
Event: 4.063 GC heap after
Heap after GC invocations=2 (full 0):
 PSYoungGen      total 68608K, used 5111K [0x00000000eab00000, 0x00000000ef300000, 0x0000000100000000)
  eden space 63488K, 0% used [0x00000000eab00000,0x00000000eab00000,0x00000000ee900000)
  from space 5120K, 99% used [0x00000000eee00000,0x00000000ef2fdc88,0x00000000ef300000)
  to   space 5120K, 0% used [0x00000000ee900000,0x00000000ee900000,0x00000000eee00000)
 ParOldGen       total 84992K, used 4571K [0x00000000c0000000, 0x00000000c5300000, 0x00000000eab00000)
  object space 84992K, 5% used [0x00000000c0000000,0x00000000c0476d58,0x00000000c5300000)
 Metaspace       used 5740K, capacity 6832K, committed 7040K, reserved 1056768K
  class space    used 566K, capacity 616K, committed 640K, reserved 1048576K
}
Event: 5.136 GC heap before
{Heap before GC invocations=3 (full 0):
 PSYoungGen      total 68608K, used 68599K [0x00000000eab00000, 0x00000000ef300000, 0x0000000100000000)
  eden space 63488K, 100% used [0x00000000eab00000,0x00000000ee900000,0x00000000ee900000)
  from space 5120K, 99% used [0x00000000eee00000,0x00000000ef2fdc88,0x00000000ef300000)
  to   space 5120K, 0% used [0x00000000ee900000,0x00000000ee900000,0x00000000eee00000)
 ParOldGen       total 84992K, used 4571K [0x00000000c0000000, 0x00000000c5300000, 0x00000000eab00000)
  object space 84992K, 5% used [0x00000000c0000000,0x00000000c0476d58,0x00000000c5300000)
 Metaspace       used 5802K, capacity 6896K, committed 7040K, reserved 1056768K
  class space    used 567K, capacity 616K, committed 640K, reserved 1048576K

Deoptimization events (10 events):
Event: 4.173 Thread 0x00007fb784198800 Uncommon trap: reason=class_check action=maybe_recompile pc=0x00007fb775307214 method=java.util.HashMap.putVal(ILjava/lang/Object;Ljava/lang/Object;ZZ)Ljava/lang/Object; @ 203
Event: 4.173 Thread 0x00007fb784198800 Uncommon trap: reason=bimorphic action=maybe_recompile pc=0x00007fb77528cda4 method=java.util.HashMap.getNode(ILjava/lang/Object;)Ljava/util/HashMap$Node; @ 126
Event: 4.173 Thread 0x00007fb784198800 Uncommon trap: reason=bimorphic action=maybe_recompile pc=0x00007fb77528cda4 method=java.util.HashMap.getNode(ILjava/lang/Object;)Ljava/util/HashMap$Node; @ 126
Event: 4.326 Thread 0x00007fb78400a000 Uncommon trap: reason=unstable_if action=reinterpret pc=0x00007fb7752c03dc method=com.android.dx.rop.cst.Constant.compareTo(Lcom/android/dx/rop/cst/Constant;)I @ 12
Event: 4.455 Thread 0x00007fb78400a000 Uncommon trap: reason=unstable_if action=reinterpret pc=0x00007fb7751d3854 method=java.lang.String.<init>([CII)V @ 18
Event: 4.464 Thread 0x00007fb78400a000 Uncommon trap: reason=bimorphic action=maybe_recompile pc=0x00007fb77528cda4 method=java.util.HashMap.getNode(ILjava/lang/Object;)Ljava/util/HashMap$Node; @ 126
Event: 4.464 Thread 0x00007fb78400a000 Uncommon trap: reason=class_check action=maybe_recompile pc=0x00007fb775307214 method=java.util.HashMap.putVal(ILjava/lang/Object;Ljava/lang/Object;ZZ)Ljava/lang/Object; @ 203
Event: 5.052 Thread 0x00007fb78400a000 Uncommon trap: reason=unstable_if action=reinterpret pc=0x00007fb77530c248 method=com.android.dx.ssa.MoveParamCombiner$1.visitNonMoveInsn(Lcom/android/dx/ssa/NormalSsaInsn;)V @ 27
Event: 5.076 Thread 0x00007fb784195800 Uncommon trap: reason=bimorphic action=maybe_recompile pc=0x00007fb77528cda4 method=java.util.HashMap.getNode(ILjava/lang/Object;)Ljava/util/HashMap$Node; @ 126
Event: 5.078 Thread 0x00007fb784195800 Uncommon trap: reason=bimorphic action=maybe_recompile pc=0x00007fb77528f8a0 method=java.util.HashMap.getNode(ILjava/lang/Object;)Ljava/util/HashMap$Node; @ 126

Internal exceptions (6 events):
Event: 0.319 Thread 0x00007fb78400a000 Exception <a 'java/lang/NoSuchMethodError': Method sun.misc.Unsafe.defineClass(Ljava/lang/String;[BII)Ljava/lang/Class; name or signature does not match> (0x00000000eab07cc0) thrown at [/build/openjdk-8-vT_67x/openjdk-8-8u91-b14/src/hotspot/src/share/vm/p
Event: 0.319 Thread 0x00007fb78400a000 Exception <a 'java/lang/NoSuchMethodError': Method sun.misc.Unsafe.prefetchRead(Ljava/lang/Object;J)V name or signature does not match> (0x00000000eab07fa8) thrown at [/build/openjdk-8-vT_67x/openjdk-8-8u91-b14/src/hotspot/src/share/vm/prims/jni.cpp, line
Event: 0.734 Thread 0x00007fb78400a000 Exception <a 'java/util/zip/ZipException'> (0x00000000eab51ef0) thrown at [/build/openjdk-8-vT_67x/openjdk-8-8u91-b14/src/hotspot/src/share/vm/prims/jni.cpp, line 709]
Event: 0.734 Thread 0x00007fb78400a000 Exception <a 'java/security/PrivilegedActionException'> (0x00000000eab52190) thrown at [/build/openjdk-8-vT_67x/openjdk-8-8u91-b14/src/hotspot/src/share/vm/prims/jvm.cpp, line 1386]
Event: 0.734 Thread 0x00007fb78400a000 Exception <a 'java/security/PrivilegedActionException'> (0x00000000eab523a0) thrown at [/build/openjdk-8-vT_67x/openjdk-8-8u91-b14/src/hotspot/src/share/vm/prims/jvm.cpp, line 1386]
Event: 3.471 Thread 0x00007fb78417e800 Implicit null exception at 0x00007fb7752559e2 to 0x00007fb775255adb

Events (10 events):
Event: 5.050 Thread 0x00007fb78400a000 Uncommon trap: trap_request=0xffffff65 fr.pc=0x00007fb77530c248
Event: 5.054 Thread 0x00007fb78400a000 DEOPT PACKING pc=0x00007fb77530c248 sp=0x00007fb78be808d0
Event: 5.054 Thread 0x00007fb78400a000 DEOPT UNPACKING pc=0x00007fb775004f69 sp=0x00007fb78be80848 mode 2
Event: 5.076 Thread 0x00007fb784195800 Uncommon trap: trap_request=0xffffffc6 fr.pc=0x00007fb77528cda4
Event: 5.076 Thread 0x00007fb784195800 DEOPT PACKING pc=0x00007fb77528cda4 sp=0x00007fb74ade3160
Event: 5.076 Thread 0x00007fb784195800 DEOPT UNPACKING pc=0x00007fb775004f69 sp=0x00007fb74ade30a8 mode 2
Event: 5.078 Thread 0x00007fb784195800 Uncommon trap: trap_request=0xffffffc6 fr.pc=0x00007fb77528f8a0
Event: 5.078 Thread 0x00007fb784195800 DEOPT PACKING pc=0x00007fb77528f8a0 sp=0x00007fb74ade3100
Event: 5.078 Thread 0x00007fb784195800 DEOPT UNPACKING pc=0x00007fb775004f69 sp=0x00007fb74ade30a8 mode 2
Event: 5.125 Executing VM operation: ParallelGCFailedAllocation


Dynamic libraries:
00400000-00401000 r-xp 00000000 08:16 1058522                            /usr/lib/jvm/java-8-openjdk-amd64/jre/bin/java
00600000-00601000 r--p 00000000 08:16 1058522                            /usr/lib/jvm/java-8-openjdk-amd64/jre/bin/java
00601000-00602000 rw-p 00001000 08:16 1058522                            /usr/lib/jvm/java-8-openjdk-amd64/jre/bin/java
00b7c000-00b9d000 rw-p 00000000 00:00 0                                  [heap]
c0000000-c5300000 rw-p 00000000 00:00 0 
c5300000-eab00000 ---p 00000000 00:00 0 
eab00000-ef300000 rw-p 00000000 00:00 0 
f3100000-100000000 ---p 00000000 00:00 0 
100000000-1000a0000 rw-p 00000000 00:00 0 
1000a0000-140000000 ---p 00000000 00:00 0 
7fb70c000000-7fb70c032000 rw-p 00000000 00:00 0 
7fb70c032000-7fb710000000 ---p 00000000 00:00 0 
7fb714000000-7fb714024000 rw-p 00000000 00:00 0 
7fb714024000-7fb718000000 ---p 00000000 00:00 0 
7fb718000000-7fb718021000 rw-p 00000000 00:00 0 
7fb718021000-7fb71c000000 ---p 00000000 00:00 0 
7fb71c000000-7fb71c02c000 rw-p 00000000 00:00 0 
7fb71c02c000-7fb720000000 ---p 00000000 00:00 0 
7fb720000000-7fb720021000 rw-p 00000000 00:00 0 
7fb720021000-7fb724000000 ---p 00000000 00:00 0 
7fb724000000-7fb724021000 rw-p 00000000 00:00 0 
7fb724021000-7fb728000000 ---p 00000000 00:00 0 
7fb728000000-7fb728021000 rw-p 00000000 00:00 0 
7fb728021000-7fb72c000000 ---p 00000000 00:00 0 
7fb72c000000-7fb72c4e9000 rw-p 00000000 00:00 0 
7fb72c4e9000-7fb730000000 ---p 00000000 00:00 0 
7fb730000000-7fb730548000 rw-p 00000000 00:00 0 
7fb730548000-7fb734000000 ---p 00000000 00:00 0 
7fb734000000-7fb734b26000 rw-p 00000000 00:00 0 
7fb734b26000-7fb738000000 ---p 00000000 00:00 0 
7fb738000000-7fb73870a000 rw-p 00000000 00:00 0 
7fb73870a000-7fb73c000000 ---p 00000000 00:00 0 
7fb73c000000-7fb73c021000 rw-p 00000000 00:00 0 
7fb73c021000-7fb740000000 ---p 00000000 00:00 0 
7fb740000000-7fb740021000 rw-p 00000000 00:00 0 
7fb740021000-7fb744000000 ---p 00000000 00:00 0 
7fb744000000-7fb744021000 rw-p 00000000 00:00 0 
7fb744021000-7fb748000000 ---p 00000000 00:00 0 
7fb74aae2000-7fb74aae5000 ---p 00000000 00:00 0 
7fb74aae5000-7fb74abe3000 rw-p 00000000 00:00 0                          [stack:24457]
7fb74abe3000-7fb74abe6000 ---p 00000000 00:00 0 
7fb74abe6000-7fb74ace4000 rw-p 00000000 00:00 0                          [stack:24455]
7fb74ace4000-7fb74ace7000 ---p 00000000 00:00 0 
7fb74ace7000-7fb74ade5000 rw-p 00000000 00:00 0                          [stack:24453]
7fb74ade5000-7fb74ade8000 ---p 00000000 00:00 0 
7fb74ade8000-7fb74aee6000 rw-p 00000000 00:00 0                          [stack:24452]
7fb74aee6000-7fb74aee9000 ---p 00000000 00:00 0 
7fb74aee9000-7fb74afe7000 rw-p 00000000 00:00 0                          [stack:24451]
7fb74afe7000-7fb74afeb000 r--s 00029000 08:16 3414474                    /home/pc2/Desktop/Android/SOSapp/SOSapp/app/build/intermediates/exploded-aar/com.google.android.gms/play-services-measurement/8.4.0/jars/classes.jar
7fb74afeb000-7fb74affa000 r--s 000df000 08:16 3674186                    /root/Android/Sdk/build-tools/23.0.3/lib/dx.jar
7fb74affa000-7fb74b015000 r--s 001d7000 08:16 1971917                    /usr/lib/jvm/java-8-openjdk-amd64/jre/lib/ext/nashorn.jar
7fb74b015000-7fb74b016000 ---p 00000000 00:00 0 
7fb74b016000-7fb74b116000 rw-p 00000000 00:00 0                          [stack:24450]
7fb74b116000-7fb74b119000 ---p 00000000 00:00 0 
7fb74b119000-7fb74b217000 rw-p 00000000 00:00 0                          [stack:24449]
7fb74b217000-7fb74b21a000 ---p 00000000 00:00 0 
7fb74b21a000-7fb74b318000 rw-p 00000000 00:00 0                          [stack:24448]
7fb74b318000-7fb74b31b000 ---p 00000000 00:00 0 
7fb74b31b000-7fb74b419000 rw-p 00000000 00:00 0                          [stack:24447]
7fb74b419000-7fb74b41c000 ---p 00000000 00:00 0 
7fb74b41c000-7fb74b51a000 rw-p 00000000 00:00 0                          [stack:24446]
7fb74b51a000-7fb74b51d000 ---p 00000000 00:00 0 
7fb74b51d000-7fb74b61b000 rw-p 00000000 00:00 0                          [stack:24445]
7fb74b61b000-7fb74b61e000 ---p 00000000 00:00 0 
7fb74b61e000-7fb74b71c000 rw-p 00000000 00:00 0                          [stack:24444]
7fb74b71c000-7fb74bdfe000 r--p 00000000 08:16 531444                     /usr/lib/locale/locale-archive
7fb74bdfe000-7fb74be01000 ---p 00000000 00:00 0 
7fb74be01000-7fb74beff000 rw-p 00000000 00:00 0                          [stack:24433]
7fb74beff000-7fb74bf02000 ---p 00000000 00:00 0 
7fb74bf02000-7fb74c000000 rw-p 00000000 00:00 0                          [stack:24432]
7fb74c000000-7fb74c021000 rw-p 00000000 00:00 0 
7fb74c021000-7fb750000000 ---p 00000000 00:00 0 
7fb750000000-7fb750021000 rw-p 00000000 00:00 0 
7fb750021000-7fb754000000 ---p 00000000 00:00 0 
7fb754000000-7fb754021000 rw-p 00000000 00:00 0 
7fb754021000-7fb758000000 ---p 00000000 00:00 0 
7fb758000000-7fb758021000 rw-p 00000000 00:00 0 
7fb758021000-7fb75c000000 ---p 00000000 00:00 0 
7fb75c000000-7fb75c021000 rw-p 00000000 00:00 0 
7fb75c021000-7fb760000000 ---p 00000000 00:00 0 
7fb760000000-7fb760021000 rw-p 00000000 00:00 0 
7fb760021000-7fb764000000 ---p 00000000 00:00 0 
7fb764000000-7fb764021000 rw-p 00000000 00:00 0 
7fb764021000-7fb768000000 ---p 00000000 00:00 0 
7fb768000000-7fb768021000 rw-p 00000000 00:00 0 
7fb768021000-7fb76c000000 ---p 00000000 00:00 0 
7fb76c000000-7fb76c021000 rw-p 00000000 00:00 0 
7fb76c021000-7fb770000000 ---p 00000000 00:00 0 
7fb770002000-7fb770003000 rw-p 00000000 00:00 0 
7fb770003000-7fb77000d000 r--s 00116000 08:16 1972026                    /usr/lib/jvm/java-8-openjdk-amd64/jre/lib/ext/localedata.jar
7fb77000d000-7fb770029000 r--s 00393000 08:16 1971986                    /usr/lib/jvm/java-8-openjdk-amd64/jre/lib/ext/cldrdata.jar
7fb770029000-7fb77002a000 ---p 00000000 00:00 0 
7fb77002a000-7fb771d2c000 rw-p 00000000 00:00 0                          [stack:24431]
7fb771d2c000-7fb771ef9000 r--s 03be7000 08:16 1328837                    /usr/lib/jvm/java-8-openjdk-amd64/jre/lib/rt.jar
7fb771ef9000-7fb772539000 rw-p 00000000 00:00 0 
7fb772539000-7fb7726f9000 ---p 00000000 00:00 0 
7fb7726f9000-7fb7748f9000 rw-p 00000000 00:00 0 
7fb7748f9000-7fb7748fa000 ---p 00000000 00:00 0 
7fb7748fa000-7fb7749fa000 rw-p 00000000 00:00 0                          [stack:24430]
7fb7749fa000-7fb7749fb000 ---p 00000000 00:00 0 
7fb7749fb000-7fb774afb000 rw-p 00000000 00:00 0                          [stack:24429]
7fb774afb000-7fb774afc000 ---p 00000000 00:00 0 
7fb774afc000-7fb774bfc000 rw-p 00000000 00:00 0                          [stack:24428]
7fb774bfc000-7fb774bfd000 ---p 00000000 00:00 0 
7fb774bfd000-7fb774cfd000 rw-p 00000000 00:00 0                          [stack:24427]
7fb774cfd000-7fb774cfe000 ---p 00000000 00:00 0 
7fb774cfe000-7fb774dfe000 rw-p 00000000 00:00 0                          [stack:24426]
7fb774dfe000-7fb774dff000 ---p 00000000 00:00 0 
7fb774dff000-7fb774eff000 rw-p 00000000 00:00 0                          [stack:24425]
7fb774eff000-7fb774f00000 ---p 00000000 00:00 0 
7fb774f00000-7fb775000000 rw-p 00000000 00:00 0                          [stack:24424]
7fb775000000-7fb775420000 rwxp 00000000 00:00 0 
7fb775420000-7fb784000000 ---p 00000000 00:00 0 
7fb784000000-7fb7841c8000 rw-p 00000000 00:00 0 
7fb7841c8000-7fb788000000 ---p 00000000 00:00 0 
7fb788000000-7fb7880c3000 rw-p 00000000 00:00 0 
7fb7880c3000-7fb7880c4000 ---p 00000000 00:00 0 
7fb7880c4000-7fb7881ee000 rw-p 00000000 00:00 0                          [stack:24422]
7fb7881ee000-7fb78831a000 ---p 00000000 00:00 0 
7fb78831a000-7fb788344000 rw-p 00000000 00:00 0 
7fb788344000-7fb78846f000 ---p 00000000 00:00 0 
7fb78846f000-7fb788494000 rw-p 00000000 00:00 0 
7fb788494000-7fb78851a000 ---p 00000000 00:00 0 
7fb78851a000-7fb78852c000 rw-p 00000000 00:00 0 
7fb78852c000-7fb7888db000 ---p 00000000 00:00 0 
7fb7888db000-7fb7888e3000 r-xp 00000000 08:16 1444986                    /usr/lib/jvm/java-8-openjdk-amd64/jre/lib/amd64/libzip.so
7fb7888e3000-7fb788ae2000 ---p 00008000 08:16 1444986                    /usr/lib/jvm/java-8-openjdk-amd64/jre/lib/amd64/libzip.so
7fb788ae2000-7fb788ae3000 r--p 00007000 08:16 1444986                    /usr/lib/jvm/java-8-openjdk-amd64/jre/lib/amd64/libzip.so
7fb788ae3000-7fb788ae4000 rw-p 00008000 08:16 1444986                    /usr/lib/jvm/java-8-openjdk-amd64/jre/lib/amd64/libzip.so
7fb788ae4000-7fb788aee000 r-xp 00000000 08:16 3413541                    /lib/x86_64-linux-gnu/libnss_files-2.19.so
7fb788aee000-7fb788ced000 ---p 0000a000 08:16 3413541                    /lib/x86_64-linux-gnu/libnss_files-2.19.so
7fb788ced000-7fb788cee000 r--p 00009000 08:16 3413541                    /lib/x86_64-linux-gnu/libnss_files-2.19.so
7fb788cee000-7fb788cef000 rw-p 0000a000 08:16 3413541                    /lib/x86_64-linux-gnu/libnss_files-2.19.so
7fb788cef000-7fb788cfa000 r-xp 00000000 08:16 3413533                    /lib/x86_64-linux-gnu/libnss_nis-2.19.so
7fb788cfa000-7fb788ef9000 ---p 0000b000 08:16 3413533                    /lib/x86_64-linux-gnu/libnss_nis-2.19.so
7fb788ef9000-7fb788efa000 r--p 0000a000 08:16 3413533                    /lib/x86_64-linux-gnu/libnss_nis-2.19.so
7fb788efa000-7fb788efb000 rw-p 0000b000 08:16 3413533                    /lib/x86_64-linux-gnu/libnss_nis-2.19.so
7fb788efb000-7fb788f12000 r-xp 00000000 08:16 3413529                    /lib/x86_64-linux-gnu/libnsl-2.19.so
7fb788f12000-7fb789111000 ---p 00017000 08:16 3413529                    /lib/x86_64-linux-gnu/libnsl-2.19.so
7fb789111000-7fb789112000 r--p 00016000 08:16 3413529                    /lib/x86_64-linux-gnu/libnsl-2.19.so
7fb789112000-7fb789113000 rw-p 00017000 08:16 3413529                    /lib/x86_64-linux-gnu/libnsl-2.19.so
7fb789113000-7fb789115000 rw-p 00000000 00:00 0 
7fb789115000-7fb78911e000 r-xp 00000000 08:16 3413528                    /lib/x86_64-linux-gnu/libnss_compat-2.19.so
7fb78911e000-7fb78931d000 ---p 00009000 08:16 3413528                    /lib/x86_64-linux-gnu/libnss_compat-2.19.so
7fb78931d000-7fb78931e000 r--p 00008000 08:16 3413528                    /lib/x86_64-linux-gnu/libnss_compat-2.19.so
7fb78931e000-7fb78931f000 rw-p 00009000 08:16 3413528                    /lib/x86_64-linux-gnu/libnss_compat-2.19.so
7fb78931f000-7fb78934b000 r-xp 00000000 08:16 1444413                    /usr/lib/jvm/java-8-openjdk-amd64/jre/lib/amd64/libjava.so
7fb78934b000-7fb78954b000 ---p 0002c000 08:16 1444413                    /usr/lib/jvm/java-8-openjdk-amd64/jre/lib/amd64/libjava.so
7fb78954b000-7fb78954c000 r--p 0002c000 08:16 1444413                    /usr/lib/jvm/java-8-openjdk-amd64/jre/lib/amd64/libjava.so
7fb78954c000-7fb78954e000 rw-p 0002d000 08:16 1444413                    /usr/lib/jvm/java-8-openjdk-amd64/jre/lib/amd64/libjava.so
7fb78954e000-7fb78955e000 r-xp 00000000 08:16 1444420                    /usr/lib/jvm/java-8-openjdk-amd64/jre/lib/amd64/libverify.so
7fb78955e000-7fb78975d000 ---p 00010000 08:16 1444420                    /usr/lib/jvm/java-8-openjdk-amd64/jre/lib/amd64/libverify.so
7fb78975d000-7fb78975f000 r--p 0000f000 08:16 1444420                    /usr/lib/jvm/java-8-openjdk-amd64/jre/lib/amd64/libverify.so
7fb78975f000-7fb789760000 rw-p 00011000 08:16 1444420                    /usr/lib/jvm/java-8-openjdk-amd64/jre/lib/amd64/libverify.so
7fb789760000-7fb789767000 r-xp 00000000 08:16 3413537                    /lib/x86_64-linux-gnu/librt-2.19.so
7fb789767000-7fb789966000 ---p 00007000 08:16 3413537                    /lib/x86_64-linux-gnu/librt-2.19.so
7fb789966000-7fb789967000 r--p 00006000 08:16 3413537                    /lib/x86_64-linux-gnu/librt-2.19.so
7fb789967000-7fb789968000 rw-p 00007000 08:16 3413537                    /lib/x86_64-linux-gnu/librt-2.19.so
7fb789968000-7fb78997e000 r-xp 00000000 08:16 3413520                    /lib/x86_64-linux-gnu/libgcc_s.so.1
7fb78997e000-7fb789b7d000 ---p 00016000 08:16 3413520                    /lib/x86_64-linux-gnu/libgcc_s.so.1
7fb789b7d000-7fb789b7e000 rw-p 00015000 08:16 3413520                    /lib/x86_64-linux-gnu/libgcc_s.so.1
7fb789b7e000-7fb789c83000 r-xp 00000000 08:16 3413523                    /lib/x86_64-linux-gnu/libm-2.19.so
7fb789c83000-7fb789e82000 ---p 00105000 08:16 3413523                    /lib/x86_64-linux-gnu/libm-2.19.so
7fb789e82000-7fb789e83000 r--p 00104000 08:16 3413523                    /lib/x86_64-linux-gnu/libm-2.19.so
7fb789e83000-7fb789e84000 rw-p 00105000 08:16 3413523                    /lib/x86_64-linux-gnu/libm-2.19.so
7fb789e84000-7fb789f6a000 r-xp 00000000 08:16 524323                     /usr/lib/x86_64-linux-gnu/libstdc++.so.6.0.19
7fb789f6a000-7fb78a169000 ---p 000e6000 08:16 524323                     /usr/lib/x86_64-linux-gnu/libstdc++.so.6.0.19
7fb78a169000-7fb78a171000 r--p 000e5000 08:16 524323                     /usr/lib/x86_64-linux-gnu/libstdc++.so.6.0.19
7fb78a171000-7fb78a173000 rw-p 000ed000 08:16 524323                     /usr/lib/x86_64-linux-gnu/libstdc++.so.6.0.19
7fb78a173000-7fb78a188000 rw-p 00000000 00:00 0 
7fb78a188000-7fb78ad76000 r-xp 00000000 08:16 1574165                    /usr/lib/jvm/java-8-openjdk-amd64/jre/lib/amd64/server/libjvm.so
7fb78ad76000-7fb78af76000 ---p 00bee000 08:16 1574165                    /usr/lib/jvm/java-8-openjdk-amd64/jre/lib/amd64/server/libjvm.so
7fb78af76000-7fb78b014000 r--p 00bee000 08:16 1574165                    /usr/lib/jvm/java-8-openjdk-amd64/jre/lib/amd64/server/libjvm.so
7fb78b014000-7fb78b03d000 rw-p 00c8c000 08:16 1574165                    /usr/lib/jvm/java-8-openjdk-amd64/jre/lib/amd64/server/libjvm.so
7fb78b03d000-7fb78b06f000 rw-p 00000000 00:00 0 
7fb78b06f000-7fb78b088000 r-xp 00000000 08:16 3413530                    /lib/x86_64-linux-gnu/libpthread-2.19.so
7fb78b088000-7fb78b287000 ---p 00019000 08:16 3413530                    /lib/x86_64-linux-gnu/libpthread-2.19.so
7fb78b287000-7fb78b288000 r--p 00018000 08:16 3413530                    /lib/x86_64-linux-gnu/libpthread-2.19.so
7fb78b288000-7fb78b289000 rw-p 00019000 08:16 3413530                    /lib/x86_64-linux-gnu/libpthread-2.19.so
7fb78b289000-7fb78b28d000 rw-p 00000000 00:00 0 
7fb78b28d000-7fb78b290000 r-xp 00000000 08:16 3413525                    /lib/x86_64-linux-gnu/libdl-2.19.so
7fb78b290000-7fb78b48f000 ---p 00003000 08:16 3413525                    /lib/x86_64-linux-gnu/libdl-2.19.so
7fb78b48f000-7fb78b490000 r--p 00002000 08:16 3413525                    /lib/x86_64-linux-gnu/libdl-2.19.so
7fb78b490000-7fb78b491000 rw-p 00003000 08:16 3413525                    /lib/x86_64-linux-gnu/libdl-2.19.so
7fb78b491000-7fb78b4a9000 r-xp 00000000 08:16 3412060                    /lib/x86_64-linux-gnu/libz.so.1.2.8
7fb78b4a9000-7fb78b6a8000 ---p 00018000 08:16 3412060                    /lib/x86_64-linux-gnu/libz.so.1.2.8
7fb78b6a8000-7fb78b6a9000 r--p 00017000 08:16 3412060                    /lib/x86_64-linux-gnu/libz.so.1.2.8
7fb78b6a9000-7fb78b6aa000 rw-p 00018000 08:16 3412060                    /lib/x86_64-linux-gnu/libz.so.1.2.8
7fb78b6aa000-7fb78b864000 r-xp 00000000 08:16 3413538                    /lib/x86_64-linux-gnu/libc-2.19.so
7fb78b864000-7fb78ba64000 ---p 001ba000 08:16 3413538                    /lib/x86_64-linux-gnu/libc-2.19.so
7fb78ba64000-7fb78ba68000 r--p 001ba000 08:16 3413538                    /lib/x86_64-linux-gnu/libc-2.19.so
7fb78ba68000-7fb78ba6a000 rw-p 001be000 08:16 3413538                    /lib/x86_64-linux-gnu/libc-2.19.so
7fb78ba6a000-7fb78ba6f000 rw-p 00000000 00:00 0 
7fb78ba6f000-7fb78ba7c000 r-xp 00000000 08:16 1574169                    /usr/lib/jvm/java-8-openjdk-amd64/jre/lib/amd64/jli/libjli.so
7fb78ba7c000-7fb78bc7c000 ---p 0000d000 08:16 1574169                    /usr/lib/jvm/java-8-openjdk-amd64/jre/lib/amd64/jli/libjli.so
7fb78bc7c000-7fb78bc7d000 r--p 0000d000 08:16 1574169                    /usr/lib/jvm/java-8-openjdk-amd64/jre/lib/amd64/jli/libjli.so
7fb78bc7d000-7fb78bc7e000 rw-p 0000e000 08:16 1574169                    /usr/lib/jvm/java-8-openjdk-amd64/jre/lib/amd64/jli/libjli.so
7fb78bc7e000-7fb78bca1000 r-xp 00000000 08:16 3413531                    /lib/x86_64-linux-gnu/ld-2.19.so
7fb78bca1000-7fb78bca7000 r--s 0003a000 08:16 1972006                    /usr/lib/jvm/java-8-openjdk-amd64/jre/lib/ext/sunjce_provider.jar
7fb78bca7000-7fb78bca9000 r--s 00006000 08:16 924865                     /usr/share/java/java-atk-wrapper.jar
7fb78bca9000-7fb78bd82000 rw-p 00000000 00:00 0 
7fb78bd82000-7fb78bd85000 ---p 00000000 00:00 0 
7fb78bd85000-7fb78be88000 rw-p 00000000 00:00 0                          [stack:24420]
7fb78be88000-7fb78be89000 r--s 00008000 08:16 1971996                    /usr/lib/jvm/java-8-openjdk-amd64/jre/lib/ext/sunec.jar
7fb78be89000-7fb78be8c000 r--s 0000f000 08:16 1972013                    /usr/lib/jvm/java-8-openjdk-amd64/jre/lib/ext/icedtea-sound.jar
7fb78be8c000-7fb78be8e000 r--s 00001000 08:16 1971942                    /usr/lib/jvm/java-8-openjdk-amd64/jre/lib/ext/dnsns.jar
7fb78be8e000-7fb78be8f000 r--s 0000a000 08:16 1972003                    /usr/lib/jvm/java-8-openjdk-amd64/jre/lib/ext/jaccess.jar
7fb78be8f000-7fb78be90000 r--s 00010000 08:16 1972005                    /usr/lib/jvm/java-8-openjdk-amd64/jre/lib/ext/zipfs.jar
7fb78be90000-7fb78be94000 r--s 00037000 08:16 1972031                    /usr/lib/jvm/java-8-openjdk-amd64/jre/lib/ext/sunpkcs11.jar
7fb78be94000-7fb78be9c000 rw-s 00000000 08:16 4473102                    /tmp/hsperfdata_root/24418
7fb78be9c000-7fb78be9d000 rw-p 00000000 00:00 0 
7fb78be9d000-7fb78be9e000 ---p 00000000 00:00 0 
7fb78be9e000-7fb78bea0000 rw-p 00000000 00:00 0 
7fb78bea0000-7fb78bea1000 r--p 00022000 08:16 3413531                    /lib/x86_64-linux-gnu/ld-2.19.so
7fb78bea1000-7fb78bea2000 rw-p 00023000 08:16 3413531                    /lib/x86_64-linux-gnu/ld-2.19.so
7fb78bea2000-7fb78bea3000 rw-p 00000000 00:00 0 
7ffc1b67c000-7ffc1b69d000 rw-p 00000000 00:00 0                          [stack]
7ffc1b6c1000-7ffc1b6c3000 r-xp 00000000 00:00 0                          [vdso]
ffffffffff600000-ffffffffff601000 r-xp 00000000 00:00 0                  [vsyscall]

VM Arguments:
jvm_args: -Djava.awt.headless=true -Xmx1024M -Dfile.encoding=UTF-8 -Duser.country=US -Duser.language=en -Duser.variant 
java_command: com.android.dx.command.Main --dex --num-threads=4 --output /home/pc2/Desktop/Android/SOSapp/SOSapp/app/build/intermediates/pre-dexed/debug/com.google.android.gms-play-services-measurement-8.4.0_94917fb4812774fdb756bd932c47d324a2252b5f.jar /home/pc2/Desktop/Android/SOSapp/SOSapp/app/build/intermediates/exploded-aar/com.google.android.gms/play-services-measurement/8.4.0/jars/classes.jar
java_class_path (initial): /root/Android/Sdk/build-tools/23.0.3/lib/dx.jar
Launcher Type: SUN_STANDARD

Environment Variables:
PATH=/usr/local/sbin:/usr/local/bin:/usr/sbin:/usr/bin:/sbin:/bin
USERNAME=root
LD_LIBRARY_PATH=.:
SHELL=/bin/bash
DISPLAY=:0

Signal Handlers:
SIGSEGV: [libjvm.so+0x9f6230], sa_mask[0]=11111111011111111101111111111110, sa_flags=SA_RESTART|SA_SIGINFO
SIGBUS: [libjvm.so+0x9f6230], sa_mask[0]=11111111011111111101111111111110, sa_flags=SA_RESTART|SA_SIGINFO
SIGFPE: [libjvm.so+0x856c80], sa_mask[0]=11111111011111111101111111111110, sa_flags=SA_RESTART|SA_SIGINFO
SIGPIPE: [libjvm.so+0x856c80], sa_mask[0]=11111111011111111101111111111110, sa_flags=SA_RESTART|SA_SIGINFO
SIGXFSZ: [libjvm.so+0x856c80], sa_mask[0]=11111111011111111101111111111110, sa_flags=SA_RESTART|SA_SIGINFO
SIGILL: [libjvm.so+0x856c80], sa_mask[0]=11111111011111111101111111111110, sa_flags=SA_RESTART|SA_SIGINFO
SIGUSR1: SIG_DFL, sa_mask[0]=00000000000000000000000000000000, sa_flags=none
SIGUSR2: [libjvm.so+0x856b50], sa_mask[0]=00100000000000000000000000000000, sa_flags=SA_RESTART|SA_SIGINFO
SIGHUP: [libjvm.so+0x856d40], sa_mask[0]=11111111011111111101111111111110, sa_flags=SA_RESTART|SA_SIGINFO
SIGINT: [libjvm.so+0x856d40], sa_mask[0]=11111111011111111101111111111110, sa_flags=SA_RESTART|SA_SIGINFO
SIGTERM: [libjvm.so+0x856d40], sa_mask[0]=11111111011111111101111111111110, sa_flags=SA_RESTART|SA_SIGINFO
SIGQUIT: [libjvm.so+0x856d40], sa_mask[0]=11111111011111111101111111111110, sa_flags=SA_RESTART|SA_SIGINFO


---------------  S Y S T E M  ---------------

OS:DISTRIB_ID=Ubuntu
DISTRIB_RELEASE=14.04
DISTRIB_CODENAME=trusty
DISTRIB_DESCRIPTION="Ubuntu 14.04.4 LTS"

uname:Linux 3.13.0-91-generic #138-Ubuntu SMP Fri Jun 24 17:00:34 UTC 2016 x86_64
libc:glibc 2.19 NPTL 2.19 
rlimit: STACK 8192k, CORE 0k, NPROC 62225, NOFILE 4096, AS infinity
load average:21.00 5.77 2.58

/proc/meminfo:
MemTotal:        8054008 kB
MemFree:          169448 kB
Buffers:             896 kB
Cached:           965048 kB
SwapCached:            0 kB
Active:          6648908 kB
Inactive:         953088 kB
Active(anon):    6646104 kB
Inactive(anon):   917420 kB
Active(file):       2804 kB
Inactive(file):    35668 kB
Unevictable:          48 kB
Mlocked:              48 kB
SwapTotal:             0 kB
SwapFree:              0 kB
Dirty:                28 kB
Writeback:           200 kB
AnonPages:       6638948 kB
Mapped:           450828 kB
Shmem:            924664 kB
Slab:             106604 kB
SReclaimable:      46500 kB
SUnreclaim:        60104 kB
KernelStack:       10168 kB
PageTables:        73508 kB
NFS_Unstable:          0 kB
Bounce:                0 kB
WritebackTmp:          0 kB
CommitLimit:     4027004 kB
Committed_AS:   17004680 kB
VmallocTotal:   34359738367 kB
VmallocUsed:      556980 kB
VmallocChunk:   34359168600 kB
HardwareCorrupted:     0 kB
AnonHugePages:   2179072 kB
HugePages_Total:       0
HugePages_Free:        0
HugePages_Rsvd:        0
HugePages_Surp:        0
Hugepagesize:       2048 kB
DirectMap4k:       99072 kB
DirectMap2M:     3973120 kB
DirectMap1G:     4194304 kB


CPU:total 8 (4 cores per cpu, 2 threads per core) family 6 model 60 stepping 3, cmov, cx8, fxsr, mmx, sse, sse2, sse3, ssse3, sse4.1, sse4.2, popcnt, avx, avx2, aes, clmul, erms, lzcnt, ht, tsc, tscinvbit, bmi1, bmi2

/proc/cpuinfo:
processor	: 0
vendor_id	: GenuineIntel
cpu family	: 6
model		: 60
model name	: Intel(R) Core(TM) i7-4702MQ CPU @ 2.20GHz
stepping	: 3
microcode	: 0x17
cpu MHz		: 2201.000
cache size	: 6144 KB
physical id	: 0
siblings	: 8
core id		: 0
cpu cores	: 4
apicid		: 0
initial apicid	: 0
fpu		: yes
fpu_exception	: yes
cpuid level	: 13
wp		: yes
flags		: fpu vme de pse tsc msr pae mce cx8 apic sep mtrr pge mca cmov pat pse36 clflush dts acpi mmx fxsr sse sse2 ss ht tm pbe syscall nx pdpe1gb rdtscp lm constant_tsc arch_perfmon pebs bts rep_good nopl xtopology nonstop_tsc aperfmperf eagerfpu pni pclmulqdq dtes64 monitor ds_cpl vmx est tm2 ssse3 fma cx16 xtpr pdcm pcid sse4_1 sse4_2 movbe popcnt tsc_deadline_timer aes xsave avx f16c rdrand lahf_lm abm ida arat epb xsaveopt pln pts dtherm tpr_shadow vnmi flexpriority ept vpid fsgsbase tsc_adjust bmi1 avx2 smep bmi2 erms invpcid
bogomips	: 4389.83
clflush size	: 64
cache_alignment	: 64
address sizes	: 39 bits physical, 48 bits virtual
power management:

processor	: 1
vendor_id	: GenuineIntel
cpu family	: 6
model		: 60
model name	: Intel(R) Core(TM) i7-4702MQ CPU @ 2.20GHz
stepping	: 3
microcode	: 0x17
cpu MHz		: 2201.000
cache size	: 6144 KB
physical id	: 0
siblings	: 8
core id		: 0
cpu cores	: 4
apicid		: 1
initial apicid	: 1
fpu		: yes
fpu_exception	: yes
cpuid level	: 13
wp		: yes
flags		: fpu vme de pse tsc msr pae mce cx8 apic sep mtrr pge mca cmov pat pse36 clflush dts acpi mmx fxsr sse sse2 ss ht tm pbe syscall nx pdpe1gb rdtscp lm constant_tsc arch_perfmon pebs bts rep_good nopl xtopology nonstop_tsc aperfmperf eagerfpu pni pclmulqdq dtes64 monitor ds_cpl vmx est tm2 ssse3 fma cx16 xtpr pdcm pcid sse4_1 sse4_2 movbe popcnt tsc_deadline_timer aes xsave avx f16c rdrand lahf_lm abm ida arat epb xsaveopt pln pts dtherm tpr_shadow vnmi flexpriority ept vpid fsgsbase tsc_adjust bmi1 avx2 smep bmi2 erms invpcid
bogomips	: 4389.83
clflush size	: 64
cache_alignment	: 64
address sizes	: 39 bits physical, 48 bits virtual
power management:

processor	: 2
vendor_id	: GenuineIntel
cpu family	: 6
model		: 60
model name	: Intel(R) Core(TM) i7-4702MQ CPU @ 2.20GHz
stepping	: 3
microcode	: 0x17
cpu MHz		: 2201.000
cache size	: 6144 KB
physical id	: 0
siblings	: 8
core id		: 1
cpu cores	: 4
apicid		: 2
initial apicid	: 2
fpu		: yes
fpu_exception	: yes
cpuid level	: 13
wp		: yes
flags		: fpu vme de pse tsc msr pae mce cx8 apic sep mtrr pge mca cmov pat pse36 clflush dts acpi mmx fxsr sse sse2 ss ht tm pbe syscall nx pdpe1gb rdtscp lm constant_tsc arch_perfmon pebs bts rep_good nopl xtopology nonstop_tsc aperfmperf eagerfpu pni pclmulqdq dtes64 monitor ds_cpl vmx est tm2 ssse3 fma cx16 xtpr pdcm pcid sse4_1 sse4_2 movbe popcnt tsc_deadline_timer aes xsave avx f16c rdrand lahf_lm abm ida arat epb xsaveopt pln pts dtherm tpr_shadow vnmi flexpriority ept vpid fsgsbase tsc_adjust bmi1 avx2 smep bmi2 erms invpcid
bogomips	: 4389.83
clflush size	: 64
cache_alignment	: 64
address sizes	: 39 bits physical, 48 bits virtual
power management:

processor	: 3
vendor_id	: GenuineIntel
cpu family	: 6
model		: 60
model name	: Intel(R) Core(TM) i7-4702MQ CPU @ 2.20GHz
stepping	: 3
microcode	: 0x17
cpu MHz		: 2201.000
cache size	: 6144 KB
physical id	: 0
siblings	: 8
core id		: 1
cpu cores	: 4
apicid		: 3
initial apicid	: 3
fpu		: yes
fpu_exception	: yes
cpuid level	: 13
wp		: yes
flags		: fpu vme de pse tsc msr pae mce cx8 apic sep mtrr pge mca cmov pat pse36 clflush dts acpi mmx fxsr sse sse2 ss ht tm pbe syscall nx pdpe1gb rdtscp lm constant_tsc arch_perfmon pebs bts rep_good nopl xtopology nonstop_tsc aperfmperf eagerfpu pni pclmulqdq dtes64 monitor ds_cpl vmx est tm2 ssse3 fma cx16 xtpr pdcm pcid sse4_1 sse4_2 movbe popcnt tsc_deadline_timer aes xsave avx f16c rdrand lahf_lm abm ida arat epb xsaveopt pln pts dtherm tpr_shadow vnmi flexpriority ept vpid fsgsbase tsc_adjust bmi1 avx2 smep bmi2 erms invpcid
bogomips	: 4389.83
clflush size	: 64
cache_alignment	: 64
address sizes	: 39 bits physical, 48 bits virtual
power management:

processor	: 4
vendor_id	: GenuineIntel
cpu family	: 6
model		: 60
model name	: Intel(R) Core(TM) i7-4702MQ CPU @ 2.20GHz
stepping	: 3
microcode	: 0x17
cpu MHz		: 2201.000
cache size	: 6144 KB
physical id	: 0
siblings	: 8
core id		: 2
cpu cores	: 4
apicid		: 4
initial apicid	: 4
fpu		: yes
fpu_exception	: yes
cpuid level	: 13
wp		: yes
flags		: fpu vme de pse tsc msr pae mce cx8 apic sep mtrr pge mca cmov pat pse36 clflush dts acpi mmx fxsr sse sse2 ss ht tm pbe syscall nx pdpe1gb rdtscp lm constant_tsc arch_perfmon pebs bts rep_good nopl xtopology nonstop_tsc aperfmperf eagerfpu pni pclmulqdq dtes64 monitor ds_cpl vmx est tm2 ssse3 fma cx16 xtpr pdcm pcid sse4_1 sse4_2 movbe popcnt tsc_deadline_timer aes xsave avx f16c rdrand lahf_lm abm ida arat epb xsaveopt pln pts dtherm tpr_shadow vnmi flexpriority ept vpid fsgsbase tsc_adjust bmi1 avx2 smep bmi2 erms invpcid
bogomips	: 4389.83
clflush size	: 64
cache_alignment	: 64
address sizes	: 39 bits physical, 48 bits virtual
power management:

processor	: 5
vendor_id	: GenuineIntel
cpu family	: 6
model		: 60
model name	: Intel(R) Core(TM) i7-4702MQ CPU @ 2.20GHz
stepping	: 3
microcode	: 0x17
cpu MHz		: 2201.000
cache size	: 6144 KB
physical id	: 0
siblings	: 8
core id		: 2
cpu cores	: 4
apicid		: 5
initial apicid	: 5
fpu		: yes
fpu_exception	: yes
cpuid level	: 13
wp		: yes
flags		: fpu vme de pse tsc msr pae mce cx8 apic sep mtrr pge mca cmov pat pse36 clflush dts acpi mmx fxsr sse sse2 ss ht tm pbe syscall nx pdpe1gb rdtscp lm constant_tsc arch_perfmon pebs bts rep_good nopl xtopology nonstop_tsc aperfmperf eagerfpu pni pclmulqdq dtes64 monitor ds_cpl vmx est tm2 ssse3 fma cx16 xtpr pdcm pcid sse4_1 sse4_2 movbe popcnt tsc_deadline_timer aes xsave avx f16c rdrand lahf_lm abm ida arat epb xsaveopt pln pts dtherm tpr_shadow vnmi flexpriority ept vpid fsgsbase tsc_adjust bmi1 avx2 smep bmi2 erms invpcid
bogomips	: 4389.83
clflush size	: 64
cache_alignment	: 64
address sizes	: 39 bits physical, 48 bits virtual
power management:

processor	: 6
vendor_id	: GenuineIntel
cpu family	: 6
model		: 60
model name	: Intel(R) Core(TM) i7-4702MQ CPU @ 2.20GHz
stepping	: 3
microcode	: 0x17
cpu MHz		: 2201.000
cache size	: 6144 KB
physical id	: 0
siblings	: 8
core id		: 3
cpu cores	: 4
apicid		: 6
initial apicid	: 6
fpu		: yes
fpu_exception	: yes
cpuid level	: 13
wp		: yes
flags		: fpu vme de pse tsc msr pae mce cx8 apic sep mtrr pge mca cmov pat pse36 clflush dts acpi mmx fxsr sse sse2 ss ht tm pbe syscall nx pdpe1gb rdtscp lm constant_tsc arch_perfmon pebs bts rep_good nopl xtopology nonstop_tsc aperfmperf eagerfpu pni pclmulqdq dtes64 monitor ds_cpl vmx est tm2 ssse3 fma cx16 xtpr pdcm pcid sse4_1 sse4_2 movbe popcnt tsc_deadline_timer aes xsave avx f16c rdrand lahf_lm abm ida arat epb xsaveopt pln pts dtherm tpr_shadow vnmi flexpriority ept vpid fsgsbase tsc_adjust bmi1 avx2 smep bmi2 erms invpcid
bogomips	: 4389.83
clflush size	: 64
cache_alignment	: 64
address sizes	: 39 bits physical, 48 bits virtual
power management:

processor	: 7
vendor_id	: GenuineIntel
cpu family	: 6
model		: 60
model name	: Intel(R) Core(TM) i7-4702MQ CPU @ 2.20GHz
stepping	: 3
microcode	: 0x17
cpu MHz		: 2201.000
cache size	: 6144 KB
physical id	: 0
siblings	: 8
core id		: 3
cpu cores	: 4
apicid		: 7
initial apicid	: 7
fpu		: yes
fpu_exception	: yes
cpuid level	: 13
wp		: yes
flags		: fpu vme de pse tsc msr pae mce cx8 apic sep mtrr pge mca cmov pat pse36 clflush dts acpi mmx fxsr sse sse2 ss ht tm pbe syscall nx pdpe1gb rdtscp lm constant_tsc arch_perfmon pebs bts rep_good nopl xtopology nonstop_tsc aperfmperf eagerfpu pni pclmulqdq dtes64 monitor ds_cpl vmx est tm2 ssse3 fma cx16 xtpr pdcm pcid sse4_1 sse4_2 movbe popcnt tsc_deadline_timer aes xsave avx f16c rdrand lahf_lm abm ida arat epb xsaveopt pln pts dtherm tpr_shadow vnmi flexpriority ept vpid fsgsbase tsc_adjust bmi1 avx2 smep bmi2 erms invpcid
bogomips	: 4389.83
clflush size	: 64
cache_alignment	: 64
address sizes	: 39 bits physical, 48 bits virtual
power management:



Memory: 4k page, physical 8054008k(165556k free), swap 0k(0k free)

vm_info: OpenJDK 64-Bit Server VM (25.91-b14) for linux-amd64 JRE (1.8.0_91-8u91-b14-0ubuntu4~14.04-b14), built on Apr 22 2016 12:27:31 by "buildd" with gcc 4.8.2

time: Mon Jul  4 21:17:32 2016
elapsed time: 6 seconds (0d 0h 0m 6s)

