#
# There is insufficient memory for the Java Runtime Environment to continue.
# Native memory allocation (mmap) failed to map 87031808 bytes for committing reserved memory.
# Possible reasons:
#   The system is out of physical RAM or swap space
#   In 32 bit mode, the process size limit was hit
# Possible solutions:
#   Reduce memory load on the system
#   Increase physical memory or swap space
#   Check if swap backing store is full
#   Use 64 bit Java on a 64 bit OS
#   Decrease Java heap size (-Xmx/-Xms)
#   Decrease number of Java threads
#   Decrease Java thread stack sizes (-Xss)
#   Set larger code cache with -XX:ReservedCodeCacheSize=
# This output file may be truncated or incomplete.
#
#  Out of Memory Error (os_linux.cpp:2630), pid=11820, tid=140649322125056
#
# JRE version:  (8.0_91-b14) (build )
# Java VM: OpenJDK 64-Bit Server VM (25.91-b14 mixed mode linux-amd64 compressed oops)
# Failed to write core dump. Core dumps have been disabled. To enable core dumping, try "ulimit -c unlimited" before starting Java again
#

---------------  T H R E A D  ---------------

Current thread (0x00007feb7000a000):  JavaThread "Unknown thread" [_thread_in_vm, id=11829, stack(0x00007feb78d21000,0x00007feb78e22000)]

Stack: [0x00007feb78d21000,0x00007feb78e22000],  sp=0x00007feb78e205d0,  free space=1021k
Native frames: (J=compiled Java code, j=interpreted, Vv=VM code, C=native code)
V  [libjvm.so+0x9f573d]
V  [libjvm.so+0x4bc3da]
V  [libjvm.so+0x85b0a0]
V  [libjvm.so+0x855b9f]
V  [libjvm.so+0x8cb83b]
V  [libjvm.so+0x8bd848]
V  [libjvm.so+0x2c1483]
V  [libjvm.so+0x87e801]
V  [libjvm.so+0x9bf589]
V  [libjvm.so+0x9bf883]
V  [libjvm.so+0x5e70f5]
V  [libjvm.so+0x9a3953]
V  [libjvm.so+0x654bd2]  JNI_CreateJavaVM+0x52
C  [libjli.so+0x2f08]
C  [libjli.so+0x724d]
C  [libpthread.so.0+0x8184]  start_thread+0xc4


---------------  P R O C E S S  ---------------

Java Threads: ( => current thread )

Other Threads:

=>0x00007feb7000a000 (exited) JavaThread "Unknown thread" [_thread_in_vm, id=11829, stack(0x00007feb78d21000,0x00007feb78e22000)]

VM state:not at safepoint (not fully initialized)

VM Mutex/Monitor currently owned by a thread: None

GC Heap History (0 events):
No events

Deoptimization events (0 events):
No events

Internal exceptions (0 events):
No events

Events (0 events):
No events


Dynamic libraries:
00400000-00401000 r-xp 00000000 08:16 1058522                            /usr/lib/jvm/java-8-openjdk-amd64/jre/bin/java
00600000-00601000 r--p 00000000 08:16 1058522                            /usr/lib/jvm/java-8-openjdk-amd64/jre/bin/java
00601000-00602000 rw-p 00001000 08:16 1058522                            /usr/lib/jvm/java-8-openjdk-amd64/jre/bin/java
024aa000-024cb000 rw-p 00000000 00:00 0                                  [heap]
c5300000-eab00000 ---p 00000000 00:00 0 
eab00000-ed400000 rw-p 00000000 00:00 0 
ed400000-100000000 ---p 00000000 00:00 0 
7feb61000000-7feb61270000 rwxp 00000000 00:00 0 
7feb61270000-7feb70000000 ---p 00000000 00:00 0 
7feb70000000-7feb7002f000 rw-p 00000000 00:00 0 
7feb7002f000-7feb74000000 ---p 00000000 00:00 0 
7feb752bb000-7feb75410000 ---p 00000000 00:00 0 
7feb75410000-7feb75425000 rw-p 00000000 00:00 0 
7feb75425000-7feb754bb000 ---p 00000000 00:00 0 
7feb754bb000-7feb754c6000 rw-p 00000000 00:00 0 
7feb754c6000-7feb7587c000 ---p 00000000 00:00 0 
7feb7587c000-7feb75884000 r-xp 00000000 08:16 1444986                    /usr/lib/jvm/java-8-openjdk-amd64/jre/lib/amd64/libzip.so
7feb75884000-7feb75a83000 ---p 00008000 08:16 1444986                    /usr/lib/jvm/java-8-openjdk-amd64/jre/lib/amd64/libzip.so
7feb75a83000-7feb75a84000 r--p 00007000 08:16 1444986                    /usr/lib/jvm/java-8-openjdk-amd64/jre/lib/amd64/libzip.so
7feb75a84000-7feb75a85000 rw-p 00008000 08:16 1444986                    /usr/lib/jvm/java-8-openjdk-amd64/jre/lib/amd64/libzip.so
7feb75a85000-7feb75a8f000 r-xp 00000000 08:16 3413541                    /lib/x86_64-linux-gnu/libnss_files-2.19.so
7feb75a8f000-7feb75c8e000 ---p 0000a000 08:16 3413541                    /lib/x86_64-linux-gnu/libnss_files-2.19.so
7feb75c8e000-7feb75c8f000 r--p 00009000 08:16 3413541                    /lib/x86_64-linux-gnu/libnss_files-2.19.so
7feb75c8f000-7feb75c90000 rw-p 0000a000 08:16 3413541                    /lib/x86_64-linux-gnu/libnss_files-2.19.so
7feb75c90000-7feb75c9b000 r-xp 00000000 08:16 3413533                    /lib/x86_64-linux-gnu/libnss_nis-2.19.so
7feb75c9b000-7feb75e9a000 ---p 0000b000 08:16 3413533                    /lib/x86_64-linux-gnu/libnss_nis-2.19.so
7feb75e9a000-7feb75e9b000 r--p 0000a000 08:16 3413533                    /lib/x86_64-linux-gnu/libnss_nis-2.19.so
7feb75e9b000-7feb75e9c000 rw-p 0000b000 08:16 3413533                    /lib/x86_64-linux-gnu/libnss_nis-2.19.so
7feb75e9c000-7feb75eb3000 r-xp 00000000 08:16 3413529                    /lib/x86_64-linux-gnu/libnsl-2.19.so
7feb75eb3000-7feb760b2000 ---p 00017000 08:16 3413529                    /lib/x86_64-linux-gnu/libnsl-2.19.so
7feb760b2000-7feb760b3000 r--p 00016000 08:16 3413529                    /lib/x86_64-linux-gnu/libnsl-2.19.so
7feb760b3000-7feb760b4000 rw-p 00017000 08:16 3413529                    /lib/x86_64-linux-gnu/libnsl-2.19.so
7feb760b4000-7feb760b6000 rw-p 00000000 00:00 0 
7feb760b6000-7feb760bf000 r-xp 00000000 08:16 3413528                    /lib/x86_64-linux-gnu/libnss_compat-2.19.so
7feb760bf000-7feb762be000 ---p 00009000 08:16 3413528                    /lib/x86_64-linux-gnu/libnss_compat-2.19.so
7feb762be000-7feb762bf000 r--p 00008000 08:16 3413528                    /lib/x86_64-linux-gnu/libnss_compat-2.19.so
7feb762bf000-7feb762c0000 rw-p 00009000 08:16 3413528                    /lib/x86_64-linux-gnu/libnss_compat-2.19.so
7feb762c0000-7feb762ec000 r-xp 00000000 08:16 1444413                    /usr/lib/jvm/java-8-openjdk-amd64/jre/lib/amd64/libjava.so
7feb762ec000-7feb764ec000 ---p 0002c000 08:16 1444413                    /usr/lib/jvm/java-8-openjdk-amd64/jre/lib/amd64/libjava.so
7feb764ec000-7feb764ed000 r--p 0002c000 08:16 1444413                    /usr/lib/jvm/java-8-openjdk-amd64/jre/lib/amd64/libjava.so
7feb764ed000-7feb764ef000 rw-p 0002d000 08:16 1444413                    /usr/lib/jvm/java-8-openjdk-amd64/jre/lib/amd64/libjava.so
7feb764ef000-7feb764ff000 r-xp 00000000 08:16 1444420                    /usr/lib/jvm/java-8-openjdk-amd64/jre/lib/amd64/libverify.so
7feb764ff000-7feb766fe000 ---p 00010000 08:16 1444420                    /usr/lib/jvm/java-8-openjdk-amd64/jre/lib/amd64/libverify.so
7feb766fe000-7feb76700000 r--p 0000f000 08:16 1444420                    /usr/lib/jvm/java-8-openjdk-amd64/jre/lib/amd64/libverify.so
7feb76700000-7feb76701000 rw-p 00011000 08:16 1444420                    /usr/lib/jvm/java-8-openjdk-amd64/jre/lib/amd64/libverify.so
7feb76701000-7feb76708000 r-xp 00000000 08:16 3413537                    /lib/x86_64-linux-gnu/librt-2.19.so
7feb76708000-7feb76907000 ---p 00007000 08:16 3413537                    /lib/x86_64-linux-gnu/librt-2.19.so
7feb76907000-7feb76908000 r--p 00006000 08:16 3413537                    /lib/x86_64-linux-gnu/librt-2.19.so
7feb76908000-7feb76909000 rw-p 00007000 08:16 3413537                    /lib/x86_64-linux-gnu/librt-2.19.so
7feb76909000-7feb7691f000 r-xp 00000000 08:16 3413520                    /lib/x86_64-linux-gnu/libgcc_s.so.1
7feb7691f000-7feb76b1e000 ---p 00016000 08:16 3413520                    /lib/x86_64-linux-gnu/libgcc_s.so.1
7feb76b1e000-7feb76b1f000 rw-p 00015000 08:16 3413520                    /lib/x86_64-linux-gnu/libgcc_s.so.1
7feb76b1f000-7feb76c24000 r-xp 00000000 08:16 3413523                    /lib/x86_64-linux-gnu/libm-2.19.so
7feb76c24000-7feb76e23000 ---p 00105000 08:16 3413523                    /lib/x86_64-linux-gnu/libm-2.19.so
7feb76e23000-7feb76e24000 r--p 00104000 08:16 3413523                    /lib/x86_64-linux-gnu/libm-2.19.so
7feb76e24000-7feb76e25000 rw-p 00105000 08:16 3413523                    /lib/x86_64-linux-gnu/libm-2.19.so
7feb76e25000-7feb76f0b000 r-xp 00000000 08:16 524323                     /usr/lib/x86_64-linux-gnu/libstdc++.so.6.0.19
7feb76f0b000-7feb7710a000 ---p 000e6000 08:16 524323                     /usr/lib/x86_64-linux-gnu/libstdc++.so.6.0.19
7feb7710a000-7feb77112000 r--p 000e5000 08:16 524323                     /usr/lib/x86_64-linux-gnu/libstdc++.so.6.0.19
7feb77112000-7feb77114000 rw-p 000ed000 08:16 524323                     /usr/lib/x86_64-linux-gnu/libstdc++.so.6.0.19
7feb77114000-7feb77129000 rw-p 00000000 00:00 0 
7feb77129000-7feb77d17000 r-xp 00000000 08:16 1574165                    /usr/lib/jvm/java-8-openjdk-amd64/jre/lib/amd64/server/libjvm.so
7feb77d17000-7feb77f17000 ---p 00bee000 08:16 1574165                    /usr/lib/jvm/java-8-openjdk-amd64/jre/lib/amd64/server/libjvm.so
7feb77f17000-7feb77fb5000 r--p 00bee000 08:16 1574165                    /usr/lib/jvm/java-8-openjdk-amd64/jre/lib/amd64/server/libjvm.so
7feb77fb5000-7feb77fde000 rw-p 00c8c000 08:16 1574165                    /usr/lib/jvm/java-8-openjdk-amd64/jre/lib/amd64/server/libjvm.so
7feb77fde000-7feb78010000 rw-p 00000000 00:00 0 
7feb78010000-7feb78029000 r-xp 00000000 08:16 3413530                    /lib/x86_64-linux-gnu/libpthread-2.19.so
7feb78029000-7feb78228000 ---p 00019000 08:16 3413530                    /lib/x86_64-linux-gnu/libpthread-2.19.so
7feb78228000-7feb78229000 r--p 00018000 08:16 3413530                    /lib/x86_64-linux-gnu/libpthread-2.19.so
7feb78229000-7feb7822a000 rw-p 00019000 08:16 3413530                    /lib/x86_64-linux-gnu/libpthread-2.19.so
7feb7822a000-7feb7822e000 rw-p 00000000 00:00 0 
7feb7822e000-7feb78231000 r-xp 00000000 08:16 3413525                    /lib/x86_64-linux-gnu/libdl-2.19.so
7feb78231000-7feb78430000 ---p 00003000 08:16 3413525                    /lib/x86_64-linux-gnu/libdl-2.19.so
7feb78430000-7feb78431000 r--p 00002000 08:16 3413525                    /lib/x86_64-linux-gnu/libdl-2.19.so
7feb78431000-7feb78432000 rw-p 00003000 08:16 3413525                    /lib/x86_64-linux-gnu/libdl-2.19.so
7feb78432000-7feb7844a000 r-xp 00000000 08:16 3412060                    /lib/x86_64-linux-gnu/libz.so.1.2.8
7feb7844a000-7feb78649000 ---p 00018000 08:16 3412060                    /lib/x86_64-linux-gnu/libz.so.1.2.8
7feb78649000-7feb7864a000 r--p 00017000 08:16 3412060                    /lib/x86_64-linux-gnu/libz.so.1.2.8
7feb7864a000-7feb7864b000 rw-p 00018000 08:16 3412060                    /lib/x86_64-linux-gnu/libz.so.1.2.8
7feb7864b000-7feb78805000 r-xp 00000000 08:16 3413538                    /lib/x86_64-linux-gnu/libc-2.19.so
7feb78805000-7feb78a05000 ---p 001ba000 08:16 3413538                    /lib/x86_64-linux-gnu/libc-2.19.so
7feb78a05000-7feb78a09000 r--p 001ba000 08:16 3413538                    /lib/x86_64-linux-gnu/libc-2.19.so
7feb78a09000-7feb78a0b000 rw-p 001be000 08:16 3413538                    /lib/x86_64-linux-gnu/libc-2.19.so
7feb78a0b000-7feb78a10000 rw-p 00000000 00:00 0 
7feb78a10000-7feb78a1d000 r-xp 00000000 08:16 1574169                    /usr/lib/jvm/java-8-openjdk-amd64/jre/lib/amd64/jli/libjli.so
7feb78a1d000-7feb78c1d000 ---p 0000d000 08:16 1574169                    /usr/lib/jvm/java-8-openjdk-amd64/jre/lib/amd64/jli/libjli.so
7feb78c1d000-7feb78c1e000 r--p 0000d000 08:16 1574169                    /usr/lib/jvm/java-8-openjdk-amd64/jre/lib/amd64/jli/libjli.so
7feb78c1e000-7feb78c1f000 rw-p 0000e000 08:16 1574169                    /usr/lib/jvm/java-8-openjdk-amd64/jre/lib/amd64/jli/libjli.so
7feb78c1f000-7feb78c42000 r-xp 00000000 08:16 3413531                    /lib/x86_64-linux-gnu/ld-2.19.so
7feb78d21000-7feb78d24000 ---p 00000000 00:00 0 
7feb78d24000-7feb78e27000 rw-p 00000000 00:00 0                          [stack:11829]
7feb78e32000-7feb78e35000 rw-p 00000000 00:00 0 
7feb78e35000-7feb78e3d000 rw-s 00000000 08:16 4473308                    /tmp/hsperfdata_root/11820
7feb78e3d000-7feb78e3e000 rw-p 00000000 00:00 0 
7feb78e3e000-7feb78e3f000 r--p 00000000 00:00 0 
7feb78e3f000-7feb78e41000 rw-p 00000000 00:00 0 
7feb78e41000-7feb78e42000 r--p 00022000 08:16 3413531                    /lib/x86_64-linux-gnu/ld-2.19.so
7feb78e42000-7feb78e43000 rw-p 00023000 08:16 3413531                    /lib/x86_64-linux-gnu/ld-2.19.so
7feb78e43000-7feb78e44000 rw-p 00000000 00:00 0 
7ffc5077b000-7ffc5079c000 rw-p 00000000 00:00 0                          [stack]
7ffc507e9000-7ffc507eb000 r-xp 00000000 00:00 0                          [vdso]
ffffffffff600000-ffffffffff601000 r-xp 00000000 00:00 0                  [vsyscall]

VM Arguments:
jvm_args: -Djava.awt.headless=true -Xmx1024M -Dfile.encoding=UTF-8 -Duser.country=US -Duser.language=en -Duser.variant 
java_command: com.android.dx.command.Main --dex --num-threads=4 --output /home/pc2/Desktop/Android/SOSapp/SOSapp/app/build/intermediates/pre-dexed/debug/com.google.android.gms-play-services-safetynet-8.4.0_4f6573709439a12c869b3e47764c1c49dc9010b1.jar /home/pc2/Desktop/Android/SOSapp/SOSapp/app/build/intermediates/exploded-aar/com.google.android.gms/play-services-safetynet/8.4.0/jars/classes.jar
java_class_path (initial): /root/Android/Sdk/build-tools/23.0.3/lib/dx.jar
Launcher Type: SUN_STANDARD

Environment Variables:
PATH=/usr/local/sbin:/usr/local/bin:/usr/sbin:/usr/bin:/sbin:/bin
USERNAME=root
LD_LIBRARY_PATH=.:
SHELL=/bin/bash
DISPLAY=:0

Signal Handlers:
SIGSEGV: [libjvm.so+0x9f6230], sa_mask[0]=11111111011111111101111111111110, sa_flags=SA_RESTART|SA_SIGINFO
SIGBUS: [libjvm.so+0x9f6230], sa_mask[0]=11111111011111111101111111111110, sa_flags=SA_RESTART|SA_SIGINFO
SIGFPE: [libjvm.so+0x856c80], sa_mask[0]=11111111011111111101111111111110, sa_flags=SA_RESTART|SA_SIGINFO
SIGPIPE: [libjvm.so+0x856c80], sa_mask[0]=11111111011111111101111111111110, sa_flags=SA_RESTART|SA_SIGINFO
SIGXFSZ: [libjvm.so+0x856c80], sa_mask[0]=11111111011111111101111111111110, sa_flags=SA_RESTART|SA_SIGINFO
SIGILL: [libjvm.so+0x856c80], sa_mask[0]=11111111011111111101111111111110, sa_flags=SA_RESTART|SA_SIGINFO
SIGUSR1: SIG_DFL, sa_mask[0]=00000000000000000000000000000000, sa_flags=none
SIGUSR2: [libjvm.so+0x856b50], sa_mask[0]=00100000000000000000000000000000, sa_flags=SA_RESTART|SA_SIGINFO
SIGHUP: SIG_DFL, sa_mask[0]=00000000000000000000000000000000, sa_flags=none
SIGINT: SIG_DFL, sa_mask[0]=00000000000000000000000000000000, sa_flags=none
SIGTERM: SIG_DFL, sa_mask[0]=00000000000000000000000000000000, sa_flags=none
SIGQUIT: SIG_DFL, sa_mask[0]=00000000000000000000000000000000, sa_flags=none


---------------  S Y S T E M  ---------------

OS:DISTRIB_ID=Ubuntu
DISTRIB_RELEASE=14.04
DISTRIB_CODENAME=trusty
DISTRIB_DESCRIPTION="Ubuntu 14.04.4 LTS"

uname:Linux 3.13.0-91-generic #138-Ubuntu SMP Fri Jun 24 17:00:34 UTC 2016 x86_64
libc:glibc 2.19 NPTL 2.19 
rlimit: STACK 8192k, CORE 0k, NPROC 62225, NOFILE 4096, AS infinity
load average:11.11 3.16 1.68

/proc/meminfo:
MemTotal:        8054008 kB
MemFree:          125200 kB
Buffers:            1824 kB
Cached:           176764 kB
SwapCached:            0 kB
Active:          7266344 kB
Inactive:         147728 kB
Active(anon):    7237548 kB
Inactive(anon):   117736 kB
Active(file):      28796 kB
Inactive(file):    29992 kB
Unevictable:          48 kB
Mlocked:              48 kB
SwapTotal:             0 kB
SwapFree:              0 kB
Dirty:               732 kB
Writeback:           420 kB
AnonPages:       7236128 kB
Mapped:           387956 kB
Shmem:            118976 kB
Slab:              91896 kB
SReclaimable:      34628 kB
SUnreclaim:        57268 kB
KernelStack:        8832 kB
PageTables:        60996 kB
NFS_Unstable:          0 kB
Bounce:                0 kB
WritebackTmp:          0 kB
CommitLimit:     4027004 kB
Committed_AS:   14114052 kB
VmallocTotal:   34359738367 kB
VmallocUsed:      600704 kB
VmallocChunk:   34359109084 kB
HardwareCorrupted:     0 kB
AnonHugePages:   3184640 kB
HugePages_Total:       0
HugePages_Free:        0
HugePages_Rsvd:        0
HugePages_Surp:        0
Hugepagesize:       2048 kB
DirectMap4k:      680704 kB
DirectMap2M:     7585792 kB
DirectMap1G:           0 kB


CPU:total 8 (4 cores per cpu, 2 threads per core) family 6 model 60 stepping 3, cmov, cx8, fxsr, mmx, sse, sse2, sse3, ssse3, sse4.1, sse4.2, popcnt, avx, avx2, aes, clmul, erms, lzcnt, ht, tsc, tscinvbit, bmi1, bmi2

/proc/cpuinfo:
processor	: 0
vendor_id	: GenuineIntel
cpu family	: 6
model		: 60
model name	: Intel(R) Core(TM) i7-4702MQ CPU @ 2.20GHz
stepping	: 3
microcode	: 0x17
cpu MHz		: 2201.000
cache size	: 6144 KB
physical id	: 0
siblings	: 8
core id		: 0
cpu cores	: 4
apicid		: 0
initial apicid	: 0
fpu		: yes
fpu_exception	: yes
cpuid level	: 13
wp		: yes
flags		: fpu vme de pse tsc msr pae mce cx8 apic sep mtrr pge mca cmov pat pse36 clflush dts acpi mmx fxsr sse sse2 ss ht tm pbe syscall nx pdpe1gb rdtscp lm constant_tsc arch_perfmon pebs bts rep_good nopl xtopology nonstop_tsc aperfmperf eagerfpu pni pclmulqdq dtes64 monitor ds_cpl vmx est tm2 ssse3 fma cx16 xtpr pdcm pcid sse4_1 sse4_2 movbe popcnt tsc_deadline_timer aes xsave avx f16c rdrand lahf_lm abm ida arat epb xsaveopt pln pts dtherm tpr_shadow vnmi flexpriority ept vpid fsgsbase tsc_adjust bmi1 avx2 smep bmi2 erms invpcid
bogomips	: 4389.83
clflush size	: 64
cache_alignment	: 64
address sizes	: 39 bits physical, 48 bits virtual
power management:

processor	: 1
vendor_id	: GenuineIntel
cpu family	: 6
model		: 60
model name	: Intel(R) Core(TM) i7-4702MQ CPU @ 2.20GHz
stepping	: 3
microcode	: 0x17
cpu MHz		: 2201.000
cache size	: 6144 KB
physical id	: 0
siblings	: 8
core id		: 0
cpu cores	: 4
apicid		: 1
initial apicid	: 1
fpu		: yes
fpu_exception	: yes
cpuid level	: 13
wp		: yes
flags		: fpu vme de pse tsc msr pae mce cx8 apic sep mtrr pge mca cmov pat pse36 clflush dts acpi mmx fxsr sse sse2 ss ht tm pbe syscall nx pdpe1gb rdtscp lm constant_tsc arch_perfmon pebs bts rep_good nopl xtopology nonstop_tsc aperfmperf eagerfpu pni pclmulqdq dtes64 monitor ds_cpl vmx est tm2 ssse3 fma cx16 xtpr pdcm pcid sse4_1 sse4_2 movbe popcnt tsc_deadline_timer aes xsave avx f16c rdrand lahf_lm abm ida arat epb xsaveopt pln pts dtherm tpr_shadow vnmi flexpriority ept vpid fsgsbase tsc_adjust bmi1 avx2 smep bmi2 erms invpcid
bogomips	: 4389.83
clflush size	: 64
cache_alignment	: 64
address sizes	: 39 bits physical, 48 bits virtual
power management:

processor	: 2
vendor_id	: GenuineIntel
cpu family	: 6
model		: 60
model name	: Intel(R) Core(TM) i7-4702MQ CPU @ 2.20GHz
stepping	: 3
microcode	: 0x17
cpu MHz		: 2201.000
cache size	: 6144 KB
physical id	: 0
siblings	: 8
core id		: 1
cpu cores	: 4
apicid		: 2
initial apicid	: 2
fpu		: yes
fpu_exception	: yes
cpuid level	: 13
wp		: yes
flags		: fpu vme de pse tsc msr pae mce cx8 apic sep mtrr pge mca cmov pat pse36 clflush dts acpi mmx fxsr sse sse2 ss ht tm pbe syscall nx pdpe1gb rdtscp lm constant_tsc arch_perfmon pebs bts rep_good nopl xtopology nonstop_tsc aperfmperf eagerfpu pni pclmulqdq dtes64 monitor ds_cpl vmx est tm2 ssse3 fma cx16 xtpr pdcm pcid sse4_1 sse4_2 movbe popcnt tsc_deadline_timer aes xsave avx f16c rdrand lahf_lm abm ida arat epb xsaveopt pln pts dtherm tpr_shadow vnmi flexpriority ept vpid fsgsbase tsc_adjust bmi1 avx2 smep bmi2 erms invpcid
bogomips	: 4389.83
clflush size	: 64
cache_alignment	: 64
address sizes	: 39 bits physical, 48 bits virtual
power management:

processor	: 3
vendor_id	: GenuineIntel
cpu family	: 6
model		: 60
model name	: Intel(R) Core(TM) i7-4702MQ CPU @ 2.20GHz
stepping	: 3
microcode	: 0x17
cpu MHz		: 2201.000
cache size	: 6144 KB
physical id	: 0
siblings	: 8
core id		: 1
cpu cores	: 4
apicid		: 3
initial apicid	: 3
fpu		: yes
fpu_exception	: yes
cpuid level	: 13
wp		: yes
flags		: fpu vme de pse tsc msr pae mce cx8 apic sep mtrr pge mca cmov pat pse36 clflush dts acpi mmx fxsr sse sse2 ss ht tm pbe syscall nx pdpe1gb rdtscp lm constant_tsc arch_perfmon pebs bts rep_good nopl xtopology nonstop_tsc aperfmperf eagerfpu pni pclmulqdq dtes64 monitor ds_cpl vmx est tm2 ssse3 fma cx16 xtpr pdcm pcid sse4_1 sse4_2 movbe popcnt tsc_deadline_timer aes xsave avx f16c rdrand lahf_lm abm ida arat epb xsaveopt pln pts dtherm tpr_shadow vnmi flexpriority ept vpid fsgsbase tsc_adjust bmi1 avx2 smep bmi2 erms invpcid
bogomips	: 4389.83
clflush size	: 64
cache_alignment	: 64
address sizes	: 39 bits physical, 48 bits virtual
power management:

processor	: 4
vendor_id	: GenuineIntel
cpu family	: 6
model		: 60
model name	: Intel(R) Core(TM) i7-4702MQ CPU @ 2.20GHz
stepping	: 3
microcode	: 0x17
cpu MHz		: 2201.000
cache size	: 6144 KB
physical id	: 0
siblings	: 8
core id		: 2
cpu cores	: 4
apicid		: 4
initial apicid	: 4
fpu		: yes
fpu_exception	: yes
cpuid level	: 13
wp		: yes
flags		: fpu vme de pse tsc msr pae mce cx8 apic sep mtrr pge mca cmov pat pse36 clflush dts acpi mmx fxsr sse sse2 ss ht tm pbe syscall nx pdpe1gb rdtscp lm constant_tsc arch_perfmon pebs bts rep_good nopl xtopology nonstop_tsc aperfmperf eagerfpu pni pclmulqdq dtes64 monitor ds_cpl vmx est tm2 ssse3 fma cx16 xtpr pdcm pcid sse4_1 sse4_2 movbe popcnt tsc_deadline_timer aes xsave avx f16c rdrand lahf_lm abm ida arat epb xsaveopt pln pts dtherm tpr_shadow vnmi flexpriority ept vpid fsgsbase tsc_adjust bmi1 avx2 smep bmi2 erms invpcid
bogomips	: 4389.83
clflush size	: 64
cache_alignment	: 64
address sizes	: 39 bits physical, 48 bits virtual
power management:

processor	: 5
vendor_id	: GenuineIntel
cpu family	: 6
model		: 60
model name	: Intel(R) Core(TM) i7-4702MQ CPU @ 2.20GHz
stepping	: 3
microcode	: 0x17
cpu MHz		: 2201.000
cache size	: 6144 KB
physical id	: 0
siblings	: 8
core id		: 2
cpu cores	: 4
apicid		: 5
initial apicid	: 5
fpu		: yes
fpu_exception	: yes
cpuid level	: 13
wp		: yes
flags		: fpu vme de pse tsc msr pae mce cx8 apic sep mtrr pge mca cmov pat pse36 clflush dts acpi mmx fxsr sse sse2 ss ht tm pbe syscall nx pdpe1gb rdtscp lm constant_tsc arch_perfmon pebs bts rep_good nopl xtopology nonstop_tsc aperfmperf eagerfpu pni pclmulqdq dtes64 monitor ds_cpl vmx est tm2 ssse3 fma cx16 xtpr pdcm pcid sse4_1 sse4_2 movbe popcnt tsc_deadline_timer aes xsave avx f16c rdrand lahf_lm abm ida arat epb xsaveopt pln pts dtherm tpr_shadow vnmi flexpriority ept vpid fsgsbase tsc_adjust bmi1 avx2 smep bmi2 erms invpcid
bogomips	: 4389.83
clflush size	: 64
cache_alignment	: 64
address sizes	: 39 bits physical, 48 bits virtual
power management:

processor	: 6
vendor_id	: GenuineIntel
cpu family	: 6
model		: 60
model name	: Intel(R) Core(TM) i7-4702MQ CPU @ 2.20GHz
stepping	: 3
microcode	: 0x17
cpu MHz		: 2201.000
cache size	: 6144 KB
physical id	: 0
siblings	: 8
core id		: 3
cpu cores	: 4
apicid		: 6
initial apicid	: 6
fpu		: yes
fpu_exception	: yes
cpuid level	: 13
wp		: yes
flags		: fpu vme de pse tsc msr pae mce cx8 apic sep mtrr pge mca cmov pat pse36 clflush dts acpi mmx fxsr sse sse2 ss ht tm pbe syscall nx pdpe1gb rdtscp lm constant_tsc arch_perfmon pebs bts rep_good nopl xtopology nonstop_tsc aperfmperf eagerfpu pni pclmulqdq dtes64 monitor ds_cpl vmx est tm2 ssse3 fma cx16 xtpr pdcm pcid sse4_1 sse4_2 movbe popcnt tsc_deadline_timer aes xsave avx f16c rdrand lahf_lm abm ida arat epb xsaveopt pln pts dtherm tpr_shadow vnmi flexpriority ept vpid fsgsbase tsc_adjust bmi1 avx2 smep bmi2 erms invpcid
bogomips	: 4389.83
clflush size	: 64
cache_alignment	: 64
address sizes	: 39 bits physical, 48 bits virtual
power management:

processor	: 7
vendor_id	: GenuineIntel
cpu family	: 6
model		: 60
model name	: Intel(R) Core(TM) i7-4702MQ CPU @ 2.20GHz
stepping	: 3
microcode	: 0x17
cpu MHz		: 2201.000
cache size	: 6144 KB
physical id	: 0
siblings	: 8
core id		: 3
cpu cores	: 4
apicid		: 7
initial apicid	: 7
fpu		: yes
fpu_exception	: yes
cpuid level	: 13
wp		: yes
flags		: fpu vme de pse tsc msr pae mce cx8 apic sep mtrr pge mca cmov pat pse36 clflush dts acpi mmx fxsr sse sse2 ss ht tm pbe syscall nx pdpe1gb rdtscp lm constant_tsc arch_perfmon pebs bts rep_good nopl xtopology nonstop_tsc aperfmperf eagerfpu pni pclmulqdq dtes64 monitor ds_cpl vmx est tm2 ssse3 fma cx16 xtpr pdcm pcid sse4_1 sse4_2 movbe popcnt tsc_deadline_timer aes xsave avx f16c rdrand lahf_lm abm ida arat epb xsaveopt pln pts dtherm tpr_shadow vnmi flexpriority ept vpid fsgsbase tsc_adjust bmi1 avx2 smep bmi2 erms invpcid
bogomips	: 4389.83
clflush size	: 64
cache_alignment	: 64
address sizes	: 39 bits physical, 48 bits virtual
power management:



Memory: 4k page, physical 8054008k(124952k free), swap 0k(0k free)

vm_info: OpenJDK 64-Bit Server VM (25.91-b14) for linux-amd64 JRE (1.8.0_91-8u91-b14-0ubuntu4~14.04-b14), built on Apr 22 2016 12:27:31 by "buildd" with gcc 4.8.2

time: Fri Jul  8 16:13:46 2016
elapsed time: 0 seconds (0d 0h 0m 0s)

