#
# There is insufficient memory for the Java Runtime Environment to continue.
# Native memory allocation (mmap) failed to map 169869312 bytes for committing reserved memory.
# Possible reasons:
#   The system is out of physical RAM or swap space
#   In 32 bit mode, the process size limit was hit
# Possible solutions:
#   Reduce memory load on the system
#   Increase physical memory or swap space
#   Check if swap backing store is full
#   Use 64 bit Java on a 64 bit OS
#   Decrease Java heap size (-Xmx/-Xms)
#   Decrease number of Java threads
#   Decrease Java thread stack sizes (-Xss)
#   Set larger code cache with -XX:ReservedCodeCacheSize=
# This output file may be truncated or incomplete.
#
#  Out of Memory Error (os_linux.cpp:2630), pid=25432, tid=140371425158912
#
# JRE version: OpenJDK Runtime Environment (8.0_91-b14) (build 1.8.0_91-8u91-b14-0ubuntu4~14.04-b14)
# Java VM: OpenJDK 64-Bit Server VM (25.91-b14 mixed mode linux-amd64 compressed oops)
# Failed to write core dump. Core dumps have been disabled. To enable core dumping, try "ulimit -c unlimited" before starting Java again
#

---------------  T H R E A D  ---------------

Current thread (0x00007faadc080000):  VMThread [stack: 0x00007faac4dee000,0x00007faac4eef000] [id=25466]

Stack: [0x00007faac4dee000,0x00007faac4eef000],  sp=0x00007faac4eed480,  free space=1021k
Native frames: (J=compiled Java code, j=interpreted, Vv=VM code, C=native code)
V  [libjvm.so+0x9f573d]
V  [libjvm.so+0x4bc3da]
V  [libjvm.so+0x85b0a0]
V  [libjvm.so+0x855b9f]
V  [libjvm.so+0x8cb83b]
V  [libjvm.so+0x8cc4f0]
V  [libjvm.so+0x8cc80b]
V  [libjvm.so+0x8c8f1c]
V  [libjvm.so+0x8c96f8]
V  [libjvm.so+0x87e0d3]
V  [libjvm.so+0x9f7204]
V  [libjvm.so+0x9fb5b7]
V  [libjvm.so+0x9fa078]
V  [libjvm.so+0x9fa4f9]
V  [libjvm.so+0x9fa942]
V  [libjvm.so+0x8584a2]

VM_Operation (0x00007faab7dfbd40): ParallelGCFailedAllocation, mode: safepoint, requested by thread 0x00007faadc18e000


---------------  P R O C E S S  ---------------

Java Threads: ( => current thread )
  0x00007faadc194800 JavaThread "pool-1-thread-4" [_thread_blocked, id=25566, stack(0x00007faab78f9000,0x00007faab79fa000)]
  0x00007faadc193000 JavaThread "pool-1-thread-3" [_thread_blocked, id=25565, stack(0x00007faab79fa000,0x00007faab7afb000)]
  0x00007faadc191800 JavaThread "pool-1-thread-2" [_thread_blocked, id=25563, stack(0x00007faab7afb000,0x00007faab7bfc000)]
  0x00007faadc190000 JavaThread "pool-2-thread-1" [_thread_blocked, id=25561, stack(0x00007faab7bfc000,0x00007faab7cfd000)]
  0x00007faadc18e000 JavaThread "pool-1-thread-1" [_thread_blocked, id=25559, stack(0x00007faab7cfd000,0x00007faab7dfe000)]
  0x00007faadc0c4000 JavaThread "Service Thread" daemon [_thread_blocked, id=25489, stack(0x00007faab7eff000,0x00007faab8000000)]
  0x00007faadc0bf000 JavaThread "C1 CompilerThread3" daemon [_thread_blocked, id=25483, stack(0x00007faac4005000,0x00007faac4106000)]
  0x00007faadc0bb000 JavaThread "C2 CompilerThread2" daemon [_thread_in_native, id=25481, stack(0x00007faac4106000,0x00007faac4207000)]
  0x00007faadc0b9000 JavaThread "C2 CompilerThread1" daemon [_thread_blocked, id=25480, stack(0x00007faac4207000,0x00007faac4308000)]
  0x00007faadc0b6000 JavaThread "C2 CompilerThread0" daemon [_thread_in_native, id=25478, stack(0x00007faac4308000,0x00007faac4409000)]
  0x00007faadc0b4000 JavaThread "Signal Dispatcher" daemon [_thread_blocked, id=25477, stack(0x00007faac4409000,0x00007faac450a000)]
  0x00007faadc08c000 JavaThread "Finalizer" daemon [_thread_blocked, id=25472, stack(0x00007faac4bec000,0x00007faac4ced000)]
  0x00007faadc087800 JavaThread "Reference Handler" daemon [_thread_blocked, id=25470, stack(0x00007faac4ced000,0x00007faac4dee000)]
  0x00007faadc00a000 JavaThread "main" [_thread_blocked, id=25436, stack(0x00007faae4c3e000,0x00007faae4d3f000)]

Other Threads:
=>0x00007faadc080000 VMThread [stack: 0x00007faac4dee000,0x00007faac4eef000] [id=25466]
  0x00007faadc0c6800 WatcherThread [stack: 0x00007faab7dfe000,0x00007faab7eff000] [id=25493]

VM state:at safepoint (normal execution)

VM Mutex/Monitor currently owned by a thread:  ([mutex/lock_event])
[0x00007faadc0067a0] Threads_lock - owner thread: 0x00007faadc080000
[0x00007faadc006ca0] Heap_lock - owner thread: 0x00007faadc18e000

Heap:
 PSYoungGen      total 132096K, used 5101K [0x00000000eab00000, 0x00000000f3100000, 0x0000000100000000)
  eden space 126976K, 0% used [0x00000000eab00000,0x00000000eab00000,0x00000000f2700000)
  from space 5120K, 99% used [0x00000000f2700000,0x00000000f2bfb718,0x00000000f2c00000)
  to   space 5120K, 0% used [0x00000000f2c00000,0x00000000f2c00000,0x00000000f3100000)
 ParOldGen       total 84992K, used 39980K [0x00000000c0000000, 0x00000000c5300000, 0x00000000eab00000)
  object space 84992K, 47% used [0x00000000c0000000,0x00000000c270b2f8,0x00000000c5300000)
 Metaspace       used 6292K, capacity 7152K, committed 7296K, reserved 1056768K
  class space    used 590K, capacity 616K, committed 640K, reserved 1048576K

Card table byte_map: [0x00007faae11d6000,0x00007faae13d7000] byte_map_base: 0x00007faae0bd6000

Marking Bits: (ParMarkBitMap*) 0x00007faae3f0e080
 Begin Bits: [0x00007faac6000000, 0x00007faac7000000)
 End Bits:   [0x00007faac7000000, 0x00007faac8000000)

Polling page: 0x00007faae4d59000

CodeCache: size=245760Kb used=6174Kb max_used=6174Kb free=239585Kb
 bounds [0x00007faacd000000, 0x00007faacd610000, 0x00007faadc000000]
 total_blobs=2028 nmethods=1760 adapters=182
 compilation: enabled

Compilation events (10 events):
Event: 8.852 Thread 0x00007faadc0bf000 2059       2       com.android.dx.cf.iface.StdField::getConstantValue (28 bytes)
Event: 8.853 Thread 0x00007faadc0bf000 nmethod 2059 0x00007faacd609bd0 code [0x00007faacd609d40, 0x00007faacd609f48]
Event: 8.853 Thread 0x00007faadc0bf000 2060       2       com.android.dx.dex.file.ClassDefItem::addStaticField (10 bytes)
Event: 8.853 Thread 0x00007faadc0bf000 nmethod 2060 0x00007faacd60a090 code [0x00007faacd60a200, 0x00007faacd60a368]
Event: 8.853 Thread 0x00007faadc0bf000 2061       2       com.android.dx.dex.file.EncodedField::hashCode (8 bytes)
Event: 8.853 Thread 0x00007faadc0bf000 nmethod 2061 0x00007faacd60a450 code [0x00007faacd60a5e0, 0x00007faacd60a808]
Event: 8.866 Thread 0x00007faadc0bf000 2062       2       java.util.concurrent.ArrayBlockingQueue::enqueue (53 bytes)
Event: 8.867 Thread 0x00007faadc0bf000 nmethod 2062 0x00007faacd60ab50 code [0x00007faacd60ace0, 0x00007faacd60b028]
Event: 8.882 Thread 0x00007faadc0bf000 2063       2       com.android.dx.rop.cst.CstString::<init> (42 bytes)
Event: 8.883 Thread 0x00007faadc0bf000 nmethod 2063 0x00007faacd60b290 code [0x00007faacd60b420, 0x00007faacd60b738]

GC Heap History (9 events):
Event: 2.560 GC heap before
{Heap before GC invocations=1 (full 0):
 PSYoungGen      total 36864K, used 31744K [0x00000000eab00000, 0x00000000ed400000, 0x0000000100000000)
  eden space 31744K, 100% used [0x00000000eab00000,0x00000000eca00000,0x00000000eca00000)
  from space 5120K, 0% used [0x00000000ecf00000,0x00000000ecf00000,0x00000000ed400000)
  to   space 5120K, 0% used [0x00000000eca00000,0x00000000eca00000,0x00000000ecf00000)
 ParOldGen       total 84992K, used 0K [0x00000000c0000000, 0x00000000c5300000, 0x00000000eab00000)
  object space 84992K, 0% used [0x00000000c0000000,0x00000000c0000000,0x00000000c5300000)
 Metaspace       used 5710K, capacity 6768K, committed 7040K, reserved 1056768K
  class space    used 569K, capacity 616K, committed 640K, reserved 1048576K
Event: 2.604 GC heap after
Heap after GC invocations=1 (full 0):
 PSYoungGen      total 36864K, used 5106K [0x00000000eab00000, 0x00000000ef300000, 0x0000000100000000)
  eden space 31744K, 0% used [0x00000000eab00000,0x00000000eab00000,0x00000000eca00000)
  from space 5120K, 99% used [0x00000000eca00000,0x00000000ecefca68,0x00000000ecf00000)
  to   space 5120K, 0% used [0x00000000eee00000,0x00000000eee00000,0x00000000ef300000)
 ParOldGen       total 84992K, used 791K [0x00000000c0000000, 0x00000000c5300000, 0x00000000eab00000)
  object space 84992K, 0% used [0x00000000c0000000,0x00000000c00c5e68,0x00000000c5300000)
 Metaspace       used 5710K, capacity 6768K, committed 7040K, reserved 1056768K
  class space    used 569K, capacity 616K, committed 640K, reserved 1048576K
}
Event: 3.872 GC heap before
{Heap before GC invocations=2 (full 0):
 PSYoungGen      total 36864K, used 36850K [0x00000000eab00000, 0x00000000ef300000, 0x0000000100000000)
  eden space 31744K, 100% used [0x00000000eab00000,0x00000000eca00000,0x00000000eca00000)
  from space 5120K, 99% used [0x00000000eca00000,0x00000000ecefca68,0x00000000ecf00000)
  to   space 5120K, 0% used [0x00000000eee00000,0x00000000eee00000,0x00000000ef300000)
 ParOldGen       total 84992K, used 791K [0x00000000c0000000, 0x00000000c5300000, 0x00000000eab00000)
  object space 84992K, 0% used [0x00000000c0000000,0x00000000c00c5e68,0x00000000c5300000)
 Metaspace       used 5875K, capacity 6896K, committed 7040K, reserved 1056768K
  class space    used 570K, capacity 616K, committed 640K, reserved 1048576K
Event: 3.940 GC heap after
Heap after GC invocations=2 (full 0):
 PSYoungGen      total 68608K, used 5103K [0x00000000eab00000, 0x00000000ef300000, 0x0000000100000000)
  eden space 63488K, 0% used [0x00000000eab00000,0x00000000eab00000,0x00000000ee900000)
  from space 5120K, 99% used [0x00000000eee00000,0x00000000ef2fbf40,0x00000000ef300000)
  to   space 5120K, 0% used [0x00000000ee900000,0x00000000ee900000,0x00000000eee00000)
 ParOldGen       total 84992K, used 4954K [0x00000000c0000000, 0x00000000c5300000, 0x00000000eab00000)
  object space 84992K, 5% used [0x00000000c0000000,0x00000000c04d6a38,0x00000000c5300000)
 Metaspace       used 5875K, capacity 6896K, committed 7040K, reserved 1056768K
  class space    used 570K, capacity 616K, committed 640K, reserved 1048576K
}
Event: 5.211 GC heap before
{Heap before GC invocations=3 (full 0):
 PSYoungGen      total 68608K, used 68591K [0x00000000eab00000, 0x00000000ef300000, 0x0000000100000000)
  eden space 63488K, 100% used [0x00000000eab00000,0x00000000ee900000,0x00000000ee900000)
  from space 5120K, 99% used [0x00000000eee00000,0x00000000ef2fbf40,0x00000000ef300000)
  to   space 5120K, 0% used [0x00000000ee900000,0x00000000ee900000,0x00000000eee00000)
 ParOldGen       total 84992K, used 4954K [0x00000000c0000000, 0x00000000c5300000, 0x00000000eab00000)
  object space 84992K, 5% used [0x00000000c0000000,0x00000000c04d6a38,0x00000000c5300000)
 Metaspace       used 5935K, capacity 6960K, committed 7040K, reserved 1056768K
  class space    used 571K, capacity 616K, committed 640K, reserved 1048576K
Event: 5.281 GC heap after
Heap after GC invocations=3 (full 0):
 PSYoungGen      total 68608K, used 5101K [0x00000000eab00000, 0x00000000f3100000, 0x0000000100000000)
  eden space 63488K, 0% used [0x00000000eab00000,0x00000000eab00000,0x00000000ee900000)
  from space 5120K, 99% used [0x00000000ee900000,0x00000000eedfb610,0x00000000eee00000)
  to   space 5120K, 0% used [0x00000000f2c00000,0x00000000f2c00000,0x00000000f3100000)
 ParOldGen       total 84992K, used 13610K [0x00000000c0000000, 0x00000000c5300000, 0x00000000eab00000)
  object space 84992K, 16% used [0x00000000c0000000,0x00000000c0d4abe0,0x00000000c5300000)
 Metaspace       used 5935K, capacity 6960K, committed 7040K, reserved 1056768K
  class space    used 571K, capacity 616K, committed 640K, reserved 1048576K
}
Event: 6.201 GC heap before
{Heap before GC invocations=4 (full 0):
 PSYoungGen      total 68608K, used 68589K [0x00000000eab00000, 0x00000000f3100000, 0x0000000100000000)
  eden space 63488K, 100% used [0x00000000eab00000,0x00000000ee900000,0x00000000ee900000)
  from space 5120K, 99% used [0x00000000ee900000,0x00000000eedfb610,0x00000000eee00000)
  to   space 5120K, 0% used [0x00000000f2c00000,0x00000000f2c00000,0x00000000f3100000)
 ParOldGen       total 84992K, used 13610K [0x00000000c0000000, 0x00000000c5300000, 0x00000000eab00000)
  object space 84992K, 16% used [0x00000000c0000000,0x00000000c0d4abe0,0x00000000c5300000)
 Metaspace       used 6122K, capacity 7088K, committed 7296K, reserved 1056768K
  class space    used 589K, capacity 616K, committed 640K, reserved 1048576K
Event: 6.476 GC heap after
Heap after GC invocations=4 (full 0):
 PSYoungGen      total 132096K, used 5095K [0x00000000eab00000, 0x00000000f3100000, 0x0000000100000000)
  eden space 126976K, 0% used [0x00000000eab00000,0x00000000eab00000,0x00000000f2700000)
  from space 5120K, 99% used [0x00000000f2c00000,0x00000000f30f9c10,0x00000000f3100000)
  to   space 5120K, 0% used [0x00000000f2700000,0x00000000f2700000,0x00000000f2c00000)
 ParOldGen       total 84992K, used 22386K [0x00000000c0000000, 0x00000000c5300000, 0x00000000eab00000)
  object space 84992K, 26% used [0x00000000c0000000,0x00000000c15dc820,0x00000000c5300000)
 Metaspace       used 6122K, capacity 7088K, committed 7296K, reserved 1056768K
  class space    used 589K, capacity 616K, committed 640K, reserved 1048576K
}
Event: 8.952 GC heap before
{Heap before GC invocations=5 (full 0):
 PSYoungGen      total 132096K, used 132071K [0x00000000eab00000, 0x00000000f3100000, 0x0000000100000000)
  eden space 126976K, 100% used [0x00000000eab00000,0x00000000f2700000,0x00000000f2700000)
  from space 5120K, 99% used [0x00000000f2c00000,0x00000000f30f9c10,0x00000000f3100000)
  to   space 5120K, 0% used [0x00000000f2700000,0x00000000f2700000,0x00000000f2c00000)
 ParOldGen       total 84992K, used 22386K [0x00000000c0000000, 0x00000000c5300000, 0x00000000eab00000)
  object space 84992K, 26% used [0x00000000c0000000,0x00000000c15dc820,0x00000000c5300000)
 Metaspace       used 6292K, capacity 7152K, committed 7296K, reserved 1056768K
  class space    used 590K, capacity 616K, committed 640K, reserved 1048576K

Deoptimization events (10 events):
Event: 5.878 Thread 0x00007faadc00a000 Uncommon trap: reason=bimorphic action=maybe_recompile pc=0x00007faacd353ba4 method=java.util.HashMap.putVal(ILjava/lang/Object;Ljava/lang/Object;ZZ)Ljava/lang/Object; @ 203
Event: 5.878 Thread 0x00007faadc00a000 Uncommon trap: reason=bimorphic action=maybe_recompile pc=0x00007faacd353ba4 method=java.util.HashMap.putVal(ILjava/lang/Object;Ljava/lang/Object;ZZ)Ljava/lang/Object; @ 203
Event: 5.898 Thread 0x00007faadc00a000 Uncommon trap: reason=unstable_if action=reinterpret pc=0x00007faacd291cb8 method=java.util.HashMap.putVal(ILjava/lang/Object;Ljava/lang/Object;ZZ)Ljava/lang/Object; @ 162
Event: 5.909 Thread 0x00007faadc00a000 Uncommon trap: reason=unstable_if action=reinterpret pc=0x00007faacd1e28ac method=java.util.HashMap.getNode(ILjava/lang/Object;)Ljava/util/HashMap$Node; @ 84
Event: 5.910 Thread 0x00007faadc00a000 Uncommon trap: reason=unstable_if action=reinterpret pc=0x00007faacd1e17b8 method=java.util.HashMap.getNode(ILjava/lang/Object;)Ljava/util/HashMap$Node; @ 84
Event: 5.910 Thread 0x00007faadc00a000 Uncommon trap: reason=unstable_if action=reinterpret pc=0x00007faacd353b44 method=java.util.HashMap.putVal(ILjava/lang/Object;Ljava/lang/Object;ZZ)Ljava/lang/Object; @ 109
Event: 7.934 Thread 0x00007faadc194800 Uncommon trap: reason=bimorphic action=maybe_recompile pc=0x00007faacd5aca50 method=com.android.dx.rop.code.RegisterSpec.withSimpleType()Lcom/android/dx/rop/code/RegisterSpec; @ 21
Event: 8.321 Thread 0x00007faadc194800 Uncommon trap: reason=bimorphic action=maybe_recompile pc=0x00007faacd5aca50 method=com.android.dx.rop.code.RegisterSpec.withSimpleType()Lcom/android/dx/rop/code/RegisterSpec; @ 21
Event: 8.849 Thread 0x00007faadc191800 Uncommon trap: reason=bimorphic action=maybe_recompile pc=0x00007faacd5aca50 method=com.android.dx.rop.code.RegisterSpec.withSimpleType()Lcom/android/dx/rop/code/RegisterSpec; @ 21
Event: 8.876 Thread 0x00007faadc191800 Uncommon trap: reason=bimorphic action=maybe_recompile pc=0x00007faacd5aca50 method=com.android.dx.rop.code.RegisterSpec.withSimpleType()Lcom/android/dx/rop/code/RegisterSpec; @ 21

Internal exceptions (8 events):
Event: 0.164 Thread 0x00007faadc00a000 Exception <a 'java/lang/NoSuchMethodError': Method sun.misc.Unsafe.defineClass(Ljava/lang/String;[BII)Ljava/lang/Class; name or signature does not match> (0x00000000eab07cc0) thrown at [/build/openjdk-8-vT_67x/openjdk-8-8u91-b14/src/hotspot/src/share/vm/p
Event: 0.164 Thread 0x00007faadc00a000 Exception <a 'java/lang/NoSuchMethodError': Method sun.misc.Unsafe.prefetchRead(Ljava/lang/Object;J)V name or signature does not match> (0x00000000eab07fa8) thrown at [/build/openjdk-8-vT_67x/openjdk-8-8u91-b14/src/hotspot/src/share/vm/prims/jni.cpp, line
Event: 0.335 Thread 0x00007faadc00a000 Exception <a 'java/util/zip/ZipException'> (0x00000000eab51e98) thrown at [/build/openjdk-8-vT_67x/openjdk-8-8u91-b14/src/hotspot/src/share/vm/prims/jni.cpp, line 709]
Event: 0.335 Thread 0x00007faadc00a000 Exception <a 'java/security/PrivilegedActionException'> (0x00000000eab52138) thrown at [/build/openjdk-8-vT_67x/openjdk-8-8u91-b14/src/hotspot/src/share/vm/prims/jvm.cpp, line 1386]
Event: 0.335 Thread 0x00007faadc00a000 Exception <a 'java/security/PrivilegedActionException'> (0x00000000eab52348) thrown at [/build/openjdk-8-vT_67x/openjdk-8-8u91-b14/src/hotspot/src/share/vm/prims/jvm.cpp, line 1386]
Event: 5.899 Thread 0x00007faadc00a000 Exception <a 'java/lang/ArrayIndexOutOfBoundsException': 18> (0x00000000ed4431a8) thrown at [/build/openjdk-8-vT_67x/openjdk-8-8u91-b14/src/hotspot/src/share/vm/interpreter/interpreterRuntime.cpp, line 366]
Event: 5.899 Thread 0x00007faadc00a000 Exception <a 'java/lang/ArrayIndexOutOfBoundsException': 145> (0x00000000ed444d28) thrown at [/build/openjdk-8-vT_67x/openjdk-8-8u91-b14/src/hotspot/src/share/vm/interpreter/interpreterRuntime.cpp, line 366]
Event: 5.908 Thread 0x00007faadc00a000 Exception <a 'java/lang/ArrayIndexOutOfBoundsException': 40> (0x00000000ed446010) thrown at [/build/openjdk-8-vT_67x/openjdk-8-8u91-b14/src/hotspot/src/share/vm/interpreter/interpreterRuntime.cpp, line 366]

Events (10 events):
Event: 8.876 Thread 0x00007faadc191800 DEOPT PACKING pc=0x00007faacd3b676c sp=0x00007faab7bfa0d0
Event: 8.876 Thread 0x00007faadc191800 DEOPT UNPACKING pc=0x00007faacd047373 sp=0x00007faab7bf9dd0 mode 0
Event: 8.876 Thread 0x00007faadc191800 Uncommon trap: trap_request=0xffffffc6 fr.pc=0x00007faacd5aca50
Event: 8.876 Thread 0x00007faadc191800 DEOPT PACKING pc=0x00007faacd5aca50 sp=0x00007faab7bfa0b0
Event: 8.876 Thread 0x00007faadc191800 DEOPT UNPACKING pc=0x00007faacd004f69 sp=0x00007faab7bfa038 mode 2
Event: 8.886 Thread 0x00007faadc18e000 DEOPT PACKING pc=0x00007faacd37b8c8 sp=0x00007faab7dfbf10
Event: 8.886 Thread 0x00007faadc18e000 DEOPT UNPACKING pc=0x00007faacd047373 sp=0x00007faab7dfbc98 mode 0
Event: 8.920 Thread 0x00007faadc18e000 DEOPT PACKING pc=0x00007faacd3760d0 sp=0x00007faab7dfbeb0
Event: 8.920 Thread 0x00007faadc18e000 DEOPT UNPACKING pc=0x00007faacd047373 sp=0x00007faab7dfbbe0 mode 0
Event: 8.921 Executing VM operation: ParallelGCFailedAllocation


Dynamic libraries:
00400000-00401000 r-xp 00000000 08:16 1058522                            /usr/lib/jvm/java-8-openjdk-amd64/jre/bin/java
00600000-00601000 r--p 00000000 08:16 1058522                            /usr/lib/jvm/java-8-openjdk-amd64/jre/bin/java
00601000-00602000 rw-p 00001000 08:16 1058522                            /usr/lib/jvm/java-8-openjdk-amd64/jre/bin/java
017a8000-017c9000 rw-p 00000000 00:00 0                                  [heap]
c0000000-c5300000 rw-p 00000000 00:00 0 
c5300000-eab00000 ---p 00000000 00:00 0 
eab00000-f3100000 rw-p 00000000 00:00 0 
fd300000-100000000 ---p 00000000 00:00 0 
100000000-1000a0000 rw-p 00000000 00:00 0 
1000a0000-140000000 ---p 00000000 00:00 0 
7faa60000000-7faa60021000 rw-p 00000000 00:00 0 
7faa60021000-7faa64000000 ---p 00000000 00:00 0 
7faa64000000-7faa64027000 rw-p 00000000 00:00 0 
7faa64027000-7faa68000000 ---p 00000000 00:00 0 
7faa68000000-7faa68021000 rw-p 00000000 00:00 0 
7faa68021000-7faa6c000000 ---p 00000000 00:00 0 
7faa6c000000-7faa6c021000 rw-p 00000000 00:00 0 
7faa6c021000-7faa70000000 ---p 00000000 00:00 0 
7faa70000000-7faa70021000 rw-p 00000000 00:00 0 
7faa70021000-7faa74000000 ---p 00000000 00:00 0 
7faa74000000-7faa74047000 rw-p 00000000 00:00 0 
7faa74047000-7faa78000000 ---p 00000000 00:00 0 
7faa78000000-7faa789f8000 rw-p 00000000 00:00 0 
7faa789f8000-7faa7c000000 ---p 00000000 00:00 0 
7faa7c000000-7faa7c021000 rw-p 00000000 00:00 0 
7faa7c021000-7faa80000000 ---p 00000000 00:00 0 
7faa80000000-7faa8094f000 rw-p 00000000 00:00 0 
7faa8094f000-7faa84000000 ---p 00000000 00:00 0 
7faa84000000-7faa84c7e000 rw-p 00000000 00:00 0 
7faa84c7e000-7faa88000000 ---p 00000000 00:00 0 
7faa88000000-7faa88021000 rw-p 00000000 00:00 0 
7faa88021000-7faa8c000000 ---p 00000000 00:00 0 
7faa8c000000-7faa8c9db000 rw-p 00000000 00:00 0 
7faa8c9db000-7faa90000000 ---p 00000000 00:00 0 
7faa90000000-7faa90021000 rw-p 00000000 00:00 0 
7faa90021000-7faa94000000 ---p 00000000 00:00 0 
7faa94000000-7faa94021000 rw-p 00000000 00:00 0 
7faa94021000-7faa98000000 ---p 00000000 00:00 0 
7faa98000000-7faa98021000 rw-p 00000000 00:00 0 
7faa98021000-7faa9c000000 ---p 00000000 00:00 0 
7faa9c000000-7faa9c021000 rw-p 00000000 00:00 0 
7faa9c021000-7faaa0000000 ---p 00000000 00:00 0 
7faaa0000000-7faaa0021000 rw-p 00000000 00:00 0 
7faaa0021000-7faaa4000000 ---p 00000000 00:00 0 
7faaa8000000-7faaa8021000 rw-p 00000000 00:00 0 
7faaa8021000-7faaac000000 ---p 00000000 00:00 0 
7faab0000000-7faab0021000 rw-p 00000000 00:00 0 
7faab0021000-7faab4000000 ---p 00000000 00:00 0 
7faab78f9000-7faab78fc000 ---p 00000000 00:00 0 
7faab78fc000-7faab79fa000 rw-p 00000000 00:00 0                          [stack:25566]
7faab79fa000-7faab79fd000 ---p 00000000 00:00 0 
7faab79fd000-7faab7afb000 rw-p 00000000 00:00 0                          [stack:25565]
7faab7afb000-7faab7afe000 ---p 00000000 00:00 0 
7faab7afe000-7faab7bfc000 rw-p 00000000 00:00 0                          [stack:25563]
7faab7bfc000-7faab7bff000 ---p 00000000 00:00 0 
7faab7bff000-7faab7cfd000 rw-p 00000000 00:00 0                          [stack:25561]
7faab7cfd000-7faab7d00000 ---p 00000000 00:00 0 
7faab7d00000-7faab7dfe000 rw-p 00000000 00:00 0                          [stack:25559]
7faab7dfe000-7faab7dff000 ---p 00000000 00:00 0 
7faab7dff000-7faab7eff000 rw-p 00000000 00:00 0                          [stack:25493]
7faab7eff000-7faab7f02000 ---p 00000000 00:00 0 
7faab7f02000-7faab8000000 rw-p 00000000 00:00 0                          [stack:25489]
7faab8000000-7faab8021000 rw-p 00000000 00:00 0 
7faab8021000-7faabc000000 ---p 00000000 00:00 0 
7faabc000000-7faabc021000 rw-p 00000000 00:00 0 
7faabc021000-7faac0000000 ---p 00000000 00:00 0 
7faac0000000-7faac0021000 rw-p 00000000 00:00 0 
7faac0021000-7faac4000000 ---p 00000000 00:00 0 
7faac4005000-7faac4008000 ---p 00000000 00:00 0 
7faac4008000-7faac4106000 rw-p 00000000 00:00 0                          [stack:25483]
7faac4106000-7faac4109000 ---p 00000000 00:00 0 
7faac4109000-7faac4207000 rw-p 00000000 00:00 0                          [stack:25481]
7faac4207000-7faac420a000 ---p 00000000 00:00 0 
7faac420a000-7faac4308000 rw-p 00000000 00:00 0                          [stack:25480]
7faac4308000-7faac430b000 ---p 00000000 00:00 0 
7faac430b000-7faac4409000 rw-p 00000000 00:00 0                          [stack:25478]
7faac4409000-7faac440c000 ---p 00000000 00:00 0 
7faac440c000-7faac450a000 rw-p 00000000 00:00 0                          [stack:25477]
7faac450a000-7faac4bec000 r--p 00000000 08:16 531444                     /usr/lib/locale/locale-archive
7faac4bec000-7faac4bef000 ---p 00000000 00:00 0 
7faac4bef000-7faac4ced000 rw-p 00000000 00:00 0                          [stack:25472]
7faac4ced000-7faac4cf0000 ---p 00000000 00:00 0 
7faac4cf0000-7faac4dee000 rw-p 00000000 00:00 0                          [stack:25470]
7faac4dee000-7faac4def000 ---p 00000000 00:00 0 
7faac4def000-7faac8000000 rw-p 00000000 00:00 0                          [stack:25466]
7faac8000000-7faac8021000 rw-p 00000000 00:00 0 
7faac8021000-7faacc000000 ---p 00000000 00:00 0 
7faacc0a4000-7faacc0b3000 r--s 000df000 08:16 3674186                    /root/Android/Sdk/build-tools/23.0.3/lib/dx.jar
7faacc0b3000-7faacc0ce000 r--s 001d7000 08:16 1971917                    /usr/lib/jvm/java-8-openjdk-amd64/jre/lib/ext/nashorn.jar
7faacc0ce000-7faacc0d8000 r--s 00116000 08:16 1972026                    /usr/lib/jvm/java-8-openjdk-amd64/jre/lib/ext/localedata.jar
7faacc0d8000-7faacce80000 rw-p 00000000 00:00 0 
7faacce80000-7faacd000000 ---p 00000000 00:00 0 
7faacd000000-7faacd610000 rwxp 00000000 00:00 0 
7faacd610000-7faadc000000 ---p 00000000 00:00 0 
7faadc000000-7faadc1f6000 rw-p 00000000 00:00 0 
7faadc1f6000-7faae0000000 ---p 00000000 00:00 0 
7faae0002000-7faae0003000 rw-p 00000000 00:00 0 
7faae0003000-7faae001f000 r--s 00393000 08:16 1971986                    /usr/lib/jvm/java-8-openjdk-amd64/jre/lib/ext/cldrdata.jar
7faae001f000-7faae0435000 rw-p 00000000 00:00 0 
7faae0435000-7faae0602000 r--s 03be7000 08:16 1328837                    /usr/lib/jvm/java-8-openjdk-amd64/jre/lib/rt.jar
7faae0602000-7faae0878000 rw-p 00000000 00:00 0 
7faae0878000-7faae0879000 ---p 00000000 00:00 0 
7faae0879000-7faae0979000 rw-p 00000000 00:00 0                          [stack:25459]
7faae0979000-7faae097a000 ---p 00000000 00:00 0 
7faae097a000-7faae0a7a000 rw-p 00000000 00:00 0                          [stack:25457]
7faae0a7a000-7faae0a7b000 ---p 00000000 00:00 0 
7faae0a7b000-7faae0b7b000 rw-p 00000000 00:00 0                          [stack:25455]
7faae0b7b000-7faae0b7c000 ---p 00000000 00:00 0 
7faae0b7c000-7faae0c7c000 rw-p 00000000 00:00 0                          [stack:25452]
7faae0c7c000-7faae0c7d000 ---p 00000000 00:00 0 
7faae0c7d000-7faae0d7d000 rw-p 00000000 00:00 0                          [stack:25450]
7faae0d7d000-7faae0d7e000 ---p 00000000 00:00 0 
7faae0d7e000-7faae0e7e000 rw-p 00000000 00:00 0                          [stack:25449]
7faae0e7e000-7faae0e7f000 ---p 00000000 00:00 0 
7faae0e7f000-7faae0f7f000 rw-p 00000000 00:00 0                          [stack:25444]
7faae0f7f000-7faae0f80000 ---p 00000000 00:00 0 
7faae0f80000-7faae10aa000 rw-p 00000000 00:00 0                          [stack:25443]
7faae10aa000-7faae11d6000 ---p 00000000 00:00 0 
7faae11d6000-7faae1200000 rw-p 00000000 00:00 0 
7faae1200000-7faae132b000 ---p 00000000 00:00 0 
7faae132b000-7faae136f000 rw-p 00000000 00:00 0 
7faae136f000-7faae13d6000 ---p 00000000 00:00 0 
7faae13d6000-7faae13f0000 rw-p 00000000 00:00 0 
7faae13f0000-7faae1797000 ---p 00000000 00:00 0 
7faae1797000-7faae179f000 r-xp 00000000 08:16 1444986                    /usr/lib/jvm/java-8-openjdk-amd64/jre/lib/amd64/libzip.so
7faae179f000-7faae199e000 ---p 00008000 08:16 1444986                    /usr/lib/jvm/java-8-openjdk-amd64/jre/lib/amd64/libzip.so
7faae199e000-7faae199f000 r--p 00007000 08:16 1444986                    /usr/lib/jvm/java-8-openjdk-amd64/jre/lib/amd64/libzip.so
7faae199f000-7faae19a0000 rw-p 00008000 08:16 1444986                    /usr/lib/jvm/java-8-openjdk-amd64/jre/lib/amd64/libzip.so
7faae19a0000-7faae19aa000 r-xp 00000000 08:16 3413541                    /lib/x86_64-linux-gnu/libnss_files-2.19.so
7faae19aa000-7faae1ba9000 ---p 0000a000 08:16 3413541                    /lib/x86_64-linux-gnu/libnss_files-2.19.so
7faae1ba9000-7faae1baa000 r--p 00009000 08:16 3413541                    /lib/x86_64-linux-gnu/libnss_files-2.19.so
7faae1baa000-7faae1bab000 rw-p 0000a000 08:16 3413541                    /lib/x86_64-linux-gnu/libnss_files-2.19.so
7faae1bab000-7faae1bb6000 r-xp 00000000 08:16 3413533                    /lib/x86_64-linux-gnu/libnss_nis-2.19.so
7faae1bb6000-7faae1db5000 ---p 0000b000 08:16 3413533                    /lib/x86_64-linux-gnu/libnss_nis-2.19.so
7faae1db5000-7faae1db6000 r--p 0000a000 08:16 3413533                    /lib/x86_64-linux-gnu/libnss_nis-2.19.so
7faae1db6000-7faae1db7000 rw-p 0000b000 08:16 3413533                    /lib/x86_64-linux-gnu/libnss_nis-2.19.so
7faae1db7000-7faae1dce000 r-xp 00000000 08:16 3413529                    /lib/x86_64-linux-gnu/libnsl-2.19.so
7faae1dce000-7faae1fcd000 ---p 00017000 08:16 3413529                    /lib/x86_64-linux-gnu/libnsl-2.19.so
7faae1fcd000-7faae1fce000 r--p 00016000 08:16 3413529                    /lib/x86_64-linux-gnu/libnsl-2.19.so
7faae1fce000-7faae1fcf000 rw-p 00017000 08:16 3413529                    /lib/x86_64-linux-gnu/libnsl-2.19.so
7faae1fcf000-7faae1fd1000 rw-p 00000000 00:00 0 
7faae1fd1000-7faae1fda000 r-xp 00000000 08:16 3413528                    /lib/x86_64-linux-gnu/libnss_compat-2.19.so
7faae1fda000-7faae21d9000 ---p 00009000 08:16 3413528                    /lib/x86_64-linux-gnu/libnss_compat-2.19.so
7faae21d9000-7faae21da000 r--p 00008000 08:16 3413528                    /lib/x86_64-linux-gnu/libnss_compat-2.19.so
7faae21da000-7faae21db000 rw-p 00009000 08:16 3413528                    /lib/x86_64-linux-gnu/libnss_compat-2.19.so
7faae21db000-7faae2207000 r-xp 00000000 08:16 1444413                    /usr/lib/jvm/java-8-openjdk-amd64/jre/lib/amd64/libjava.so
7faae2207000-7faae2407000 ---p 0002c000 08:16 1444413                    /usr/lib/jvm/java-8-openjdk-amd64/jre/lib/amd64/libjava.so
7faae2407000-7faae2408000 r--p 0002c000 08:16 1444413                    /usr/lib/jvm/java-8-openjdk-amd64/jre/lib/amd64/libjava.so
7faae2408000-7faae240a000 rw-p 0002d000 08:16 1444413                    /usr/lib/jvm/java-8-openjdk-amd64/jre/lib/amd64/libjava.so
7faae240a000-7faae241a000 r-xp 00000000 08:16 1444420                    /usr/lib/jvm/java-8-openjdk-amd64/jre/lib/amd64/libverify.so
7faae241a000-7faae2619000 ---p 00010000 08:16 1444420                    /usr/lib/jvm/java-8-openjdk-amd64/jre/lib/amd64/libverify.so
7faae2619000-7faae261b000 r--p 0000f000 08:16 1444420                    /usr/lib/jvm/java-8-openjdk-amd64/jre/lib/amd64/libverify.so
7faae261b000-7faae261c000 rw-p 00011000 08:16 1444420                    /usr/lib/jvm/java-8-openjdk-amd64/jre/lib/amd64/libverify.so
7faae261c000-7faae2623000 r-xp 00000000 08:16 3413537                    /lib/x86_64-linux-gnu/librt-2.19.so
7faae2623000-7faae2822000 ---p 00007000 08:16 3413537                    /lib/x86_64-linux-gnu/librt-2.19.so
7faae2822000-7faae2823000 r--p 00006000 08:16 3413537                    /lib/x86_64-linux-gnu/librt-2.19.so
7faae2823000-7faae2824000 rw-p 00007000 08:16 3413537                    /lib/x86_64-linux-gnu/librt-2.19.so
7faae2824000-7faae283a000 r-xp 00000000 08:16 3413520                    /lib/x86_64-linux-gnu/libgcc_s.so.1
7faae283a000-7faae2a39000 ---p 00016000 08:16 3413520                    /lib/x86_64-linux-gnu/libgcc_s.so.1
7faae2a39000-7faae2a3a000 rw-p 00015000 08:16 3413520                    /lib/x86_64-linux-gnu/libgcc_s.so.1
7faae2a3a000-7faae2b3f000 r-xp 00000000 08:16 3413523                    /lib/x86_64-linux-gnu/libm-2.19.so
7faae2b3f000-7faae2d3e000 ---p 00105000 08:16 3413523                    /lib/x86_64-linux-gnu/libm-2.19.so
7faae2d3e000-7faae2d3f000 r--p 00104000 08:16 3413523                    /lib/x86_64-linux-gnu/libm-2.19.so
7faae2d3f000-7faae2d40000 rw-p 00105000 08:16 3413523                    /lib/x86_64-linux-gnu/libm-2.19.so
7faae2d40000-7faae2e26000 r-xp 00000000 08:16 524323                     /usr/lib/x86_64-linux-gnu/libstdc++.so.6.0.19
7faae2e26000-7faae3025000 ---p 000e6000 08:16 524323                     /usr/lib/x86_64-linux-gnu/libstdc++.so.6.0.19
7faae3025000-7faae302d000 r--p 000e5000 08:16 524323                     /usr/lib/x86_64-linux-gnu/libstdc++.so.6.0.19
7faae302d000-7faae302f000 rw-p 000ed000 08:16 524323                     /usr/lib/x86_64-linux-gnu/libstdc++.so.6.0.19
7faae302f000-7faae3044000 rw-p 00000000 00:00 0 
7faae3044000-7faae3c32000 r-xp 00000000 08:16 1574165                    /usr/lib/jvm/java-8-openjdk-amd64/jre/lib/amd64/server/libjvm.so
7faae3c32000-7faae3e32000 ---p 00bee000 08:16 1574165                    /usr/lib/jvm/java-8-openjdk-amd64/jre/lib/amd64/server/libjvm.so
7faae3e32000-7faae3ed0000 r--p 00bee000 08:16 1574165                    /usr/lib/jvm/java-8-openjdk-amd64/jre/lib/amd64/server/libjvm.so
7faae3ed0000-7faae3ef9000 rw-p 00c8c000 08:16 1574165                    /usr/lib/jvm/java-8-openjdk-amd64/jre/lib/amd64/server/libjvm.so
7faae3ef9000-7faae3f2b000 rw-p 00000000 00:00 0 
7faae3f2b000-7faae3f44000 r-xp 00000000 08:16 3413530                    /lib/x86_64-linux-gnu/libpthread-2.19.so
7faae3f44000-7faae4143000 ---p 00019000 08:16 3413530                    /lib/x86_64-linux-gnu/libpthread-2.19.so
7faae4143000-7faae4144000 r--p 00018000 08:16 3413530                    /lib/x86_64-linux-gnu/libpthread-2.19.so
7faae4144000-7faae4145000 rw-p 00019000 08:16 3413530                    /lib/x86_64-linux-gnu/libpthread-2.19.so
7faae4145000-7faae4149000 rw-p 00000000 00:00 0 
7faae4149000-7faae414c000 r-xp 00000000 08:16 3413525                    /lib/x86_64-linux-gnu/libdl-2.19.so
7faae414c000-7faae434b000 ---p 00003000 08:16 3413525                    /lib/x86_64-linux-gnu/libdl-2.19.so
7faae434b000-7faae434c000 r--p 00002000 08:16 3413525                    /lib/x86_64-linux-gnu/libdl-2.19.so
7faae434c000-7faae434d000 rw-p 00003000 08:16 3413525                    /lib/x86_64-linux-gnu/libdl-2.19.so
7faae434d000-7faae4365000 r-xp 00000000 08:16 3412060                    /lib/x86_64-linux-gnu/libz.so.1.2.8
7faae4365000-7faae4564000 ---p 00018000 08:16 3412060                    /lib/x86_64-linux-gnu/libz.so.1.2.8
7faae4564000-7faae4565000 r--p 00017000 08:16 3412060                    /lib/x86_64-linux-gnu/libz.so.1.2.8
7faae4565000-7faae4566000 rw-p 00018000 08:16 3412060                    /lib/x86_64-linux-gnu/libz.so.1.2.8
7faae4566000-7faae4720000 r-xp 00000000 08:16 3413538                    /lib/x86_64-linux-gnu/libc-2.19.so
7faae4720000-7faae4920000 ---p 001ba000 08:16 3413538                    /lib/x86_64-linux-gnu/libc-2.19.so
7faae4920000-7faae4924000 r--p 001ba000 08:16 3413538                    /lib/x86_64-linux-gnu/libc-2.19.so
7faae4924000-7faae4926000 rw-p 001be000 08:16 3413538                    /lib/x86_64-linux-gnu/libc-2.19.so
7faae4926000-7faae492b000 rw-p 00000000 00:00 0 
7faae492b000-7faae4938000 r-xp 00000000 08:16 1574169                    /usr/lib/jvm/java-8-openjdk-amd64/jre/lib/amd64/jli/libjli.so
7faae4938000-7faae4b38000 ---p 0000d000 08:16 1574169                    /usr/lib/jvm/java-8-openjdk-amd64/jre/lib/amd64/jli/libjli.so
7faae4b38000-7faae4b39000 r--p 0000d000 08:16 1574169                    /usr/lib/jvm/java-8-openjdk-amd64/jre/lib/amd64/jli/libjli.so
7faae4b39000-7faae4b3a000 rw-p 0000e000 08:16 1574169                    /usr/lib/jvm/java-8-openjdk-amd64/jre/lib/amd64/jli/libjli.so
7faae4b3a000-7faae4b5d000 r-xp 00000000 08:16 3413531                    /lib/x86_64-linux-gnu/ld-2.19.so
7faae4b5d000-7faae4b63000 r--s 0003a000 08:16 1972006                    /usr/lib/jvm/java-8-openjdk-amd64/jre/lib/ext/sunjce_provider.jar
7faae4b63000-7faae4b65000 r--s 00006000 08:16 924865                     /usr/share/java/java-atk-wrapper.jar
7faae4b65000-7faae4c3e000 rw-p 00000000 00:00 0 
7faae4c3e000-7faae4c41000 ---p 00000000 00:00 0 
7faae4c41000-7faae4d44000 rw-p 00000000 00:00 0                          [stack:25436]
7faae4d44000-7faae4d45000 r--s 00008000 08:16 1971996                    /usr/lib/jvm/java-8-openjdk-amd64/jre/lib/ext/sunec.jar
7faae4d45000-7faae4d48000 r--s 0000f000 08:16 1972013                    /usr/lib/jvm/java-8-openjdk-amd64/jre/lib/ext/icedtea-sound.jar
7faae4d48000-7faae4d4a000 r--s 00001000 08:16 1971942                    /usr/lib/jvm/java-8-openjdk-amd64/jre/lib/ext/dnsns.jar
7faae4d4a000-7faae4d4b000 r--s 0000a000 08:16 1972003                    /usr/lib/jvm/java-8-openjdk-amd64/jre/lib/ext/jaccess.jar
7faae4d4b000-7faae4d4c000 r--s 00010000 08:16 1972005                    /usr/lib/jvm/java-8-openjdk-amd64/jre/lib/ext/zipfs.jar
7faae4d4c000-7faae4d50000 r--s 00037000 08:16 1972031                    /usr/lib/jvm/java-8-openjdk-amd64/jre/lib/ext/sunpkcs11.jar
7faae4d50000-7faae4d58000 rw-s 00000000 08:16 4473137                    /tmp/hsperfdata_root/25432
7faae4d58000-7faae4d59000 rw-p 00000000 00:00 0 
7faae4d59000-7faae4d5a000 ---p 00000000 00:00 0 
7faae4d5a000-7faae4d5c000 rw-p 00000000 00:00 0 
7faae4d5c000-7faae4d5d000 r--p 00022000 08:16 3413531                    /lib/x86_64-linux-gnu/ld-2.19.so
7faae4d5d000-7faae4d5e000 rw-p 00023000 08:16 3413531                    /lib/x86_64-linux-gnu/ld-2.19.so
7faae4d5e000-7faae4d5f000 rw-p 00000000 00:00 0 
7fffb88aa000-7fffb88cb000 rw-p 00000000 00:00 0                          [stack]
7fffb892b000-7fffb892d000 r-xp 00000000 00:00 0                          [vdso]
ffffffffff600000-ffffffffff601000 r-xp 00000000 00:00 0                  [vsyscall]

VM Arguments:
jvm_args: -Djava.awt.headless=true -Xmx1024M -Dfile.encoding=UTF-8 -Duser.country=US -Duser.language=en -Duser.variant 
java_command: com.android.dx.command.Main --dex --num-threads=4 --output /home/pc2/Desktop/Android/SOSapp/SOSapp/app/build/intermediates/pre-dexed/debug/com.android.support-appcompat-v7-23.3.0_009ccee825a6c2c6bb17471296cc9af0dcefeac8.jar /home/pc2/Desktop/Android/SOSapp/SOSapp/app/build/intermediates/exploded-aar/com.android.support/appcompat-v7/23.3.0/jars/classes.jar
java_class_path (initial): /root/Android/Sdk/build-tools/23.0.3/lib/dx.jar
Launcher Type: SUN_STANDARD

Environment Variables:
PATH=/usr/local/sbin:/usr/local/bin:/usr/sbin:/usr/bin:/sbin:/bin
USERNAME=root
LD_LIBRARY_PATH=.:
SHELL=/bin/bash
DISPLAY=:0

Signal Handlers:
SIGSEGV: [libjvm.so+0x9f6230], sa_mask[0]=11111111011111111101111111111110, sa_flags=SA_RESTART|SA_SIGINFO
SIGBUS: [libjvm.so+0x9f6230], sa_mask[0]=11111111011111111101111111111110, sa_flags=SA_RESTART|SA_SIGINFO
SIGFPE: [libjvm.so+0x856c80], sa_mask[0]=11111111011111111101111111111110, sa_flags=SA_RESTART|SA_SIGINFO
SIGPIPE: [libjvm.so+0x856c80], sa_mask[0]=11111111011111111101111111111110, sa_flags=SA_RESTART|SA_SIGINFO
SIGXFSZ: [libjvm.so+0x856c80], sa_mask[0]=11111111011111111101111111111110, sa_flags=SA_RESTART|SA_SIGINFO
SIGILL: [libjvm.so+0x856c80], sa_mask[0]=11111111011111111101111111111110, sa_flags=SA_RESTART|SA_SIGINFO
SIGUSR1: SIG_DFL, sa_mask[0]=00000000000000000000000000000000, sa_flags=none
SIGUSR2: [libjvm.so+0x856b50], sa_mask[0]=00100000000000000000000000000000, sa_flags=SA_RESTART|SA_SIGINFO
SIGHUP: [libjvm.so+0x856d40], sa_mask[0]=11111111011111111101111111111110, sa_flags=SA_RESTART|SA_SIGINFO
SIGINT: [libjvm.so+0x856d40], sa_mask[0]=11111111011111111101111111111110, sa_flags=SA_RESTART|SA_SIGINFO
SIGTERM: [libjvm.so+0x856d40], sa_mask[0]=11111111011111111101111111111110, sa_flags=SA_RESTART|SA_SIGINFO
SIGQUIT: [libjvm.so+0x856d40], sa_mask[0]=11111111011111111101111111111110, sa_flags=SA_RESTART|SA_SIGINFO


---------------  S Y S T E M  ---------------

OS:DISTRIB_ID=Ubuntu
DISTRIB_RELEASE=14.04
DISTRIB_CODENAME=trusty
DISTRIB_DESCRIPTION="Ubuntu 14.04.4 LTS"

uname:Linux 3.13.0-91-generic #138-Ubuntu SMP Fri Jun 24 17:00:34 UTC 2016 x86_64
libc:glibc 2.19 NPTL 2.19 
rlimit: STACK 8192k, CORE 0k, NPROC 62225, NOFILE 4096, AS infinity
load average:31.93 10.48 4.30

/proc/meminfo:
MemTotal:        8054008 kB
MemFree:          167756 kB
Buffers:            2120 kB
Cached:           956256 kB
SwapCached:            0 kB
Active:          6688504 kB
Inactive:         918384 kB
Active(anon):    6658064 kB
Inactive(anon):   879992 kB
Active(file):      30440 kB
Inactive(file):    38392 kB
Unevictable:          48 kB
Mlocked:              48 kB
SwapTotal:             0 kB
SwapFree:              0 kB
Dirty:               632 kB
Writeback:             0 kB
AnonPages:       6650748 kB
Mapped:           445220 kB
Shmem:            887564 kB
Slab:             106448 kB
SReclaimable:      46536 kB
SUnreclaim:        59912 kB
KernelStack:       10072 kB
PageTables:        71216 kB
NFS_Unstable:          0 kB
Bounce:                0 kB
WritebackTmp:          0 kB
CommitLimit:     4027004 kB
Committed_AS:   17053772 kB
VmallocTotal:   34359738367 kB
VmallocUsed:      556980 kB
VmallocChunk:   34359168600 kB
HardwareCorrupted:     0 kB
AnonHugePages:   2209792 kB
HugePages_Total:       0
HugePages_Free:        0
HugePages_Rsvd:        0
HugePages_Surp:        0
Hugepagesize:       2048 kB
DirectMap4k:       99072 kB
DirectMap2M:     3973120 kB
DirectMap1G:     4194304 kB


CPU:total 8 (4 cores per cpu, 2 threads per core) family 6 model 60 stepping 3, cmov, cx8, fxsr, mmx, sse, sse2, sse3, ssse3, sse4.1, sse4.2, popcnt, avx, avx2, aes, clmul, erms, lzcnt, ht, tsc, tscinvbit, bmi1, bmi2

/proc/cpuinfo:
processor	: 0
vendor_id	: GenuineIntel
cpu family	: 6
model		: 60
model name	: Intel(R) Core(TM) i7-4702MQ CPU @ 2.20GHz
stepping	: 3
microcode	: 0x17
cpu MHz		: 2201.000
cache size	: 6144 KB
physical id	: 0
siblings	: 8
core id		: 0
cpu cores	: 4
apicid		: 0
initial apicid	: 0
fpu		: yes
fpu_exception	: yes
cpuid level	: 13
wp		: yes
flags		: fpu vme de pse tsc msr pae mce cx8 apic sep mtrr pge mca cmov pat pse36 clflush dts acpi mmx fxsr sse sse2 ss ht tm pbe syscall nx pdpe1gb rdtscp lm constant_tsc arch_perfmon pebs bts rep_good nopl xtopology nonstop_tsc aperfmperf eagerfpu pni pclmulqdq dtes64 monitor ds_cpl vmx est tm2 ssse3 fma cx16 xtpr pdcm pcid sse4_1 sse4_2 movbe popcnt tsc_deadline_timer aes xsave avx f16c rdrand lahf_lm abm ida arat epb xsaveopt pln pts dtherm tpr_shadow vnmi flexpriority ept vpid fsgsbase tsc_adjust bmi1 avx2 smep bmi2 erms invpcid
bogomips	: 4389.83
clflush size	: 64
cache_alignment	: 64
address sizes	: 39 bits physical, 48 bits virtual
power management:

processor	: 1
vendor_id	: GenuineIntel
cpu family	: 6
model		: 60
model name	: Intel(R) Core(TM) i7-4702MQ CPU @ 2.20GHz
stepping	: 3
microcode	: 0x17
cpu MHz		: 2201.000
cache size	: 6144 KB
physical id	: 0
siblings	: 8
core id		: 0
cpu cores	: 4
apicid		: 1
initial apicid	: 1
fpu		: yes
fpu_exception	: yes
cpuid level	: 13
wp		: yes
flags		: fpu vme de pse tsc msr pae mce cx8 apic sep mtrr pge mca cmov pat pse36 clflush dts acpi mmx fxsr sse sse2 ss ht tm pbe syscall nx pdpe1gb rdtscp lm constant_tsc arch_perfmon pebs bts rep_good nopl xtopology nonstop_tsc aperfmperf eagerfpu pni pclmulqdq dtes64 monitor ds_cpl vmx est tm2 ssse3 fma cx16 xtpr pdcm pcid sse4_1 sse4_2 movbe popcnt tsc_deadline_timer aes xsave avx f16c rdrand lahf_lm abm ida arat epb xsaveopt pln pts dtherm tpr_shadow vnmi flexpriority ept vpid fsgsbase tsc_adjust bmi1 avx2 smep bmi2 erms invpcid
bogomips	: 4389.83
clflush size	: 64
cache_alignment	: 64
address sizes	: 39 bits physical, 48 bits virtual
power management:

processor	: 2
vendor_id	: GenuineIntel
cpu family	: 6
model		: 60
model name	: Intel(R) Core(TM) i7-4702MQ CPU @ 2.20GHz
stepping	: 3
microcode	: 0x17
cpu MHz		: 2201.000
cache size	: 6144 KB
physical id	: 0
siblings	: 8
core id		: 1
cpu cores	: 4
apicid		: 2
initial apicid	: 2
fpu		: yes
fpu_exception	: yes
cpuid level	: 13
wp		: yes
flags		: fpu vme de pse tsc msr pae mce cx8 apic sep mtrr pge mca cmov pat pse36 clflush dts acpi mmx fxsr sse sse2 ss ht tm pbe syscall nx pdpe1gb rdtscp lm constant_tsc arch_perfmon pebs bts rep_good nopl xtopology nonstop_tsc aperfmperf eagerfpu pni pclmulqdq dtes64 monitor ds_cpl vmx est tm2 ssse3 fma cx16 xtpr pdcm pcid sse4_1 sse4_2 movbe popcnt tsc_deadline_timer aes xsave avx f16c rdrand lahf_lm abm ida arat epb xsaveopt pln pts dtherm tpr_shadow vnmi flexpriority ept vpid fsgsbase tsc_adjust bmi1 avx2 smep bmi2 erms invpcid
bogomips	: 4389.83
clflush size	: 64
cache_alignment	: 64
address sizes	: 39 bits physical, 48 bits virtual
power management:

processor	: 3
vendor_id	: GenuineIntel
cpu family	: 6
model		: 60
model name	: Intel(R) Core(TM) i7-4702MQ CPU @ 2.20GHz
stepping	: 3
microcode	: 0x17
cpu MHz		: 2201.000
cache size	: 6144 KB
physical id	: 0
siblings	: 8
core id		: 1
cpu cores	: 4
apicid		: 3
initial apicid	: 3
fpu		: yes
fpu_exception	: yes
cpuid level	: 13
wp		: yes
flags		: fpu vme de pse tsc msr pae mce cx8 apic sep mtrr pge mca cmov pat pse36 clflush dts acpi mmx fxsr sse sse2 ss ht tm pbe syscall nx pdpe1gb rdtscp lm constant_tsc arch_perfmon pebs bts rep_good nopl xtopology nonstop_tsc aperfmperf eagerfpu pni pclmulqdq dtes64 monitor ds_cpl vmx est tm2 ssse3 fma cx16 xtpr pdcm pcid sse4_1 sse4_2 movbe popcnt tsc_deadline_timer aes xsave avx f16c rdrand lahf_lm abm ida arat epb xsaveopt pln pts dtherm tpr_shadow vnmi flexpriority ept vpid fsgsbase tsc_adjust bmi1 avx2 smep bmi2 erms invpcid
bogomips	: 4389.83
clflush size	: 64
cache_alignment	: 64
address sizes	: 39 bits physical, 48 bits virtual
power management:

processor	: 4
vendor_id	: GenuineIntel
cpu family	: 6
model		: 60
model name	: Intel(R) Core(TM) i7-4702MQ CPU @ 2.20GHz
stepping	: 3
microcode	: 0x17
cpu MHz		: 2201.000
cache size	: 6144 KB
physical id	: 0
siblings	: 8
core id		: 2
cpu cores	: 4
apicid		: 4
initial apicid	: 4
fpu		: yes
fpu_exception	: yes
cpuid level	: 13
wp		: yes
flags		: fpu vme de pse tsc msr pae mce cx8 apic sep mtrr pge mca cmov pat pse36 clflush dts acpi mmx fxsr sse sse2 ss ht tm pbe syscall nx pdpe1gb rdtscp lm constant_tsc arch_perfmon pebs bts rep_good nopl xtopology nonstop_tsc aperfmperf eagerfpu pni pclmulqdq dtes64 monitor ds_cpl vmx est tm2 ssse3 fma cx16 xtpr pdcm pcid sse4_1 sse4_2 movbe popcnt tsc_deadline_timer aes xsave avx f16c rdrand lahf_lm abm ida arat epb xsaveopt pln pts dtherm tpr_shadow vnmi flexpriority ept vpid fsgsbase tsc_adjust bmi1 avx2 smep bmi2 erms invpcid
bogomips	: 4389.83
clflush size	: 64
cache_alignment	: 64
address sizes	: 39 bits physical, 48 bits virtual
power management:

processor	: 5
vendor_id	: GenuineIntel
cpu family	: 6
model		: 60
model name	: Intel(R) Core(TM) i7-4702MQ CPU @ 2.20GHz
stepping	: 3
microcode	: 0x17
cpu MHz		: 2201.000
cache size	: 6144 KB
physical id	: 0
siblings	: 8
core id		: 2
cpu cores	: 4
apicid		: 5
initial apicid	: 5
fpu		: yes
fpu_exception	: yes
cpuid level	: 13
wp		: yes
flags		: fpu vme de pse tsc msr pae mce cx8 apic sep mtrr pge mca cmov pat pse36 clflush dts acpi mmx fxsr sse sse2 ss ht tm pbe syscall nx pdpe1gb rdtscp lm constant_tsc arch_perfmon pebs bts rep_good nopl xtopology nonstop_tsc aperfmperf eagerfpu pni pclmulqdq dtes64 monitor ds_cpl vmx est tm2 ssse3 fma cx16 xtpr pdcm pcid sse4_1 sse4_2 movbe popcnt tsc_deadline_timer aes xsave avx f16c rdrand lahf_lm abm ida arat epb xsaveopt pln pts dtherm tpr_shadow vnmi flexpriority ept vpid fsgsbase tsc_adjust bmi1 avx2 smep bmi2 erms invpcid
bogomips	: 4389.83
clflush size	: 64
cache_alignment	: 64
address sizes	: 39 bits physical, 48 bits virtual
power management:

processor	: 6
vendor_id	: GenuineIntel
cpu family	: 6
model		: 60
model name	: Intel(R) Core(TM) i7-4702MQ CPU @ 2.20GHz
stepping	: 3
microcode	: 0x17
cpu MHz		: 2201.000
cache size	: 6144 KB
physical id	: 0
siblings	: 8
core id		: 3
cpu cores	: 4
apicid		: 6
initial apicid	: 6
fpu		: yes
fpu_exception	: yes
cpuid level	: 13
wp		: yes
flags		: fpu vme de pse tsc msr pae mce cx8 apic sep mtrr pge mca cmov pat pse36 clflush dts acpi mmx fxsr sse sse2 ss ht tm pbe syscall nx pdpe1gb rdtscp lm constant_tsc arch_perfmon pebs bts rep_good nopl xtopology nonstop_tsc aperfmperf eagerfpu pni pclmulqdq dtes64 monitor ds_cpl vmx est tm2 ssse3 fma cx16 xtpr pdcm pcid sse4_1 sse4_2 movbe popcnt tsc_deadline_timer aes xsave avx f16c rdrand lahf_lm abm ida arat epb xsaveopt pln pts dtherm tpr_shadow vnmi flexpriority ept vpid fsgsbase tsc_adjust bmi1 avx2 smep bmi2 erms invpcid
bogomips	: 4389.83
clflush size	: 64
cache_alignment	: 64
address sizes	: 39 bits physical, 48 bits virtual
power management:

processor	: 7
vendor_id	: GenuineIntel
cpu family	: 6
model		: 60
model name	: Intel(R) Core(TM) i7-4702MQ CPU @ 2.20GHz
stepping	: 3
microcode	: 0x17
cpu MHz		: 2201.000
cache size	: 6144 KB
physical id	: 0
siblings	: 8
core id		: 3
cpu cores	: 4
apicid		: 7
initial apicid	: 7
fpu		: yes
fpu_exception	: yes
cpuid level	: 13
wp		: yes
flags		: fpu vme de pse tsc msr pae mce cx8 apic sep mtrr pge mca cmov pat pse36 clflush dts acpi mmx fxsr sse sse2 ss ht tm pbe syscall nx pdpe1gb rdtscp lm constant_tsc arch_perfmon pebs bts rep_good nopl xtopology nonstop_tsc aperfmperf eagerfpu pni pclmulqdq dtes64 monitor ds_cpl vmx est tm2 ssse3 fma cx16 xtpr pdcm pcid sse4_1 sse4_2 movbe popcnt tsc_deadline_timer aes xsave avx f16c rdrand lahf_lm abm ida arat epb xsaveopt pln pts dtherm tpr_shadow vnmi flexpriority ept vpid fsgsbase tsc_adjust bmi1 avx2 smep bmi2 erms invpcid
bogomips	: 4389.83
clflush size	: 64
cache_alignment	: 64
address sizes	: 39 bits physical, 48 bits virtual
power management:



Memory: 4k page, physical 8054008k(167756k free), swap 0k(0k free)

vm_info: OpenJDK 64-Bit Server VM (25.91-b14) for linux-amd64 JRE (1.8.0_91-8u91-b14-0ubuntu4~14.04-b14), built on Apr 22 2016 12:27:31 by "buildd" with gcc 4.8.2

time: Mon Jul  4 21:18:12 2016
elapsed time: 9 seconds (0d 0h 0m 9s)

