#
# There is insufficient memory for the Java Runtime Environment to continue.
# Native memory allocation (mmap) failed to map 224395264 bytes for committing reserved memory.
# Possible reasons:
#   The system is out of physical RAM or swap space
#   In 32 bit mode, the process size limit was hit
# Possible solutions:
#   Reduce memory load on the system
#   Increase physical memory or swap space
#   Check if swap backing store is full
#   Use 64 bit Java on a 64 bit OS
#   Decrease Java heap size (-Xmx/-Xms)
#   Decrease number of Java threads
#   Decrease Java thread stack sizes (-Xss)
#   Set larger code cache with -XX:ReservedCodeCacheSize=
# This output file may be truncated or incomplete.
#
#  Out of Memory Error (os_linux.cpp:2630), pid=5888, tid=139946816849664
#
# JRE version: OpenJDK Runtime Environment (8.0_91-b14) (build 1.8.0_91-8u91-b14-0ubuntu4~14.04-b14)
# Java VM: OpenJDK 64-Bit Server VM (25.91-b14 mixed mode linux-amd64 compressed oops)
# Failed to write core dump. Core dumps have been disabled. To enable core dumping, try "ulimit -c unlimited" before starting Java again
#

---------------  T H R E A D  ---------------

Current thread (0x00007f4814082800):  VMThread [stack: 0x00007f47e83e4000,0x00007f47e84e5000] [id=5902]

Stack: [0x00007f47e83e4000,0x00007f47e84e5000],  sp=0x00007f47e84e3480,  free space=1021k
Native frames: (J=compiled Java code, j=interpreted, Vv=VM code, C=native code)
V  [libjvm.so+0x9f573d]
V  [libjvm.so+0x4bc3da]
V  [libjvm.so+0x85b0a0]
V  [libjvm.so+0x855b9f]
V  [libjvm.so+0x8cb83b]
V  [libjvm.so+0x8cc4f0]
V  [libjvm.so+0x8cc80b]
V  [libjvm.so+0x8c8f1c]
V  [libjvm.so+0x8c96f8]
V  [libjvm.so+0x87e0d3]
V  [libjvm.so+0x9f7204]
V  [libjvm.so+0x9fb5b7]
V  [libjvm.so+0x9fa078]
V  [libjvm.so+0x9fa4f9]
V  [libjvm.so+0x9fa942]
V  [libjvm.so+0x8584a2]

VM_Operation (0x00007f481c25d110): ParallelGCFailedAllocation, mode: safepoint, requested by thread 0x00007f481400d000


---------------  P R O C E S S  ---------------

Java Threads: ( => current thread )
  0x00007f48140df800 JavaThread "Service Thread" daemon [_thread_blocked, id=5910, stack(0x00007f47d7419000,0x00007f47d751a000)]
  0x00007f48140c2000 JavaThread "C1 CompilerThread3" daemon [_thread_blocked, id=5909, stack(0x00007f47d751a000,0x00007f47d761b000)]
  0x00007f48140bd800 JavaThread "C2 CompilerThread2" daemon [_thread_blocked, id=5908, stack(0x00007f47d761b000,0x00007f47d771c000)]
  0x00007f48140bc000 JavaThread "C2 CompilerThread1" daemon [_thread_blocked, id=5907, stack(0x00007f47d771c000,0x00007f47d781d000)]
  0x00007f48140b9000 JavaThread "C2 CompilerThread0" daemon [_thread_blocked, id=5906, stack(0x00007f47d781d000,0x00007f47d791e000)]
  0x00007f48140b7000 JavaThread "Signal Dispatcher" daemon [_thread_blocked, id=5905, stack(0x00007f47e80e1000,0x00007f47e81e2000)]
  0x00007f481408f000 JavaThread "Finalizer" daemon [_thread_blocked, id=5904, stack(0x00007f47e81e2000,0x00007f47e82e3000)]
  0x00007f481408a000 JavaThread "Reference Handler" daemon [_thread_blocked, id=5903, stack(0x00007f47e82e3000,0x00007f47e83e4000)]
  0x00007f481400d000 JavaThread "main" [_thread_blocked, id=5893, stack(0x00007f481c15e000,0x00007f481c25f000)]

Other Threads:
=>0x00007f4814082800 VMThread [stack: 0x00007f47e83e4000,0x00007f47e84e5000] [id=5902]
  0x00007f48140e1800 WatcherThread [stack: 0x00007f47d7318000,0x00007f47d7419000] [id=5911]

VM state:at safepoint (normal execution)

VM Mutex/Monitor currently owned by a thread:  ([mutex/lock_event])
[0x00007f4814009360] Threads_lock - owner thread: 0x00007f4814082800
[0x00007f4814009860] Heap_lock - owner thread: 0x00007f481400d000

Heap:
 PSYoungGen      total 124928K, used 5096K [0x00000000eab00000, 0x00000000f2a00000, 0x0000000100000000)
  eden space 119808K, 0% used [0x00000000eab00000,0x00000000eab00000,0x00000000f2000000)
  from space 5120K, 99% used [0x00000000f2000000,0x00000000f24fa0c0,0x00000000f2500000)
  to   space 4096K, 0% used [0x00000000f2600000,0x00000000f2600000,0x00000000f2a00000)
 ParOldGen       total 153088K, used 29159K [0x00000000c0000000, 0x00000000c9580000, 0x00000000eab00000)
  object space 153088K, 19% used [0x00000000c0000000,0x00000000c1c79cb0,0x00000000c9580000)
 Metaspace       used 4657K, capacity 5424K, committed 5632K, reserved 1056768K
  class space    used 474K, capacity 488K, committed 512K, reserved 1048576K

Card table byte_map: [0x00007f48186f8000,0x00007f48188f9000] byte_map_base: 0x00007f48180f8000

Marking Bits: (ParMarkBitMap*) 0x00007f481b430080
 Begin Bits: [0x00007f47ea000000, 0x00007f47eb000000)
 End Bits:   [0x00007f47eb000000, 0x00007f47ec000000)

Polling page: 0x00007f481c27b000

CodeCache: size=245760Kb used=4090Kb max_used=4121Kb free=241669Kb
 bounds [0x00007f4805000000, 0x00007f4805410000, 0x00007f4814000000]
 total_blobs=1468 nmethods=1195 adapters=188
 compilation: enabled

Compilation events (10 events):
Event: 1.219 Thread 0x00007f48140c2000 1224       2       com.android.dx.io.instructions.InstructionCodec$31::decode (36 bytes)
Event: 1.219 Thread 0x00007f48140c2000 nmethod 1224 0x00007f48053dd610 code [0x00007f48053dd7a0, 0x00007f48053dda38]
Event: 1.219 Thread 0x00007f48140c2000 1225       2       com.android.dx.io.instructions.InstructionCodec$31::encode (39 bytes)
Event: 1.220 Thread 0x00007f48140c2000 nmethod 1225 0x00007f48053ecc10 code [0x00007f48053ecda0, 0x00007f48053ed0d8]
Event: 1.239 Thread 0x00007f48140bc000 nmethod 1186 0x00007f48053f4b90 code [0x00007f48053f4da0, 0x00007f48053f5f38]
Event: 1.239 Thread 0x00007f48140bc000 1187   !   4       com.android.dex.Dex$Section::writeStringData (36 bytes)
Event: 1.270 Thread 0x00007f48140bc000 nmethod 1187 0x00007f48053fe7d0 code [0x00007f48053fe9c0, 0x00007f48053ff878]
Event: 1.270 Thread 0x00007f48140bc000 1231       4       java.util.HashMap::resize (359 bytes)
Event: 1.271 Thread 0x00007f48140b9000 nmethod 1043 0x00007f48054005d0 code [0x00007f4805400c20, 0x00007f48054079c0]
Event: 1.271 Thread 0x00007f48140b9000 1220       4       com.android.dex.Dex$Section::readMethods (59 bytes)

GC Heap History (10 events):
Event: 0.162 GC heap after
Heap after GC invocations=1 (full 0):
 PSYoungGen      total 36864K, used 5106K [0x00000000eab00000, 0x00000000ef300000, 0x0000000100000000)
  eden space 31744K, 0% used [0x00000000eab00000,0x00000000eab00000,0x00000000eca00000)
  from space 5120K, 99% used [0x00000000eca00000,0x00000000ecefcb48,0x00000000ecf00000)
  to   space 5120K, 0% used [0x00000000eee00000,0x00000000eee00000,0x00000000ef300000)
 ParOldGen       total 84992K, used 3773K [0x00000000c0000000, 0x00000000c5300000, 0x00000000eab00000)
  object space 84992K, 4% used [0x00000000c0000000,0x00000000c03af5e0,0x00000000c5300000)
 Metaspace       used 3445K, capacity 4720K, committed 4864K, reserved 1056768K
  class space    used 359K, capacity 424K, committed 512K, reserved 1048576K
}
Event: 0.253 GC heap before
{Heap before GC invocations=2 (full 0):
 PSYoungGen      total 36864K, used 36850K [0x00000000eab00000, 0x00000000ef300000, 0x0000000100000000)
  eden space 31744K, 100% used [0x00000000eab00000,0x00000000eca00000,0x00000000eca00000)
  from space 5120K, 99% used [0x00000000eca00000,0x00000000ecefcb48,0x00000000ecf00000)
  to   space 5120K, 0% used [0x00000000eee00000,0x00000000eee00000,0x00000000ef300000)
 ParOldGen       total 84992K, used 3773K [0x00000000c0000000, 0x00000000c5300000, 0x00000000eab00000)
  object space 84992K, 4% used [0x00000000c0000000,0x00000000c03af5e0,0x00000000c5300000)
 Metaspace       used 3737K, capacity 4944K, committed 5120K, reserved 1056768K
  class space    used 388K, capacity 456K, committed 512K, reserved 1048576K
Event: 0.271 GC heap after
Heap after GC invocations=2 (full 0):
 PSYoungGen      total 68608K, used 5113K [0x00000000eab00000, 0x00000000ef300000, 0x0000000100000000)
  eden space 63488K, 0% used [0x00000000eab00000,0x00000000eab00000,0x00000000ee900000)
  from space 5120K, 99% used [0x00000000eee00000,0x00000000ef2fe4b8,0x00000000ef300000)
  to   space 5120K, 0% used [0x00000000ee900000,0x00000000ee900000,0x00000000eee00000)
 ParOldGen       total 84992K, used 81777K [0x00000000c0000000, 0x00000000c5300000, 0x00000000eab00000)
  object space 84992K, 96% used [0x00000000c0000000,0x00000000c4fdc470,0x00000000c5300000)
 Metaspace       used 3737K, capacity 4944K, committed 5120K, reserved 1056768K
  class space    used 388K, capacity 456K, committed 512K, reserved 1048576K
}
Event: 0.271 GC heap before
{Heap before GC invocations=3 (full 1):
 PSYoungGen      total 68608K, used 5113K [0x00000000eab00000, 0x00000000ef300000, 0x0000000100000000)
  eden space 63488K, 0% used [0x00000000eab00000,0x00000000eab00000,0x00000000ee900000)
  from space 5120K, 99% used [0x00000000eee00000,0x00000000ef2fe4b8,0x00000000ef300000)
  to   space 5120K, 0% used [0x00000000ee900000,0x00000000ee900000,0x00000000eee00000)
 ParOldGen       total 84992K, used 81777K [0x00000000c0000000, 0x00000000c5300000, 0x00000000eab00000)
  object space 84992K, 96% used [0x00000000c0000000,0x00000000c4fdc470,0x00000000c5300000)
 Metaspace       used 3737K, capacity 4944K, committed 5120K, reserved 1056768K
  class space    used 388K, capacity 456K, committed 512K, reserved 1048576K
Event: 0.277 GC heap after
Heap after GC invocations=3 (full 1):
 PSYoungGen      total 68608K, used 0K [0x00000000eab00000, 0x00000000ef300000, 0x0000000100000000)
  eden space 63488K, 0% used [0x00000000eab00000,0x00000000eab00000,0x00000000ee900000)
  from space 5120K, 0% used [0x00000000eee00000,0x00000000eee00000,0x00000000ef300000)
  to   space 5120K, 0% used [0x00000000ee900000,0x00000000ee900000,0x00000000eee00000)
 ParOldGen       total 153088K, used 19482K [0x00000000c0000000, 0x00000000c9580000, 0x00000000eab00000)
  object space 153088K, 12% used [0x00000000c0000000,0x00000000c1306aa0,0x00000000c9580000)
 Metaspace       used 3737K, capacity 4944K, committed 5120K, reserved 1056768K
  class space    used 388K, capacity 456K, committed 512K, reserved 1048576K
}
Event: 0.632 GC heap before
{Heap before GC invocations=4 (full 1):
 PSYoungGen      total 68608K, used 63488K [0x00000000eab00000, 0x00000000ef300000, 0x0000000100000000)
  eden space 63488K, 100% used [0x00000000eab00000,0x00000000ee900000,0x00000000ee900000)
  from space 5120K, 0% used [0x00000000eee00000,0x00000000eee00000,0x00000000ef300000)
  to   space 5120K, 0% used [0x00000000ee900000,0x00000000ee900000,0x00000000eee00000)
 ParOldGen       total 153088K, used 19482K [0x00000000c0000000, 0x00000000c9580000, 0x00000000eab00000)
  object space 153088K, 12% used [0x00000000c0000000,0x00000000c1306aa0,0x00000000c9580000)
 Metaspace       used 4306K, capacity 5424K, committed 5632K, reserved 1056768K
  class space    used 440K, capacity 488K, committed 512K, reserved 1048576K
Event: 0.805 GC heap after
Heap after GC invocations=4 (full 1):
 PSYoungGen      total 68608K, used 4213K [0x00000000eab00000, 0x00000000f2b00000, 0x0000000100000000)
  eden space 63488K, 0% used [0x00000000eab00000,0x00000000eab00000,0x00000000ee900000)
  from space 5120K, 82% used [0x00000000ee900000,0x00000000eed1d430,0x00000000eee00000)
  to   space 5120K, 0% used [0x00000000f2600000,0x00000000f2600000,0x00000000f2b00000)
 ParOldGen       total 153088K, used 19490K [0x00000000c0000000, 0x00000000c9580000, 0x00000000eab00000)
  object space 153088K, 12% used [0x00000000c0000000,0x00000000c1308aa0,0x00000000c9580000)
 Metaspace       used 4306K, capacity 5424K, committed 5632K, reserved 1056768K
  class space    used 440K, capacity 488K, committed 512K, reserved 1048576K
}
Event: 0.939 GC heap before
{Heap before GC invocations=5 (full 1):
 PSYoungGen      total 68608K, used 67701K [0x00000000eab00000, 0x00000000f2b00000, 0x0000000100000000)
  eden space 63488K, 100% used [0x00000000eab00000,0x00000000ee900000,0x00000000ee900000)
  from space 5120K, 82% used [0x00000000ee900000,0x00000000eed1d430,0x00000000eee00000)
  to   space 5120K, 0% used [0x00000000f2600000,0x00000000f2600000,0x00000000f2b00000)
 ParOldGen       total 153088K, used 19490K [0x00000000c0000000, 0x00000000c9580000, 0x00000000eab00000)
  object space 153088K, 12% used [0x00000000c0000000,0x00000000c1308aa0,0x00000000c9580000)
 Metaspace       used 4320K, capacity 5424K, committed 5632K, reserved 1056768K
  class space    used 441K, capacity 488K, committed 512K, reserved 1048576K
Event: 0.943 GC heap after
Heap after GC invocations=5 (full 1):
 PSYoungGen      total 123904K, used 4000K [0x00000000eab00000, 0x00000000f2a00000, 0x0000000100000000)
  eden space 119808K, 0% used [0x00000000eab00000,0x00000000eab00000,0x00000000f2000000)
  from space 4096K, 97% used [0x00000000f2600000,0x00000000f29e8018,0x00000000f2a00000)
  to   space 5120K, 0% used [0x00000000f2000000,0x00000000f2000000,0x00000000f2500000)
 ParOldGen       total 153088K, used 19754K [0x00000000c0000000, 0x00000000c9580000, 0x00000000eab00000)
  object space 153088K, 12% used [0x00000000c0000000,0x00000000c134aab8,0x00000000c9580000)
 Metaspace       used 4320K, capacity 5424K, committed 5632K, reserved 1056768K
  class space    used 441K, capacity 488K, committed 512K, reserved 1048576K
}
Event: 1.278 GC heap before
{Heap before GC invocations=6 (full 1):
 PSYoungGen      total 123904K, used 123808K [0x00000000eab00000, 0x00000000f2a00000, 0x0000000100000000)
  eden space 119808K, 100% used [0x00000000eab00000,0x00000000f2000000,0x00000000f2000000)
  from space 4096K, 97% used [0x00000000f2600000,0x00000000f29e8018,0x00000000f2a00000)
  to   space 5120K, 0% used [0x00000000f2000000,0x00000000f2000000,0x00000000f2500000)
 ParOldGen       total 153088K, used 19754K [0x00000000c0000000, 0x00000000c9580000, 0x00000000eab00000)
  object space 153088K, 12% used [0x00000000c0000000,0x00000000c134aab8,0x00000000c9580000)
 Metaspace       used 4657K, capacity 5424K, committed 5632K, reserved 1056768K
  class space    used 474K, capacity 488K, committed 512K, reserved 1048576K

Deoptimization events (10 events):
Event: 0.965 Thread 0x00007f481400d000 Uncommon trap: reason=unstable_if action=reinterpret pc=0x00007f480514d8c8 method=java.lang.String.indexOf(II)I @ 49
Event: 0.966 Thread 0x00007f481400d000 Uncommon trap: reason=speculate_class_check action=maybe_recompile pc=0x00007f480536d4c4 method=java.util.HashMap.putVal(ILjava/lang/Object;Ljava/lang/Object;ZZ)Ljava/lang/Object; @ 56
Event: 0.966 Thread 0x00007f481400d000 Uncommon trap: reason=speculate_class_check action=maybe_recompile pc=0x00007f480536d4c4 method=java.util.HashMap.putVal(ILjava/lang/Object;Ljava/lang/Object;ZZ)Ljava/lang/Object; @ 56
Event: 0.966 Thread 0x00007f481400d000 Uncommon trap: reason=speculate_class_check action=maybe_recompile pc=0x00007f480536d4c4 method=java.util.HashMap.putVal(ILjava/lang/Object;Ljava/lang/Object;ZZ)Ljava/lang/Object; @ 56
Event: 0.966 Thread 0x00007f481400d000 Uncommon trap: reason=speculate_class_check action=maybe_recompile pc=0x00007f480536d4f8 method=java.util.HashMap.putVal(ILjava/lang/Object;Ljava/lang/Object;ZZ)Ljava/lang/Object; @ 152
Event: 0.966 Thread 0x00007f481400d000 Uncommon trap: reason=speculate_class_check action=maybe_recompile pc=0x00007f480536d4f8 method=java.util.HashMap.putVal(ILjava/lang/Object;Ljava/lang/Object;ZZ)Ljava/lang/Object; @ 152
Event: 0.967 Thread 0x00007f481400d000 Uncommon trap: reason=unstable_if action=reinterpret pc=0x00007f48053415b4 method=java.util.HashMap.resize()[Ljava/util/HashMap$Node; @ 68
Event: 1.082 Thread 0x00007f481400d000 Uncommon trap: reason=unstable_if action=reinterpret pc=0x00007f480523c450 method=com.android.dx.merge.DexMerger$IdMerger.readIntoMap(Lcom/android/dex/Dex$Section;Lcom/android/dex/TableOfContents$Section;Lcom/android/dx/merge/IndexMap;ILjava/util/TreeMap;
Event: 1.082 Thread 0x00007f481400d000 Uncommon trap: reason=unstable_if action=reinterpret pc=0x00007f48051f6168 method=com.android.dex.Mutf8.countBytes(Ljava/lang/String;Z)J @ 50
Event: 1.165 Thread 0x00007f481400d000 Uncommon trap: reason=unstable_if action=reinterpret pc=0x00007f480535e704 method=com.android.dex.EncodedValueCodec.writeUnsignedIntegralValue(Lcom/android/dex/util/ByteOutput;IJ)V @ 11

Internal exceptions (6 events):
Event: 0.014 Thread 0x00007f481400d000 Exception <a 'java/lang/NoSuchMethodError': Method sun.misc.Unsafe.defineClass(Ljava/lang/String;[BII)Ljava/lang/Class; name or signature does not match> (0x00000000eab07cc0) thrown at [/build/openjdk-8-vT_67x/openjdk-8-8u91-b14/src/hotspot/src/share/vm/p
Event: 0.014 Thread 0x00007f481400d000 Exception <a 'java/lang/NoSuchMethodError': Method sun.misc.Unsafe.prefetchRead(Ljava/lang/Object;J)V name or signature does not match> (0x00000000eab07fa8) thrown at [/build/openjdk-8-vT_67x/openjdk-8-8u91-b14/src/hotspot/src/share/vm/prims/jni.cpp, line
Event: 0.036 Thread 0x00007f481400d000 Exception <a 'java/util/zip/ZipException'> (0x00000000eab56020) thrown at [/build/openjdk-8-vT_67x/openjdk-8-8u91-b14/src/hotspot/src/share/vm/prims/jni.cpp, line 709]
Event: 0.036 Thread 0x00007f481400d000 Exception <a 'java/security/PrivilegedActionException'> (0x00000000eab562c0) thrown at [/build/openjdk-8-vT_67x/openjdk-8-8u91-b14/src/hotspot/src/share/vm/prims/jvm.cpp, line 1386]
Event: 0.036 Thread 0x00007f481400d000 Exception <a 'java/security/PrivilegedActionException'> (0x00000000eab564d0) thrown at [/build/openjdk-8-vT_67x/openjdk-8-8u91-b14/src/hotspot/src/share/vm/prims/jvm.cpp, line 1386]
Event: 1.082 Thread 0x00007f481400d000 Implicit null exception at 0x00007f480523b5d2 to 0x00007f480523c42d

Events (10 events):
Event: 1.267 Thread 0x00007f481400d000 DEOPT UNPACKING pc=0x00007f4805047373 sp=0x00007f481c25d038 mode 0
Event: 1.268 Thread 0x00007f481400d000 DEOPT PACKING pc=0x00007f48052ec281 sp=0x00007f481c25d320
Event: 1.268 Thread 0x00007f481400d000 DEOPT UNPACKING pc=0x00007f4805047373 sp=0x00007f481c25d038 mode 0
Event: 1.269 Thread 0x00007f481400d000 DEOPT PACKING pc=0x00007f48052ec281 sp=0x00007f481c25d320
Event: 1.269 Thread 0x00007f481400d000 DEOPT UNPACKING pc=0x00007f4805047373 sp=0x00007f481c25d038 mode 0
Event: 1.269 Thread 0x00007f481400d000 DEOPT PACKING pc=0x00007f48052ec281 sp=0x00007f481c25d320
Event: 1.269 Thread 0x00007f481400d000 DEOPT UNPACKING pc=0x00007f4805047373 sp=0x00007f481c25d038 mode 0
Event: 1.270 Thread 0x00007f481400d000 DEOPT PACKING pc=0x00007f48052ec281 sp=0x00007f481c25d320
Event: 1.270 Thread 0x00007f481400d000 DEOPT UNPACKING pc=0x00007f4805047373 sp=0x00007f481c25d038 mode 0
Event: 1.278 Executing VM operation: ParallelGCFailedAllocation


Dynamic libraries:
00400000-00401000 r-xp 00000000 08:16 1058522                            /usr/lib/jvm/java-8-openjdk-amd64/jre/bin/java
00600000-00601000 r--p 00000000 08:16 1058522                            /usr/lib/jvm/java-8-openjdk-amd64/jre/bin/java
00601000-00602000 rw-p 00001000 08:16 1058522                            /usr/lib/jvm/java-8-openjdk-amd64/jre/bin/java
0124b000-0126c000 rw-p 00000000 00:00 0                                  [heap]
c0000000-c9580000 rw-p 00000000 00:00 0 
c9580000-eab00000 ---p 00000000 00:00 0 
eab00000-f2a00000 rw-p 00000000 00:00 0 
100000000-100080000 rw-p 00000000 00:00 0 
100080000-140000000 ---p 00000000 00:00 0 
7f47b4000000-7f47b4021000 rw-p 00000000 00:00 0 
7f47b4021000-7f47b8000000 ---p 00000000 00:00 0 
7f47b8000000-7f47b8021000 rw-p 00000000 00:00 0 
7f47b8021000-7f47bc000000 ---p 00000000 00:00 0 
7f47bc000000-7f47bc950000 rw-p 00000000 00:00 0 
7f47bc950000-7f47c0000000 ---p 00000000 00:00 0 
7f47c0000000-7f47c0425000 rw-p 00000000 00:00 0 
7f47c0425000-7f47c4000000 ---p 00000000 00:00 0 
7f47c4000000-7f47c5072000 rw-p 00000000 00:00 0 
7f47c5072000-7f47c8000000 ---p 00000000 00:00 0 
7f47c8000000-7f47c8b7f000 rw-p 00000000 00:00 0 
7f47c8b7f000-7f47cc000000 ---p 00000000 00:00 0 
7f47cc000000-7f47cc021000 rw-p 00000000 00:00 0 
7f47cc021000-7f47d0000000 ---p 00000000 00:00 0 
7f47d0000000-7f47d0021000 rw-p 00000000 00:00 0 
7f47d0021000-7f47d4000000 ---p 00000000 00:00 0 
7f47d7318000-7f47d7319000 ---p 00000000 00:00 0 
7f47d7319000-7f47d7419000 rw-p 00000000 00:00 0                          [stack:5911]
7f47d7419000-7f47d741c000 ---p 00000000 00:00 0 
7f47d741c000-7f47d751a000 rw-p 00000000 00:00 0                          [stack:5910]
7f47d751a000-7f47d751d000 ---p 00000000 00:00 0 
7f47d751d000-7f47d761b000 rw-p 00000000 00:00 0                          [stack:5909]
7f47d761b000-7f47d761e000 ---p 00000000 00:00 0 
7f47d761e000-7f47d771c000 rw-p 00000000 00:00 0                          [stack:5908]
7f47d771c000-7f47d771f000 ---p 00000000 00:00 0 
7f47d771f000-7f47d781d000 rw-p 00000000 00:00 0                          [stack:5907]
7f47d781d000-7f47d7820000 ---p 00000000 00:00 0 
7f47d7820000-7f47d791e000 rw-p 00000000 00:00 0                          [stack:5906]
7f47d791e000-7f47d8000000 r--p 00000000 08:16 531444                     /usr/lib/locale/locale-archive
7f47d8000000-7f47d8021000 rw-p 00000000 00:00 0 
7f47d8021000-7f47dc000000 ---p 00000000 00:00 0 
7f47dc000000-7f47dc021000 rw-p 00000000 00:00 0 
7f47dc021000-7f47e0000000 ---p 00000000 00:00 0 
7f47e0000000-7f47e0021000 rw-p 00000000 00:00 0 
7f47e0021000-7f47e4000000 ---p 00000000 00:00 0 
7f47e4000000-7f47e4021000 rw-p 00000000 00:00 0 
7f47e4021000-7f47e8000000 ---p 00000000 00:00 0 
7f47e80ad000-7f47e80bc000 r--s 000df000 08:16 3674186                    /root/Android/Sdk/build-tools/23.0.3/lib/dx.jar
7f47e80bc000-7f47e80d7000 r--s 001d7000 08:16 1971917                    /usr/lib/jvm/java-8-openjdk-amd64/jre/lib/ext/nashorn.jar
7f47e80d7000-7f47e80e1000 r--s 00116000 08:16 1972026                    /usr/lib/jvm/java-8-openjdk-amd64/jre/lib/ext/localedata.jar
7f47e80e1000-7f47e80e4000 ---p 00000000 00:00 0 
7f47e80e4000-7f47e81e2000 rw-p 00000000 00:00 0                          [stack:5905]
7f47e81e2000-7f47e81e5000 ---p 00000000 00:00 0 
7f47e81e5000-7f47e82e3000 rw-p 00000000 00:00 0                          [stack:5904]
7f47e82e3000-7f47e82e6000 ---p 00000000 00:00 0 
7f47e82e6000-7f47e83e4000 rw-p 00000000 00:00 0                          [stack:5903]
7f47e83e4000-7f47e83e5000 ---p 00000000 00:00 0 
7f47e83e5000-7f47ec000000 rw-p 00000000 00:00 0                          [stack:5902]
7f47ec000000-7f47ec021000 rw-p 00000000 00:00 0 
7f47ec021000-7f47f0000000 ---p 00000000 00:00 0 
7f47f0000000-7f47f0021000 rw-p 00000000 00:00 0 
7f47f0021000-7f47f4000000 ---p 00000000 00:00 0 
7f47f4000000-7f47f4021000 rw-p 00000000 00:00 0 
7f47f4021000-7f47f8000000 ---p 00000000 00:00 0 
7f47f8000000-7f47f8021000 rw-p 00000000 00:00 0 
7f47f8021000-7f47fc000000 ---p 00000000 00:00 0 
7f47fc000000-7f47fc021000 rw-p 00000000 00:00 0 
7f47fc021000-7f4800000000 ---p 00000000 00:00 0 
7f4800000000-7f4800021000 rw-p 00000000 00:00 0 
7f4800021000-7f4804000000 ---p 00000000 00:00 0 
7f4804001000-7f480401d000 r--s 00393000 08:16 1971986                    /usr/lib/jvm/java-8-openjdk-amd64/jre/lib/ext/cldrdata.jar
7f480401d000-7f4804130000 rw-p 00000000 00:00 0 
7f4804130000-7f48042fd000 r--s 03be7000 08:16 1328837                    /usr/lib/jvm/java-8-openjdk-amd64/jre/lib/rt.jar
7f48042fd000-7f48047fd000 rw-p 00000000 00:00 0 
7f48047fd000-7f4804afd000 ---p 00000000 00:00 0 
7f4804afd000-7f4804cfd000 rw-p 00000000 00:00 0 
7f4804cfd000-7f4804cfe000 ---p 00000000 00:00 0 
7f4804cfe000-7f4804dfe000 rw-p 00000000 00:00 0                          [stack:5901]
7f4804dfe000-7f4804dff000 ---p 00000000 00:00 0 
7f4804dff000-7f4804eff000 rw-p 00000000 00:00 0                          [stack:5900]
7f4804eff000-7f4804f00000 ---p 00000000 00:00 0 
7f4804f00000-7f4805000000 rw-p 00000000 00:00 0                          [stack:5899]
7f4805000000-7f4805410000 rwxp 00000000 00:00 0 
7f4805410000-7f4814000000 ---p 00000000 00:00 0 
7f4814000000-7f48142c3000 rw-p 00000000 00:00 0 
7f48142c3000-7f4818000000 ---p 00000000 00:00 0 
7f4818001000-7f4818002000 rw-p 00000000 00:00 0 
7f4818002000-7f4818006000 r--s 00097000 08:16 1328842                    /usr/lib/jvm/java-8-openjdk-amd64/jre/lib/jsse.jar
7f4818006000-7f481809d000 rw-p 00000000 00:00 0 
7f481809d000-7f481809e000 ---p 00000000 00:00 0 
7f481809e000-7f481819e000 rw-p 00000000 00:00 0                          [stack:5898]
7f481819e000-7f481819f000 ---p 00000000 00:00 0 
7f481819f000-7f481829f000 rw-p 00000000 00:00 0                          [stack:5897]
7f481829f000-7f48182a0000 ---p 00000000 00:00 0 
7f48182a0000-7f48183a0000 rw-p 00000000 00:00 0                          [stack:5896]
7f48183a0000-7f48183a1000 ---p 00000000 00:00 0 
7f48183a1000-7f48184a1000 rw-p 00000000 00:00 0                          [stack:5895]
7f48184a1000-7f48184a2000 ---p 00000000 00:00 0 
7f48184a2000-7f48185ed000 rw-p 00000000 00:00 0                          [stack:5894]
7f48185ed000-7f48186f8000 ---p 00000000 00:00 0 
7f48186f8000-7f4818743000 rw-p 00000000 00:00 0 
7f4818743000-7f481884d000 ---p 00000000 00:00 0 
7f481884d000-7f481888d000 rw-p 00000000 00:00 0 
7f481888d000-7f48188f8000 ---p 00000000 00:00 0 
7f48188f8000-7f481890a000 rw-p 00000000 00:00 0 
7f481890a000-7f4818cb9000 ---p 00000000 00:00 0 
7f4818cb9000-7f4818cc1000 r-xp 00000000 08:16 1444986                    /usr/lib/jvm/java-8-openjdk-amd64/jre/lib/amd64/libzip.so
7f4818cc1000-7f4818ec0000 ---p 00008000 08:16 1444986                    /usr/lib/jvm/java-8-openjdk-amd64/jre/lib/amd64/libzip.so
7f4818ec0000-7f4818ec1000 r--p 00007000 08:16 1444986                    /usr/lib/jvm/java-8-openjdk-amd64/jre/lib/amd64/libzip.so
7f4818ec1000-7f4818ec2000 rw-p 00008000 08:16 1444986                    /usr/lib/jvm/java-8-openjdk-amd64/jre/lib/amd64/libzip.so
7f4818ec2000-7f4818ecc000 r-xp 00000000 08:16 3413541                    /lib/x86_64-linux-gnu/libnss_files-2.19.so
7f4818ecc000-7f48190cb000 ---p 0000a000 08:16 3413541                    /lib/x86_64-linux-gnu/libnss_files-2.19.so
7f48190cb000-7f48190cc000 r--p 00009000 08:16 3413541                    /lib/x86_64-linux-gnu/libnss_files-2.19.so
7f48190cc000-7f48190cd000 rw-p 0000a000 08:16 3413541                    /lib/x86_64-linux-gnu/libnss_files-2.19.so
7f48190cd000-7f48190d8000 r-xp 00000000 08:16 3413533                    /lib/x86_64-linux-gnu/libnss_nis-2.19.so
7f48190d8000-7f48192d7000 ---p 0000b000 08:16 3413533                    /lib/x86_64-linux-gnu/libnss_nis-2.19.so
7f48192d7000-7f48192d8000 r--p 0000a000 08:16 3413533                    /lib/x86_64-linux-gnu/libnss_nis-2.19.so
7f48192d8000-7f48192d9000 rw-p 0000b000 08:16 3413533                    /lib/x86_64-linux-gnu/libnss_nis-2.19.so
7f48192d9000-7f48192f0000 r-xp 00000000 08:16 3413529                    /lib/x86_64-linux-gnu/libnsl-2.19.so
7f48192f0000-7f48194ef000 ---p 00017000 08:16 3413529                    /lib/x86_64-linux-gnu/libnsl-2.19.so
7f48194ef000-7f48194f0000 r--p 00016000 08:16 3413529                    /lib/x86_64-linux-gnu/libnsl-2.19.so
7f48194f0000-7f48194f1000 rw-p 00017000 08:16 3413529                    /lib/x86_64-linux-gnu/libnsl-2.19.so
7f48194f1000-7f48194f3000 rw-p 00000000 00:00 0 
7f48194f3000-7f48194fc000 r-xp 00000000 08:16 3413528                    /lib/x86_64-linux-gnu/libnss_compat-2.19.so
7f48194fc000-7f48196fb000 ---p 00009000 08:16 3413528                    /lib/x86_64-linux-gnu/libnss_compat-2.19.so
7f48196fb000-7f48196fc000 r--p 00008000 08:16 3413528                    /lib/x86_64-linux-gnu/libnss_compat-2.19.so
7f48196fc000-7f48196fd000 rw-p 00009000 08:16 3413528                    /lib/x86_64-linux-gnu/libnss_compat-2.19.so
7f48196fd000-7f4819729000 r-xp 00000000 08:16 1444413                    /usr/lib/jvm/java-8-openjdk-amd64/jre/lib/amd64/libjava.so
7f4819729000-7f4819929000 ---p 0002c000 08:16 1444413                    /usr/lib/jvm/java-8-openjdk-amd64/jre/lib/amd64/libjava.so
7f4819929000-7f481992a000 r--p 0002c000 08:16 1444413                    /usr/lib/jvm/java-8-openjdk-amd64/jre/lib/amd64/libjava.so
7f481992a000-7f481992c000 rw-p 0002d000 08:16 1444413                    /usr/lib/jvm/java-8-openjdk-amd64/jre/lib/amd64/libjava.so
7f481992c000-7f481993c000 r-xp 00000000 08:16 1444420                    /usr/lib/jvm/java-8-openjdk-amd64/jre/lib/amd64/libverify.so
7f481993c000-7f4819b3b000 ---p 00010000 08:16 1444420                    /usr/lib/jvm/java-8-openjdk-amd64/jre/lib/amd64/libverify.so
7f4819b3b000-7f4819b3d000 r--p 0000f000 08:16 1444420                    /usr/lib/jvm/java-8-openjdk-amd64/jre/lib/amd64/libverify.so
7f4819b3d000-7f4819b3e000 rw-p 00011000 08:16 1444420                    /usr/lib/jvm/java-8-openjdk-amd64/jre/lib/amd64/libverify.so
7f4819b3e000-7f4819b45000 r-xp 00000000 08:16 3413537                    /lib/x86_64-linux-gnu/librt-2.19.so
7f4819b45000-7f4819d44000 ---p 00007000 08:16 3413537                    /lib/x86_64-linux-gnu/librt-2.19.so
7f4819d44000-7f4819d45000 r--p 00006000 08:16 3413537                    /lib/x86_64-linux-gnu/librt-2.19.so
7f4819d45000-7f4819d46000 rw-p 00007000 08:16 3413537                    /lib/x86_64-linux-gnu/librt-2.19.so
7f4819d46000-7f4819d5c000 r-xp 00000000 08:16 3413520                    /lib/x86_64-linux-gnu/libgcc_s.so.1
7f4819d5c000-7f4819f5b000 ---p 00016000 08:16 3413520                    /lib/x86_64-linux-gnu/libgcc_s.so.1
7f4819f5b000-7f4819f5c000 rw-p 00015000 08:16 3413520                    /lib/x86_64-linux-gnu/libgcc_s.so.1
7f4819f5c000-7f481a061000 r-xp 00000000 08:16 3413523                    /lib/x86_64-linux-gnu/libm-2.19.so
7f481a061000-7f481a260000 ---p 00105000 08:16 3413523                    /lib/x86_64-linux-gnu/libm-2.19.so
7f481a260000-7f481a261000 r--p 00104000 08:16 3413523                    /lib/x86_64-linux-gnu/libm-2.19.so
7f481a261000-7f481a262000 rw-p 00105000 08:16 3413523                    /lib/x86_64-linux-gnu/libm-2.19.so
7f481a262000-7f481a348000 r-xp 00000000 08:16 524323                     /usr/lib/x86_64-linux-gnu/libstdc++.so.6.0.19
7f481a348000-7f481a547000 ---p 000e6000 08:16 524323                     /usr/lib/x86_64-linux-gnu/libstdc++.so.6.0.19
7f481a547000-7f481a54f000 r--p 000e5000 08:16 524323                     /usr/lib/x86_64-linux-gnu/libstdc++.so.6.0.19
7f481a54f000-7f481a551000 rw-p 000ed000 08:16 524323                     /usr/lib/x86_64-linux-gnu/libstdc++.so.6.0.19
7f481a551000-7f481a566000 rw-p 00000000 00:00 0 
7f481a566000-7f481b154000 r-xp 00000000 08:16 1574165                    /usr/lib/jvm/java-8-openjdk-amd64/jre/lib/amd64/server/libjvm.so
7f481b154000-7f481b354000 ---p 00bee000 08:16 1574165                    /usr/lib/jvm/java-8-openjdk-amd64/jre/lib/amd64/server/libjvm.so
7f481b354000-7f481b3f2000 r--p 00bee000 08:16 1574165                    /usr/lib/jvm/java-8-openjdk-amd64/jre/lib/amd64/server/libjvm.so
7f481b3f2000-7f481b41b000 rw-p 00c8c000 08:16 1574165                    /usr/lib/jvm/java-8-openjdk-amd64/jre/lib/amd64/server/libjvm.so
7f481b41b000-7f481b44d000 rw-p 00000000 00:00 0 
7f481b44d000-7f481b466000 r-xp 00000000 08:16 3413530                    /lib/x86_64-linux-gnu/libpthread-2.19.so
7f481b466000-7f481b665000 ---p 00019000 08:16 3413530                    /lib/x86_64-linux-gnu/libpthread-2.19.so
7f481b665000-7f481b666000 r--p 00018000 08:16 3413530                    /lib/x86_64-linux-gnu/libpthread-2.19.so
7f481b666000-7f481b667000 rw-p 00019000 08:16 3413530                    /lib/x86_64-linux-gnu/libpthread-2.19.so
7f481b667000-7f481b66b000 rw-p 00000000 00:00 0 
7f481b66b000-7f481b66e000 r-xp 00000000 08:16 3413525                    /lib/x86_64-linux-gnu/libdl-2.19.so
7f481b66e000-7f481b86d000 ---p 00003000 08:16 3413525                    /lib/x86_64-linux-gnu/libdl-2.19.so
7f481b86d000-7f481b86e000 r--p 00002000 08:16 3413525                    /lib/x86_64-linux-gnu/libdl-2.19.so
7f481b86e000-7f481b86f000 rw-p 00003000 08:16 3413525                    /lib/x86_64-linux-gnu/libdl-2.19.so
7f481b86f000-7f481b887000 r-xp 00000000 08:16 3412060                    /lib/x86_64-linux-gnu/libz.so.1.2.8
7f481b887000-7f481ba86000 ---p 00018000 08:16 3412060                    /lib/x86_64-linux-gnu/libz.so.1.2.8
7f481ba86000-7f481ba87000 r--p 00017000 08:16 3412060                    /lib/x86_64-linux-gnu/libz.so.1.2.8
7f481ba87000-7f481ba88000 rw-p 00018000 08:16 3412060                    /lib/x86_64-linux-gnu/libz.so.1.2.8
7f481ba88000-7f481bc42000 r-xp 00000000 08:16 3413538                    /lib/x86_64-linux-gnu/libc-2.19.so
7f481bc42000-7f481be42000 ---p 001ba000 08:16 3413538                    /lib/x86_64-linux-gnu/libc-2.19.so
7f481be42000-7f481be46000 r--p 001ba000 08:16 3413538                    /lib/x86_64-linux-gnu/libc-2.19.so
7f481be46000-7f481be48000 rw-p 001be000 08:16 3413538                    /lib/x86_64-linux-gnu/libc-2.19.so
7f481be48000-7f481be4d000 rw-p 00000000 00:00 0 
7f481be4d000-7f481be5a000 r-xp 00000000 08:16 1574169                    /usr/lib/jvm/java-8-openjdk-amd64/jre/lib/amd64/jli/libjli.so
7f481be5a000-7f481c05a000 ---p 0000d000 08:16 1574169                    /usr/lib/jvm/java-8-openjdk-amd64/jre/lib/amd64/jli/libjli.so
7f481c05a000-7f481c05b000 r--p 0000d000 08:16 1574169                    /usr/lib/jvm/java-8-openjdk-amd64/jre/lib/amd64/jli/libjli.so
7f481c05b000-7f481c05c000 rw-p 0000e000 08:16 1574169                    /usr/lib/jvm/java-8-openjdk-amd64/jre/lib/amd64/jli/libjli.so
7f481c05c000-7f481c07f000 r-xp 00000000 08:16 3413531                    /lib/x86_64-linux-gnu/ld-2.19.so
7f481c07f000-7f481c085000 r--s 0003a000 08:16 1972006                    /usr/lib/jvm/java-8-openjdk-amd64/jre/lib/ext/sunjce_provider.jar
7f481c085000-7f481c15e000 rw-p 00000000 00:00 0 
7f481c15e000-7f481c161000 ---p 00000000 00:00 0 
7f481c161000-7f481c264000 rw-p 00000000 00:00 0                          [stack:5893]
7f481c264000-7f481c266000 r--s 00006000 08:16 924865                     /usr/share/java/java-atk-wrapper.jar
7f481c266000-7f481c267000 r--s 00008000 08:16 1971996                    /usr/lib/jvm/java-8-openjdk-amd64/jre/lib/ext/sunec.jar
7f481c267000-7f481c26a000 r--s 0000f000 08:16 1972013                    /usr/lib/jvm/java-8-openjdk-amd64/jre/lib/ext/icedtea-sound.jar
7f481c26a000-7f481c26c000 r--s 00001000 08:16 1971942                    /usr/lib/jvm/java-8-openjdk-amd64/jre/lib/ext/dnsns.jar
7f481c26c000-7f481c26d000 r--s 0000a000 08:16 1972003                    /usr/lib/jvm/java-8-openjdk-amd64/jre/lib/ext/jaccess.jar
7f481c26d000-7f481c26e000 r--s 00010000 08:16 1972005                    /usr/lib/jvm/java-8-openjdk-amd64/jre/lib/ext/zipfs.jar
7f481c26e000-7f481c272000 r--s 00037000 08:16 1972031                    /usr/lib/jvm/java-8-openjdk-amd64/jre/lib/ext/sunpkcs11.jar
7f481c272000-7f481c27a000 rw-s 00000000 08:16 4473326                    /tmp/hsperfdata_root/5888
7f481c27a000-7f481c27b000 rw-p 00000000 00:00 0 
7f481c27b000-7f481c27c000 ---p 00000000 00:00 0 
7f481c27c000-7f481c27e000 rw-p 00000000 00:00 0 
7f481c27e000-7f481c27f000 r--p 00022000 08:16 3413531                    /lib/x86_64-linux-gnu/ld-2.19.so
7f481c27f000-7f481c280000 rw-p 00023000 08:16 3413531                    /lib/x86_64-linux-gnu/ld-2.19.so
7f481c280000-7f481c281000 rw-p 00000000 00:00 0 
7ffeeee59000-7ffeeee7c000 rw-p 00000000 00:00 0                          [stack]
7ffeeeec1000-7ffeeeec3000 r-xp 00000000 00:00 0                          [vdso]
ffffffffff600000-ffffffffff601000 r-xp 00000000 00:00 0                  [vsyscall]

VM Arguments:
jvm_args: -Djava.awt.headless=true -Xmx1024M -Dfile.encoding=UTF-8 -Duser.country=US -Duser.language=en -Duser.variant 
java_command: com.android.dx.command.Main --dex --num-threads=4 --output /home/pc2/Desktop/Android/SOSapp/SOSapp/app/build/intermediates/transforms/dex/debug/folders/1000/1f/main /home/pc2/Desktop/Android/SOSapp/SOSapp/app/build/intermediates/pre-dexed/debug/support-annotations-23.3.0_b975d86e0abec7206d5cce18f9d4cf511f96b32d.jar /home/pc2/Desktop/Android/SOSapp/SOSapp/app/build/intermediates/pre-dexed/debug/com.google.android.gms-play-services-panorama-8.4.0_88b2c7caa5f2f9d74398b02b624394f2ff3ca0d0.jar /home/pc2/Desktop/Android/SOSapp/SOSapp/app/build/intermediates/pre-dexed/debug/com.android.support-animated-vector-drawable-23.3.0_04def879db50345dcbc21401feceac3276783da1.jar /home/pc2/Desktop/Android/SOSapp/SOSapp/app/build/intermediates/pre-dexed/debug/internal_impl-23.0.0_98b47ddb3b5d7f24ebfe7c1484e33ecbc6c3a221.jar /home/pc2/Desktop/Android/SOSapp/SOSapp/app/build/intermediates/pre-dexed/debug/com.google.android.gms-play-services-safetynet-8.4.0_4f6573709439a12c869b3e47764c1c49dc9010b1.jar /home/pc2/Desktop/Android/SOSapp/SOSapp/app/build/intermediates/pre-dexed/debug/com.google.android.gms-play-services-identity-8.4.0_3424ae87ab3cccf3ee6907a8c74702a5f01e0076.jar /home/pc2/Desktop/Android/SOSapp/SOSapp/app/build/intermediates/pre-dexed/debug/com.google.android.gms-play-services-appinvite-8.4.0_0e1ea037bf9b26b9721a66bdbdeb93fe2d335f7a.jar /home/pc2/Desktop/Android/SOSapp/SOSapp/app/build/intermediates/pre-dexed/debug/com.android.support-support-vector-drawable-23.3.0_5b2e76e7388905a448ab36ca91c995dea4e7db3a.jar /home/pc2/Desktop/Android/SOSapp/SOSapp/app/build/intermediates/pre-dexed/debug/com.google.android.gms-play-services-appindexing-8.4.0_390ffc22e3c6edbc58aba43f4431ebc01330d929.jar /home/pc2/Desktop/Android/SOSapp/SOSapp/app/build/intermediates/pre-dexed/debug/com.google.android.gms-play-services-gcm-8.4.0_3c732e48b6741c660ebd5e239aaf191cef1d153e.jar /home/pc2/Desktop/Android/SOSapp/SOSapp/app/build/intermediates/pre-dexed/debug/com.google.android.gms-pla
java_class_path (initial): /root/Android/Sdk/build-tools/23.0.3/lib/dx.jar
Launcher Type: SUN_STANDARD

Environment Variables:
PATH=/usr/local/sbin:/usr/local/bin:/usr/sbin:/usr/bin:/sbin:/bin
USERNAME=root
LD_LIBRARY_PATH=.:
SHELL=/bin/bash
DISPLAY=:0

Signal Handlers:
SIGSEGV: [libjvm.so+0x9f6230], sa_mask[0]=11111111011111111101111111111110, sa_flags=SA_RESTART|SA_SIGINFO
SIGBUS: [libjvm.so+0x9f6230], sa_mask[0]=11111111011111111101111111111110, sa_flags=SA_RESTART|SA_SIGINFO
SIGFPE: [libjvm.so+0x856c80], sa_mask[0]=11111111011111111101111111111110, sa_flags=SA_RESTART|SA_SIGINFO
SIGPIPE: [libjvm.so+0x856c80], sa_mask[0]=11111111011111111101111111111110, sa_flags=SA_RESTART|SA_SIGINFO
SIGXFSZ: [libjvm.so+0x856c80], sa_mask[0]=11111111011111111101111111111110, sa_flags=SA_RESTART|SA_SIGINFO
SIGILL: [libjvm.so+0x856c80], sa_mask[0]=11111111011111111101111111111110, sa_flags=SA_RESTART|SA_SIGINFO
SIGUSR1: SIG_DFL, sa_mask[0]=00000000000000000000000000000000, sa_flags=none
SIGUSR2: [libjvm.so+0x856b50], sa_mask[0]=00100000000000000000000000000000, sa_flags=SA_RESTART|SA_SIGINFO
SIGHUP: [libjvm.so+0x856d40], sa_mask[0]=11111111011111111101111111111110, sa_flags=SA_RESTART|SA_SIGINFO
SIGINT: [libjvm.so+0x856d40], sa_mask[0]=11111111011111111101111111111110, sa_flags=SA_RESTART|SA_SIGINFO
SIGTERM: [libjvm.so+0x856d40], sa_mask[0]=11111111011111111101111111111110, sa_flags=SA_RESTART|SA_SIGINFO
SIGQUIT: [libjvm.so+0x856d40], sa_mask[0]=11111111011111111101111111111110, sa_flags=SA_RESTART|SA_SIGINFO


---------------  S Y S T E M  ---------------

OS:DISTRIB_ID=Ubuntu
DISTRIB_RELEASE=14.04
DISTRIB_CODENAME=trusty
DISTRIB_DESCRIPTION="Ubuntu 14.04.4 LTS"

uname:Linux 3.13.0-91-generic #138-Ubuntu SMP Fri Jun 24 17:00:34 UTC 2016 x86_64
libc:glibc 2.19 NPTL 2.19 
rlimit: STACK 8192k, CORE 0k, NPROC 62225, NOFILE 4096, AS infinity
load average:0.94 1.14 1.01

/proc/meminfo:
MemTotal:        8054008 kB
MemFree:          121460 kB
Buffers:            1556 kB
Cached:           114816 kB
SwapCached:            0 kB
Active:          7307652 kB
Inactive:          86796 kB
Active(anon):    7279560 kB
Inactive(anon):    67104 kB
Active(file):      28092 kB
Inactive(file):    19692 kB
Unevictable:          32 kB
Mlocked:              32 kB
SwapTotal:             0 kB
SwapFree:              0 kB
Dirty:              3460 kB
Writeback:             0 kB
AnonPages:       7278968 kB
Mapped:           377304 kB
Shmem:             68312 kB
Slab:              91492 kB
SReclaimable:      40252 kB
SUnreclaim:        51240 kB
KernelStack:        6392 kB
PageTables:        48628 kB
NFS_Unstable:          0 kB
Bounce:                0 kB
WritebackTmp:          0 kB
CommitLimit:     4027004 kB
Committed_AS:    9764744 kB
VmallocTotal:   34359738367 kB
VmallocUsed:      602624 kB
VmallocChunk:   34359108060 kB
HardwareCorrupted:     0 kB
AnonHugePages:   4646912 kB
HugePages_Total:       0
HugePages_Free:        0
HugePages_Rsvd:        0
HugePages_Surp:        0
Hugepagesize:       2048 kB
DirectMap4k:      531200 kB
DirectMap2M:     7735296 kB
DirectMap1G:           0 kB


CPU:total 8 (4 cores per cpu, 2 threads per core) family 6 model 60 stepping 3, cmov, cx8, fxsr, mmx, sse, sse2, sse3, ssse3, sse4.1, sse4.2, popcnt, avx, avx2, aes, clmul, erms, lzcnt, ht, tsc, tscinvbit, bmi1, bmi2

/proc/cpuinfo:
processor	: 0
vendor_id	: GenuineIntel
cpu family	: 6
model		: 60
model name	: Intel(R) Core(TM) i7-4702MQ CPU @ 2.20GHz
stepping	: 3
microcode	: 0x17
cpu MHz		: 2201.000
cache size	: 6144 KB
physical id	: 0
siblings	: 8
core id		: 0
cpu cores	: 4
apicid		: 0
initial apicid	: 0
fpu		: yes
fpu_exception	: yes
cpuid level	: 13
wp		: yes
flags		: fpu vme de pse tsc msr pae mce cx8 apic sep mtrr pge mca cmov pat pse36 clflush dts acpi mmx fxsr sse sse2 ss ht tm pbe syscall nx pdpe1gb rdtscp lm constant_tsc arch_perfmon pebs bts rep_good nopl xtopology nonstop_tsc aperfmperf eagerfpu pni pclmulqdq dtes64 monitor ds_cpl vmx est tm2 ssse3 fma cx16 xtpr pdcm pcid sse4_1 sse4_2 movbe popcnt tsc_deadline_timer aes xsave avx f16c rdrand lahf_lm abm ida arat epb xsaveopt pln pts dtherm tpr_shadow vnmi flexpriority ept vpid fsgsbase tsc_adjust bmi1 avx2 smep bmi2 erms invpcid
bogomips	: 4389.89
clflush size	: 64
cache_alignment	: 64
address sizes	: 39 bits physical, 48 bits virtual
power management:

processor	: 1
vendor_id	: GenuineIntel
cpu family	: 6
model		: 60
model name	: Intel(R) Core(TM) i7-4702MQ CPU @ 2.20GHz
stepping	: 3
microcode	: 0x17
cpu MHz		: 2201.000
cache size	: 6144 KB
physical id	: 0
siblings	: 8
core id		: 0
cpu cores	: 4
apicid		: 1
initial apicid	: 1
fpu		: yes
fpu_exception	: yes
cpuid level	: 13
wp		: yes
flags		: fpu vme de pse tsc msr pae mce cx8 apic sep mtrr pge mca cmov pat pse36 clflush dts acpi mmx fxsr sse sse2 ss ht tm pbe syscall nx pdpe1gb rdtscp lm constant_tsc arch_perfmon pebs bts rep_good nopl xtopology nonstop_tsc aperfmperf eagerfpu pni pclmulqdq dtes64 monitor ds_cpl vmx est tm2 ssse3 fma cx16 xtpr pdcm pcid sse4_1 sse4_2 movbe popcnt tsc_deadline_timer aes xsave avx f16c rdrand lahf_lm abm ida arat epb xsaveopt pln pts dtherm tpr_shadow vnmi flexpriority ept vpid fsgsbase tsc_adjust bmi1 avx2 smep bmi2 erms invpcid
bogomips	: 4389.89
clflush size	: 64
cache_alignment	: 64
address sizes	: 39 bits physical, 48 bits virtual
power management:

processor	: 2
vendor_id	: GenuineIntel
cpu family	: 6
model		: 60
model name	: Intel(R) Core(TM) i7-4702MQ CPU @ 2.20GHz
stepping	: 3
microcode	: 0x17
cpu MHz		: 2201.000
cache size	: 6144 KB
physical id	: 0
siblings	: 8
core id		: 1
cpu cores	: 4
apicid		: 2
initial apicid	: 2
fpu		: yes
fpu_exception	: yes
cpuid level	: 13
wp		: yes
flags		: fpu vme de pse tsc msr pae mce cx8 apic sep mtrr pge mca cmov pat pse36 clflush dts acpi mmx fxsr sse sse2 ss ht tm pbe syscall nx pdpe1gb rdtscp lm constant_tsc arch_perfmon pebs bts rep_good nopl xtopology nonstop_tsc aperfmperf eagerfpu pni pclmulqdq dtes64 monitor ds_cpl vmx est tm2 ssse3 fma cx16 xtpr pdcm pcid sse4_1 sse4_2 movbe popcnt tsc_deadline_timer aes xsave avx f16c rdrand lahf_lm abm ida arat epb xsaveopt pln pts dtherm tpr_shadow vnmi flexpriority ept vpid fsgsbase tsc_adjust bmi1 avx2 smep bmi2 erms invpcid
bogomips	: 4389.89
clflush size	: 64
cache_alignment	: 64
address sizes	: 39 bits physical, 48 bits virtual
power management:

processor	: 3
vendor_id	: GenuineIntel
cpu family	: 6
model		: 60
model name	: Intel(R) Core(TM) i7-4702MQ CPU @ 2.20GHz
stepping	: 3
microcode	: 0x17
cpu MHz		: 800.000
cache size	: 6144 KB
physical id	: 0
siblings	: 8
core id		: 1
cpu cores	: 4
apicid		: 3
initial apicid	: 3
fpu		: yes
fpu_exception	: yes
cpuid level	: 13
wp		: yes
flags		: fpu vme de pse tsc msr pae mce cx8 apic sep mtrr pge mca cmov pat pse36 clflush dts acpi mmx fxsr sse sse2 ss ht tm pbe syscall nx pdpe1gb rdtscp lm constant_tsc arch_perfmon pebs bts rep_good nopl xtopology nonstop_tsc aperfmperf eagerfpu pni pclmulqdq dtes64 monitor ds_cpl vmx est tm2 ssse3 fma cx16 xtpr pdcm pcid sse4_1 sse4_2 movbe popcnt tsc_deadline_timer aes xsave avx f16c rdrand lahf_lm abm ida arat epb xsaveopt pln pts dtherm tpr_shadow vnmi flexpriority ept vpid fsgsbase tsc_adjust bmi1 avx2 smep bmi2 erms invpcid
bogomips	: 4389.89
clflush size	: 64
cache_alignment	: 64
address sizes	: 39 bits physical, 48 bits virtual
power management:

processor	: 4
vendor_id	: GenuineIntel
cpu family	: 6
model		: 60
model name	: Intel(R) Core(TM) i7-4702MQ CPU @ 2.20GHz
stepping	: 3
microcode	: 0x17
cpu MHz		: 2201.000
cache size	: 6144 KB
physical id	: 0
siblings	: 8
core id		: 2
cpu cores	: 4
apicid		: 4
initial apicid	: 4
fpu		: yes
fpu_exception	: yes
cpuid level	: 13
wp		: yes
flags		: fpu vme de pse tsc msr pae mce cx8 apic sep mtrr pge mca cmov pat pse36 clflush dts acpi mmx fxsr sse sse2 ss ht tm pbe syscall nx pdpe1gb rdtscp lm constant_tsc arch_perfmon pebs bts rep_good nopl xtopology nonstop_tsc aperfmperf eagerfpu pni pclmulqdq dtes64 monitor ds_cpl vmx est tm2 ssse3 fma cx16 xtpr pdcm pcid sse4_1 sse4_2 movbe popcnt tsc_deadline_timer aes xsave avx f16c rdrand lahf_lm abm ida arat epb xsaveopt pln pts dtherm tpr_shadow vnmi flexpriority ept vpid fsgsbase tsc_adjust bmi1 avx2 smep bmi2 erms invpcid
bogomips	: 4389.89
clflush size	: 64
cache_alignment	: 64
address sizes	: 39 bits physical, 48 bits virtual
power management:

processor	: 5
vendor_id	: GenuineIntel
cpu family	: 6
model		: 60
model name	: Intel(R) Core(TM) i7-4702MQ CPU @ 2.20GHz
stepping	: 3
microcode	: 0x17
cpu MHz		: 2201.000
cache size	: 6144 KB
physical id	: 0
siblings	: 8
core id		: 2
cpu cores	: 4
apicid		: 5
initial apicid	: 5
fpu		: yes
fpu_exception	: yes
cpuid level	: 13
wp		: yes
flags		: fpu vme de pse tsc msr pae mce cx8 apic sep mtrr pge mca cmov pat pse36 clflush dts acpi mmx fxsr sse sse2 ss ht tm pbe syscall nx pdpe1gb rdtscp lm constant_tsc arch_perfmon pebs bts rep_good nopl xtopology nonstop_tsc aperfmperf eagerfpu pni pclmulqdq dtes64 monitor ds_cpl vmx est tm2 ssse3 fma cx16 xtpr pdcm pcid sse4_1 sse4_2 movbe popcnt tsc_deadline_timer aes xsave avx f16c rdrand lahf_lm abm ida arat epb xsaveopt pln pts dtherm tpr_shadow vnmi flexpriority ept vpid fsgsbase tsc_adjust bmi1 avx2 smep bmi2 erms invpcid
bogomips	: 4389.89
clflush size	: 64
cache_alignment	: 64
address sizes	: 39 bits physical, 48 bits virtual
power management:

processor	: 6
vendor_id	: GenuineIntel
cpu family	: 6
model		: 60
model name	: Intel(R) Core(TM) i7-4702MQ CPU @ 2.20GHz
stepping	: 3
microcode	: 0x17
cpu MHz		: 2201.000
cache size	: 6144 KB
physical id	: 0
siblings	: 8
core id		: 3
cpu cores	: 4
apicid		: 6
initial apicid	: 6
fpu		: yes
fpu_exception	: yes
cpuid level	: 13
wp		: yes
flags		: fpu vme de pse tsc msr pae mce cx8 apic sep mtrr pge mca cmov pat pse36 clflush dts acpi mmx fxsr sse sse2 ss ht tm pbe syscall nx pdpe1gb rdtscp lm constant_tsc arch_perfmon pebs bts rep_good nopl xtopology nonstop_tsc aperfmperf eagerfpu pni pclmulqdq dtes64 monitor ds_cpl vmx est tm2 ssse3 fma cx16 xtpr pdcm pcid sse4_1 sse4_2 movbe popcnt tsc_deadline_timer aes xsave avx f16c rdrand lahf_lm abm ida arat epb xsaveopt pln pts dtherm tpr_shadow vnmi flexpriority ept vpid fsgsbase tsc_adjust bmi1 avx2 smep bmi2 erms invpcid
bogomips	: 4389.89
clflush size	: 64
cache_alignment	: 64
address sizes	: 39 bits physical, 48 bits virtual
power management:

processor	: 7
vendor_id	: GenuineIntel
cpu family	: 6
model		: 60
model name	: Intel(R) Core(TM) i7-4702MQ CPU @ 2.20GHz
stepping	: 3
microcode	: 0x17
cpu MHz		: 2201.000
cache size	: 6144 KB
physical id	: 0
siblings	: 8
core id		: 3
cpu cores	: 4
apicid		: 7
initial apicid	: 7
fpu		: yes
fpu_exception	: yes
cpuid level	: 13
wp		: yes
flags		: fpu vme de pse tsc msr pae mce cx8 apic sep mtrr pge mca cmov pat pse36 clflush dts acpi mmx fxsr sse sse2 ss ht tm pbe syscall nx pdpe1gb rdtscp lm constant_tsc arch_perfmon pebs bts rep_good nopl xtopology nonstop_tsc aperfmperf eagerfpu pni pclmulqdq dtes64 monitor ds_cpl vmx est tm2 ssse3 fma cx16 xtpr pdcm pcid sse4_1 sse4_2 movbe popcnt tsc_deadline_timer aes xsave avx f16c rdrand lahf_lm abm ida arat epb xsaveopt pln pts dtherm tpr_shadow vnmi flexpriority ept vpid fsgsbase tsc_adjust bmi1 avx2 smep bmi2 erms invpcid
bogomips	: 4389.89
clflush size	: 64
cache_alignment	: 64
address sizes	: 39 bits physical, 48 bits virtual
power management:



Memory: 4k page, physical 8054008k(121212k free), swap 0k(0k free)

vm_info: OpenJDK 64-Bit Server VM (25.91-b14) for linux-amd64 JRE (1.8.0_91-8u91-b14-0ubuntu4~14.04-b14), built on Apr 22 2016 12:27:31 by "buildd" with gcc 4.8.2

time: Sat Jul  9 15:31:50 2016
elapsed time: 1 seconds (0d 0h 0m 1s)

