#
# There is insufficient memory for the Java Runtime Environment to continue.
# Native memory allocation (mmap) failed to map 169869312 bytes for committing reserved memory.
# Possible reasons:
#   The system is out of physical RAM or swap space
#   In 32 bit mode, the process size limit was hit
# Possible solutions:
#   Reduce memory load on the system
#   Increase physical memory or swap space
#   Check if swap backing store is full
#   Use 64 bit Java on a 64 bit OS
#   Decrease Java heap size (-Xmx/-Xms)
#   Decrease number of Java threads
#   Decrease Java thread stack sizes (-Xss)
#   Set larger code cache with -XX:ReservedCodeCacheSize=
# This output file may be truncated or incomplete.
#
#  Out of Memory Error (os_linux.cpp:2630), pid=32104, tid=139877481944832
#
# JRE version: OpenJDK Runtime Environment (8.0_91-b14) (build 1.8.0_91-8u91-b14-0ubuntu4~14.04-b14)
# Java VM: OpenJDK 64-Bit Server VM (25.91-b14 mixed mode linux-amd64 compressed oops)
# Failed to write core dump. Core dumps have been disabled. To enable core dumping, try "ulimit -c unlimited" before starting Java again
#

---------------  T H R E A D  ---------------

Current thread (0x00007f37f4080000):  VMThread [stack: 0x00007f37c38f9000,0x00007f37c39fa000] [id=32127]

Stack: [0x00007f37c38f9000,0x00007f37c39fa000],  sp=0x00007f37c39f8480,  free space=1021k
Native frames: (J=compiled Java code, j=interpreted, Vv=VM code, C=native code)
V  [libjvm.so+0x9f573d]
V  [libjvm.so+0x4bc3da]
V  [libjvm.so+0x85b0a0]
V  [libjvm.so+0x855b9f]
V  [libjvm.so+0x8cb83b]
V  [libjvm.so+0x8cc4f0]
V  [libjvm.so+0x8cc80b]
V  [libjvm.so+0x8c8f1c]
V  [libjvm.so+0x8c96f8]
V  [libjvm.so+0x87e0d3]
V  [libjvm.so+0x9f7204]
V  [libjvm.so+0x9fb5b7]
V  [libjvm.so+0x9fa078]
V  [libjvm.so+0x9fa4f9]
V  [libjvm.so+0x9fa942]
V  [libjvm.so+0x8584a2]

VM_Operation (0x00007f37fb85c360): ParallelGCFailedAllocation, mode: safepoint, requested by thread 0x00007f37f400a000


---------------  P R O C E S S  ---------------

Java Threads: ( => current thread )
  0x00007f37f419f000 JavaThread "pool-1-thread-4" [_thread_blocked, id=32226, stack(0x00007f37c2409000,0x00007f37c250a000)]
  0x00007f37f419d000 JavaThread "pool-1-thread-3" [_thread_blocked, id=32225, stack(0x00007f37c250a000,0x00007f37c260b000)]
  0x00007f37f419c000 JavaThread "pool-1-thread-2" [_thread_blocked, id=32222, stack(0x00007f37c260b000,0x00007f37c270c000)]
  0x00007f37f4190800 JavaThread "pool-2-thread-1" [_thread_blocked, id=32219, stack(0x00007f37c270c000,0x00007f37c280d000)]
  0x00007f37f418e800 JavaThread "pool-1-thread-1" [_thread_blocked, id=32215, stack(0x00007f37c280d000,0x00007f37c290e000)]
  0x00007f37f40c4000 JavaThread "Service Thread" daemon [_thread_blocked, id=32149, stack(0x00007f37c2a0f000,0x00007f37c2b10000)]
  0x00007f37f40bf000 JavaThread "C1 CompilerThread3" daemon [_thread_blocked, id=32148, stack(0x00007f37c2b10000,0x00007f37c2c11000)]
  0x00007f37f40bb000 JavaThread "C2 CompilerThread2" daemon [_thread_blocked, id=32147, stack(0x00007f37c2c11000,0x00007f37c2d12000)]
  0x00007f37f40b9000 JavaThread "C2 CompilerThread1" daemon [_thread_blocked, id=32144, stack(0x00007f37c2d12000,0x00007f37c2e13000)]
  0x00007f37f40b6000 JavaThread "C2 CompilerThread0" daemon [_thread_blocked, id=32143, stack(0x00007f37c2e13000,0x00007f37c2f14000)]
  0x00007f37f40b4000 JavaThread "Signal Dispatcher" daemon [_thread_blocked, id=32142, stack(0x00007f37c2f14000,0x00007f37c3015000)]
  0x00007f37f408c000 JavaThread "Finalizer" daemon [_thread_blocked, id=32134, stack(0x00007f37c36f7000,0x00007f37c37f8000)]
  0x00007f37f4087800 JavaThread "Reference Handler" daemon [_thread_blocked, id=32128, stack(0x00007f37c37f8000,0x00007f37c38f9000)]
  0x00007f37f400a000 JavaThread "main" [_thread_blocked, id=32107, stack(0x00007f37fb75e000,0x00007f37fb85f000)]

Other Threads:
=>0x00007f37f4080000 VMThread [stack: 0x00007f37c38f9000,0x00007f37c39fa000] [id=32127]
  0x00007f37f40c6800 WatcherThread [stack: 0x00007f37c290e000,0x00007f37c2a0f000] [id=32150]

VM state:at safepoint (normal execution)

VM Mutex/Monitor currently owned by a thread:  ([mutex/lock_event])
[0x00007f37f40067a0] Threads_lock - owner thread: 0x00007f37f4080000
[0x00007f37f4006ca0] Heap_lock - owner thread: 0x00007f37f400a000

Heap:
 PSYoungGen      total 132096K, used 5098K [0x00000000eab00000, 0x00000000f3100000, 0x0000000100000000)
  eden space 126976K, 0% used [0x00000000eab00000,0x00000000eab00000,0x00000000f2700000)
  from space 5120K, 99% used [0x00000000f2700000,0x00000000f2bfaae0,0x00000000f2c00000)
  to   space 5120K, 0% used [0x00000000f2c00000,0x00000000f2c00000,0x00000000f3100000)
 ParOldGen       total 84992K, used 40954K [0x00000000c0000000, 0x00000000c5300000, 0x00000000eab00000)
  object space 84992K, 48% used [0x00000000c0000000,0x00000000c27feb10,0x00000000c5300000)
 Metaspace       used 6298K, capacity 7152K, committed 7296K, reserved 1056768K
  class space    used 588K, capacity 616K, committed 640K, reserved 1048576K

Card table byte_map: [0x00007f37f80b6000,0x00007f37f82b7000] byte_map_base: 0x00007f37f7ab6000

Marking Bits: (ParMarkBitMap*) 0x00007f37faa2e080
 Begin Bits: [0x00007f37e22e2000, 0x00007f37e32e2000)
 End Bits:   [0x00007f37e32e2000, 0x00007f37e42e2000)

Polling page: 0x00007f37fb879000

CodeCache: size=245760Kb used=7300Kb max_used=7330Kb free=238459Kb
 bounds [0x00007f37e5000000, 0x00007f37e5740000, 0x00007f37f4000000]
 total_blobs=2169 nmethods=1901 adapters=182
 compilation: enabled

Compilation events (10 events):
Event: 8.693 Thread 0x00007f37f40bf000 2079       2       com.android.dx.dex.file.EncodedField::hashCode (8 bytes)
Event: 8.693 Thread 0x00007f37f40bf000 nmethod 2079 0x00007f37e56fe610 code [0x00007f37e56fe7a0, 0x00007f37e56fe9c8]
Event: 8.694 Thread 0x00007f37f40b9000 nmethod 2057 0x00007f37e56fe090 code [0x00007f37e56fe200, 0x00007f37e56fe428]
Event: 8.694 Thread 0x00007f37f40b9000 2076       4       com.android.dx.ssa.SsaMethod::mapRegisters (87 bytes)
Event: 8.696 Thread 0x00007f37f40bf000 2080   !   2       com.android.dx.dex.file.AnnotationSetItem::writeSize (20 bytes)
Event: 8.696 Thread 0x00007f37f40bf000 nmethod 2080 0x00007f37e57041d0 code [0x00007f37e5704340, 0x00007f37e5704548]
Event: 8.696 Thread 0x00007f37f40bf000 2081       2       com.android.dx.rop.annotation.Annotations::getAnnotations (11 bytes)
Event: 8.696 Thread 0x00007f37f40bf000 nmethod 2081 0x00007f37e5703b90 code [0x00007f37e5703d00, 0x00007f37e5704008]
Event: 8.719 Thread 0x00007f37f40bb000 nmethod 2025 0x00007f37e5724e90 code [0x00007f37e57254e0, 0x00007f37e5729e98]
Event: 8.720 Thread 0x00007f37f40bb000 2069       4       com.android.dx.ssa.SsaMethod::forEachBlockDepthFirst (194 bytes)

GC Heap History (9 events):
Event: 2.237 GC heap before
{Heap before GC invocations=1 (full 0):
 PSYoungGen      total 36864K, used 31744K [0x00000000eab00000, 0x00000000ed400000, 0x0000000100000000)
  eden space 31744K, 100% used [0x00000000eab00000,0x00000000eca00000,0x00000000eca00000)
  from space 5120K, 0% used [0x00000000ecf00000,0x00000000ecf00000,0x00000000ed400000)
  to   space 5120K, 0% used [0x00000000eca00000,0x00000000eca00000,0x00000000ecf00000)
 ParOldGen       total 84992K, used 0K [0x00000000c0000000, 0x00000000c5300000, 0x00000000eab00000)
  object space 84992K, 0% used [0x00000000c0000000,0x00000000c0000000,0x00000000c5300000)
 Metaspace       used 5706K, capacity 6768K, committed 7040K, reserved 1056768K
  class space    used 569K, capacity 616K, committed 640K, reserved 1048576K
Event: 2.381 GC heap after
Heap after GC invocations=1 (full 0):
 PSYoungGen      total 36864K, used 5099K [0x00000000eab00000, 0x00000000ef300000, 0x0000000100000000)
  eden space 31744K, 0% used [0x00000000eab00000,0x00000000eab00000,0x00000000eca00000)
  from space 5120K, 99% used [0x00000000eca00000,0x00000000ecefaf60,0x00000000ecf00000)
  to   space 5120K, 0% used [0x00000000eee00000,0x00000000eee00000,0x00000000ef300000)
 ParOldGen       total 84992K, used 1127K [0x00000000c0000000, 0x00000000c5300000, 0x00000000eab00000)
  object space 84992K, 1% used [0x00000000c0000000,0x00000000c0119c58,0x00000000c5300000)
 Metaspace       used 5706K, capacity 6768K, committed 7040K, reserved 1056768K
  class space    used 569K, capacity 616K, committed 640K, reserved 1048576K
}
Event: 3.921 GC heap before
{Heap before GC invocations=2 (full 0):
 PSYoungGen      total 36864K, used 36843K [0x00000000eab00000, 0x00000000ef300000, 0x0000000100000000)
  eden space 31744K, 100% used [0x00000000eab00000,0x00000000eca00000,0x00000000eca00000)
  from space 5120K, 99% used [0x00000000eca00000,0x00000000ecefaf60,0x00000000ecf00000)
  to   space 5120K, 0% used [0x00000000eee00000,0x00000000eee00000,0x00000000ef300000)
 ParOldGen       total 84992K, used 1127K [0x00000000c0000000, 0x00000000c5300000, 0x00000000eab00000)
  object space 84992K, 1% used [0x00000000c0000000,0x00000000c0119c58,0x00000000c5300000)
 Metaspace       used 5874K, capacity 6960K, committed 7040K, reserved 1056768K
  class space    used 570K, capacity 616K, committed 640K, reserved 1048576K
Event: 3.949 GC heap after
Heap after GC invocations=2 (full 0):
 PSYoungGen      total 68608K, used 5090K [0x00000000eab00000, 0x00000000ef300000, 0x0000000100000000)
  eden space 63488K, 0% used [0x00000000eab00000,0x00000000eab00000,0x00000000ee900000)
  from space 5120K, 99% used [0x00000000eee00000,0x00000000ef2f8ba8,0x00000000ef300000)
  to   space 5120K, 0% used [0x00000000ee900000,0x00000000ee900000,0x00000000eee00000)
 ParOldGen       total 84992K, used 4635K [0x00000000c0000000, 0x00000000c5300000, 0x00000000eab00000)
  object space 84992K, 5% used [0x00000000c0000000,0x00000000c0486e40,0x00000000c5300000)
 Metaspace       used 5874K, capacity 6960K, committed 7040K, reserved 1056768K
  class space    used 570K, capacity 616K, committed 640K, reserved 1048576K
}
Event: 5.267 GC heap before
{Heap before GC invocations=3 (full 0):
 PSYoungGen      total 68608K, used 68578K [0x00000000eab00000, 0x00000000ef300000, 0x0000000100000000)
  eden space 63488K, 100% used [0x00000000eab00000,0x00000000ee900000,0x00000000ee900000)
  from space 5120K, 99% used [0x00000000eee00000,0x00000000ef2f8ba8,0x00000000ef300000)
  to   space 5120K, 0% used [0x00000000ee900000,0x00000000ee900000,0x00000000eee00000)
 ParOldGen       total 84992K, used 4635K [0x00000000c0000000, 0x00000000c5300000, 0x00000000eab00000)
  object space 84992K, 5% used [0x00000000c0000000,0x00000000c0486e40,0x00000000c5300000)
 Metaspace       used 6046K, capacity 7088K, committed 7296K, reserved 1056768K
  class space    used 570K, capacity 616K, committed 640K, reserved 1048576K
Event: 5.315 GC heap after
Heap after GC invocations=3 (full 0):
 PSYoungGen      total 68608K, used 5105K [0x00000000eab00000, 0x00000000f3100000, 0x0000000100000000)
  eden space 63488K, 0% used [0x00000000eab00000,0x00000000eab00000,0x00000000ee900000)
  from space 5120K, 99% used [0x00000000ee900000,0x00000000eedfc420,0x00000000eee00000)
  to   space 5120K, 0% used [0x00000000f2c00000,0x00000000f2c00000,0x00000000f3100000)
 ParOldGen       total 84992K, used 13749K [0x00000000c0000000, 0x00000000c5300000, 0x00000000eab00000)
  object space 84992K, 16% used [0x00000000c0000000,0x00000000c0d6d5c8,0x00000000c5300000)
 Metaspace       used 6046K, capacity 7088K, committed 7296K, reserved 1056768K
  class space    used 570K, capacity 616K, committed 640K, reserved 1048576K
}
Event: 5.986 GC heap before
{Heap before GC invocations=4 (full 0):
 PSYoungGen      total 68608K, used 68593K [0x00000000eab00000, 0x00000000f3100000, 0x0000000100000000)
  eden space 63488K, 100% used [0x00000000eab00000,0x00000000ee900000,0x00000000ee900000)
  from space 5120K, 99% used [0x00000000ee900000,0x00000000eedfc420,0x00000000eee00000)
  to   space 5120K, 0% used [0x00000000f2c00000,0x00000000f2c00000,0x00000000f3100000)
 ParOldGen       total 84992K, used 14387K [0x00000000c0000000, 0x00000000c5300000, 0x00000000eab00000)
  object space 84992K, 16% used [0x00000000c0000000,0x00000000c0e0cf48,0x00000000c5300000)
 Metaspace       used 6194K, capacity 7152K, committed 7296K, reserved 1056768K
  class space    used 588K, capacity 616K, committed 640K, reserved 1048576K
Event: 6.059 GC heap after
Heap after GC invocations=4 (full 0):
 PSYoungGen      total 132096K, used 5099K [0x00000000eab00000, 0x00000000f3100000, 0x0000000100000000)
  eden space 126976K, 0% used [0x00000000eab00000,0x00000000eab00000,0x00000000f2700000)
  from space 5120K, 99% used [0x00000000f2c00000,0x00000000f30fad88,0x00000000f3100000)
  to   space 5120K, 0% used [0x00000000f2700000,0x00000000f2700000,0x00000000f2c00000)
 ParOldGen       total 84992K, used 23316K [0x00000000c0000000, 0x00000000c5300000, 0x00000000eab00000)
  object space 84992K, 27% used [0x00000000c0000000,0x00000000c16c5248,0x00000000c5300000)
 Metaspace       used 6194K, capacity 7152K, committed 7296K, reserved 1056768K
  class space    used 588K, capacity 616K, committed 640K, reserved 1048576K
}
Event: 8.753 GC heap before
{Heap before GC invocations=5 (full 0):
 PSYoungGen      total 132096K, used 132075K [0x00000000eab00000, 0x00000000f3100000, 0x0000000100000000)
  eden space 126976K, 100% used [0x00000000eab00000,0x00000000f2700000,0x00000000f2700000)
  from space 5120K, 99% used [0x00000000f2c00000,0x00000000f30fad88,0x00000000f3100000)
  to   space 5120K, 0% used [0x00000000f2700000,0x00000000f2700000,0x00000000f2c00000)
 ParOldGen       total 84992K, used 23318K [0x00000000c0000000, 0x00000000c5300000, 0x00000000eab00000)
  object space 84992K, 27% used [0x00000000c0000000,0x00000000c16c5ad0,0x00000000c5300000)
 Metaspace       used 6298K, capacity 7152K, committed 7296K, reserved 1056768K
  class space    used 588K, capacity 616K, committed 640K, reserved 1048576K

Deoptimization events (10 events):
Event: 6.390 Thread 0x00007f37f419c000 Uncommon trap: reason=bimorphic action=maybe_recompile pc=0x00007f37e5625384 method=com.android.dx.cf.code.BytecodeArray.parseInstruction(ILcom/android/dx/cf/code/BytecodeArray$Visitor;)I @ 1130
Event: 6.390 Thread 0x00007f37f419c000 Uncommon trap: reason=bimorphic action=maybe_recompile pc=0x00007f37e5625384 method=com.android.dx.cf.code.BytecodeArray.parseInstruction(ILcom/android/dx/cf/code/BytecodeArray$Visitor;)I @ 1130
Event: 6.405 Thread 0x00007f37f418e800 Uncommon trap: reason=unstable_if action=reinterpret pc=0x00007f37e55f7440 method=com.android.dx.ssa.MoveParamCombiner$1.visitNonMoveInsn(Lcom/android/dx/ssa/NormalSsaInsn;)V @ 27
Event: 6.446 Thread 0x00007f37f419d000 Uncommon trap: reason=bimorphic action=maybe_recompile pc=0x00007f37e5625384 method=com.android.dx.cf.code.BytecodeArray.parseInstruction(ILcom/android/dx/cf/code/BytecodeArray$Visitor;)I @ 1130
Event: 6.446 Thread 0x00007f37f419d000 Uncommon trap: reason=bimorphic action=maybe_recompile pc=0x00007f37e5625030 method=com.android.dx.cf.code.BytecodeArray.parseInstruction(ILcom/android/dx/cf/code/BytecodeArray$Visitor;)I @ 939
Event: 6.446 Thread 0x00007f37f419d000 Uncommon trap: reason=bimorphic action=maybe_recompile pc=0x00007f37e56250b4 method=com.android.dx.cf.code.BytecodeArray.parseInstruction(ILcom/android/dx/cf/code/BytecodeArray$Visitor;)I @ 955
Event: 6.446 Thread 0x00007f37f419d000 Uncommon trap: reason=bimorphic action=maybe_recompile pc=0x00007f37e5625138 method=com.android.dx.cf.code.BytecodeArray.parseInstruction(ILcom/android/dx/cf/code/BytecodeArray$Visitor;)I @ 971
Event: 6.446 Thread 0x00007f37f419d000 Uncommon trap: reason=bimorphic action=maybe_recompile pc=0x00007f37e56251bc method=com.android.dx.cf.code.BytecodeArray.parseInstruction(ILcom/android/dx/cf/code/BytecodeArray$Visitor;)I @ 987
Event: 6.446 Thread 0x00007f37f419d000 Uncommon trap: reason=bimorphic action=maybe_recompile pc=0x00007f37e5625384 method=com.android.dx.cf.code.BytecodeArray.parseInstruction(ILcom/android/dx/cf/code/BytecodeArray$Visitor;)I @ 1130
Event: 7.644 Thread 0x00007f37f419d000 Uncommon trap: reason=unstable_if action=reinterpret pc=0x00007f37e52ebb88 method=com.android.dx.dex.code.OutputFinisher.hasLocalInfo(Lcom/android/dx/dex/code/DalvInsn;)Z @ 24

Internal exceptions (8 events):
Event: 0.149 Thread 0x00007f37f400a000 Exception <a 'java/lang/NoSuchMethodError': Method sun.misc.Unsafe.defineClass(Ljava/lang/String;[BII)Ljava/lang/Class; name or signature does not match> (0x00000000eab07cc0) thrown at [/build/openjdk-8-vT_67x/openjdk-8-8u91-b14/src/hotspot/src/share/vm/p
Event: 0.149 Thread 0x00007f37f400a000 Exception <a 'java/lang/NoSuchMethodError': Method sun.misc.Unsafe.prefetchRead(Ljava/lang/Object;J)V name or signature does not match> (0x00000000eab07fa8) thrown at [/build/openjdk-8-vT_67x/openjdk-8-8u91-b14/src/hotspot/src/share/vm/prims/jni.cpp, line
Event: 0.249 Thread 0x00007f37f400a000 Exception <a 'java/util/zip/ZipException'> (0x00000000eab51e98) thrown at [/build/openjdk-8-vT_67x/openjdk-8-8u91-b14/src/hotspot/src/share/vm/prims/jni.cpp, line 709]
Event: 0.250 Thread 0x00007f37f400a000 Exception <a 'java/security/PrivilegedActionException'> (0x00000000eab52138) thrown at [/build/openjdk-8-vT_67x/openjdk-8-8u91-b14/src/hotspot/src/share/vm/prims/jvm.cpp, line 1386]
Event: 0.250 Thread 0x00007f37f400a000 Exception <a 'java/security/PrivilegedActionException'> (0x00000000eab52348) thrown at [/build/openjdk-8-vT_67x/openjdk-8-8u91-b14/src/hotspot/src/share/vm/prims/jvm.cpp, line 1386]
Event: 5.797 Thread 0x00007f37f419f000 Exception <a 'java/lang/ArrayIndexOutOfBoundsException': 18> (0x00000000edb0ad98) thrown at [/build/openjdk-8-vT_67x/openjdk-8-8u91-b14/src/hotspot/src/share/vm/interpreter/interpreterRuntime.cpp, line 366]
Event: 5.797 Thread 0x00007f37f419f000 Exception <a 'java/lang/ArrayIndexOutOfBoundsException'> (0x00000000edb0c918) thrown at [/build/openjdk-8-vT_67x/openjdk-8-8u91-b14/src/hotspot/src/share/vm/runtime/sharedRuntime.cpp, line 605]
Event: 5.798 Thread 0x00007f37f419f000 Exception <a 'java/lang/ArrayIndexOutOfBoundsException'> (0x00000000edb0dc00) thrown at [/build/openjdk-8-vT_67x/openjdk-8-8u91-b14/src/hotspot/src/share/vm/runtime/sharedRuntime.cpp, line 605]

Events (10 events):
Event: 7.644 Thread 0x00007f37f419d000 Uncommon trap: trap_request=0xffffff65 fr.pc=0x00007f37e52ebb88
Event: 7.644 Thread 0x00007f37f419d000 DEOPT PACKING pc=0x00007f37e52ebb88 sp=0x00007f37c2609130
Event: 7.644 Thread 0x00007f37f419d000 DEOPT UNPACKING pc=0x00007f37e5004f69 sp=0x00007f37c2609068 mode 2
Event: 7.692 Thread 0x00007f37f400a000 DEOPT PACKING pc=0x00007f37e5405c6c sp=0x00007f37fb85c960
Event: 7.692 Thread 0x00007f37f400a000 DEOPT UNPACKING pc=0x00007f37e5047373 sp=0x00007f37fb85c660 mode 0
Event: 8.444 Thread 0x00007f37f419f000 DEOPT PACKING pc=0x00007f37e5405c6c sp=0x00007f37c25080e0
Event: 8.444 Thread 0x00007f37f419f000 DEOPT UNPACKING pc=0x00007f37e5047373 sp=0x00007f37c2507de0 mode 0
Event: 8.709 Thread 0x00007f37f419d000 DEOPT PACKING pc=0x00007f37e5405c6c sp=0x00007f37c2609230
Event: 8.709 Thread 0x00007f37f419d000 DEOPT UNPACKING pc=0x00007f37e5047373 sp=0x00007f37c2608f30 mode 0
Event: 8.722 Executing VM operation: ParallelGCFailedAllocation


Dynamic libraries:
00400000-00401000 r-xp 00000000 08:16 1058522                            /usr/lib/jvm/java-8-openjdk-amd64/jre/bin/java
00600000-00601000 r--p 00000000 08:16 1058522                            /usr/lib/jvm/java-8-openjdk-amd64/jre/bin/java
00601000-00602000 rw-p 00001000 08:16 1058522                            /usr/lib/jvm/java-8-openjdk-amd64/jre/bin/java
01f12000-01f33000 rw-p 00000000 00:00 0                                  [heap]
c0000000-c5300000 rw-p 00000000 00:00 0 
c5300000-eab00000 ---p 00000000 00:00 0 
eab00000-f3100000 rw-p 00000000 00:00 0 
fd300000-100000000 ---p 00000000 00:00 0 
100000000-1000a0000 rw-p 00000000 00:00 0 
1000a0000-140000000 ---p 00000000 00:00 0 
7f377c000000-7f377c021000 rw-p 00000000 00:00 0 
7f377c021000-7f3780000000 ---p 00000000 00:00 0 
7f3784000000-7f3784026000 rw-p 00000000 00:00 0 
7f3784026000-7f3788000000 ---p 00000000 00:00 0 
7f3788000000-7f3788021000 rw-p 00000000 00:00 0 
7f3788021000-7f378c000000 ---p 00000000 00:00 0 
7f378c000000-7f378c027000 rw-p 00000000 00:00 0 
7f378c027000-7f3790000000 ---p 00000000 00:00 0 
7f3790000000-7f3790021000 rw-p 00000000 00:00 0 
7f3790021000-7f3794000000 ---p 00000000 00:00 0 
7f3794000000-7f3794021000 rw-p 00000000 00:00 0 
7f3794021000-7f3798000000 ---p 00000000 00:00 0 
7f3798000000-7f3798021000 rw-p 00000000 00:00 0 
7f3798021000-7f379c000000 ---p 00000000 00:00 0 
7f379c000000-7f379c79d000 rw-p 00000000 00:00 0 
7f379c79d000-7f37a0000000 ---p 00000000 00:00 0 
7f37a0000000-7f37a0970000 rw-p 00000000 00:00 0 
7f37a0970000-7f37a4000000 ---p 00000000 00:00 0 
7f37a4000000-7f37a4ac1000 rw-p 00000000 00:00 0 
7f37a4ac1000-7f37a8000000 ---p 00000000 00:00 0 
7f37a8000000-7f37a8a75000 rw-p 00000000 00:00 0 
7f37a8a75000-7f37ac000000 ---p 00000000 00:00 0 
7f37ac000000-7f37ac021000 rw-p 00000000 00:00 0 
7f37ac021000-7f37b0000000 ---p 00000000 00:00 0 
7f37b0000000-7f37b0021000 rw-p 00000000 00:00 0 
7f37b0021000-7f37b4000000 ---p 00000000 00:00 0 
7f37b4000000-7f37b4021000 rw-p 00000000 00:00 0 
7f37b4021000-7f37b8000000 ---p 00000000 00:00 0 
7f37b8000000-7f37b8021000 rw-p 00000000 00:00 0 
7f37b8021000-7f37bc000000 ---p 00000000 00:00 0 
7f37bc000000-7f37bc021000 rw-p 00000000 00:00 0 
7f37bc021000-7f37c0000000 ---p 00000000 00:00 0 
7f37c2409000-7f37c240c000 ---p 00000000 00:00 0 
7f37c240c000-7f37c250a000 rw-p 00000000 00:00 0                          [stack:32226]
7f37c250a000-7f37c250d000 ---p 00000000 00:00 0 
7f37c250d000-7f37c260b000 rw-p 00000000 00:00 0                          [stack:32225]
7f37c260b000-7f37c260e000 ---p 00000000 00:00 0 
7f37c260e000-7f37c270c000 rw-p 00000000 00:00 0                          [stack:32222]
7f37c270c000-7f37c270f000 ---p 00000000 00:00 0 
7f37c270f000-7f37c280d000 rw-p 00000000 00:00 0                          [stack:32219]
7f37c280d000-7f37c2810000 ---p 00000000 00:00 0 
7f37c2810000-7f37c290e000 rw-p 00000000 00:00 0                          [stack:32215]
7f37c290e000-7f37c290f000 ---p 00000000 00:00 0 
7f37c290f000-7f37c2a0f000 rw-p 00000000 00:00 0                          [stack:32150]
7f37c2a0f000-7f37c2a12000 ---p 00000000 00:00 0 
7f37c2a12000-7f37c2b10000 rw-p 00000000 00:00 0                          [stack:32149]
7f37c2b10000-7f37c2b13000 ---p 00000000 00:00 0 
7f37c2b13000-7f37c2c11000 rw-p 00000000 00:00 0                          [stack:32148]
7f37c2c11000-7f37c2c14000 ---p 00000000 00:00 0 
7f37c2c14000-7f37c2d12000 rw-p 00000000 00:00 0                          [stack:32147]
7f37c2d12000-7f37c2d15000 ---p 00000000 00:00 0 
7f37c2d15000-7f37c2e13000 rw-p 00000000 00:00 0                          [stack:32144]
7f37c2e13000-7f37c2e16000 ---p 00000000 00:00 0 
7f37c2e16000-7f37c2f14000 rw-p 00000000 00:00 0                          [stack:32143]
7f37c2f14000-7f37c2f17000 ---p 00000000 00:00 0 
7f37c2f17000-7f37c3015000 rw-p 00000000 00:00 0                          [stack:32142]
7f37c3015000-7f37c36f7000 r--p 00000000 08:16 531444                     /usr/lib/locale/locale-archive
7f37c36f7000-7f37c36fa000 ---p 00000000 00:00 0 
7f37c36fa000-7f37c37f8000 rw-p 00000000 00:00 0                          [stack:32134]
7f37c37f8000-7f37c37fb000 ---p 00000000 00:00 0 
7f37c37fb000-7f37c38f9000 rw-p 00000000 00:00 0                          [stack:32128]
7f37c38f9000-7f37c38fa000 ---p 00000000 00:00 0 
7f37c38fa000-7f37c4000000 rw-p 00000000 00:00 0                          [stack:32127]
7f37c4000000-7f37c4021000 rw-p 00000000 00:00 0 
7f37c4021000-7f37c8000000 ---p 00000000 00:00 0 
7f37c8000000-7f37c8021000 rw-p 00000000 00:00 0 
7f37c8021000-7f37cc000000 ---p 00000000 00:00 0 
7f37cc000000-7f37cc021000 rw-p 00000000 00:00 0 
7f37cc021000-7f37d0000000 ---p 00000000 00:00 0 
7f37d0000000-7f37d0021000 rw-p 00000000 00:00 0 
7f37d0021000-7f37d4000000 ---p 00000000 00:00 0 
7f37d4000000-7f37d4021000 rw-p 00000000 00:00 0 
7f37d4021000-7f37d8000000 ---p 00000000 00:00 0 
7f37d8000000-7f37d8021000 rw-p 00000000 00:00 0 
7f37d8021000-7f37dc000000 ---p 00000000 00:00 0 
7f37dc000000-7f37dc021000 rw-p 00000000 00:00 0 
7f37dc021000-7f37e0000000 ---p 00000000 00:00 0 
7f37e00af000-7f37e00b9000 r--s 0008b000 08:16 2369300                    /home/pc2/Desktop/Android/SOSapp/SOSapp/app/build/intermediates/exploded-aar/com.android.support/appcompat-v7/23.3.0/jars/classes.jar
7f37e00b9000-7f37e00c8000 r--s 000df000 08:16 3674186                    /root/Android/Sdk/build-tools/23.0.3/lib/dx.jar
7f37e00c8000-7f37e00e3000 r--s 001d7000 08:16 1971917                    /usr/lib/jvm/java-8-openjdk-amd64/jre/lib/ext/nashorn.jar
7f37e00e3000-7f37e00ed000 r--s 00116000 08:16 1972026                    /usr/lib/jvm/java-8-openjdk-amd64/jre/lib/ext/localedata.jar
7f37e00ed000-7f37e1715000 rw-p 00000000 00:00 0 
7f37e1715000-7f37e18e2000 r--s 03be7000 08:16 1328837                    /usr/lib/jvm/java-8-openjdk-amd64/jre/lib/rt.jar
7f37e18e2000-7f37e1f62000 rw-p 00000000 00:00 0 
7f37e1f62000-7f37e20e2000 ---p 00000000 00:00 0 
7f37e20e2000-7f37e42e2000 rw-p 00000000 00:00 0 
7f37e42e2000-7f37e42e3000 ---p 00000000 00:00 0 
7f37e42e3000-7f37e43e3000 rw-p 00000000 00:00 0                          [stack:32123]
7f37e43e3000-7f37e43e4000 ---p 00000000 00:00 0 
7f37e43e4000-7f37e44e4000 rw-p 00000000 00:00 0                          [stack:32122]
7f37e44e4000-7f37e44e5000 ---p 00000000 00:00 0 
7f37e44e5000-7f37e45e5000 rw-p 00000000 00:00 0                          [stack:32121]
7f37e45e5000-7f37e45e6000 ---p 00000000 00:00 0 
7f37e45e6000-7f37e46e6000 rw-p 00000000 00:00 0                          [stack:32120]
7f37e46e6000-7f37e46e7000 ---p 00000000 00:00 0 
7f37e46e7000-7f37e47e7000 rw-p 00000000 00:00 0                          [stack:32118]
7f37e47e7000-7f37e47e8000 ---p 00000000 00:00 0 
7f37e47e8000-7f37e48e8000 rw-p 00000000 00:00 0                          [stack:32116]
7f37e48e8000-7f37e48e9000 ---p 00000000 00:00 0 
7f37e48e9000-7f37e49e9000 rw-p 00000000 00:00 0                          [stack:32113]
7f37e49e9000-7f37e49ea000 ---p 00000000 00:00 0 
7f37e49ea000-7f37e4b14000 rw-p 00000000 00:00 0                          [stack:32109]
7f37e4b14000-7f37e4c40000 ---p 00000000 00:00 0 
7f37e4c40000-7f37e4c5d000 rw-p 00000000 00:00 0 
7f37e4c5d000-7f37e5000000 ---p 00000000 00:00 0 
7f37e5000000-7f37e5740000 rwxp 00000000 00:00 0 
7f37e5740000-7f37f4000000 ---p 00000000 00:00 0 
7f37f4000000-7f37f41ef000 rw-p 00000000 00:00 0 
7f37f41ef000-7f37f8000000 ---p 00000000 00:00 0 
7f37f8002000-7f37f8003000 rw-p 00000000 00:00 0 
7f37f8003000-7f37f801f000 r--s 00393000 08:16 1971986                    /usr/lib/jvm/java-8-openjdk-amd64/jre/lib/ext/cldrdata.jar
7f37f801f000-7f37f80e0000 rw-p 00000000 00:00 0 
7f37f80e0000-7f37f820b000 ---p 00000000 00:00 0 
7f37f820b000-7f37f824f000 rw-p 00000000 00:00 0 
7f37f824f000-7f37f82b6000 ---p 00000000 00:00 0 
7f37f82b6000-7f37f82b7000 rw-p 00000000 00:00 0 
7f37f82b7000-7f37f82bf000 r-xp 00000000 08:16 1444986                    /usr/lib/jvm/java-8-openjdk-amd64/jre/lib/amd64/libzip.so
7f37f82bf000-7f37f84be000 ---p 00008000 08:16 1444986                    /usr/lib/jvm/java-8-openjdk-amd64/jre/lib/amd64/libzip.so
7f37f84be000-7f37f84bf000 r--p 00007000 08:16 1444986                    /usr/lib/jvm/java-8-openjdk-amd64/jre/lib/amd64/libzip.so
7f37f84bf000-7f37f84c0000 rw-p 00008000 08:16 1444986                    /usr/lib/jvm/java-8-openjdk-amd64/jre/lib/amd64/libzip.so
7f37f84c0000-7f37f84ca000 r-xp 00000000 08:16 3413541                    /lib/x86_64-linux-gnu/libnss_files-2.19.so
7f37f84ca000-7f37f86c9000 ---p 0000a000 08:16 3413541                    /lib/x86_64-linux-gnu/libnss_files-2.19.so
7f37f86c9000-7f37f86ca000 r--p 00009000 08:16 3413541                    /lib/x86_64-linux-gnu/libnss_files-2.19.so
7f37f86ca000-7f37f86cb000 rw-p 0000a000 08:16 3413541                    /lib/x86_64-linux-gnu/libnss_files-2.19.so
7f37f86cb000-7f37f86d6000 r-xp 00000000 08:16 3413533                    /lib/x86_64-linux-gnu/libnss_nis-2.19.so
7f37f86d6000-7f37f88d5000 ---p 0000b000 08:16 3413533                    /lib/x86_64-linux-gnu/libnss_nis-2.19.so
7f37f88d5000-7f37f88d6000 r--p 0000a000 08:16 3413533                    /lib/x86_64-linux-gnu/libnss_nis-2.19.so
7f37f88d6000-7f37f88d7000 rw-p 0000b000 08:16 3413533                    /lib/x86_64-linux-gnu/libnss_nis-2.19.so
7f37f88d7000-7f37f88ee000 r-xp 00000000 08:16 3413529                    /lib/x86_64-linux-gnu/libnsl-2.19.so
7f37f88ee000-7f37f8aed000 ---p 00017000 08:16 3413529                    /lib/x86_64-linux-gnu/libnsl-2.19.so
7f37f8aed000-7f37f8aee000 r--p 00016000 08:16 3413529                    /lib/x86_64-linux-gnu/libnsl-2.19.so
7f37f8aee000-7f37f8aef000 rw-p 00017000 08:16 3413529                    /lib/x86_64-linux-gnu/libnsl-2.19.so
7f37f8aef000-7f37f8af1000 rw-p 00000000 00:00 0 
7f37f8af1000-7f37f8afa000 r-xp 00000000 08:16 3413528                    /lib/x86_64-linux-gnu/libnss_compat-2.19.so
7f37f8afa000-7f37f8cf9000 ---p 00009000 08:16 3413528                    /lib/x86_64-linux-gnu/libnss_compat-2.19.so
7f37f8cf9000-7f37f8cfa000 r--p 00008000 08:16 3413528                    /lib/x86_64-linux-gnu/libnss_compat-2.19.so
7f37f8cfa000-7f37f8cfb000 rw-p 00009000 08:16 3413528                    /lib/x86_64-linux-gnu/libnss_compat-2.19.so
7f37f8cfb000-7f37f8d27000 r-xp 00000000 08:16 1444413                    /usr/lib/jvm/java-8-openjdk-amd64/jre/lib/amd64/libjava.so
7f37f8d27000-7f37f8f27000 ---p 0002c000 08:16 1444413                    /usr/lib/jvm/java-8-openjdk-amd64/jre/lib/amd64/libjava.so
7f37f8f27000-7f37f8f28000 r--p 0002c000 08:16 1444413                    /usr/lib/jvm/java-8-openjdk-amd64/jre/lib/amd64/libjava.so
7f37f8f28000-7f37f8f2a000 rw-p 0002d000 08:16 1444413                    /usr/lib/jvm/java-8-openjdk-amd64/jre/lib/amd64/libjava.so
7f37f8f2a000-7f37f8f3a000 r-xp 00000000 08:16 1444420                    /usr/lib/jvm/java-8-openjdk-amd64/jre/lib/amd64/libverify.so
7f37f8f3a000-7f37f9139000 ---p 00010000 08:16 1444420                    /usr/lib/jvm/java-8-openjdk-amd64/jre/lib/amd64/libverify.so
7f37f9139000-7f37f913b000 r--p 0000f000 08:16 1444420                    /usr/lib/jvm/java-8-openjdk-amd64/jre/lib/amd64/libverify.so
7f37f913b000-7f37f913c000 rw-p 00011000 08:16 1444420                    /usr/lib/jvm/java-8-openjdk-amd64/jre/lib/amd64/libverify.so
7f37f913c000-7f37f9143000 r-xp 00000000 08:16 3413537                    /lib/x86_64-linux-gnu/librt-2.19.so
7f37f9143000-7f37f9342000 ---p 00007000 08:16 3413537                    /lib/x86_64-linux-gnu/librt-2.19.so
7f37f9342000-7f37f9343000 r--p 00006000 08:16 3413537                    /lib/x86_64-linux-gnu/librt-2.19.so
7f37f9343000-7f37f9344000 rw-p 00007000 08:16 3413537                    /lib/x86_64-linux-gnu/librt-2.19.so
7f37f9344000-7f37f935a000 r-xp 00000000 08:16 3413520                    /lib/x86_64-linux-gnu/libgcc_s.so.1
7f37f935a000-7f37f9559000 ---p 00016000 08:16 3413520                    /lib/x86_64-linux-gnu/libgcc_s.so.1
7f37f9559000-7f37f955a000 rw-p 00015000 08:16 3413520                    /lib/x86_64-linux-gnu/libgcc_s.so.1
7f37f955a000-7f37f965f000 r-xp 00000000 08:16 3413523                    /lib/x86_64-linux-gnu/libm-2.19.so
7f37f965f000-7f37f985e000 ---p 00105000 08:16 3413523                    /lib/x86_64-linux-gnu/libm-2.19.so
7f37f985e000-7f37f985f000 r--p 00104000 08:16 3413523                    /lib/x86_64-linux-gnu/libm-2.19.so
7f37f985f000-7f37f9860000 rw-p 00105000 08:16 3413523                    /lib/x86_64-linux-gnu/libm-2.19.so
7f37f9860000-7f37f9946000 r-xp 00000000 08:16 524323                     /usr/lib/x86_64-linux-gnu/libstdc++.so.6.0.19
7f37f9946000-7f37f9b45000 ---p 000e6000 08:16 524323                     /usr/lib/x86_64-linux-gnu/libstdc++.so.6.0.19
7f37f9b45000-7f37f9b4d000 r--p 000e5000 08:16 524323                     /usr/lib/x86_64-linux-gnu/libstdc++.so.6.0.19
7f37f9b4d000-7f37f9b4f000 rw-p 000ed000 08:16 524323                     /usr/lib/x86_64-linux-gnu/libstdc++.so.6.0.19
7f37f9b4f000-7f37f9b64000 rw-p 00000000 00:00 0 
7f37f9b64000-7f37fa752000 r-xp 00000000 08:16 1574165                    /usr/lib/jvm/java-8-openjdk-amd64/jre/lib/amd64/server/libjvm.so
7f37fa752000-7f37fa952000 ---p 00bee000 08:16 1574165                    /usr/lib/jvm/java-8-openjdk-amd64/jre/lib/amd64/server/libjvm.so
7f37fa952000-7f37fa9f0000 r--p 00bee000 08:16 1574165                    /usr/lib/jvm/java-8-openjdk-amd64/jre/lib/amd64/server/libjvm.so
7f37fa9f0000-7f37faa19000 rw-p 00c8c000 08:16 1574165                    /usr/lib/jvm/java-8-openjdk-amd64/jre/lib/amd64/server/libjvm.so
7f37faa19000-7f37faa4b000 rw-p 00000000 00:00 0 
7f37faa4b000-7f37faa64000 r-xp 00000000 08:16 3413530                    /lib/x86_64-linux-gnu/libpthread-2.19.so
7f37faa64000-7f37fac63000 ---p 00019000 08:16 3413530                    /lib/x86_64-linux-gnu/libpthread-2.19.so
7f37fac63000-7f37fac64000 r--p 00018000 08:16 3413530                    /lib/x86_64-linux-gnu/libpthread-2.19.so
7f37fac64000-7f37fac65000 rw-p 00019000 08:16 3413530                    /lib/x86_64-linux-gnu/libpthread-2.19.so
7f37fac65000-7f37fac69000 rw-p 00000000 00:00 0 
7f37fac69000-7f37fac6c000 r-xp 00000000 08:16 3413525                    /lib/x86_64-linux-gnu/libdl-2.19.so
7f37fac6c000-7f37fae6b000 ---p 00003000 08:16 3413525                    /lib/x86_64-linux-gnu/libdl-2.19.so
7f37fae6b000-7f37fae6c000 r--p 00002000 08:16 3413525                    /lib/x86_64-linux-gnu/libdl-2.19.so
7f37fae6c000-7f37fae6d000 rw-p 00003000 08:16 3413525                    /lib/x86_64-linux-gnu/libdl-2.19.so
7f37fae6d000-7f37fae85000 r-xp 00000000 08:16 3412060                    /lib/x86_64-linux-gnu/libz.so.1.2.8
7f37fae85000-7f37fb084000 ---p 00018000 08:16 3412060                    /lib/x86_64-linux-gnu/libz.so.1.2.8
7f37fb084000-7f37fb085000 r--p 00017000 08:16 3412060                    /lib/x86_64-linux-gnu/libz.so.1.2.8
7f37fb085000-7f37fb086000 rw-p 00018000 08:16 3412060                    /lib/x86_64-linux-gnu/libz.so.1.2.8
7f37fb086000-7f37fb240000 r-xp 00000000 08:16 3413538                    /lib/x86_64-linux-gnu/libc-2.19.so
7f37fb240000-7f37fb440000 ---p 001ba000 08:16 3413538                    /lib/x86_64-linux-gnu/libc-2.19.so
7f37fb440000-7f37fb444000 r--p 001ba000 08:16 3413538                    /lib/x86_64-linux-gnu/libc-2.19.so
7f37fb444000-7f37fb446000 rw-p 001be000 08:16 3413538                    /lib/x86_64-linux-gnu/libc-2.19.so
7f37fb446000-7f37fb44b000 rw-p 00000000 00:00 0 
7f37fb44b000-7f37fb458000 r-xp 00000000 08:16 1574169                    /usr/lib/jvm/java-8-openjdk-amd64/jre/lib/amd64/jli/libjli.so
7f37fb458000-7f37fb658000 ---p 0000d000 08:16 1574169                    /usr/lib/jvm/java-8-openjdk-amd64/jre/lib/amd64/jli/libjli.so
7f37fb658000-7f37fb659000 r--p 0000d000 08:16 1574169                    /usr/lib/jvm/java-8-openjdk-amd64/jre/lib/amd64/jli/libjli.so
7f37fb659000-7f37fb65a000 rw-p 0000e000 08:16 1574169                    /usr/lib/jvm/java-8-openjdk-amd64/jre/lib/amd64/jli/libjli.so
7f37fb65a000-7f37fb67d000 r-xp 00000000 08:16 3413531                    /lib/x86_64-linux-gnu/ld-2.19.so
7f37fb67d000-7f37fb683000 r--s 0003a000 08:16 1972006                    /usr/lib/jvm/java-8-openjdk-amd64/jre/lib/ext/sunjce_provider.jar
7f37fb683000-7f37fb685000 r--s 00006000 08:16 924865                     /usr/share/java/java-atk-wrapper.jar
7f37fb685000-7f37fb75e000 rw-p 00000000 00:00 0 
7f37fb75e000-7f37fb761000 ---p 00000000 00:00 0 
7f37fb761000-7f37fb864000 rw-p 00000000 00:00 0                          [stack:32107]
7f37fb864000-7f37fb865000 r--s 00008000 08:16 1971996                    /usr/lib/jvm/java-8-openjdk-amd64/jre/lib/ext/sunec.jar
7f37fb865000-7f37fb868000 r--s 0000f000 08:16 1972013                    /usr/lib/jvm/java-8-openjdk-amd64/jre/lib/ext/icedtea-sound.jar
7f37fb868000-7f37fb86a000 r--s 00001000 08:16 1971942                    /usr/lib/jvm/java-8-openjdk-amd64/jre/lib/ext/dnsns.jar
7f37fb86a000-7f37fb86b000 r--s 0000a000 08:16 1972003                    /usr/lib/jvm/java-8-openjdk-amd64/jre/lib/ext/jaccess.jar
7f37fb86b000-7f37fb86c000 r--s 00010000 08:16 1972005                    /usr/lib/jvm/java-8-openjdk-amd64/jre/lib/ext/zipfs.jar
7f37fb86c000-7f37fb870000 r--s 00037000 08:16 1972031                    /usr/lib/jvm/java-8-openjdk-amd64/jre/lib/ext/sunpkcs11.jar
7f37fb870000-7f37fb878000 rw-s 00000000 08:16 4473102                    /tmp/hsperfdata_root/32104
7f37fb878000-7f37fb879000 rw-p 00000000 00:00 0 
7f37fb879000-7f37fb87a000 ---p 00000000 00:00 0 
7f37fb87a000-7f37fb87c000 rw-p 00000000 00:00 0 
7f37fb87c000-7f37fb87d000 r--p 00022000 08:16 3413531                    /lib/x86_64-linux-gnu/ld-2.19.so
7f37fb87d000-7f37fb87e000 rw-p 00023000 08:16 3413531                    /lib/x86_64-linux-gnu/ld-2.19.so
7f37fb87e000-7f37fb87f000 rw-p 00000000 00:00 0 
7ffcbefe1000-7ffcbf002000 rw-p 00000000 00:00 0                          [stack]
7ffcbf06b000-7ffcbf06d000 r-xp 00000000 00:00 0                          [vdso]
ffffffffff600000-ffffffffff601000 r-xp 00000000 00:00 0                  [vsyscall]

VM Arguments:
jvm_args: -Djava.awt.headless=true -Xmx1024M -Dfile.encoding=UTF-8 -Duser.country=US -Duser.language=en -Duser.variant 
java_command: com.android.dx.command.Main --dex --num-threads=4 --output /home/pc2/Desktop/Android/SOSapp/SOSapp/app/build/intermediates/pre-dexed/debug/com.android.support-appcompat-v7-23.3.0_009ccee825a6c2c6bb17471296cc9af0dcefeac8.jar /home/pc2/Desktop/Android/SOSapp/SOSapp/app/build/intermediates/exploded-aar/com.android.support/appcompat-v7/23.3.0/jars/classes.jar
java_class_path (initial): /root/Android/Sdk/build-tools/23.0.3/lib/dx.jar
Launcher Type: SUN_STANDARD

Environment Variables:
PATH=/usr/local/sbin:/usr/local/bin:/usr/sbin:/usr/bin:/sbin:/bin
USERNAME=root
LD_LIBRARY_PATH=.:
SHELL=/bin/bash
DISPLAY=:0

Signal Handlers:
SIGSEGV: [libjvm.so+0x9f6230], sa_mask[0]=11111111011111111101111111111110, sa_flags=SA_RESTART|SA_SIGINFO
SIGBUS: [libjvm.so+0x9f6230], sa_mask[0]=11111111011111111101111111111110, sa_flags=SA_RESTART|SA_SIGINFO
SIGFPE: [libjvm.so+0x856c80], sa_mask[0]=11111111011111111101111111111110, sa_flags=SA_RESTART|SA_SIGINFO
SIGPIPE: [libjvm.so+0x856c80], sa_mask[0]=11111111011111111101111111111110, sa_flags=SA_RESTART|SA_SIGINFO
SIGXFSZ: [libjvm.so+0x856c80], sa_mask[0]=11111111011111111101111111111110, sa_flags=SA_RESTART|SA_SIGINFO
SIGILL: [libjvm.so+0x856c80], sa_mask[0]=11111111011111111101111111111110, sa_flags=SA_RESTART|SA_SIGINFO
SIGUSR1: SIG_DFL, sa_mask[0]=00000000000000000000000000000000, sa_flags=none
SIGUSR2: [libjvm.so+0x856b50], sa_mask[0]=00100000000000000000000000000000, sa_flags=SA_RESTART|SA_SIGINFO
SIGHUP: [libjvm.so+0x856d40], sa_mask[0]=11111111011111111101111111111110, sa_flags=SA_RESTART|SA_SIGINFO
SIGINT: [libjvm.so+0x856d40], sa_mask[0]=11111111011111111101111111111110, sa_flags=SA_RESTART|SA_SIGINFO
SIGTERM: [libjvm.so+0x856d40], sa_mask[0]=11111111011111111101111111111110, sa_flags=SA_RESTART|SA_SIGINFO
SIGQUIT: [libjvm.so+0x856d40], sa_mask[0]=11111111011111111101111111111110, sa_flags=SA_RESTART|SA_SIGINFO


---------------  S Y S T E M  ---------------

OS:DISTRIB_ID=Ubuntu
DISTRIB_RELEASE=14.04
DISTRIB_CODENAME=trusty
DISTRIB_DESCRIPTION="Ubuntu 14.04.4 LTS"

uname:Linux 3.13.0-91-generic #138-Ubuntu SMP Fri Jun 24 17:00:34 UTC 2016 x86_64
libc:glibc 2.19 NPTL 2.19 
rlimit: STACK 8192k, CORE 0k, NPROC 62225, NOFILE 4096, AS infinity
load average:14.73 4.26 2.23

/proc/meminfo:
MemTotal:        8054008 kB
MemFree:          147392 kB
Buffers:             760 kB
Cached:           763320 kB
SwapCached:            0 kB
Active:          6878912 kB
Inactive:         748932 kB
Active(anon):    6869860 kB
Inactive(anon):   742400 kB
Active(file):       9052 kB
Inactive(file):     6532 kB
Unevictable:          48 kB
Mlocked:              48 kB
SwapTotal:             0 kB
SwapFree:              0 kB
Dirty:               204 kB
Writeback:             0 kB
AnonPages:       6864236 kB
Mapped:           268484 kB
Shmem:            748000 kB
Slab:             102292 kB
SReclaimable:      42452 kB
SUnreclaim:        59840 kB
KernelStack:       10096 kB
PageTables:        73268 kB
NFS_Unstable:          0 kB
Bounce:                0 kB
WritebackTmp:          0 kB
CommitLimit:     4027004 kB
Committed_AS:   17200432 kB
VmallocTotal:   34359738367 kB
VmallocUsed:      557012 kB
VmallocChunk:   34359168600 kB
HardwareCorrupted:     0 kB
AnonHugePages:   1740800 kB
HugePages_Total:       0
HugePages_Free:        0
HugePages_Rsvd:        0
HugePages_Surp:        0
Hugepagesize:       2048 kB
DirectMap4k:       99072 kB
DirectMap2M:     3973120 kB
DirectMap1G:     4194304 kB


CPU:total 8 (4 cores per cpu, 2 threads per core) family 6 model 60 stepping 3, cmov, cx8, fxsr, mmx, sse, sse2, sse3, ssse3, sse4.1, sse4.2, popcnt, avx, avx2, aes, clmul, erms, lzcnt, ht, tsc, tscinvbit, bmi1, bmi2

/proc/cpuinfo:
processor	: 0
vendor_id	: GenuineIntel
cpu family	: 6
model		: 60
model name	: Intel(R) Core(TM) i7-4702MQ CPU @ 2.20GHz
stepping	: 3
microcode	: 0x17
cpu MHz		: 2201.000
cache size	: 6144 KB
physical id	: 0
siblings	: 8
core id		: 0
cpu cores	: 4
apicid		: 0
initial apicid	: 0
fpu		: yes
fpu_exception	: yes
cpuid level	: 13
wp		: yes
flags		: fpu vme de pse tsc msr pae mce cx8 apic sep mtrr pge mca cmov pat pse36 clflush dts acpi mmx fxsr sse sse2 ss ht tm pbe syscall nx pdpe1gb rdtscp lm constant_tsc arch_perfmon pebs bts rep_good nopl xtopology nonstop_tsc aperfmperf eagerfpu pni pclmulqdq dtes64 monitor ds_cpl vmx est tm2 ssse3 fma cx16 xtpr pdcm pcid sse4_1 sse4_2 movbe popcnt tsc_deadline_timer aes xsave avx f16c rdrand lahf_lm abm ida arat epb xsaveopt pln pts dtherm tpr_shadow vnmi flexpriority ept vpid fsgsbase tsc_adjust bmi1 avx2 smep bmi2 erms invpcid
bogomips	: 4389.83
clflush size	: 64
cache_alignment	: 64
address sizes	: 39 bits physical, 48 bits virtual
power management:

processor	: 1
vendor_id	: GenuineIntel
cpu family	: 6
model		: 60
model name	: Intel(R) Core(TM) i7-4702MQ CPU @ 2.20GHz
stepping	: 3
microcode	: 0x17
cpu MHz		: 2201.000
cache size	: 6144 KB
physical id	: 0
siblings	: 8
core id		: 0
cpu cores	: 4
apicid		: 1
initial apicid	: 1
fpu		: yes
fpu_exception	: yes
cpuid level	: 13
wp		: yes
flags		: fpu vme de pse tsc msr pae mce cx8 apic sep mtrr pge mca cmov pat pse36 clflush dts acpi mmx fxsr sse sse2 ss ht tm pbe syscall nx pdpe1gb rdtscp lm constant_tsc arch_perfmon pebs bts rep_good nopl xtopology nonstop_tsc aperfmperf eagerfpu pni pclmulqdq dtes64 monitor ds_cpl vmx est tm2 ssse3 fma cx16 xtpr pdcm pcid sse4_1 sse4_2 movbe popcnt tsc_deadline_timer aes xsave avx f16c rdrand lahf_lm abm ida arat epb xsaveopt pln pts dtherm tpr_shadow vnmi flexpriority ept vpid fsgsbase tsc_adjust bmi1 avx2 smep bmi2 erms invpcid
bogomips	: 4389.83
clflush size	: 64
cache_alignment	: 64
address sizes	: 39 bits physical, 48 bits virtual
power management:

processor	: 2
vendor_id	: GenuineIntel
cpu family	: 6
model		: 60
model name	: Intel(R) Core(TM) i7-4702MQ CPU @ 2.20GHz
stepping	: 3
microcode	: 0x17
cpu MHz		: 2201.000
cache size	: 6144 KB
physical id	: 0
siblings	: 8
core id		: 1
cpu cores	: 4
apicid		: 2
initial apicid	: 2
fpu		: yes
fpu_exception	: yes
cpuid level	: 13
wp		: yes
flags		: fpu vme de pse tsc msr pae mce cx8 apic sep mtrr pge mca cmov pat pse36 clflush dts acpi mmx fxsr sse sse2 ss ht tm pbe syscall nx pdpe1gb rdtscp lm constant_tsc arch_perfmon pebs bts rep_good nopl xtopology nonstop_tsc aperfmperf eagerfpu pni pclmulqdq dtes64 monitor ds_cpl vmx est tm2 ssse3 fma cx16 xtpr pdcm pcid sse4_1 sse4_2 movbe popcnt tsc_deadline_timer aes xsave avx f16c rdrand lahf_lm abm ida arat epb xsaveopt pln pts dtherm tpr_shadow vnmi flexpriority ept vpid fsgsbase tsc_adjust bmi1 avx2 smep bmi2 erms invpcid
bogomips	: 4389.83
clflush size	: 64
cache_alignment	: 64
address sizes	: 39 bits physical, 48 bits virtual
power management:

processor	: 3
vendor_id	: GenuineIntel
cpu family	: 6
model		: 60
model name	: Intel(R) Core(TM) i7-4702MQ CPU @ 2.20GHz
stepping	: 3
microcode	: 0x17
cpu MHz		: 2201.000
cache size	: 6144 KB
physical id	: 0
siblings	: 8
core id		: 1
cpu cores	: 4
apicid		: 3
initial apicid	: 3
fpu		: yes
fpu_exception	: yes
cpuid level	: 13
wp		: yes
flags		: fpu vme de pse tsc msr pae mce cx8 apic sep mtrr pge mca cmov pat pse36 clflush dts acpi mmx fxsr sse sse2 ss ht tm pbe syscall nx pdpe1gb rdtscp lm constant_tsc arch_perfmon pebs bts rep_good nopl xtopology nonstop_tsc aperfmperf eagerfpu pni pclmulqdq dtes64 monitor ds_cpl vmx est tm2 ssse3 fma cx16 xtpr pdcm pcid sse4_1 sse4_2 movbe popcnt tsc_deadline_timer aes xsave avx f16c rdrand lahf_lm abm ida arat epb xsaveopt pln pts dtherm tpr_shadow vnmi flexpriority ept vpid fsgsbase tsc_adjust bmi1 avx2 smep bmi2 erms invpcid
bogomips	: 4389.83
clflush size	: 64
cache_alignment	: 64
address sizes	: 39 bits physical, 48 bits virtual
power management:

processor	: 4
vendor_id	: GenuineIntel
cpu family	: 6
model		: 60
model name	: Intel(R) Core(TM) i7-4702MQ CPU @ 2.20GHz
stepping	: 3
microcode	: 0x17
cpu MHz		: 2201.000
cache size	: 6144 KB
physical id	: 0
siblings	: 8
core id		: 2
cpu cores	: 4
apicid		: 4
initial apicid	: 4
fpu		: yes
fpu_exception	: yes
cpuid level	: 13
wp		: yes
flags		: fpu vme de pse tsc msr pae mce cx8 apic sep mtrr pge mca cmov pat pse36 clflush dts acpi mmx fxsr sse sse2 ss ht tm pbe syscall nx pdpe1gb rdtscp lm constant_tsc arch_perfmon pebs bts rep_good nopl xtopology nonstop_tsc aperfmperf eagerfpu pni pclmulqdq dtes64 monitor ds_cpl vmx est tm2 ssse3 fma cx16 xtpr pdcm pcid sse4_1 sse4_2 movbe popcnt tsc_deadline_timer aes xsave avx f16c rdrand lahf_lm abm ida arat epb xsaveopt pln pts dtherm tpr_shadow vnmi flexpriority ept vpid fsgsbase tsc_adjust bmi1 avx2 smep bmi2 erms invpcid
bogomips	: 4389.83
clflush size	: 64
cache_alignment	: 64
address sizes	: 39 bits physical, 48 bits virtual
power management:

processor	: 5
vendor_id	: GenuineIntel
cpu family	: 6
model		: 60
model name	: Intel(R) Core(TM) i7-4702MQ CPU @ 2.20GHz
stepping	: 3
microcode	: 0x17
cpu MHz		: 2201.000
cache size	: 6144 KB
physical id	: 0
siblings	: 8
core id		: 2
cpu cores	: 4
apicid		: 5
initial apicid	: 5
fpu		: yes
fpu_exception	: yes
cpuid level	: 13
wp		: yes
flags		: fpu vme de pse tsc msr pae mce cx8 apic sep mtrr pge mca cmov pat pse36 clflush dts acpi mmx fxsr sse sse2 ss ht tm pbe syscall nx pdpe1gb rdtscp lm constant_tsc arch_perfmon pebs bts rep_good nopl xtopology nonstop_tsc aperfmperf eagerfpu pni pclmulqdq dtes64 monitor ds_cpl vmx est tm2 ssse3 fma cx16 xtpr pdcm pcid sse4_1 sse4_2 movbe popcnt tsc_deadline_timer aes xsave avx f16c rdrand lahf_lm abm ida arat epb xsaveopt pln pts dtherm tpr_shadow vnmi flexpriority ept vpid fsgsbase tsc_adjust bmi1 avx2 smep bmi2 erms invpcid
bogomips	: 4389.83
clflush size	: 64
cache_alignment	: 64
address sizes	: 39 bits physical, 48 bits virtual
power management:

processor	: 6
vendor_id	: GenuineIntel
cpu family	: 6
model		: 60
model name	: Intel(R) Core(TM) i7-4702MQ CPU @ 2.20GHz
stepping	: 3
microcode	: 0x17
cpu MHz		: 2201.000
cache size	: 6144 KB
physical id	: 0
siblings	: 8
core id		: 3
cpu cores	: 4
apicid		: 6
initial apicid	: 6
fpu		: yes
fpu_exception	: yes
cpuid level	: 13
wp		: yes
flags		: fpu vme de pse tsc msr pae mce cx8 apic sep mtrr pge mca cmov pat pse36 clflush dts acpi mmx fxsr sse sse2 ss ht tm pbe syscall nx pdpe1gb rdtscp lm constant_tsc arch_perfmon pebs bts rep_good nopl xtopology nonstop_tsc aperfmperf eagerfpu pni pclmulqdq dtes64 monitor ds_cpl vmx est tm2 ssse3 fma cx16 xtpr pdcm pcid sse4_1 sse4_2 movbe popcnt tsc_deadline_timer aes xsave avx f16c rdrand lahf_lm abm ida arat epb xsaveopt pln pts dtherm tpr_shadow vnmi flexpriority ept vpid fsgsbase tsc_adjust bmi1 avx2 smep bmi2 erms invpcid
bogomips	: 4389.83
clflush size	: 64
cache_alignment	: 64
address sizes	: 39 bits physical, 48 bits virtual
power management:

processor	: 7
vendor_id	: GenuineIntel
cpu family	: 6
model		: 60
model name	: Intel(R) Core(TM) i7-4702MQ CPU @ 2.20GHz
stepping	: 3
microcode	: 0x17
cpu MHz		: 2201.000
cache size	: 6144 KB
physical id	: 0
siblings	: 8
core id		: 3
cpu cores	: 4
apicid		: 7
initial apicid	: 7
fpu		: yes
fpu_exception	: yes
cpuid level	: 13
wp		: yes
flags		: fpu vme de pse tsc msr pae mce cx8 apic sep mtrr pge mca cmov pat pse36 clflush dts acpi mmx fxsr sse sse2 ss ht tm pbe syscall nx pdpe1gb rdtscp lm constant_tsc arch_perfmon pebs bts rep_good nopl xtopology nonstop_tsc aperfmperf eagerfpu pni pclmulqdq dtes64 monitor ds_cpl vmx est tm2 ssse3 fma cx16 xtpr pdcm pcid sse4_1 sse4_2 movbe popcnt tsc_deadline_timer aes xsave avx f16c rdrand lahf_lm abm ida arat epb xsaveopt pln pts dtherm tpr_shadow vnmi flexpriority ept vpid fsgsbase tsc_adjust bmi1 avx2 smep bmi2 erms invpcid
bogomips	: 4389.83
clflush size	: 64
cache_alignment	: 64
address sizes	: 39 bits physical, 48 bits virtual
power management:



Memory: 4k page, physical 8054008k(147620k free), swap 0k(0k free)

vm_info: OpenJDK 64-Bit Server VM (25.91-b14) for linux-amd64 JRE (1.8.0_91-8u91-b14-0ubuntu4~14.04-b14), built on Apr 22 2016 12:27:31 by "buildd" with gcc 4.8.2

time: Mon Jul  4 22:13:20 2016
elapsed time: 8 seconds (0d 0h 0m 8s)

