#
# There is insufficient memory for the Java Runtime Environment to continue.
# Native memory allocation (mmap) failed to map 32505856 bytes for committing reserved memory.
# Possible reasons:
#   The system is out of physical RAM or swap space
#   In 32 bit mode, the process size limit was hit
# Possible solutions:
#   Reduce memory load on the system
#   Increase physical memory or swap space
#   Check if swap backing store is full
#   Use 64 bit Java on a 64 bit OS
#   Decrease Java heap size (-Xmx/-Xms)
#   Decrease number of Java threads
#   Decrease Java thread stack sizes (-Xss)
#   Set larger code cache with -XX:ReservedCodeCacheSize=
# This output file may be truncated or incomplete.
#
#  Out of Memory Error (os_linux.cpp:2630), pid=30421, tid=139877560567552
#
# JRE version: OpenJDK Runtime Environment (8.0_91-b14) (build 1.8.0_91-8u91-b14-0ubuntu4~14.04-b14)
# Java VM: OpenJDK 64-Bit Server VM (25.91-b14 mixed mode linux-amd64 compressed oops)
# Failed to write core dump. Core dumps have been disabled. To enable core dumping, try "ulimit -c unlimited" before starting Java again
#

---------------  T H R E A D  ---------------

Current thread (0x00007f37d8080000):  VMThread [stack: 0x00007f37c83f4000,0x00007f37c84f5000] [id=30527]

Stack: [0x00007f37c83f4000,0x00007f37c84f5000],  sp=0x00007f37c84f3480,  free space=1021k
Native frames: (J=compiled Java code, j=interpreted, Vv=VM code, C=native code)
V  [libjvm.so+0x9f573d]
V  [libjvm.so+0x4bc3da]
V  [libjvm.so+0x85b0a0]
V  [libjvm.so+0x855b9f]
V  [libjvm.so+0x8cb83b]
V  [libjvm.so+0x8cc4f0]
V  [libjvm.so+0x8cc80b]
V  [libjvm.so+0x8c8f1c]
V  [libjvm.so+0x8c96f8]
V  [libjvm.so+0x87e0d3]
V  [libjvm.so+0x9f7204]
V  [libjvm.so+0x9fb5b7]
V  [libjvm.so+0x9fa078]
V  [libjvm.so+0x9fa4f9]
V  [libjvm.so+0x9fa942]
V  [libjvm.so+0x8584a2]

VM_Operation (0x00007f37c0f11b60): ParallelGCFailedAllocation, mode: safepoint, requested by thread 0x00007f37d81b7000


---------------  P R O C E S S  ---------------

Java Threads: ( => current thread )
  0x00007f37d81b7000 JavaThread "pool-1-thread-4" [_thread_blocked, id=30613, stack(0x00007f37c0e13000,0x00007f37c0f14000)]
  0x00007f37d81b5000 JavaThread "pool-1-thread-3" [_thread_blocked, id=30612, stack(0x00007f37c0f14000,0x00007f37c1015000)]
  0x00007f37d81b1800 JavaThread "pool-1-thread-2" [_thread_blocked, id=30611, stack(0x00007f37c1015000,0x00007f37c1116000)]
  0x00007f37d81b0000 JavaThread "pool-2-thread-1" [_thread_blocked, id=30610, stack(0x00007f37c1116000,0x00007f37c1217000)]
  0x00007f37d81ad800 JavaThread "pool-1-thread-1" [_thread_blocked, id=30609, stack(0x00007f37c1217000,0x00007f37c1318000)]
  0x00007f37d80dc800 JavaThread "Service Thread" daemon [_thread_blocked, id=30586, stack(0x00007f37c1419000,0x00007f37c151a000)]
  0x00007f37d80bf800 JavaThread "C1 CompilerThread3" daemon [_thread_blocked, id=30584, stack(0x00007f37c151a000,0x00007f37c161b000)]
  0x00007f37d80bb000 JavaThread "C2 CompilerThread2" daemon [_thread_blocked, id=30583, stack(0x00007f37c161b000,0x00007f37c171c000)]
  0x00007f37d80b9000 JavaThread "C2 CompilerThread1" daemon [_thread_blocked, id=30582, stack(0x00007f37c171c000,0x00007f37c181d000)]
  0x00007f37d80b6000 JavaThread "C2 CompilerThread0" daemon [_thread_blocked, id=30581, stack(0x00007f37c181d000,0x00007f37c191e000)]
  0x00007f37d80b4000 JavaThread "Signal Dispatcher" daemon [_thread_blocked, id=30580, stack(0x00007f37c80f1000,0x00007f37c81f2000)]
  0x00007f37d808c000 JavaThread "Finalizer" daemon [_thread_blocked, id=30542, stack(0x00007f37c81f2000,0x00007f37c82f3000)]
  0x00007f37d8087800 JavaThread "Reference Handler" daemon [_thread_blocked, id=30536, stack(0x00007f37c82f3000,0x00007f37c83f4000)]
  0x00007f37d800a000 JavaThread "main" [_thread_blocked, id=30457, stack(0x00007f37e21b9000,0x00007f37e22ba000)]

Other Threads:
=>0x00007f37d8080000 VMThread [stack: 0x00007f37c83f4000,0x00007f37c84f5000] [id=30527]
  0x00007f37d80df000 WatcherThread [stack: 0x00007f37c1318000,0x00007f37c1419000] [id=30587]

VM state:at safepoint (normal execution)

VM Mutex/Monitor currently owned by a thread:  ([mutex/lock_event])
[0x00007f37d80067c0] Threads_lock - owner thread: 0x00007f37d8080000
[0x00007f37d8006cc0] Heap_lock - owner thread: 0x00007f37d81b7000

Heap:
 PSYoungGen      total 36864K, used 5111K [0x00000000eab00000, 0x00000000ed400000, 0x0000000100000000)
  eden space 31744K, 0% used [0x00000000eab00000,0x00000000eab00000,0x00000000eca00000)
  from space 5120K, 99% used [0x00000000eca00000,0x00000000ecefddb0,0x00000000ecf00000)
  to   space 5120K, 0% used [0x00000000ecf00000,0x00000000ecf00000,0x00000000ed400000)
 ParOldGen       total 84992K, used 1775K [0x00000000c0000000, 0x00000000c5300000, 0x00000000eab00000)
  object space 84992K, 2% used [0x00000000c0000000,0x00000000c01bbda0,0x00000000c5300000)
 Metaspace       used 5655K, capacity 6768K, committed 7040K, reserved 1056768K
  class space    used 568K, capacity 616K, committed 640K, reserved 1048576K

Card table byte_map: [0x00007f37de753000,0x00007f37de954000] byte_map_base: 0x00007f37de153000

Marking Bits: (ParMarkBitMap*) 0x00007f37e148b080
 Begin Bits: [0x00007f37c2000000, 0x00007f37c3000000)
 End Bits:   [0x00007f37c3000000, 0x00007f37c4000000)

Polling page: 0x00007f37e22d6000

CodeCache: size=245760Kb used=2814Kb max_used=2827Kb free=242945Kb
 bounds [0x00007f37c9000000, 0x00007f37c92d0000, 0x00007f37d8000000]
 total_blobs=976 nmethods=709 adapters=182
 compilation: enabled

Compilation events (10 events):
Event: 2.189 Thread 0x00007f37d80bf800  827       2       com.android.dx.ssa.SsaMethod::indexListFromLabelList (47 bytes)
Event: 2.190 Thread 0x00007f37d80bf800 nmethod 827 0x00007f37c929c950 code [0x00007f37c929cae0, 0x00007f37c929cdb8]
Event: 2.190 Thread 0x00007f37d80bf800  821       2       com.android.dx.ssa.back.SsaToRop$1::visitBlock (97 bytes)
Event: 2.190 Thread 0x00007f37d80bf800 nmethod 821 0x00007f37c9293f90 code [0x00007f37c92941a0, 0x00007f37c9294748]
Event: 2.190 Thread 0x00007f37d80bf800  817   !   2       com.android.dx.cf.code.RopperMachine::run (1550 bytes)
Event: 2.207 Thread 0x00007f37d80b6000 nmethod 790 0x00007f37c92a5a10 code [0x00007f37c92a5b80, 0x00007f37c92a5d58]
Event: 2.207 Thread 0x00007f37d80b6000  835       4       com.android.dx.ssa.RegisterMapper::map (63 bytes)
Event: 2.214 Thread 0x00007f37d80b9000  676       4       com.android.dx.ssa.NormalSsaInsn::hasSideEffect (76 bytes)
Event: 2.219 Thread 0x00007f37d80bb000 nmethod 831 0x00007f37c9291750 code [0x00007f37c9291900, 0x00007f37c9292158]
Event: 2.219 Thread 0x00007f37d80bb000  680       4       com.android.dx.rop.code.RegisterSpecList::<init> (6 bytes)

GC Heap History (1 events):
Event: 2.255 GC heap before
{Heap before GC invocations=1 (full 0):
 PSYoungGen      total 36864K, used 31744K [0x00000000eab00000, 0x00000000ed400000, 0x0000000100000000)
  eden space 31744K, 100% used [0x00000000eab00000,0x00000000eca00000,0x00000000eca00000)
  from space 5120K, 0% used [0x00000000ecf00000,0x00000000ecf00000,0x00000000ed400000)
  to   space 5120K, 0% used [0x00000000eca00000,0x00000000eca00000,0x00000000ecf00000)
 ParOldGen       total 84992K, used 0K [0x00000000c0000000, 0x00000000c5300000, 0x00000000eab00000)
  object space 84992K, 0% used [0x00000000c0000000,0x00000000c0000000,0x00000000c5300000)
 Metaspace       used 5655K, capacity 6768K, committed 7040K, reserved 1056768K
  class space    used 568K, capacity 616K, committed 640K, reserved 1048576K

Deoptimization events (10 events):
Event: 0.243 Thread 0x00007f37d800a000 Uncommon trap: reason=unstable_if action=reinterpret pc=0x00007f37c91472c8 method=java.lang.String.indexOf(II)I @ 49
Event: 0.557 Thread 0x00007f37d81b5000 Uncommon trap: reason=unstable_if action=reinterpret pc=0x00007f37c91db580 method=java.util.HashMap.getNode(ILjava/lang/Object;)Ljava/util/HashMap$Node; @ 62
Event: 0.612 Thread 0x00007f37d81b7000 Uncommon trap: reason=unstable_if action=reinterpret pc=0x00007f37c91f220c method=com.android.dx.rop.code.RegisterSpec.equals(ILcom/android/dx/rop/type/TypeBearer;Lcom/android/dx/rop/code/LocalItem;)Z @ 16
Event: 0.657 Thread 0x00007f37d81b7000 Uncommon trap: reason=class_check action=maybe_recompile pc=0x00007f37c91fded0 method=com.android.dx.ssa.NormalSsaInsn.accept(Lcom/android/dx/ssa/SsaInsn$Visitor;)V @ 9
Event: 0.657 Thread 0x00007f37d81b7000 Uncommon trap: reason=class_check action=maybe_recompile pc=0x00007f37c91fded0 method=com.android.dx.ssa.NormalSsaInsn.accept(Lcom/android/dx/ssa/SsaInsn$Visitor;)V @ 9
Event: 0.658 Thread 0x00007f37d81b7000 Uncommon trap: reason=class_check action=maybe_recompile pc=0x00007f37c91fded0 method=com.android.dx.ssa.NormalSsaInsn.accept(Lcom/android/dx/ssa/SsaInsn$Visitor;)V @ 9
Event: 0.658 Thread 0x00007f37d81b7000 Uncommon trap: reason=class_check action=maybe_recompile pc=0x00007f37c91fded0 method=com.android.dx.ssa.NormalSsaInsn.accept(Lcom/android/dx/ssa/SsaInsn$Visitor;)V @ 9
Event: 0.661 Thread 0x00007f37d81b5000 Uncommon trap: reason=unstable_if action=reinterpret pc=0x00007f37c91e512c method=java.util.BitSet.nextSetBit(I)I @ 87
Event: 1.649 Thread 0x00007f37d81ad800 Uncommon trap: reason=unstable_if action=reinterpret pc=0x00007f37c91f54b8 method=java.util.BitSet.ensureCapacity(I)V @ 6
Event: 2.084 Thread 0x00007f37d800a000 Uncommon trap: reason=class_check action=maybe_recompile pc=0x00007f37c9226f5c method=com.android.dx.rop.type.Type.equals(Ljava/lang/Object;)Z @ 8

Internal exceptions (5 events):
Event: 0.033 Thread 0x00007f37d800a000 Exception <a 'java/lang/NoSuchMethodError': Method sun.misc.Unsafe.defineClass(Ljava/lang/String;[BII)Ljava/lang/Class; name or signature does not match> (0x00000000eab07cc0) thrown at [/build/openjdk-8-vT_67x/openjdk-8-8u91-b14/src/hotspot/src/share/vm/p
Event: 0.033 Thread 0x00007f37d800a000 Exception <a 'java/lang/NoSuchMethodError': Method sun.misc.Unsafe.prefetchRead(Ljava/lang/Object;J)V name or signature does not match> (0x00000000eab07fa8) thrown at [/build/openjdk-8-vT_67x/openjdk-8-8u91-b14/src/hotspot/src/share/vm/prims/jni.cpp, line
Event: 0.102 Thread 0x00007f37d800a000 Exception <a 'java/util/zip/ZipException'> (0x00000000eab51ea8) thrown at [/build/openjdk-8-vT_67x/openjdk-8-8u91-b14/src/hotspot/src/share/vm/prims/jni.cpp, line 709]
Event: 0.102 Thread 0x00007f37d800a000 Exception <a 'java/security/PrivilegedActionException'> (0x00000000eab52148) thrown at [/build/openjdk-8-vT_67x/openjdk-8-8u91-b14/src/hotspot/src/share/vm/prims/jvm.cpp, line 1386]
Event: 0.102 Thread 0x00007f37d800a000 Exception <a 'java/security/PrivilegedActionException'> (0x00000000eab52358) thrown at [/build/openjdk-8-vT_67x/openjdk-8-8u91-b14/src/hotspot/src/share/vm/prims/jvm.cpp, line 1386]

Events (10 events):
Event: 0.995 loading class java/util/TreeMap$EntryIterator done
Event: 1.567 loading class com/android/dx/cf/code/SwitchList
Event: 1.567 loading class com/android/dx/cf/code/SwitchList done
Event: 1.634 Thread 0x00007f37d81ad800 Uncommon trap: trap_request=0xffffff65 fr.pc=0x00007f37c91f54b8
Event: 1.649 Thread 0x00007f37d81ad800 DEOPT PACKING pc=0x00007f37c91f54b8 sp=0x00007f37c1316270
Event: 1.652 Thread 0x00007f37d81ad800 DEOPT UNPACKING pc=0x00007f37c9004f69 sp=0x00007f37c1316178 mode 2
Event: 2.084 Thread 0x00007f37d800a000 Uncommon trap: trap_request=0xffffffde fr.pc=0x00007f37c9226f5c
Event: 2.084 Thread 0x00007f37d800a000 DEOPT PACKING pc=0x00007f37c9226f5c sp=0x00007f37e22b7360
Event: 2.084 Thread 0x00007f37d800a000 DEOPT UNPACKING pc=0x00007f37c9004f69 sp=0x00007f37e22b7160 mode 2
Event: 2.229 Executing VM operation: ParallelGCFailedAllocation


Dynamic libraries:
00400000-00401000 r-xp 00000000 08:16 1058522                            /usr/lib/jvm/java-8-openjdk-amd64/jre/bin/java
00600000-00601000 r--p 00000000 08:16 1058522                            /usr/lib/jvm/java-8-openjdk-amd64/jre/bin/java
00601000-00602000 rw-p 00001000 08:16 1058522                            /usr/lib/jvm/java-8-openjdk-amd64/jre/bin/java
01534000-01555000 rw-p 00000000 00:00 0                                  [heap]
c0000000-c5300000 rw-p 00000000 00:00 0 
c5300000-eab00000 ---p 00000000 00:00 0 
eab00000-ed400000 rw-p 00000000 00:00 0 
ef300000-100000000 ---p 00000000 00:00 0 
100000000-1000a0000 rw-p 00000000 00:00 0 
1000a0000-140000000 ---p 00000000 00:00 0 
7f3768000000-7f3768021000 rw-p 00000000 00:00 0 
7f3768021000-7f376c000000 ---p 00000000 00:00 0 
7f376c000000-7f376c021000 rw-p 00000000 00:00 0 
7f376c021000-7f3770000000 ---p 00000000 00:00 0 
7f3770000000-7f3770021000 rw-p 00000000 00:00 0 
7f3770021000-7f3774000000 ---p 00000000 00:00 0 
7f3774000000-7f3774021000 rw-p 00000000 00:00 0 
7f3774021000-7f3778000000 ---p 00000000 00:00 0 
7f3778000000-7f3778021000 rw-p 00000000 00:00 0 
7f3778021000-7f377c000000 ---p 00000000 00:00 0 
7f377c000000-7f377c02b000 rw-p 00000000 00:00 0 
7f377c02b000-7f3780000000 ---p 00000000 00:00 0 
7f3780000000-7f378057c000 rw-p 00000000 00:00 0 
7f378057c000-7f3784000000 ---p 00000000 00:00 0 
7f3784000000-7f3784021000 rw-p 00000000 00:00 0 
7f3784021000-7f3788000000 ---p 00000000 00:00 0 
7f3788000000-7f378861f000 rw-p 00000000 00:00 0 
7f378861f000-7f378c000000 ---p 00000000 00:00 0 
7f378c000000-7f378c55d000 rw-p 00000000 00:00 0 
7f378c55d000-7f3790000000 ---p 00000000 00:00 0 
7f3790000000-7f3790021000 rw-p 00000000 00:00 0 
7f3790021000-7f3794000000 ---p 00000000 00:00 0 
7f3794000000-7f3794383000 rw-p 00000000 00:00 0 
7f3794383000-7f3798000000 ---p 00000000 00:00 0 
7f3798000000-7f3798021000 rw-p 00000000 00:00 0 
7f3798021000-7f379c000000 ---p 00000000 00:00 0 
7f379c000000-7f379c021000 rw-p 00000000 00:00 0 
7f379c021000-7f37a0000000 ---p 00000000 00:00 0 
7f37a0000000-7f37a0021000 rw-p 00000000 00:00 0 
7f37a0021000-7f37a4000000 ---p 00000000 00:00 0 
7f37a4000000-7f37a4021000 rw-p 00000000 00:00 0 
7f37a4021000-7f37a8000000 ---p 00000000 00:00 0 
7f37a8000000-7f37a8021000 rw-p 00000000 00:00 0 
7f37a8021000-7f37ac000000 ---p 00000000 00:00 0 
7f37ac000000-7f37ac021000 rw-p 00000000 00:00 0 
7f37ac021000-7f37b0000000 ---p 00000000 00:00 0 
7f37b0000000-7f37b0021000 rw-p 00000000 00:00 0 
7f37b0021000-7f37b4000000 ---p 00000000 00:00 0 
7f37b4000000-7f37b4021000 rw-p 00000000 00:00 0 
7f37b4021000-7f37b8000000 ---p 00000000 00:00 0 
7f37b8000000-7f37b8021000 rw-p 00000000 00:00 0 
7f37b8021000-7f37bc000000 ---p 00000000 00:00 0 
7f37bc000000-7f37bc021000 rw-p 00000000 00:00 0 
7f37bc021000-7f37c0000000 ---p 00000000 00:00 0 
7f37c0e13000-7f37c0e16000 ---p 00000000 00:00 0 
7f37c0e16000-7f37c0f14000 rw-p 00000000 00:00 0                          [stack:30613]
7f37c0f14000-7f37c0f17000 ---p 00000000 00:00 0 
7f37c0f17000-7f37c1015000 rw-p 00000000 00:00 0                          [stack:30612]
7f37c1015000-7f37c1018000 ---p 00000000 00:00 0 
7f37c1018000-7f37c1116000 rw-p 00000000 00:00 0                          [stack:30611]
7f37c1116000-7f37c1119000 ---p 00000000 00:00 0 
7f37c1119000-7f37c1217000 rw-p 00000000 00:00 0                          [stack:30610]
7f37c1217000-7f37c121a000 ---p 00000000 00:00 0 
7f37c121a000-7f37c1318000 rw-p 00000000 00:00 0                          [stack:30609]
7f37c1318000-7f37c1319000 ---p 00000000 00:00 0 
7f37c1319000-7f37c1419000 rw-p 00000000 00:00 0                          [stack:30587]
7f37c1419000-7f37c141c000 ---p 00000000 00:00 0 
7f37c141c000-7f37c151a000 rw-p 00000000 00:00 0                          [stack:30586]
7f37c151a000-7f37c151d000 ---p 00000000 00:00 0 
7f37c151d000-7f37c161b000 rw-p 00000000 00:00 0                          [stack:30584]
7f37c161b000-7f37c161e000 ---p 00000000 00:00 0 
7f37c161e000-7f37c171c000 rw-p 00000000 00:00 0                          [stack:30583]
7f37c171c000-7f37c171f000 ---p 00000000 00:00 0 
7f37c171f000-7f37c181d000 rw-p 00000000 00:00 0                          [stack:30582]
7f37c181d000-7f37c1820000 ---p 00000000 00:00 0 
7f37c1820000-7f37c191e000 rw-p 00000000 00:00 0                          [stack:30581]
7f37c191e000-7f37c2000000 r--p 00000000 08:16 531444                     /usr/lib/locale/locale-archive
7f37c2000000-7f37c4000000 rw-p 00000000 00:00 0 
7f37c4000000-7f37c4021000 rw-p 00000000 00:00 0 
7f37c4021000-7f37c8000000 ---p 00000000 00:00 0 
7f37c80f1000-7f37c80f4000 ---p 00000000 00:00 0 
7f37c80f4000-7f37c81f2000 rw-p 00000000 00:00 0                          [stack:30580]
7f37c81f2000-7f37c81f5000 ---p 00000000 00:00 0 
7f37c81f5000-7f37c82f3000 rw-p 00000000 00:00 0                          [stack:30542]
7f37c82f3000-7f37c82f6000 ---p 00000000 00:00 0 
7f37c82f6000-7f37c83f4000 rw-p 00000000 00:00 0                          [stack:30536]
7f37c83f4000-7f37c83f5000 ---p 00000000 00:00 0 
7f37c83f5000-7f37c9000000 rw-p 00000000 00:00 0                          [stack:30527]
7f37c9000000-7f37c92d0000 rwxp 00000000 00:00 0 
7f37c92d0000-7f37d8000000 ---p 00000000 00:00 0 
7f37d8000000-7f37d81e0000 rw-p 00000000 00:00 0 
7f37d81e0000-7f37dc000000 ---p 00000000 00:00 0 
7f37dc019000-7f37dc01a000 rw-p 00000000 00:00 0 
7f37dc01a000-7f37dc01e000 r--s 00025000 08:16 2500893                    /home/pc2/Desktop/Android/SOSapp/SOSapp/app/build/intermediates/exploded-aar/com.android.support/mediarouter-v7/23.0.0/jars/classes.jar
7f37dc01e000-7f37dc02d000 r--s 000df000 08:16 3674186                    /root/Android/Sdk/build-tools/23.0.3/lib/dx.jar
7f37dc02d000-7f37dc048000 r--s 001d7000 08:16 1971917                    /usr/lib/jvm/java-8-openjdk-amd64/jre/lib/ext/nashorn.jar
7f37dc048000-7f37dc052000 r--s 00116000 08:16 1972026                    /usr/lib/jvm/java-8-openjdk-amd64/jre/lib/ext/localedata.jar
7f37dc052000-7f37dc06e000 r--s 00393000 08:16 1971986                    /usr/lib/jvm/java-8-openjdk-amd64/jre/lib/ext/cldrdata.jar
7f37dc06e000-7f37dd1b2000 rw-p 00000000 00:00 0 
7f37dd1b2000-7f37dd37f000 r--s 03be7000 08:16 1328837                    /usr/lib/jvm/java-8-openjdk-amd64/jre/lib/rt.jar
7f37dd37f000-7f37dda35000 rw-p 00000000 00:00 0 
7f37dda35000-7f37ddbf5000 ---p 00000000 00:00 0 
7f37ddbf5000-7f37dddf5000 rw-p 00000000 00:00 0 
7f37dddf5000-7f37dddf6000 ---p 00000000 00:00 0 
7f37dddf6000-7f37ddef6000 rw-p 00000000 00:00 0                          [stack:30483]
7f37ddef6000-7f37ddef7000 ---p 00000000 00:00 0 
7f37ddef7000-7f37ddff7000 rw-p 00000000 00:00 0                          [stack:30482]
7f37ddff7000-7f37ddff8000 ---p 00000000 00:00 0 
7f37ddff8000-7f37de0f8000 rw-p 00000000 00:00 0                          [stack:30481]
7f37de0f8000-7f37de0f9000 ---p 00000000 00:00 0 
7f37de0f9000-7f37de1f9000 rw-p 00000000 00:00 0                          [stack:30480]
7f37de1f9000-7f37de1fa000 ---p 00000000 00:00 0 
7f37de1fa000-7f37de2fa000 rw-p 00000000 00:00 0                          [stack:30479]
7f37de2fa000-7f37de2fb000 ---p 00000000 00:00 0 
7f37de2fb000-7f37de3fb000 rw-p 00000000 00:00 0                          [stack:30478]
7f37de3fb000-7f37de3fc000 ---p 00000000 00:00 0 
7f37de3fc000-7f37de4fc000 rw-p 00000000 00:00 0                          [stack:30477]
7f37de4fc000-7f37de4fd000 ---p 00000000 00:00 0 
7f37de4fd000-7f37de627000 rw-p 00000000 00:00 0                          [stack:30476]
7f37de627000-7f37de753000 ---p 00000000 00:00 0 
7f37de753000-7f37de77d000 rw-p 00000000 00:00 0 
7f37de77d000-7f37de8a8000 ---p 00000000 00:00 0 
7f37de8a8000-7f37de8bd000 rw-p 00000000 00:00 0 
7f37de8bd000-7f37de953000 ---p 00000000 00:00 0 
7f37de953000-7f37de960000 rw-p 00000000 00:00 0 
7f37de960000-7f37ded14000 ---p 00000000 00:00 0 
7f37ded14000-7f37ded1c000 r-xp 00000000 08:16 1444986                    /usr/lib/jvm/java-8-openjdk-amd64/jre/lib/amd64/libzip.so
7f37ded1c000-7f37def1b000 ---p 00008000 08:16 1444986                    /usr/lib/jvm/java-8-openjdk-amd64/jre/lib/amd64/libzip.so
7f37def1b000-7f37def1c000 r--p 00007000 08:16 1444986                    /usr/lib/jvm/java-8-openjdk-amd64/jre/lib/amd64/libzip.so
7f37def1c000-7f37def1d000 rw-p 00008000 08:16 1444986                    /usr/lib/jvm/java-8-openjdk-amd64/jre/lib/amd64/libzip.so
7f37def1d000-7f37def27000 r-xp 00000000 08:16 3413541                    /lib/x86_64-linux-gnu/libnss_files-2.19.so
7f37def27000-7f37df126000 ---p 0000a000 08:16 3413541                    /lib/x86_64-linux-gnu/libnss_files-2.19.so
7f37df126000-7f37df127000 r--p 00009000 08:16 3413541                    /lib/x86_64-linux-gnu/libnss_files-2.19.so
7f37df127000-7f37df128000 rw-p 0000a000 08:16 3413541                    /lib/x86_64-linux-gnu/libnss_files-2.19.so
7f37df128000-7f37df133000 r-xp 00000000 08:16 3413533                    /lib/x86_64-linux-gnu/libnss_nis-2.19.so
7f37df133000-7f37df332000 ---p 0000b000 08:16 3413533                    /lib/x86_64-linux-gnu/libnss_nis-2.19.so
7f37df332000-7f37df333000 r--p 0000a000 08:16 3413533                    /lib/x86_64-linux-gnu/libnss_nis-2.19.so
7f37df333000-7f37df334000 rw-p 0000b000 08:16 3413533                    /lib/x86_64-linux-gnu/libnss_nis-2.19.so
7f37df334000-7f37df34b000 r-xp 00000000 08:16 3413529                    /lib/x86_64-linux-gnu/libnsl-2.19.so
7f37df34b000-7f37df54a000 ---p 00017000 08:16 3413529                    /lib/x86_64-linux-gnu/libnsl-2.19.so
7f37df54a000-7f37df54b000 r--p 00016000 08:16 3413529                    /lib/x86_64-linux-gnu/libnsl-2.19.so
7f37df54b000-7f37df54c000 rw-p 00017000 08:16 3413529                    /lib/x86_64-linux-gnu/libnsl-2.19.so
7f37df54c000-7f37df54e000 rw-p 00000000 00:00 0 
7f37df54e000-7f37df557000 r-xp 00000000 08:16 3413528                    /lib/x86_64-linux-gnu/libnss_compat-2.19.so
7f37df557000-7f37df756000 ---p 00009000 08:16 3413528                    /lib/x86_64-linux-gnu/libnss_compat-2.19.so
7f37df756000-7f37df757000 r--p 00008000 08:16 3413528                    /lib/x86_64-linux-gnu/libnss_compat-2.19.so
7f37df757000-7f37df758000 rw-p 00009000 08:16 3413528                    /lib/x86_64-linux-gnu/libnss_compat-2.19.so
7f37df758000-7f37df784000 r-xp 00000000 08:16 1444413                    /usr/lib/jvm/java-8-openjdk-amd64/jre/lib/amd64/libjava.so
7f37df784000-7f37df984000 ---p 0002c000 08:16 1444413                    /usr/lib/jvm/java-8-openjdk-amd64/jre/lib/amd64/libjava.so
7f37df984000-7f37df985000 r--p 0002c000 08:16 1444413                    /usr/lib/jvm/java-8-openjdk-amd64/jre/lib/amd64/libjava.so
7f37df985000-7f37df987000 rw-p 0002d000 08:16 1444413                    /usr/lib/jvm/java-8-openjdk-amd64/jre/lib/amd64/libjava.so
7f37df987000-7f37df997000 r-xp 00000000 08:16 1444420                    /usr/lib/jvm/java-8-openjdk-amd64/jre/lib/amd64/libverify.so
7f37df997000-7f37dfb96000 ---p 00010000 08:16 1444420                    /usr/lib/jvm/java-8-openjdk-amd64/jre/lib/amd64/libverify.so
7f37dfb96000-7f37dfb98000 r--p 0000f000 08:16 1444420                    /usr/lib/jvm/java-8-openjdk-amd64/jre/lib/amd64/libverify.so
7f37dfb98000-7f37dfb99000 rw-p 00011000 08:16 1444420                    /usr/lib/jvm/java-8-openjdk-amd64/jre/lib/amd64/libverify.so
7f37dfb99000-7f37dfba0000 r-xp 00000000 08:16 3413537                    /lib/x86_64-linux-gnu/librt-2.19.so
7f37dfba0000-7f37dfd9f000 ---p 00007000 08:16 3413537                    /lib/x86_64-linux-gnu/librt-2.19.so
7f37dfd9f000-7f37dfda0000 r--p 00006000 08:16 3413537                    /lib/x86_64-linux-gnu/librt-2.19.so
7f37dfda0000-7f37dfda1000 rw-p 00007000 08:16 3413537                    /lib/x86_64-linux-gnu/librt-2.19.so
7f37dfda1000-7f37dfdb7000 r-xp 00000000 08:16 3413520                    /lib/x86_64-linux-gnu/libgcc_s.so.1
7f37dfdb7000-7f37dffb6000 ---p 00016000 08:16 3413520                    /lib/x86_64-linux-gnu/libgcc_s.so.1
7f37dffb6000-7f37dffb7000 rw-p 00015000 08:16 3413520                    /lib/x86_64-linux-gnu/libgcc_s.so.1
7f37dffb7000-7f37e00bc000 r-xp 00000000 08:16 3413523                    /lib/x86_64-linux-gnu/libm-2.19.so
7f37e00bc000-7f37e02bb000 ---p 00105000 08:16 3413523                    /lib/x86_64-linux-gnu/libm-2.19.so
7f37e02bb000-7f37e02bc000 r--p 00104000 08:16 3413523                    /lib/x86_64-linux-gnu/libm-2.19.so
7f37e02bc000-7f37e02bd000 rw-p 00105000 08:16 3413523                    /lib/x86_64-linux-gnu/libm-2.19.so
7f37e02bd000-7f37e03a3000 r-xp 00000000 08:16 524323                     /usr/lib/x86_64-linux-gnu/libstdc++.so.6.0.19
7f37e03a3000-7f37e05a2000 ---p 000e6000 08:16 524323                     /usr/lib/x86_64-linux-gnu/libstdc++.so.6.0.19
7f37e05a2000-7f37e05aa000 r--p 000e5000 08:16 524323                     /usr/lib/x86_64-linux-gnu/libstdc++.so.6.0.19
7f37e05aa000-7f37e05ac000 rw-p 000ed000 08:16 524323                     /usr/lib/x86_64-linux-gnu/libstdc++.so.6.0.19
7f37e05ac000-7f37e05c1000 rw-p 00000000 00:00 0 
7f37e05c1000-7f37e11af000 r-xp 00000000 08:16 1574165                    /usr/lib/jvm/java-8-openjdk-amd64/jre/lib/amd64/server/libjvm.so
7f37e11af000-7f37e13af000 ---p 00bee000 08:16 1574165                    /usr/lib/jvm/java-8-openjdk-amd64/jre/lib/amd64/server/libjvm.so
7f37e13af000-7f37e144d000 r--p 00bee000 08:16 1574165                    /usr/lib/jvm/java-8-openjdk-amd64/jre/lib/amd64/server/libjvm.so
7f37e144d000-7f37e1476000 rw-p 00c8c000 08:16 1574165                    /usr/lib/jvm/java-8-openjdk-amd64/jre/lib/amd64/server/libjvm.so
7f37e1476000-7f37e14a8000 rw-p 00000000 00:00 0 
7f37e14a8000-7f37e14c1000 r-xp 00000000 08:16 3413530                    /lib/x86_64-linux-gnu/libpthread-2.19.so
7f37e14c1000-7f37e16c0000 ---p 00019000 08:16 3413530                    /lib/x86_64-linux-gnu/libpthread-2.19.so
7f37e16c0000-7f37e16c1000 r--p 00018000 08:16 3413530                    /lib/x86_64-linux-gnu/libpthread-2.19.so
7f37e16c1000-7f37e16c2000 rw-p 00019000 08:16 3413530                    /lib/x86_64-linux-gnu/libpthread-2.19.so
7f37e16c2000-7f37e16c6000 rw-p 00000000 00:00 0 
7f37e16c6000-7f37e16c9000 r-xp 00000000 08:16 3413525                    /lib/x86_64-linux-gnu/libdl-2.19.so
7f37e16c9000-7f37e18c8000 ---p 00003000 08:16 3413525                    /lib/x86_64-linux-gnu/libdl-2.19.so
7f37e18c8000-7f37e18c9000 r--p 00002000 08:16 3413525                    /lib/x86_64-linux-gnu/libdl-2.19.so
7f37e18c9000-7f37e18ca000 rw-p 00003000 08:16 3413525                    /lib/x86_64-linux-gnu/libdl-2.19.so
7f37e18ca000-7f37e18e2000 r-xp 00000000 08:16 3412060                    /lib/x86_64-linux-gnu/libz.so.1.2.8
7f37e18e2000-7f37e1ae1000 ---p 00018000 08:16 3412060                    /lib/x86_64-linux-gnu/libz.so.1.2.8
7f37e1ae1000-7f37e1ae2000 r--p 00017000 08:16 3412060                    /lib/x86_64-linux-gnu/libz.so.1.2.8
7f37e1ae2000-7f37e1ae3000 rw-p 00018000 08:16 3412060                    /lib/x86_64-linux-gnu/libz.so.1.2.8
7f37e1ae3000-7f37e1c9d000 r-xp 00000000 08:16 3413538                    /lib/x86_64-linux-gnu/libc-2.19.so
7f37e1c9d000-7f37e1e9d000 ---p 001ba000 08:16 3413538                    /lib/x86_64-linux-gnu/libc-2.19.so
7f37e1e9d000-7f37e1ea1000 r--p 001ba000 08:16 3413538                    /lib/x86_64-linux-gnu/libc-2.19.so
7f37e1ea1000-7f37e1ea3000 rw-p 001be000 08:16 3413538                    /lib/x86_64-linux-gnu/libc-2.19.so
7f37e1ea3000-7f37e1ea8000 rw-p 00000000 00:00 0 
7f37e1ea8000-7f37e1eb5000 r-xp 00000000 08:16 1574169                    /usr/lib/jvm/java-8-openjdk-amd64/jre/lib/amd64/jli/libjli.so
7f37e1eb5000-7f37e20b5000 ---p 0000d000 08:16 1574169                    /usr/lib/jvm/java-8-openjdk-amd64/jre/lib/amd64/jli/libjli.so
7f37e20b5000-7f37e20b6000 r--p 0000d000 08:16 1574169                    /usr/lib/jvm/java-8-openjdk-amd64/jre/lib/amd64/jli/libjli.so
7f37e20b6000-7f37e20b7000 rw-p 0000e000 08:16 1574169                    /usr/lib/jvm/java-8-openjdk-amd64/jre/lib/amd64/jli/libjli.so
7f37e20b7000-7f37e20da000 r-xp 00000000 08:16 3413531                    /lib/x86_64-linux-gnu/ld-2.19.so
7f37e20da000-7f37e20e0000 r--s 0003a000 08:16 1972006                    /usr/lib/jvm/java-8-openjdk-amd64/jre/lib/ext/sunjce_provider.jar
7f37e20e0000-7f37e21b9000 rw-p 00000000 00:00 0 
7f37e21b9000-7f37e21bc000 ---p 00000000 00:00 0 
7f37e21bc000-7f37e22bf000 rw-p 00000000 00:00 0                          [stack:30457]
7f37e22bf000-7f37e22c1000 r--s 00006000 08:16 924865                     /usr/share/java/java-atk-wrapper.jar
7f37e22c1000-7f37e22c2000 r--s 00008000 08:16 1971996                    /usr/lib/jvm/java-8-openjdk-amd64/jre/lib/ext/sunec.jar
7f37e22c2000-7f37e22c5000 r--s 0000f000 08:16 1972013                    /usr/lib/jvm/java-8-openjdk-amd64/jre/lib/ext/icedtea-sound.jar
7f37e22c5000-7f37e22c7000 r--s 00001000 08:16 1971942                    /usr/lib/jvm/java-8-openjdk-amd64/jre/lib/ext/dnsns.jar
7f37e22c7000-7f37e22c8000 r--s 0000a000 08:16 1972003                    /usr/lib/jvm/java-8-openjdk-amd64/jre/lib/ext/jaccess.jar
7f37e22c8000-7f37e22c9000 r--s 00010000 08:16 1972005                    /usr/lib/jvm/java-8-openjdk-amd64/jre/lib/ext/zipfs.jar
7f37e22c9000-7f37e22cd000 r--s 00037000 08:16 1972031                    /usr/lib/jvm/java-8-openjdk-amd64/jre/lib/ext/sunpkcs11.jar
7f37e22cd000-7f37e22d5000 rw-s 00000000 08:16 4473335                    /tmp/hsperfdata_root/30421
7f37e22d5000-7f37e22d6000 rw-p 00000000 00:00 0 
7f37e22d6000-7f37e22d7000 ---p 00000000 00:00 0 
7f37e22d7000-7f37e22d9000 rw-p 00000000 00:00 0 
7f37e22d9000-7f37e22da000 r--p 00022000 08:16 3413531                    /lib/x86_64-linux-gnu/ld-2.19.so
7f37e22da000-7f37e22db000 rw-p 00023000 08:16 3413531                    /lib/x86_64-linux-gnu/ld-2.19.so
7f37e22db000-7f37e22dc000 rw-p 00000000 00:00 0 
7ffda5db8000-7ffda5dd9000 rw-p 00000000 00:00 0                          [stack]
7ffda5df8000-7ffda5dfa000 r-xp 00000000 00:00 0                          [vdso]
ffffffffff600000-ffffffffff601000 r-xp 00000000 00:00 0                  [vsyscall]

VM Arguments:
jvm_args: -Djava.awt.headless=true -Xmx1024M -Dfile.encoding=UTF-8 -Duser.country=US -Duser.language=en -Duser.variant 
java_command: com.android.dx.command.Main --dex --num-threads=4 --output /home/pc2/Desktop/Android/SOSapp/SOSapp/app/build/intermediates/pre-dexed/debug/com.android.support-mediarouter-v7-23.0.0_4a089e1156ccdfa79a63412effff51942225d4f4.jar /home/pc2/Desktop/Android/SOSapp/SOSapp/app/build/intermediates/exploded-aar/com.android.support/mediarouter-v7/23.0.0/jars/classes.jar
java_class_path (initial): /root/Android/Sdk/build-tools/23.0.3/lib/dx.jar
Launcher Type: SUN_STANDARD

Environment Variables:
PATH=/usr/local/sbin:/usr/local/bin:/usr/sbin:/usr/bin:/sbin:/bin
USERNAME=root
LD_LIBRARY_PATH=.:
SHELL=/bin/bash
DISPLAY=:0

Signal Handlers:
SIGSEGV: [libjvm.so+0x9f6230], sa_mask[0]=11111111011111111101111111111110, sa_flags=SA_RESTART|SA_SIGINFO
SIGBUS: [libjvm.so+0x9f6230], sa_mask[0]=11111111011111111101111111111110, sa_flags=SA_RESTART|SA_SIGINFO
SIGFPE: [libjvm.so+0x856c80], sa_mask[0]=11111111011111111101111111111110, sa_flags=SA_RESTART|SA_SIGINFO
SIGPIPE: [libjvm.so+0x856c80], sa_mask[0]=11111111011111111101111111111110, sa_flags=SA_RESTART|SA_SIGINFO
SIGXFSZ: [libjvm.so+0x856c80], sa_mask[0]=11111111011111111101111111111110, sa_flags=SA_RESTART|SA_SIGINFO
SIGILL: [libjvm.so+0x856c80], sa_mask[0]=11111111011111111101111111111110, sa_flags=SA_RESTART|SA_SIGINFO
SIGUSR1: SIG_DFL, sa_mask[0]=00000000000000000000000000000000, sa_flags=none
SIGUSR2: [libjvm.so+0x856b50], sa_mask[0]=00100000000000000000000000000000, sa_flags=SA_RESTART|SA_SIGINFO
SIGHUP: [libjvm.so+0x856d40], sa_mask[0]=11111111011111111101111111111110, sa_flags=SA_RESTART|SA_SIGINFO
SIGINT: [libjvm.so+0x856d40], sa_mask[0]=11111111011111111101111111111110, sa_flags=SA_RESTART|SA_SIGINFO
SIGTERM: [libjvm.so+0x856d40], sa_mask[0]=11111111011111111101111111111110, sa_flags=SA_RESTART|SA_SIGINFO
SIGQUIT: [libjvm.so+0x856d40], sa_mask[0]=11111111011111111101111111111110, sa_flags=SA_RESTART|SA_SIGINFO


---------------  S Y S T E M  ---------------

OS:DISTRIB_ID=Ubuntu
DISTRIB_RELEASE=14.04
DISTRIB_CODENAME=trusty
DISTRIB_DESCRIPTION="Ubuntu 14.04.4 LTS"

uname:Linux 3.13.0-91-generic #138-Ubuntu SMP Fri Jun 24 17:00:34 UTC 2016 x86_64
libc:glibc 2.19 NPTL 2.19 
rlimit: STACK 8192k, CORE 0k, NPROC 62225, NOFILE 4096, AS infinity
load average:0.95 0.93 0.90

/proc/meminfo:
MemTotal:        8054008 kB
MemFree:         2405324 kB
Buffers:             764 kB
Cached:           139128 kB
SwapCached:            0 kB
Active:          5037504 kB
Inactive:         129796 kB
Active(anon):    5031688 kB
Inactive(anon):   102548 kB
Active(file):       5816 kB
Inactive(file):    27248 kB
Unevictable:          32 kB
Mlocked:              32 kB
SwapTotal:             0 kB
SwapFree:              0 kB
Dirty:                 8 kB
Writeback:             0 kB
AnonPages:       5029724 kB
Mapped:           131388 kB
Shmem:            104364 kB
Slab:              91088 kB
SReclaimable:      36160 kB
SUnreclaim:        54928 kB
KernelStack:        8072 kB
PageTables:        45308 kB
NFS_Unstable:          0 kB
Bounce:                0 kB
WritebackTmp:          0 kB
CommitLimit:     4027004 kB
Committed_AS:   10302704 kB
VmallocTotal:   34359738367 kB
VmallocUsed:      600232 kB
VmallocChunk:   34359117788 kB
HardwareCorrupted:     0 kB
AnonHugePages:   2082816 kB
HugePages_Total:       0
HugePages_Free:        0
HugePages_Rsvd:        0
HugePages_Surp:        0
Hugepagesize:       2048 kB
DirectMap4k:      666368 kB
DirectMap2M:     7600128 kB
DirectMap1G:           0 kB


CPU:total 8 (4 cores per cpu, 2 threads per core) family 6 model 60 stepping 3, cmov, cx8, fxsr, mmx, sse, sse2, sse3, ssse3, sse4.1, sse4.2, popcnt, avx, avx2, aes, clmul, erms, lzcnt, ht, tsc, tscinvbit, bmi1, bmi2

/proc/cpuinfo:
processor	: 0
vendor_id	: GenuineIntel
cpu family	: 6
model		: 60
model name	: Intel(R) Core(TM) i7-4702MQ CPU @ 2.20GHz
stepping	: 3
microcode	: 0x17
cpu MHz		: 2201.000
cache size	: 6144 KB
physical id	: 0
siblings	: 8
core id		: 0
cpu cores	: 4
apicid		: 0
initial apicid	: 0
fpu		: yes
fpu_exception	: yes
cpuid level	: 13
wp		: yes
flags		: fpu vme de pse tsc msr pae mce cx8 apic sep mtrr pge mca cmov pat pse36 clflush dts acpi mmx fxsr sse sse2 ss ht tm pbe syscall nx pdpe1gb rdtscp lm constant_tsc arch_perfmon pebs bts rep_good nopl xtopology nonstop_tsc aperfmperf eagerfpu pni pclmulqdq dtes64 monitor ds_cpl vmx est tm2 ssse3 fma cx16 xtpr pdcm pcid sse4_1 sse4_2 movbe popcnt tsc_deadline_timer aes xsave avx f16c rdrand lahf_lm abm ida arat epb xsaveopt pln pts dtherm tpr_shadow vnmi flexpriority ept vpid fsgsbase tsc_adjust bmi1 avx2 smep bmi2 erms invpcid
bogomips	: 4390.28
clflush size	: 64
cache_alignment	: 64
address sizes	: 39 bits physical, 48 bits virtual
power management:

processor	: 1
vendor_id	: GenuineIntel
cpu family	: 6
model		: 60
model name	: Intel(R) Core(TM) i7-4702MQ CPU @ 2.20GHz
stepping	: 3
microcode	: 0x17
cpu MHz		: 2201.000
cache size	: 6144 KB
physical id	: 0
siblings	: 8
core id		: 0
cpu cores	: 4
apicid		: 1
initial apicid	: 1
fpu		: yes
fpu_exception	: yes
cpuid level	: 13
wp		: yes
flags		: fpu vme de pse tsc msr pae mce cx8 apic sep mtrr pge mca cmov pat pse36 clflush dts acpi mmx fxsr sse sse2 ss ht tm pbe syscall nx pdpe1gb rdtscp lm constant_tsc arch_perfmon pebs bts rep_good nopl xtopology nonstop_tsc aperfmperf eagerfpu pni pclmulqdq dtes64 monitor ds_cpl vmx est tm2 ssse3 fma cx16 xtpr pdcm pcid sse4_1 sse4_2 movbe popcnt tsc_deadline_timer aes xsave avx f16c rdrand lahf_lm abm ida arat epb xsaveopt pln pts dtherm tpr_shadow vnmi flexpriority ept vpid fsgsbase tsc_adjust bmi1 avx2 smep bmi2 erms invpcid
bogomips	: 4390.28
clflush size	: 64
cache_alignment	: 64
address sizes	: 39 bits physical, 48 bits virtual
power management:

processor	: 2
vendor_id	: GenuineIntel
cpu family	: 6
model		: 60
model name	: Intel(R) Core(TM) i7-4702MQ CPU @ 2.20GHz
stepping	: 3
microcode	: 0x17
cpu MHz		: 2201.000
cache size	: 6144 KB
physical id	: 0
siblings	: 8
core id		: 1
cpu cores	: 4
apicid		: 2
initial apicid	: 2
fpu		: yes
fpu_exception	: yes
cpuid level	: 13
wp		: yes
flags		: fpu vme de pse tsc msr pae mce cx8 apic sep mtrr pge mca cmov pat pse36 clflush dts acpi mmx fxsr sse sse2 ss ht tm pbe syscall nx pdpe1gb rdtscp lm constant_tsc arch_perfmon pebs bts rep_good nopl xtopology nonstop_tsc aperfmperf eagerfpu pni pclmulqdq dtes64 monitor ds_cpl vmx est tm2 ssse3 fma cx16 xtpr pdcm pcid sse4_1 sse4_2 movbe popcnt tsc_deadline_timer aes xsave avx f16c rdrand lahf_lm abm ida arat epb xsaveopt pln pts dtherm tpr_shadow vnmi flexpriority ept vpid fsgsbase tsc_adjust bmi1 avx2 smep bmi2 erms invpcid
bogomips	: 4390.28
clflush size	: 64
cache_alignment	: 64
address sizes	: 39 bits physical, 48 bits virtual
power management:

processor	: 3
vendor_id	: GenuineIntel
cpu family	: 6
model		: 60
model name	: Intel(R) Core(TM) i7-4702MQ CPU @ 2.20GHz
stepping	: 3
microcode	: 0x17
cpu MHz		: 2201.000
cache size	: 6144 KB
physical id	: 0
siblings	: 8
core id		: 1
cpu cores	: 4
apicid		: 3
initial apicid	: 3
fpu		: yes
fpu_exception	: yes
cpuid level	: 13
wp		: yes
flags		: fpu vme de pse tsc msr pae mce cx8 apic sep mtrr pge mca cmov pat pse36 clflush dts acpi mmx fxsr sse sse2 ss ht tm pbe syscall nx pdpe1gb rdtscp lm constant_tsc arch_perfmon pebs bts rep_good nopl xtopology nonstop_tsc aperfmperf eagerfpu pni pclmulqdq dtes64 monitor ds_cpl vmx est tm2 ssse3 fma cx16 xtpr pdcm pcid sse4_1 sse4_2 movbe popcnt tsc_deadline_timer aes xsave avx f16c rdrand lahf_lm abm ida arat epb xsaveopt pln pts dtherm tpr_shadow vnmi flexpriority ept vpid fsgsbase tsc_adjust bmi1 avx2 smep bmi2 erms invpcid
bogomips	: 4390.28
clflush size	: 64
cache_alignment	: 64
address sizes	: 39 bits physical, 48 bits virtual
power management:

processor	: 4
vendor_id	: GenuineIntel
cpu family	: 6
model		: 60
model name	: Intel(R) Core(TM) i7-4702MQ CPU @ 2.20GHz
stepping	: 3
microcode	: 0x17
cpu MHz		: 2201.000
cache size	: 6144 KB
physical id	: 0
siblings	: 8
core id		: 2
cpu cores	: 4
apicid		: 4
initial apicid	: 4
fpu		: yes
fpu_exception	: yes
cpuid level	: 13
wp		: yes
flags		: fpu vme de pse tsc msr pae mce cx8 apic sep mtrr pge mca cmov pat pse36 clflush dts acpi mmx fxsr sse sse2 ss ht tm pbe syscall nx pdpe1gb rdtscp lm constant_tsc arch_perfmon pebs bts rep_good nopl xtopology nonstop_tsc aperfmperf eagerfpu pni pclmulqdq dtes64 monitor ds_cpl vmx est tm2 ssse3 fma cx16 xtpr pdcm pcid sse4_1 sse4_2 movbe popcnt tsc_deadline_timer aes xsave avx f16c rdrand lahf_lm abm ida arat epb xsaveopt pln pts dtherm tpr_shadow vnmi flexpriority ept vpid fsgsbase tsc_adjust bmi1 avx2 smep bmi2 erms invpcid
bogomips	: 4390.28
clflush size	: 64
cache_alignment	: 64
address sizes	: 39 bits physical, 48 bits virtual
power management:

processor	: 5
vendor_id	: GenuineIntel
cpu family	: 6
model		: 60
model name	: Intel(R) Core(TM) i7-4702MQ CPU @ 2.20GHz
stepping	: 3
microcode	: 0x17
cpu MHz		: 2201.000
cache size	: 6144 KB
physical id	: 0
siblings	: 8
core id		: 2
cpu cores	: 4
apicid		: 5
initial apicid	: 5
fpu		: yes
fpu_exception	: yes
cpuid level	: 13
wp		: yes
flags		: fpu vme de pse tsc msr pae mce cx8 apic sep mtrr pge mca cmov pat pse36 clflush dts acpi mmx fxsr sse sse2 ss ht tm pbe syscall nx pdpe1gb rdtscp lm constant_tsc arch_perfmon pebs bts rep_good nopl xtopology nonstop_tsc aperfmperf eagerfpu pni pclmulqdq dtes64 monitor ds_cpl vmx est tm2 ssse3 fma cx16 xtpr pdcm pcid sse4_1 sse4_2 movbe popcnt tsc_deadline_timer aes xsave avx f16c rdrand lahf_lm abm ida arat epb xsaveopt pln pts dtherm tpr_shadow vnmi flexpriority ept vpid fsgsbase tsc_adjust bmi1 avx2 smep bmi2 erms invpcid
bogomips	: 4390.28
clflush size	: 64
cache_alignment	: 64
address sizes	: 39 bits physical, 48 bits virtual
power management:

processor	: 6
vendor_id	: GenuineIntel
cpu family	: 6
model		: 60
model name	: Intel(R) Core(TM) i7-4702MQ CPU @ 2.20GHz
stepping	: 3
microcode	: 0x17
cpu MHz		: 2201.000
cache size	: 6144 KB
physical id	: 0
siblings	: 8
core id		: 3
cpu cores	: 4
apicid		: 6
initial apicid	: 6
fpu		: yes
fpu_exception	: yes
cpuid level	: 13
wp		: yes
flags		: fpu vme de pse tsc msr pae mce cx8 apic sep mtrr pge mca cmov pat pse36 clflush dts acpi mmx fxsr sse sse2 ss ht tm pbe syscall nx pdpe1gb rdtscp lm constant_tsc arch_perfmon pebs bts rep_good nopl xtopology nonstop_tsc aperfmperf eagerfpu pni pclmulqdq dtes64 monitor ds_cpl vmx est tm2 ssse3 fma cx16 xtpr pdcm pcid sse4_1 sse4_2 movbe popcnt tsc_deadline_timer aes xsave avx f16c rdrand lahf_lm abm ida arat epb xsaveopt pln pts dtherm tpr_shadow vnmi flexpriority ept vpid fsgsbase tsc_adjust bmi1 avx2 smep bmi2 erms invpcid
bogomips	: 4390.28
clflush size	: 64
cache_alignment	: 64
address sizes	: 39 bits physical, 48 bits virtual
power management:

processor	: 7
vendor_id	: GenuineIntel
cpu family	: 6
model		: 60
model name	: Intel(R) Core(TM) i7-4702MQ CPU @ 2.20GHz
stepping	: 3
microcode	: 0x17
cpu MHz		: 2201.000
cache size	: 6144 KB
physical id	: 0
siblings	: 8
core id		: 3
cpu cores	: 4
apicid		: 7
initial apicid	: 7
fpu		: yes
fpu_exception	: yes
cpuid level	: 13
wp		: yes
flags		: fpu vme de pse tsc msr pae mce cx8 apic sep mtrr pge mca cmov pat pse36 clflush dts acpi mmx fxsr sse sse2 ss ht tm pbe syscall nx pdpe1gb rdtscp lm constant_tsc arch_perfmon pebs bts rep_good nopl xtopology nonstop_tsc aperfmperf eagerfpu pni pclmulqdq dtes64 monitor ds_cpl vmx est tm2 ssse3 fma cx16 xtpr pdcm pcid sse4_1 sse4_2 movbe popcnt tsc_deadline_timer aes xsave avx f16c rdrand lahf_lm abm ida arat epb xsaveopt pln pts dtherm tpr_shadow vnmi flexpriority ept vpid fsgsbase tsc_adjust bmi1 avx2 smep bmi2 erms invpcid
bogomips	: 4390.28
clflush size	: 64
cache_alignment	: 64
address sizes	: 39 bits physical, 48 bits virtual
power management:



Memory: 4k page, physical 8054008k(2405076k free), swap 0k(0k free)

vm_info: OpenJDK 64-Bit Server VM (25.91-b14) for linux-amd64 JRE (1.8.0_91-8u91-b14-0ubuntu4~14.04-b14), built on Apr 22 2016 12:27:31 by "buildd" with gcc 4.8.2

time: Tue Jul 12 22:36:58 2016
elapsed time: 3 seconds (0d 0h 0m 3s)

