#
# There is insufficient memory for the Java Runtime Environment to continue.
# Native memory allocation (mmap) failed to map 153092096 bytes for committing reserved memory.
# Possible reasons:
#   The system is out of physical RAM or swap space
#   In 32 bit mode, the process size limit was hit
# Possible solutions:
#   Reduce memory load on the system
#   Increase physical memory or swap space
#   Check if swap backing store is full
#   Use 64 bit Java on a 64 bit OS
#   Decrease Java heap size (-Xmx/-Xms)
#   Decrease number of Java threads
#   Decrease Java thread stack sizes (-Xss)
#   Set larger code cache with -XX:ReservedCodeCacheSize=
# This output file may be truncated or incomplete.
#
#  Out of Memory Error (os_linux.cpp:2630), pid=23768, tid=140481827661568
#
# JRE version: OpenJDK Runtime Environment (8.0_91-b14) (build 1.8.0_91-8u91-b14-0ubuntu4~14.04-b14)
# Java VM: OpenJDK 64-Bit Server VM (25.91-b14 mixed mode linux-amd64 compressed oops)
# Failed to write core dump. Core dumps have been disabled. To enable core dumping, try "ulimit -c unlimited" before starting Java again
#

---------------  T H R E A D  ---------------

Current thread (0x00007fc490082800):  VMThread [stack: 0x00007fc4795f6000,0x00007fc4796f7000] [id=23782]

Stack: [0x00007fc4795f6000,0x00007fc4796f7000],  sp=0x00007fc4796f5480,  free space=1021k
Native frames: (J=compiled Java code, j=interpreted, Vv=VM code, C=native code)
V  [libjvm.so+0x9f573d]
V  [libjvm.so+0x4bc3da]
V  [libjvm.so+0x85b0a0]
V  [libjvm.so+0x855b9f]
V  [libjvm.so+0x8cb83b]
V  [libjvm.so+0x8cc4f0]
V  [libjvm.so+0x8cc80b]
V  [libjvm.so+0x8c8f1c]
V  [libjvm.so+0x8c96f8]
V  [libjvm.so+0x87e0d3]
V  [libjvm.so+0x9f7204]
V  [libjvm.so+0x9fb5b7]
V  [libjvm.so+0x9fa078]
V  [libjvm.so+0x9fa4f9]
V  [libjvm.so+0x9fa942]
V  [libjvm.so+0x8584a2]

VM_Operation (0x00007fc49947aef0): ParallelGCFailedAllocation, mode: safepoint, requested by thread 0x00007fc49000d000


---------------  P R O C E S S  ---------------

Java Threads: ( => current thread )
  0x00007fc4900d7800 JavaThread "Service Thread" daemon [_thread_blocked, id=23790, stack(0x00007fc47870c000,0x00007fc47880d000)]
  0x00007fc4900c2000 JavaThread "C1 CompilerThread3" daemon [_thread_blocked, id=23789, stack(0x00007fc47880d000,0x00007fc47890e000)]
  0x00007fc4900bd800 JavaThread "C2 CompilerThread2" daemon [_thread_blocked, id=23788, stack(0x00007fc47890e000,0x00007fc478a0f000)]
  0x00007fc4900bc000 JavaThread "C2 CompilerThread1" daemon [_thread_in_native, id=23787, stack(0x00007fc478a0f000,0x00007fc478b10000)]
  0x00007fc4900b9000 JavaThread "C2 CompilerThread0" daemon [_thread_blocked, id=23786, stack(0x00007fc478b10000,0x00007fc478c11000)]
  0x00007fc4900b7000 JavaThread "Signal Dispatcher" daemon [_thread_blocked, id=23785, stack(0x00007fc478c11000,0x00007fc478d12000)]
  0x00007fc49008f000 JavaThread "Finalizer" daemon [_thread_blocked, id=23784, stack(0x00007fc4793f4000,0x00007fc4794f5000)]
  0x00007fc49008a000 JavaThread "Reference Handler" daemon [_thread_blocked, id=23783, stack(0x00007fc4794f5000,0x00007fc4795f6000)]
  0x00007fc49000d000 JavaThread "main" [_thread_blocked, id=23773, stack(0x00007fc49937c000,0x00007fc49947d000)]

Other Threads:
=>0x00007fc490082800 VMThread [stack: 0x00007fc4795f6000,0x00007fc4796f7000] [id=23782]
  0x00007fc4900d9800 WatcherThread [stack: 0x00007fc47860b000,0x00007fc47870c000] [id=23791]

VM state:at safepoint (normal execution)

VM Mutex/Monitor currently owned by a thread:  ([mutex/lock_event])
[0x00007fc490009360] Threads_lock - owner thread: 0x00007fc490082800
[0x00007fc490009860] Heap_lock - owner thread: 0x00007fc49000d000

Heap:
 PSYoungGen      total 82944K, used 5109K [0x00000000eab00000, 0x00000000f0200000, 0x0000000100000000)
  eden space 77824K, 0% used [0x00000000eab00000,0x00000000eab00000,0x00000000ef700000)
  from space 5120K, 99% used [0x00000000ef800000,0x00000000efcfd648,0x00000000efd00000)
  to   space 4096K, 0% used [0x00000000efe00000,0x00000000efe00000,0x00000000f0200000)
 ParOldGen       total 159232K, used 27608K [0x00000000c0000000, 0x00000000c9b80000, 0x00000000eab00000)
  object space 159232K, 17% used [0x00000000c0000000,0x00000000c1af6380,0x00000000c9b80000)
 Metaspace       used 4657K, capacity 5424K, committed 5632K, reserved 1056768K
  class space    used 474K, capacity 488K, committed 512K, reserved 1048576K

Card table byte_map: [0x00007fc495914000,0x00007fc495b15000] byte_map_base: 0x00007fc495314000

Marking Bits: (ParMarkBitMap*) 0x00007fc49864c080
 Begin Bits: [0x00007fc47a000000, 0x00007fc47b000000)
 End Bits:   [0x00007fc47b000000, 0x00007fc47c000000)

Polling page: 0x00007fc499497000

CodeCache: size=245760Kb used=4074Kb max_used=4091Kb free=241685Kb
 bounds [0x00007fc481000000, 0x00007fc481410000, 0x00007fc490000000]
 total_blobs=1450 nmethods=1176 adapters=188
 compilation: enabled

Compilation events (10 events):
Event: 1.387 Thread 0x00007fc4900bd800 nmethod 1189 0x00007fc4813f4e50 code [0x00007fc4813f50e0, 0x00007fc4813f6118]
Event: 1.388 Thread 0x00007fc4900bd800 1201       4       com.android.dex.EncodedValueCodec::writeSignedIntegralValue (63 bytes)
Event: 1.399 Thread 0x00007fc4900c2000 1210 %     3       com.android.dx.merge.DexMerger::getSortedTypes @ 59 (147 bytes)
Event: 1.400 Thread 0x00007fc4900bd800 nmethod 1201 0x00007fc4813f2c50 code [0x00007fc4813f2dc0, 0x00007fc4813f3518]
Event: 1.400 Thread 0x00007fc4900bd800 1196       4       com.android.dx.merge.DexMerger::transformAnnotationDirectory (239 bytes)
Event: 1.403 Thread 0x00007fc4900c2000 nmethod 1210% 0x00007fc4813eec90 code [0x00007fc4813eef00, 0x00007fc4813efef8]
Event: 1.406 Thread 0x00007fc4900c2000 1211       3       java.util.TimSort::mergeLo (659 bytes)
Event: 1.411 Thread 0x00007fc4900c2000 nmethod 1211 0x00007fc4813f7810 code [0x00007fc4813f7b40, 0x00007fc4813f9c38]
Event: 1.411 Thread 0x00007fc4900c2000 1212 %     3       java.util.TimSort::binarySort @ 69 (223 bytes)
Event: 1.413 Thread 0x00007fc4900c2000 nmethod 1212% 0x00007fc4813f3b50 code [0x00007fc4813f3d40, 0x00007fc4813f4838]

GC Heap History (10 events):
Event: 0.151 GC heap after
Heap after GC invocations=1 (full 0):
 PSYoungGen      total 36864K, used 5105K [0x00000000eab00000, 0x00000000ef300000, 0x0000000100000000)
  eden space 31744K, 0% used [0x00000000eab00000,0x00000000eab00000,0x00000000eca00000)
  from space 5120K, 99% used [0x00000000eca00000,0x00000000ecefc5b8,0x00000000ecf00000)
  to   space 5120K, 0% used [0x00000000eee00000,0x00000000eee00000,0x00000000ef300000)
 ParOldGen       total 84992K, used 3799K [0x00000000c0000000, 0x00000000c5300000, 0x00000000eab00000)
  object space 84992K, 4% used [0x00000000c0000000,0x00000000c03b5dd8,0x00000000c5300000)
 Metaspace       used 3450K, capacity 4720K, committed 4864K, reserved 1056768K
  class space    used 359K, capacity 424K, committed 512K, reserved 1048576K
}
Event: 0.257 GC heap before
{Heap before GC invocations=2 (full 0):
 PSYoungGen      total 36864K, used 36849K [0x00000000eab00000, 0x00000000ef300000, 0x0000000100000000)
  eden space 31744K, 100% used [0x00000000eab00000,0x00000000eca00000,0x00000000eca00000)
  from space 5120K, 99% used [0x00000000eca00000,0x00000000ecefc5b8,0x00000000ecf00000)
  to   space 5120K, 0% used [0x00000000eee00000,0x00000000eee00000,0x00000000ef300000)
 ParOldGen       total 84992K, used 3799K [0x00000000c0000000, 0x00000000c5300000, 0x00000000eab00000)
  object space 84992K, 4% used [0x00000000c0000000,0x00000000c03b5dd8,0x00000000c5300000)
 Metaspace       used 3740K, capacity 4944K, committed 5120K, reserved 1056768K
  class space    used 388K, capacity 456K, committed 512K, reserved 1048576K
Event: 0.275 GC heap after
Heap after GC invocations=2 (full 0):
 PSYoungGen      total 68608K, used 5099K [0x00000000eab00000, 0x00000000ef300000, 0x0000000100000000)
  eden space 63488K, 0% used [0x00000000eab00000,0x00000000eab00000,0x00000000ee900000)
  from space 5120K, 99% used [0x00000000eee00000,0x00000000ef2faff0,0x00000000ef300000)
  to   space 5120K, 0% used [0x00000000ee900000,0x00000000ee900000,0x00000000eee00000)
 ParOldGen       total 84992K, used 73878K [0x00000000c0000000, 0x00000000c5300000, 0x00000000eab00000)
  object space 84992K, 86% used [0x00000000c0000000,0x00000000c4825848,0x00000000c5300000)
 Metaspace       used 3740K, capacity 4944K, committed 5120K, reserved 1056768K
  class space    used 388K, capacity 456K, committed 512K, reserved 1048576K
}
Event: 0.275 GC heap before
{Heap before GC invocations=3 (full 1):
 PSYoungGen      total 68608K, used 5099K [0x00000000eab00000, 0x00000000ef300000, 0x0000000100000000)
  eden space 63488K, 0% used [0x00000000eab00000,0x00000000eab00000,0x00000000ee900000)
  from space 5120K, 99% used [0x00000000eee00000,0x00000000ef2faff0,0x00000000ef300000)
  to   space 5120K, 0% used [0x00000000ee900000,0x00000000ee900000,0x00000000eee00000)
 ParOldGen       total 84992K, used 73878K [0x00000000c0000000, 0x00000000c5300000, 0x00000000eab00000)
  object space 84992K, 86% used [0x00000000c0000000,0x00000000c4825848,0x00000000c5300000)
 Metaspace       used 3740K, capacity 4944K, committed 5120K, reserved 1056768K
  class space    used 388K, capacity 456K, committed 512K, reserved 1048576K
Event: 0.329 GC heap after
Heap after GC invocations=3 (full 1):
 PSYoungGen      total 68608K, used 0K [0x00000000eab00000, 0x00000000ef300000, 0x0000000100000000)
  eden space 63488K, 0% used [0x00000000eab00000,0x00000000eab00000,0x00000000ee900000)
  from space 5120K, 0% used [0x00000000eee00000,0x00000000eee00000,0x00000000ef300000)
  to   space 5120K, 0% used [0x00000000ee900000,0x00000000ee900000,0x00000000eee00000)
 ParOldGen       total 159232K, used 18573K [0x00000000c0000000, 0x00000000c9b80000, 0x00000000eab00000)
  object space 159232K, 11% used [0x00000000c0000000,0x00000000c12236b0,0x00000000c9b80000)
 Metaspace       used 3740K, capacity 4944K, committed 5120K, reserved 1056768K
  class space    used 388K, capacity 456K, committed 512K, reserved 1048576K
}
Event: 0.756 GC heap before
{Heap before GC invocations=4 (full 1):
 PSYoungGen      total 68608K, used 63488K [0x00000000eab00000, 0x00000000ef300000, 0x0000000100000000)
  eden space 63488K, 100% used [0x00000000eab00000,0x00000000ee900000,0x00000000ee900000)
  from space 5120K, 0% used [0x00000000eee00000,0x00000000eee00000,0x00000000ef300000)
  to   space 5120K, 0% used [0x00000000ee900000,0x00000000ee900000,0x00000000eee00000)
 ParOldGen       total 159232K, used 18573K [0x00000000c0000000, 0x00000000c9b80000, 0x00000000eab00000)
  object space 159232K, 11% used [0x00000000c0000000,0x00000000c12236b0,0x00000000c9b80000)
 Metaspace       used 4305K, capacity 5424K, committed 5632K, reserved 1056768K
  class space    used 441K, capacity 488K, committed 512K, reserved 1048576K
Event: 0.762 GC heap after
Heap after GC invocations=4 (full 1):
 PSYoungGen      total 68608K, used 4213K [0x00000000eab00000, 0x00000000f0300000, 0x0000000100000000)
  eden space 63488K, 0% used [0x00000000eab00000,0x00000000eab00000,0x00000000ee900000)
  from space 5120K, 82% used [0x00000000ee900000,0x00000000eed1d430,0x00000000eee00000)
  to   space 5120K, 0% used [0x00000000efe00000,0x00000000efe00000,0x00000000f0300000)
 ParOldGen       total 159232K, used 18581K [0x00000000c0000000, 0x00000000c9b80000, 0x00000000eab00000)
  object space 159232K, 11% used [0x00000000c0000000,0x00000000c12256b0,0x00000000c9b80000)
 Metaspace       used 4305K, capacity 5424K, committed 5632K, reserved 1056768K
  class space    used 441K, capacity 488K, committed 512K, reserved 1048576K
}
Event: 0.896 GC heap before
{Heap before GC invocations=5 (full 1):
 PSYoungGen      total 68608K, used 67701K [0x00000000eab00000, 0x00000000f0300000, 0x0000000100000000)
  eden space 63488K, 100% used [0x00000000eab00000,0x00000000ee900000,0x00000000ee900000)
  from space 5120K, 82% used [0x00000000ee900000,0x00000000eed1d430,0x00000000eee00000)
  to   space 5120K, 0% used [0x00000000efe00000,0x00000000efe00000,0x00000000f0300000)
 ParOldGen       total 159232K, used 18581K [0x00000000c0000000, 0x00000000c9b80000, 0x00000000eab00000)
  object space 159232K, 11% used [0x00000000c0000000,0x00000000c12256b0,0x00000000c9b80000)
 Metaspace       used 4328K, capacity 5424K, committed 5632K, reserved 1056768K
  class space    used 441K, capacity 488K, committed 512K, reserved 1048576K
Event: 0.900 GC heap after
Heap after GC invocations=5 (full 1):
 PSYoungGen      total 81920K, used 3968K [0x00000000eab00000, 0x00000000f0200000, 0x0000000100000000)
  eden space 77824K, 0% used [0x00000000eab00000,0x00000000eab00000,0x00000000ef700000)
  from space 4096K, 96% used [0x00000000efe00000,0x00000000f01e0018,0x00000000f0200000)
  to   space 5120K, 0% used [0x00000000ef800000,0x00000000ef800000,0x00000000efd00000)
 ParOldGen       total 159232K, used 18845K [0x00000000c0000000, 0x00000000c9b80000, 0x00000000eab00000)
  object space 159232K, 11% used [0x00000000c0000000,0x00000000c12676c8,0x00000000c9b80000)
 Metaspace       used 4328K, capacity 5424K, committed 5632K, reserved 1056768K
  class space    used 441K, capacity 488K, committed 512K, reserved 1048576K
}
Event: 1.442 GC heap before
{Heap before GC invocations=6 (full 1):
 PSYoungGen      total 81920K, used 81792K [0x00000000eab00000, 0x00000000f0200000, 0x0000000100000000)
  eden space 77824K, 100% used [0x00000000eab00000,0x00000000ef700000,0x00000000ef700000)
  from space 4096K, 96% used [0x00000000efe00000,0x00000000f01e0018,0x00000000f0200000)
  to   space 5120K, 0% used [0x00000000ef800000,0x00000000ef800000,0x00000000efd00000)
 ParOldGen       total 159232K, used 18845K [0x00000000c0000000, 0x00000000c9b80000, 0x00000000eab00000)
  object space 159232K, 11% used [0x00000000c0000000,0x00000000c12676c8,0x00000000c9b80000)
 Metaspace       used 4657K, capacity 5424K, committed 5632K, reserved 1056768K
  class space    used 474K, capacity 488K, committed 512K, reserved 1048576K

Deoptimization events (10 events):
Event: 0.933 Thread 0x00007fc49000d000 Uncommon trap: reason=unstable_if action=reinterpret pc=0x00007fc4811507c8 method=java.lang.String.indexOf(II)I @ 49
Event: 0.937 Thread 0x00007fc49000d000 Uncommon trap: reason=speculate_class_check action=maybe_recompile pc=0x00007fc48133f1c4 method=java.util.HashMap.putVal(ILjava/lang/Object;Ljava/lang/Object;ZZ)Ljava/lang/Object; @ 56
Event: 0.937 Thread 0x00007fc49000d000 Uncommon trap: reason=speculate_class_check action=maybe_recompile pc=0x00007fc48133f1c4 method=java.util.HashMap.putVal(ILjava/lang/Object;Ljava/lang/Object;ZZ)Ljava/lang/Object; @ 56
Event: 0.937 Thread 0x00007fc49000d000 Uncommon trap: reason=speculate_class_check action=maybe_recompile pc=0x00007fc48133f1c4 method=java.util.HashMap.putVal(ILjava/lang/Object;Ljava/lang/Object;ZZ)Ljava/lang/Object; @ 56
Event: 0.938 Thread 0x00007fc49000d000 Uncommon trap: reason=speculate_class_check action=maybe_recompile pc=0x00007fc48133f1f8 method=java.util.HashMap.putVal(ILjava/lang/Object;Ljava/lang/Object;ZZ)Ljava/lang/Object; @ 152
Event: 0.938 Thread 0x00007fc49000d000 Uncommon trap: reason=speculate_class_check action=maybe_recompile pc=0x00007fc48133f1f8 method=java.util.HashMap.putVal(ILjava/lang/Object;Ljava/lang/Object;ZZ)Ljava/lang/Object; @ 152
Event: 0.943 Thread 0x00007fc49000d000 Uncommon trap: reason=unstable_if action=reinterpret pc=0x00007fc48137db60 method=java.util.HashMap.resize()[Ljava/util/HashMap$Node; @ 68
Event: 1.216 Thread 0x00007fc49000d000 Uncommon trap: reason=unstable_if action=reinterpret pc=0x00007fc48123de34 method=com.android.dx.merge.DexMerger$IdMerger.readIntoMap(Lcom/android/dex/Dex$Section;Lcom/android/dex/TableOfContents$Section;Lcom/android/dx/merge/IndexMap;ILjava/util/TreeMap;
Event: 1.217 Thread 0x00007fc49000d000 Uncommon trap: reason=unstable_if action=reinterpret pc=0x00007fc4811fc838 method=com.android.dex.Mutf8.countBytes(Ljava/lang/String;Z)J @ 50
Event: 1.352 Thread 0x00007fc49000d000 Uncommon trap: reason=unloaded action=reinterpret pc=0x00007fc481381a44 method=com.android.dx.merge.IndexMap$EncodedValueTransformer.transform(Lcom/android/dex/EncodedValueReader;)V @ 232

Internal exceptions (6 events):
Event: 0.020 Thread 0x00007fc49000d000 Exception <a 'java/lang/NoSuchMethodError': Method sun.misc.Unsafe.defineClass(Ljava/lang/String;[BII)Ljava/lang/Class; name or signature does not match> (0x00000000eab07cc0) thrown at [/build/openjdk-8-vT_67x/openjdk-8-8u91-b14/src/hotspot/src/share/vm/p
Event: 0.020 Thread 0x00007fc49000d000 Exception <a 'java/lang/NoSuchMethodError': Method sun.misc.Unsafe.prefetchRead(Ljava/lang/Object;J)V name or signature does not match> (0x00000000eab07fa8) thrown at [/build/openjdk-8-vT_67x/openjdk-8-8u91-b14/src/hotspot/src/share/vm/prims/jni.cpp, line
Event: 0.044 Thread 0x00007fc49000d000 Exception <a 'java/util/zip/ZipException'> (0x00000000eab56020) thrown at [/build/openjdk-8-vT_67x/openjdk-8-8u91-b14/src/hotspot/src/share/vm/prims/jni.cpp, line 709]
Event: 0.044 Thread 0x00007fc49000d000 Exception <a 'java/security/PrivilegedActionException'> (0x00000000eab562c0) thrown at [/build/openjdk-8-vT_67x/openjdk-8-8u91-b14/src/hotspot/src/share/vm/prims/jvm.cpp, line 1386]
Event: 0.044 Thread 0x00007fc49000d000 Exception <a 'java/security/PrivilegedActionException'> (0x00000000eab564d0) thrown at [/build/openjdk-8-vT_67x/openjdk-8-8u91-b14/src/hotspot/src/share/vm/prims/jvm.cpp, line 1386]
Event: 1.212 Thread 0x00007fc49000d000 Implicit null exception at 0x00007fc48123cfd2 to 0x00007fc48123de11

Events (10 events):
Event: 1.342 Thread 0x00007fc49000d000 DEOPT PACKING pc=0x00007fc4813dc890 sp=0x00007fc49947b370
Event: 1.342 Thread 0x00007fc49000d000 DEOPT UNPACKING pc=0x00007fc481047373 sp=0x00007fc49947b080 mode 0
Event: 1.348 Thread 0x00007fc49000d000 DEOPT PACKING pc=0x00007fc4813dc890 sp=0x00007fc49947b320
Event: 1.348 Thread 0x00007fc49000d000 DEOPT UNPACKING pc=0x00007fc481047373 sp=0x00007fc49947b030 mode 0
Event: 1.352 Thread 0x00007fc49000d000 Uncommon trap: trap_request=0x00000069 fr.pc=0x00007fc481381a44
Event: 1.352 Thread 0x00007fc49000d000 DEOPT PACKING pc=0x00007fc481381a44 sp=0x00007fc49947b2d0
Event: 1.352 Thread 0x00007fc49000d000 DEOPT UNPACKING pc=0x00007fc481004f69 sp=0x00007fc49947b2d0 mode 2
Event: 1.372 loading class java/util/Collections$EmptyIterator
Event: 1.392 loading class java/util/Collections$EmptyIterator done
Event: 1.439 Executing VM operation: ParallelGCFailedAllocation


Dynamic libraries:
00400000-00401000 r-xp 00000000 08:16 1058522                            /usr/lib/jvm/java-8-openjdk-amd64/jre/bin/java
00600000-00601000 r--p 00000000 08:16 1058522                            /usr/lib/jvm/java-8-openjdk-amd64/jre/bin/java
00601000-00602000 rw-p 00001000 08:16 1058522                            /usr/lib/jvm/java-8-openjdk-amd64/jre/bin/java
010a1000-010c2000 rw-p 00000000 00:00 0                                  [heap]
c0000000-c9b80000 rw-p 00000000 00:00 0 
c9b80000-eab00000 ---p 00000000 00:00 0 
eab00000-f0200000 rw-p 00000000 00:00 0 
f9400000-100000000 ---p 00000000 00:00 0 
100000000-100080000 rw-p 00000000 00:00 0 
100080000-140000000 ---p 00000000 00:00 0 
7fc41c000000-7fc41c021000 rw-p 00000000 00:00 0 
7fc41c021000-7fc420000000 ---p 00000000 00:00 0 
7fc424000000-7fc4245a2000 rw-p 00000000 00:00 0 
7fc4245a2000-7fc428000000 ---p 00000000 00:00 0 
7fc428000000-7fc428021000 rw-p 00000000 00:00 0 
7fc428021000-7fc42c000000 ---p 00000000 00:00 0 
7fc42c000000-7fc42da07000 rw-p 00000000 00:00 0 
7fc42da07000-7fc430000000 ---p 00000000 00:00 0 
7fc430000000-7fc4313c1000 rw-p 00000000 00:00 0 
7fc4313c1000-7fc434000000 ---p 00000000 00:00 0 
7fc434000000-7fc434021000 rw-p 00000000 00:00 0 
7fc434021000-7fc438000000 ---p 00000000 00:00 0 
7fc438000000-7fc438f46000 rw-p 00000000 00:00 0 
7fc438f46000-7fc43c000000 ---p 00000000 00:00 0 
7fc43c000000-7fc43c021000 rw-p 00000000 00:00 0 
7fc43c021000-7fc440000000 ---p 00000000 00:00 0 
7fc440000000-7fc440021000 rw-p 00000000 00:00 0 
7fc440021000-7fc444000000 ---p 00000000 00:00 0 
7fc444000000-7fc444021000 rw-p 00000000 00:00 0 
7fc444021000-7fc448000000 ---p 00000000 00:00 0 
7fc448000000-7fc448021000 rw-p 00000000 00:00 0 
7fc448021000-7fc44c000000 ---p 00000000 00:00 0 
7fc44c000000-7fc44c021000 rw-p 00000000 00:00 0 
7fc44c021000-7fc450000000 ---p 00000000 00:00 0 
7fc454000000-7fc454021000 rw-p 00000000 00:00 0 
7fc454021000-7fc458000000 ---p 00000000 00:00 0 
7fc45c000000-7fc45c021000 rw-p 00000000 00:00 0 
7fc45c021000-7fc460000000 ---p 00000000 00:00 0 
7fc464000000-7fc464021000 rw-p 00000000 00:00 0 
7fc464021000-7fc468000000 ---p 00000000 00:00 0 
7fc46c000000-7fc46c021000 rw-p 00000000 00:00 0 
7fc46c021000-7fc470000000 ---p 00000000 00:00 0 
7fc474000000-7fc474021000 rw-p 00000000 00:00 0 
7fc474021000-7fc478000000 ---p 00000000 00:00 0 
7fc4785e1000-7fc4785f0000 r--s 000df000 08:16 3674186                    /root/Android/Sdk/build-tools/23.0.3/lib/dx.jar
7fc4785f0000-7fc47860b000 r--s 001d7000 08:16 1971917                    /usr/lib/jvm/java-8-openjdk-amd64/jre/lib/ext/nashorn.jar
7fc47860b000-7fc47860c000 ---p 00000000 00:00 0 
7fc47860c000-7fc47870c000 rw-p 00000000 00:00 0                          [stack:23791]
7fc47870c000-7fc47870f000 ---p 00000000 00:00 0 
7fc47870f000-7fc47880d000 rw-p 00000000 00:00 0                          [stack:23790]
7fc47880d000-7fc478810000 ---p 00000000 00:00 0 
7fc478810000-7fc47890e000 rw-p 00000000 00:00 0                          [stack:23789]
7fc47890e000-7fc478911000 ---p 00000000 00:00 0 
7fc478911000-7fc478a0f000 rw-p 00000000 00:00 0                          [stack:23788]
7fc478a0f000-7fc478a12000 ---p 00000000 00:00 0 
7fc478a12000-7fc478b10000 rw-p 00000000 00:00 0                          [stack:23787]
7fc478b10000-7fc478b13000 ---p 00000000 00:00 0 
7fc478b13000-7fc478c11000 rw-p 00000000 00:00 0                          [stack:23786]
7fc478c11000-7fc478c14000 ---p 00000000 00:00 0 
7fc478c14000-7fc478d12000 rw-p 00000000 00:00 0                          [stack:23785]
7fc478d12000-7fc4793f4000 r--p 00000000 08:16 531444                     /usr/lib/locale/locale-archive
7fc4793f4000-7fc4793f7000 ---p 00000000 00:00 0 
7fc4793f7000-7fc4794f5000 rw-p 00000000 00:00 0                          [stack:23784]
7fc4794f5000-7fc4794f8000 ---p 00000000 00:00 0 
7fc4794f8000-7fc4795f6000 rw-p 00000000 00:00 0                          [stack:23783]
7fc4795f6000-7fc4795f7000 ---p 00000000 00:00 0 
7fc4795f7000-7fc47c000000 rw-p 00000000 00:00 0                          [stack:23782]
7fc47c000000-7fc47c021000 rw-p 00000000 00:00 0 
7fc47c021000-7fc480000000 ---p 00000000 00:00 0 
7fc480001000-7fc480005000 r--s 00097000 08:16 1328842                    /usr/lib/jvm/java-8-openjdk-amd64/jre/lib/jsse.jar
7fc480005000-7fc48000f000 r--s 00116000 08:16 1972026                    /usr/lib/jvm/java-8-openjdk-amd64/jre/lib/ext/localedata.jar
7fc48000f000-7fc48002b000 r--s 00393000 08:16 1971986                    /usr/lib/jvm/java-8-openjdk-amd64/jre/lib/ext/cldrdata.jar
7fc48002b000-7fc481000000 rw-p 00000000 00:00 0 
7fc481000000-7fc481410000 rwxp 00000000 00:00 0 
7fc481410000-7fc490000000 ---p 00000000 00:00 0 
7fc490000000-7fc490251000 rw-p 00000000 00:00 0 
7fc490251000-7fc494000000 ---p 00000000 00:00 0 
7fc494001000-7fc494373000 rw-p 00000000 00:00 0 
7fc494373000-7fc494540000 r--s 03be7000 08:16 1328837                    /usr/lib/jvm/java-8-openjdk-amd64/jre/lib/rt.jar
7fc494540000-7fc494ab6000 rw-p 00000000 00:00 0 
7fc494ab6000-7fc494db6000 ---p 00000000 00:00 0 
7fc494db6000-7fc494fb6000 rw-p 00000000 00:00 0 
7fc494fb6000-7fc494fb7000 ---p 00000000 00:00 0 
7fc494fb7000-7fc4950b7000 rw-p 00000000 00:00 0                          [stack:23781]
7fc4950b7000-7fc4950b8000 ---p 00000000 00:00 0 
7fc4950b8000-7fc4951b8000 rw-p 00000000 00:00 0                          [stack:23780]
7fc4951b8000-7fc4951b9000 ---p 00000000 00:00 0 
7fc4951b9000-7fc4952b9000 rw-p 00000000 00:00 0                          [stack:23779]
7fc4952b9000-7fc4952ba000 ---p 00000000 00:00 0 
7fc4952ba000-7fc4953ba000 rw-p 00000000 00:00 0                          [stack:23778]
7fc4953ba000-7fc4953bb000 ---p 00000000 00:00 0 
7fc4953bb000-7fc4954bb000 rw-p 00000000 00:00 0                          [stack:23777]
7fc4954bb000-7fc4954bc000 ---p 00000000 00:00 0 
7fc4954bc000-7fc4955bc000 rw-p 00000000 00:00 0                          [stack:23776]
7fc4955bc000-7fc4955bd000 ---p 00000000 00:00 0 
7fc4955bd000-7fc4956bd000 rw-p 00000000 00:00 0                          [stack:23775]
7fc4956bd000-7fc4956be000 ---p 00000000 00:00 0 
7fc4956be000-7fc49580c000 rw-p 00000000 00:00 0                          [stack:23774]
7fc49580c000-7fc495914000 ---p 00000000 00:00 0 
7fc495914000-7fc495962000 rw-p 00000000 00:00 0 
7fc495962000-7fc495a69000 ---p 00000000 00:00 0 
7fc495a69000-7fc495a95000 rw-p 00000000 00:00 0 
7fc495a95000-7fc495b14000 ---p 00000000 00:00 0 
7fc495b14000-7fc495b26000 rw-p 00000000 00:00 0 
7fc495b26000-7fc495ed5000 ---p 00000000 00:00 0 
7fc495ed5000-7fc495edd000 r-xp 00000000 08:16 1444986                    /usr/lib/jvm/java-8-openjdk-amd64/jre/lib/amd64/libzip.so
7fc495edd000-7fc4960dc000 ---p 00008000 08:16 1444986                    /usr/lib/jvm/java-8-openjdk-amd64/jre/lib/amd64/libzip.so
7fc4960dc000-7fc4960dd000 r--p 00007000 08:16 1444986                    /usr/lib/jvm/java-8-openjdk-amd64/jre/lib/amd64/libzip.so
7fc4960dd000-7fc4960de000 rw-p 00008000 08:16 1444986                    /usr/lib/jvm/java-8-openjdk-amd64/jre/lib/amd64/libzip.so
7fc4960de000-7fc4960e8000 r-xp 00000000 08:16 3413541                    /lib/x86_64-linux-gnu/libnss_files-2.19.so
7fc4960e8000-7fc4962e7000 ---p 0000a000 08:16 3413541                    /lib/x86_64-linux-gnu/libnss_files-2.19.so
7fc4962e7000-7fc4962e8000 r--p 00009000 08:16 3413541                    /lib/x86_64-linux-gnu/libnss_files-2.19.so
7fc4962e8000-7fc4962e9000 rw-p 0000a000 08:16 3413541                    /lib/x86_64-linux-gnu/libnss_files-2.19.so
7fc4962e9000-7fc4962f4000 r-xp 00000000 08:16 3413533                    /lib/x86_64-linux-gnu/libnss_nis-2.19.so
7fc4962f4000-7fc4964f3000 ---p 0000b000 08:16 3413533                    /lib/x86_64-linux-gnu/libnss_nis-2.19.so
7fc4964f3000-7fc4964f4000 r--p 0000a000 08:16 3413533                    /lib/x86_64-linux-gnu/libnss_nis-2.19.so
7fc4964f4000-7fc4964f5000 rw-p 0000b000 08:16 3413533                    /lib/x86_64-linux-gnu/libnss_nis-2.19.so
7fc4964f5000-7fc49650c000 r-xp 00000000 08:16 3413529                    /lib/x86_64-linux-gnu/libnsl-2.19.so
7fc49650c000-7fc49670b000 ---p 00017000 08:16 3413529                    /lib/x86_64-linux-gnu/libnsl-2.19.so
7fc49670b000-7fc49670c000 r--p 00016000 08:16 3413529                    /lib/x86_64-linux-gnu/libnsl-2.19.so
7fc49670c000-7fc49670d000 rw-p 00017000 08:16 3413529                    /lib/x86_64-linux-gnu/libnsl-2.19.so
7fc49670d000-7fc49670f000 rw-p 00000000 00:00 0 
7fc49670f000-7fc496718000 r-xp 00000000 08:16 3413528                    /lib/x86_64-linux-gnu/libnss_compat-2.19.so
7fc496718000-7fc496917000 ---p 00009000 08:16 3413528                    /lib/x86_64-linux-gnu/libnss_compat-2.19.so
7fc496917000-7fc496918000 r--p 00008000 08:16 3413528                    /lib/x86_64-linux-gnu/libnss_compat-2.19.so
7fc496918000-7fc496919000 rw-p 00009000 08:16 3413528                    /lib/x86_64-linux-gnu/libnss_compat-2.19.so
7fc496919000-7fc496945000 r-xp 00000000 08:16 1444413                    /usr/lib/jvm/java-8-openjdk-amd64/jre/lib/amd64/libjava.so
7fc496945000-7fc496b45000 ---p 0002c000 08:16 1444413                    /usr/lib/jvm/java-8-openjdk-amd64/jre/lib/amd64/libjava.so
7fc496b45000-7fc496b46000 r--p 0002c000 08:16 1444413                    /usr/lib/jvm/java-8-openjdk-amd64/jre/lib/amd64/libjava.so
7fc496b46000-7fc496b48000 rw-p 0002d000 08:16 1444413                    /usr/lib/jvm/java-8-openjdk-amd64/jre/lib/amd64/libjava.so
7fc496b48000-7fc496b58000 r-xp 00000000 08:16 1444420                    /usr/lib/jvm/java-8-openjdk-amd64/jre/lib/amd64/libverify.so
7fc496b58000-7fc496d57000 ---p 00010000 08:16 1444420                    /usr/lib/jvm/java-8-openjdk-amd64/jre/lib/amd64/libverify.so
7fc496d57000-7fc496d59000 r--p 0000f000 08:16 1444420                    /usr/lib/jvm/java-8-openjdk-amd64/jre/lib/amd64/libverify.so
7fc496d59000-7fc496d5a000 rw-p 00011000 08:16 1444420                    /usr/lib/jvm/java-8-openjdk-amd64/jre/lib/amd64/libverify.so
7fc496d5a000-7fc496d61000 r-xp 00000000 08:16 3413537                    /lib/x86_64-linux-gnu/librt-2.19.so
7fc496d61000-7fc496f60000 ---p 00007000 08:16 3413537                    /lib/x86_64-linux-gnu/librt-2.19.so
7fc496f60000-7fc496f61000 r--p 00006000 08:16 3413537                    /lib/x86_64-linux-gnu/librt-2.19.so
7fc496f61000-7fc496f62000 rw-p 00007000 08:16 3413537                    /lib/x86_64-linux-gnu/librt-2.19.so
7fc496f62000-7fc496f78000 r-xp 00000000 08:16 3413520                    /lib/x86_64-linux-gnu/libgcc_s.so.1
7fc496f78000-7fc497177000 ---p 00016000 08:16 3413520                    /lib/x86_64-linux-gnu/libgcc_s.so.1
7fc497177000-7fc497178000 rw-p 00015000 08:16 3413520                    /lib/x86_64-linux-gnu/libgcc_s.so.1
7fc497178000-7fc49727d000 r-xp 00000000 08:16 3413523                    /lib/x86_64-linux-gnu/libm-2.19.so
7fc49727d000-7fc49747c000 ---p 00105000 08:16 3413523                    /lib/x86_64-linux-gnu/libm-2.19.so
7fc49747c000-7fc49747d000 r--p 00104000 08:16 3413523                    /lib/x86_64-linux-gnu/libm-2.19.so
7fc49747d000-7fc49747e000 rw-p 00105000 08:16 3413523                    /lib/x86_64-linux-gnu/libm-2.19.so
7fc49747e000-7fc497564000 r-xp 00000000 08:16 524323                     /usr/lib/x86_64-linux-gnu/libstdc++.so.6.0.19
7fc497564000-7fc497763000 ---p 000e6000 08:16 524323                     /usr/lib/x86_64-linux-gnu/libstdc++.so.6.0.19
7fc497763000-7fc49776b000 r--p 000e5000 08:16 524323                     /usr/lib/x86_64-linux-gnu/libstdc++.so.6.0.19
7fc49776b000-7fc49776d000 rw-p 000ed000 08:16 524323                     /usr/lib/x86_64-linux-gnu/libstdc++.so.6.0.19
7fc49776d000-7fc497782000 rw-p 00000000 00:00 0 
7fc497782000-7fc498370000 r-xp 00000000 08:16 1574165                    /usr/lib/jvm/java-8-openjdk-amd64/jre/lib/amd64/server/libjvm.so
7fc498370000-7fc498570000 ---p 00bee000 08:16 1574165                    /usr/lib/jvm/java-8-openjdk-amd64/jre/lib/amd64/server/libjvm.so
7fc498570000-7fc49860e000 r--p 00bee000 08:16 1574165                    /usr/lib/jvm/java-8-openjdk-amd64/jre/lib/amd64/server/libjvm.so
7fc49860e000-7fc498637000 rw-p 00c8c000 08:16 1574165                    /usr/lib/jvm/java-8-openjdk-amd64/jre/lib/amd64/server/libjvm.so
7fc498637000-7fc498669000 rw-p 00000000 00:00 0 
7fc498669000-7fc498682000 r-xp 00000000 08:16 3413530                    /lib/x86_64-linux-gnu/libpthread-2.19.so
7fc498682000-7fc498881000 ---p 00019000 08:16 3413530                    /lib/x86_64-linux-gnu/libpthread-2.19.so
7fc498881000-7fc498882000 r--p 00018000 08:16 3413530                    /lib/x86_64-linux-gnu/libpthread-2.19.so
7fc498882000-7fc498883000 rw-p 00019000 08:16 3413530                    /lib/x86_64-linux-gnu/libpthread-2.19.so
7fc498883000-7fc498887000 rw-p 00000000 00:00 0 
7fc498887000-7fc49888a000 r-xp 00000000 08:16 3413525                    /lib/x86_64-linux-gnu/libdl-2.19.so
7fc49888a000-7fc498a89000 ---p 00003000 08:16 3413525                    /lib/x86_64-linux-gnu/libdl-2.19.so
7fc498a89000-7fc498a8a000 r--p 00002000 08:16 3413525                    /lib/x86_64-linux-gnu/libdl-2.19.so
7fc498a8a000-7fc498a8b000 rw-p 00003000 08:16 3413525                    /lib/x86_64-linux-gnu/libdl-2.19.so
7fc498a8b000-7fc498aa3000 r-xp 00000000 08:16 3412060                    /lib/x86_64-linux-gnu/libz.so.1.2.8
7fc498aa3000-7fc498ca2000 ---p 00018000 08:16 3412060                    /lib/x86_64-linux-gnu/libz.so.1.2.8
7fc498ca2000-7fc498ca3000 r--p 00017000 08:16 3412060                    /lib/x86_64-linux-gnu/libz.so.1.2.8
7fc498ca3000-7fc498ca4000 rw-p 00018000 08:16 3412060                    /lib/x86_64-linux-gnu/libz.so.1.2.8
7fc498ca4000-7fc498e5e000 r-xp 00000000 08:16 3413538                    /lib/x86_64-linux-gnu/libc-2.19.so
7fc498e5e000-7fc49905e000 ---p 001ba000 08:16 3413538                    /lib/x86_64-linux-gnu/libc-2.19.so
7fc49905e000-7fc499062000 r--p 001ba000 08:16 3413538                    /lib/x86_64-linux-gnu/libc-2.19.so
7fc499062000-7fc499064000 rw-p 001be000 08:16 3413538                    /lib/x86_64-linux-gnu/libc-2.19.so
7fc499064000-7fc499069000 rw-p 00000000 00:00 0 
7fc499069000-7fc499076000 r-xp 00000000 08:16 1574169                    /usr/lib/jvm/java-8-openjdk-amd64/jre/lib/amd64/jli/libjli.so
7fc499076000-7fc499276000 ---p 0000d000 08:16 1574169                    /usr/lib/jvm/java-8-openjdk-amd64/jre/lib/amd64/jli/libjli.so
7fc499276000-7fc499277000 r--p 0000d000 08:16 1574169                    /usr/lib/jvm/java-8-openjdk-amd64/jre/lib/amd64/jli/libjli.so
7fc499277000-7fc499278000 rw-p 0000e000 08:16 1574169                    /usr/lib/jvm/java-8-openjdk-amd64/jre/lib/amd64/jli/libjli.so
7fc499278000-7fc49929b000 r-xp 00000000 08:16 3413531                    /lib/x86_64-linux-gnu/ld-2.19.so
7fc49929b000-7fc4992a1000 r--s 0003a000 08:16 1972006                    /usr/lib/jvm/java-8-openjdk-amd64/jre/lib/ext/sunjce_provider.jar
7fc4992a1000-7fc4992a3000 r--s 00006000 08:16 924865                     /usr/share/java/java-atk-wrapper.jar
7fc4992a3000-7fc49937c000 rw-p 00000000 00:00 0 
7fc49937c000-7fc49937f000 ---p 00000000 00:00 0 
7fc49937f000-7fc499482000 rw-p 00000000 00:00 0                          [stack:23773]
7fc499482000-7fc499483000 r--s 00008000 08:16 1971996                    /usr/lib/jvm/java-8-openjdk-amd64/jre/lib/ext/sunec.jar
7fc499483000-7fc499486000 r--s 0000f000 08:16 1972013                    /usr/lib/jvm/java-8-openjdk-amd64/jre/lib/ext/icedtea-sound.jar
7fc499486000-7fc499488000 r--s 00001000 08:16 1971942                    /usr/lib/jvm/java-8-openjdk-amd64/jre/lib/ext/dnsns.jar
7fc499488000-7fc499489000 r--s 0000a000 08:16 1972003                    /usr/lib/jvm/java-8-openjdk-amd64/jre/lib/ext/jaccess.jar
7fc499489000-7fc49948a000 r--s 00010000 08:16 1972005                    /usr/lib/jvm/java-8-openjdk-amd64/jre/lib/ext/zipfs.jar
7fc49948a000-7fc49948e000 r--s 00037000 08:16 1972031                    /usr/lib/jvm/java-8-openjdk-amd64/jre/lib/ext/sunpkcs11.jar
7fc49948e000-7fc499496000 rw-s 00000000 08:16 4473100                    /tmp/hsperfdata_root/23768
7fc499496000-7fc499497000 rw-p 00000000 00:00 0 
7fc499497000-7fc499498000 ---p 00000000 00:00 0 
7fc499498000-7fc49949a000 rw-p 00000000 00:00 0 
7fc49949a000-7fc49949b000 r--p 00022000 08:16 3413531                    /lib/x86_64-linux-gnu/ld-2.19.so
7fc49949b000-7fc49949c000 rw-p 00023000 08:16 3413531                    /lib/x86_64-linux-gnu/ld-2.19.so
7fc49949c000-7fc49949d000 rw-p 00000000 00:00 0 
7ffd8010f000-7ffd80132000 rw-p 00000000 00:00 0                          [stack]
7ffd801d2000-7ffd801d4000 r-xp 00000000 00:00 0                          [vdso]
ffffffffff600000-ffffffffff601000 r-xp 00000000 00:00 0                  [vsyscall]

VM Arguments:
jvm_args: -Djava.awt.headless=true -Xmx1024M -Dfile.encoding=UTF-8 -Duser.country=US -Duser.language=en -Duser.variant 
java_command: com.android.dx.command.Main --dex --num-threads=4 --output /home/pc2/Desktop/Android/SOSapp/SOSapp/app/build/intermediates/transforms/dex/debug/folders/1000/1f/main /home/pc2/Desktop/Android/SOSapp/SOSapp/app/build/intermediates/pre-dexed/debug/support-annotations-23.3.0_b975d86e0abec7206d5cce18f9d4cf511f96b32d.jar /home/pc2/Desktop/Android/SOSapp/SOSapp/app/build/intermediates/pre-dexed/debug/com.google.android.gms-play-services-panorama-8.4.0_88b2c7caa5f2f9d74398b02b624394f2ff3ca0d0.jar /home/pc2/Desktop/Android/SOSapp/SOSapp/app/build/intermediates/pre-dexed/debug/com.android.support-animated-vector-drawable-23.3.0_04def879db50345dcbc21401feceac3276783da1.jar /home/pc2/Desktop/Android/SOSapp/SOSapp/app/build/intermediates/pre-dexed/debug/internal_impl-23.0.0_98b47ddb3b5d7f24ebfe7c1484e33ecbc6c3a221.jar /home/pc2/Desktop/Android/SOSapp/SOSapp/app/build/intermediates/pre-dexed/debug/com.google.android.gms-play-services-safetynet-8.4.0_4f6573709439a12c869b3e47764c1c49dc9010b1.jar /home/pc2/Desktop/Android/SOSapp/SOSapp/app/build/intermediates/pre-dexed/debug/com.google.android.gms-play-services-identity-8.4.0_3424ae87ab3cccf3ee6907a8c74702a5f01e0076.jar /home/pc2/Desktop/Android/SOSapp/SOSapp/app/build/intermediates/pre-dexed/debug/com.google.android.gms-play-services-appinvite-8.4.0_0e1ea037bf9b26b9721a66bdbdeb93fe2d335f7a.jar /home/pc2/Desktop/Android/SOSapp/SOSapp/app/build/intermediates/pre-dexed/debug/com.android.support-support-vector-drawable-23.3.0_5b2e76e7388905a448ab36ca91c995dea4e7db3a.jar /home/pc2/Desktop/Android/SOSapp/SOSapp/app/build/intermediates/pre-dexed/debug/com.google.android.gms-play-services-appindexing-8.4.0_390ffc22e3c6edbc58aba43f4431ebc01330d929.jar /home/pc2/Desktop/Android/SOSapp/SOSapp/app/build/intermediates/pre-dexed/debug/com.google.android.gms-play-services-gcm-8.4.0_3c732e48b6741c660ebd5e239aaf191cef1d153e.jar /home/pc2/Desktop/Android/SOSapp/SOSapp/app/build/intermediates/pre-dexed/debug/com.google.android.gms-pla
java_class_path (initial): /root/Android/Sdk/build-tools/23.0.3/lib/dx.jar
Launcher Type: SUN_STANDARD

Environment Variables:
PATH=/usr/local/sbin:/usr/local/bin:/usr/sbin:/usr/bin:/sbin:/bin
USERNAME=root
LD_LIBRARY_PATH=.:
SHELL=/bin/bash
DISPLAY=:0

Signal Handlers:
SIGSEGV: [libjvm.so+0x9f6230], sa_mask[0]=11111111011111111101111111111110, sa_flags=SA_RESTART|SA_SIGINFO
SIGBUS: [libjvm.so+0x9f6230], sa_mask[0]=11111111011111111101111111111110, sa_flags=SA_RESTART|SA_SIGINFO
SIGFPE: [libjvm.so+0x856c80], sa_mask[0]=11111111011111111101111111111110, sa_flags=SA_RESTART|SA_SIGINFO
SIGPIPE: [libjvm.so+0x856c80], sa_mask[0]=11111111011111111101111111111110, sa_flags=SA_RESTART|SA_SIGINFO
SIGXFSZ: [libjvm.so+0x856c80], sa_mask[0]=11111111011111111101111111111110, sa_flags=SA_RESTART|SA_SIGINFO
SIGILL: [libjvm.so+0x856c80], sa_mask[0]=11111111011111111101111111111110, sa_flags=SA_RESTART|SA_SIGINFO
SIGUSR1: SIG_DFL, sa_mask[0]=00000000000000000000000000000000, sa_flags=none
SIGUSR2: [libjvm.so+0x856b50], sa_mask[0]=00100000000000000000000000000000, sa_flags=SA_RESTART|SA_SIGINFO
SIGHUP: [libjvm.so+0x856d40], sa_mask[0]=11111111011111111101111111111110, sa_flags=SA_RESTART|SA_SIGINFO
SIGINT: [libjvm.so+0x856d40], sa_mask[0]=11111111011111111101111111111110, sa_flags=SA_RESTART|SA_SIGINFO
SIGTERM: [libjvm.so+0x856d40], sa_mask[0]=11111111011111111101111111111110, sa_flags=SA_RESTART|SA_SIGINFO
SIGQUIT: [libjvm.so+0x856d40], sa_mask[0]=11111111011111111101111111111110, sa_flags=SA_RESTART|SA_SIGINFO


---------------  S Y S T E M  ---------------

OS:DISTRIB_ID=Ubuntu
DISTRIB_RELEASE=14.04
DISTRIB_CODENAME=trusty
DISTRIB_DESCRIPTION="Ubuntu 14.04.4 LTS"

uname:Linux 3.13.0-91-generic #138-Ubuntu SMP Fri Jun 24 17:00:34 UTC 2016 x86_64
libc:glibc 2.19 NPTL 2.19 
rlimit: STACK 8192k, CORE 0k, NPROC 62225, NOFILE 4096, AS infinity
load average:0.92 1.10 1.03

/proc/meminfo:
MemTotal:        8054008 kB
MemFree:          129492 kB
Buffers:             488 kB
Cached:          1335668 kB
SwapCached:            0 kB
Active:          6319084 kB
Inactive:        1322292 kB
Active(anon):    6312484 kB
Inactive(anon):  1306596 kB
Active(file):       6600 kB
Inactive(file):    15696 kB
Unevictable:          48 kB
Mlocked:              48 kB
SwapTotal:             0 kB
SwapFree:              0 kB
Dirty:                60 kB
Writeback:             0 kB
AnonPages:       6305472 kB
Mapped:           817708 kB
Shmem:           1313732 kB
Slab:             107872 kB
SReclaimable:      48568 kB
SUnreclaim:        59304 kB
KernelStack:        9040 kB
PageTables:        74080 kB
NFS_Unstable:          0 kB
Bounce:                0 kB
WritebackTmp:          0 kB
CommitLimit:     4027004 kB
Committed_AS:   16537064 kB
VmallocTotal:   34359738367 kB
VmallocUsed:      556980 kB
VmallocChunk:   34359168600 kB
HardwareCorrupted:     0 kB
AnonHugePages:   2140160 kB
HugePages_Total:       0
HugePages_Free:        0
HugePages_Rsvd:        0
HugePages_Surp:        0
Hugepagesize:       2048 kB
DirectMap4k:       99072 kB
DirectMap2M:     3973120 kB
DirectMap1G:     4194304 kB


CPU:total 8 (4 cores per cpu, 2 threads per core) family 6 model 60 stepping 3, cmov, cx8, fxsr, mmx, sse, sse2, sse3, ssse3, sse4.1, sse4.2, popcnt, avx, avx2, aes, clmul, erms, lzcnt, ht, tsc, tscinvbit, bmi1, bmi2

/proc/cpuinfo:
processor	: 0
vendor_id	: GenuineIntel
cpu family	: 6
model		: 60
model name	: Intel(R) Core(TM) i7-4702MQ CPU @ 2.20GHz
stepping	: 3
microcode	: 0x17
cpu MHz		: 2100.000
cache size	: 6144 KB
physical id	: 0
siblings	: 8
core id		: 0
cpu cores	: 4
apicid		: 0
initial apicid	: 0
fpu		: yes
fpu_exception	: yes
cpuid level	: 13
wp		: yes
flags		: fpu vme de pse tsc msr pae mce cx8 apic sep mtrr pge mca cmov pat pse36 clflush dts acpi mmx fxsr sse sse2 ss ht tm pbe syscall nx pdpe1gb rdtscp lm constant_tsc arch_perfmon pebs bts rep_good nopl xtopology nonstop_tsc aperfmperf eagerfpu pni pclmulqdq dtes64 monitor ds_cpl vmx est tm2 ssse3 fma cx16 xtpr pdcm pcid sse4_1 sse4_2 movbe popcnt tsc_deadline_timer aes xsave avx f16c rdrand lahf_lm abm ida arat epb xsaveopt pln pts dtherm tpr_shadow vnmi flexpriority ept vpid fsgsbase tsc_adjust bmi1 avx2 smep bmi2 erms invpcid
bogomips	: 4389.83
clflush size	: 64
cache_alignment	: 64
address sizes	: 39 bits physical, 48 bits virtual
power management:

processor	: 1
vendor_id	: GenuineIntel
cpu family	: 6
model		: 60
model name	: Intel(R) Core(TM) i7-4702MQ CPU @ 2.20GHz
stepping	: 3
microcode	: 0x17
cpu MHz		: 1200.000
cache size	: 6144 KB
physical id	: 0
siblings	: 8
core id		: 0
cpu cores	: 4
apicid		: 1
initial apicid	: 1
fpu		: yes
fpu_exception	: yes
cpuid level	: 13
wp		: yes
flags		: fpu vme de pse tsc msr pae mce cx8 apic sep mtrr pge mca cmov pat pse36 clflush dts acpi mmx fxsr sse sse2 ss ht tm pbe syscall nx pdpe1gb rdtscp lm constant_tsc arch_perfmon pebs bts rep_good nopl xtopology nonstop_tsc aperfmperf eagerfpu pni pclmulqdq dtes64 monitor ds_cpl vmx est tm2 ssse3 fma cx16 xtpr pdcm pcid sse4_1 sse4_2 movbe popcnt tsc_deadline_timer aes xsave avx f16c rdrand lahf_lm abm ida arat epb xsaveopt pln pts dtherm tpr_shadow vnmi flexpriority ept vpid fsgsbase tsc_adjust bmi1 avx2 smep bmi2 erms invpcid
bogomips	: 4389.83
clflush size	: 64
cache_alignment	: 64
address sizes	: 39 bits physical, 48 bits virtual
power management:

processor	: 2
vendor_id	: GenuineIntel
cpu family	: 6
model		: 60
model name	: Intel(R) Core(TM) i7-4702MQ CPU @ 2.20GHz
stepping	: 3
microcode	: 0x17
cpu MHz		: 1000.000
cache size	: 6144 KB
physical id	: 0
siblings	: 8
core id		: 1
cpu cores	: 4
apicid		: 2
initial apicid	: 2
fpu		: yes
fpu_exception	: yes
cpuid level	: 13
wp		: yes
flags		: fpu vme de pse tsc msr pae mce cx8 apic sep mtrr pge mca cmov pat pse36 clflush dts acpi mmx fxsr sse sse2 ss ht tm pbe syscall nx pdpe1gb rdtscp lm constant_tsc arch_perfmon pebs bts rep_good nopl xtopology nonstop_tsc aperfmperf eagerfpu pni pclmulqdq dtes64 monitor ds_cpl vmx est tm2 ssse3 fma cx16 xtpr pdcm pcid sse4_1 sse4_2 movbe popcnt tsc_deadline_timer aes xsave avx f16c rdrand lahf_lm abm ida arat epb xsaveopt pln pts dtherm tpr_shadow vnmi flexpriority ept vpid fsgsbase tsc_adjust bmi1 avx2 smep bmi2 erms invpcid
bogomips	: 4389.83
clflush size	: 64
cache_alignment	: 64
address sizes	: 39 bits physical, 48 bits virtual
power management:

processor	: 3
vendor_id	: GenuineIntel
cpu family	: 6
model		: 60
model name	: Intel(R) Core(TM) i7-4702MQ CPU @ 2.20GHz
stepping	: 3
microcode	: 0x17
cpu MHz		: 900.000
cache size	: 6144 KB
physical id	: 0
siblings	: 8
core id		: 1
cpu cores	: 4
apicid		: 3
initial apicid	: 3
fpu		: yes
fpu_exception	: yes
cpuid level	: 13
wp		: yes
flags		: fpu vme de pse tsc msr pae mce cx8 apic sep mtrr pge mca cmov pat pse36 clflush dts acpi mmx fxsr sse sse2 ss ht tm pbe syscall nx pdpe1gb rdtscp lm constant_tsc arch_perfmon pebs bts rep_good nopl xtopology nonstop_tsc aperfmperf eagerfpu pni pclmulqdq dtes64 monitor ds_cpl vmx est tm2 ssse3 fma cx16 xtpr pdcm pcid sse4_1 sse4_2 movbe popcnt tsc_deadline_timer aes xsave avx f16c rdrand lahf_lm abm ida arat epb xsaveopt pln pts dtherm tpr_shadow vnmi flexpriority ept vpid fsgsbase tsc_adjust bmi1 avx2 smep bmi2 erms invpcid
bogomips	: 4389.83
clflush size	: 64
cache_alignment	: 64
address sizes	: 39 bits physical, 48 bits virtual
power management:

processor	: 4
vendor_id	: GenuineIntel
cpu family	: 6
model		: 60
model name	: Intel(R) Core(TM) i7-4702MQ CPU @ 2.20GHz
stepping	: 3
microcode	: 0x17
cpu MHz		: 2201.000
cache size	: 6144 KB
physical id	: 0
siblings	: 8
core id		: 2
cpu cores	: 4
apicid		: 4
initial apicid	: 4
fpu		: yes
fpu_exception	: yes
cpuid level	: 13
wp		: yes
flags		: fpu vme de pse tsc msr pae mce cx8 apic sep mtrr pge mca cmov pat pse36 clflush dts acpi mmx fxsr sse sse2 ss ht tm pbe syscall nx pdpe1gb rdtscp lm constant_tsc arch_perfmon pebs bts rep_good nopl xtopology nonstop_tsc aperfmperf eagerfpu pni pclmulqdq dtes64 monitor ds_cpl vmx est tm2 ssse3 fma cx16 xtpr pdcm pcid sse4_1 sse4_2 movbe popcnt tsc_deadline_timer aes xsave avx f16c rdrand lahf_lm abm ida arat epb xsaveopt pln pts dtherm tpr_shadow vnmi flexpriority ept vpid fsgsbase tsc_adjust bmi1 avx2 smep bmi2 erms invpcid
bogomips	: 4389.83
clflush size	: 64
cache_alignment	: 64
address sizes	: 39 bits physical, 48 bits virtual
power management:

processor	: 5
vendor_id	: GenuineIntel
cpu family	: 6
model		: 60
model name	: Intel(R) Core(TM) i7-4702MQ CPU @ 2.20GHz
stepping	: 3
microcode	: 0x17
cpu MHz		: 2201.000
cache size	: 6144 KB
physical id	: 0
siblings	: 8
core id		: 2
cpu cores	: 4
apicid		: 5
initial apicid	: 5
fpu		: yes
fpu_exception	: yes
cpuid level	: 13
wp		: yes
flags		: fpu vme de pse tsc msr pae mce cx8 apic sep mtrr pge mca cmov pat pse36 clflush dts acpi mmx fxsr sse sse2 ss ht tm pbe syscall nx pdpe1gb rdtscp lm constant_tsc arch_perfmon pebs bts rep_good nopl xtopology nonstop_tsc aperfmperf eagerfpu pni pclmulqdq dtes64 monitor ds_cpl vmx est tm2 ssse3 fma cx16 xtpr pdcm pcid sse4_1 sse4_2 movbe popcnt tsc_deadline_timer aes xsave avx f16c rdrand lahf_lm abm ida arat epb xsaveopt pln pts dtherm tpr_shadow vnmi flexpriority ept vpid fsgsbase tsc_adjust bmi1 avx2 smep bmi2 erms invpcid
bogomips	: 4389.83
clflush size	: 64
cache_alignment	: 64
address sizes	: 39 bits physical, 48 bits virtual
power management:

processor	: 6
vendor_id	: GenuineIntel
cpu family	: 6
model		: 60
model name	: Intel(R) Core(TM) i7-4702MQ CPU @ 2.20GHz
stepping	: 3
microcode	: 0x17
cpu MHz		: 2201.000
cache size	: 6144 KB
physical id	: 0
siblings	: 8
core id		: 3
cpu cores	: 4
apicid		: 6
initial apicid	: 6
fpu		: yes
fpu_exception	: yes
cpuid level	: 13
wp		: yes
flags		: fpu vme de pse tsc msr pae mce cx8 apic sep mtrr pge mca cmov pat pse36 clflush dts acpi mmx fxsr sse sse2 ss ht tm pbe syscall nx pdpe1gb rdtscp lm constant_tsc arch_perfmon pebs bts rep_good nopl xtopology nonstop_tsc aperfmperf eagerfpu pni pclmulqdq dtes64 monitor ds_cpl vmx est tm2 ssse3 fma cx16 xtpr pdcm pcid sse4_1 sse4_2 movbe popcnt tsc_deadline_timer aes xsave avx f16c rdrand lahf_lm abm ida arat epb xsaveopt pln pts dtherm tpr_shadow vnmi flexpriority ept vpid fsgsbase tsc_adjust bmi1 avx2 smep bmi2 erms invpcid
bogomips	: 4389.83
clflush size	: 64
cache_alignment	: 64
address sizes	: 39 bits physical, 48 bits virtual
power management:

processor	: 7
vendor_id	: GenuineIntel
cpu family	: 6
model		: 60
model name	: Intel(R) Core(TM) i7-4702MQ CPU @ 2.20GHz
stepping	: 3
microcode	: 0x17
cpu MHz		: 2201.000
cache size	: 6144 KB
physical id	: 0
siblings	: 8
core id		: 3
cpu cores	: 4
apicid		: 7
initial apicid	: 7
fpu		: yes
fpu_exception	: yes
cpuid level	: 13
wp		: yes
flags		: fpu vme de pse tsc msr pae mce cx8 apic sep mtrr pge mca cmov pat pse36 clflush dts acpi mmx fxsr sse sse2 ss ht tm pbe syscall nx pdpe1gb rdtscp lm constant_tsc arch_perfmon pebs bts rep_good nopl xtopology nonstop_tsc aperfmperf eagerfpu pni pclmulqdq dtes64 monitor ds_cpl vmx est tm2 ssse3 fma cx16 xtpr pdcm pcid sse4_1 sse4_2 movbe popcnt tsc_deadline_timer aes xsave avx f16c rdrand lahf_lm abm ida arat epb xsaveopt pln pts dtherm tpr_shadow vnmi flexpriority ept vpid fsgsbase tsc_adjust bmi1 avx2 smep bmi2 erms invpcid
bogomips	: 4389.83
clflush size	: 64
cache_alignment	: 64
address sizes	: 39 bits physical, 48 bits virtual
power management:



Memory: 4k page, physical 8054008k(129492k free), swap 0k(0k free)

vm_info: OpenJDK 64-Bit Server VM (25.91-b14) for linux-amd64 JRE (1.8.0_91-8u91-b14-0ubuntu4~14.04-b14), built on Apr 22 2016 12:27:31 by "buildd" with gcc 4.8.2

time: Mon Jul  4 21:16:53 2016
elapsed time: 1 seconds (0d 0h 0m 1s)

