#
# There is insufficient memory for the Java Runtime Environment to continue.
# Native memory allocation (mmap) failed to map 85983232 bytes for committing reserved memory.
# Possible reasons:
#   The system is out of physical RAM or swap space
#   In 32 bit mode, the process size limit was hit
# Possible solutions:
#   Reduce memory load on the system
#   Increase physical memory or swap space
#   Check if swap backing store is full
#   Use 64 bit Java on a 64 bit OS
#   Decrease Java heap size (-Xmx/-Xms)
#   Decrease number of Java threads
#   Decrease Java thread stack sizes (-Xss)
#   Set larger code cache with -XX:ReservedCodeCacheSize=
# This output file may be truncated or incomplete.
#
#  Out of Memory Error (os_linux.cpp:2630), pid=25633, tid=140079274088192
#
# JRE version: OpenJDK Runtime Environment (8.0_91-b14) (build 1.8.0_91-8u91-b14-0ubuntu4~14.04-b14)
# Java VM: OpenJDK 64-Bit Server VM (25.91-b14 mixed mode linux-amd64 compressed oops)
# Failed to write core dump. Core dumps have been disabled. To enable core dumping, try "ulimit -c unlimited" before starting Java again
#

---------------  T H R E A D  ---------------

Current thread (0x00007f66f4080000):  VMThread [stack: 0x00007f66bf4f5000,0x00007f66bf5f6000] [id=25646]

Stack: [0x00007f66bf4f5000,0x00007f66bf5f6000],  sp=0x00007f66bf5f4480,  free space=1021k
Native frames: (J=compiled Java code, j=interpreted, Vv=VM code, C=native code)
V  [libjvm.so+0x9f573d]
V  [libjvm.so+0x4bc3da]
V  [libjvm.so+0x85b0a0]
V  [libjvm.so+0x855b9f]
V  [libjvm.so+0x8cb83b]
V  [libjvm.so+0x8cc4f0]
V  [libjvm.so+0x8cc80b]
V  [libjvm.so+0x8c8f1c]
V  [libjvm.so+0x8c96f8]
V  [libjvm.so+0x87e0d3]
V  [libjvm.so+0x9f7204]
V  [libjvm.so+0x9fb5b7]
V  [libjvm.so+0x9fa078]
V  [libjvm.so+0x9fa4f9]
V  [libjvm.so+0x9fa942]
V  [libjvm.so+0x8584a2]

VM_Operation (0x00007f66be4efdc0): ParallelGCFailedAllocation, mode: safepoint, requested by thread 0x00007f66f4174000


---------------  P R O C E S S  ---------------

Java Threads: ( => current thread )
  0x00007f66f41b0800 JavaThread "pool-1-thread-4" [_thread_blocked, id=25660, stack(0x00007f66bdfed000,0x00007f66be0ee000)]
  0x00007f66f41ad800 JavaThread "pool-1-thread-3" [_thread_blocked, id=25659, stack(0x00007f66be0ee000,0x00007f66be1ef000)]
  0x00007f66f419b000 JavaThread "pool-1-thread-2" [_thread_blocked, id=25658, stack(0x00007f66be1ef000,0x00007f66be2f0000)]
  0x00007f66f419a000 JavaThread "pool-2-thread-1" [_thread_blocked, id=25657, stack(0x00007f66be2f0000,0x00007f66be3f1000)]
  0x00007f66f4174000 JavaThread "pool-1-thread-1" [_thread_blocked, id=25656, stack(0x00007f66be3f1000,0x00007f66be4f2000)]
  0x00007f66f40d4800 JavaThread "Service Thread" daemon [_thread_blocked, id=25654, stack(0x00007f66be60b000,0x00007f66be70c000)]
  0x00007f66f40bf800 JavaThread "C1 CompilerThread3" daemon [_thread_blocked, id=25653, stack(0x00007f66be70c000,0x00007f66be80d000)]
  0x00007f66f40bb000 JavaThread "C2 CompilerThread2" daemon [_thread_blocked, id=25652, stack(0x00007f66be80d000,0x00007f66be90e000)]
  0x00007f66f40b9000 JavaThread "C2 CompilerThread1" daemon [_thread_in_native, id=25651, stack(0x00007f66be90e000,0x00007f66bea0f000)]
  0x00007f66f40b6000 JavaThread "C2 CompilerThread0" daemon [_thread_blocked, id=25650, stack(0x00007f66bea0f000,0x00007f66beb10000)]
  0x00007f66f40b4000 JavaThread "Signal Dispatcher" daemon [_thread_blocked, id=25649, stack(0x00007f66beb10000,0x00007f66bec11000)]
  0x00007f66f408c000 JavaThread "Finalizer" daemon [_thread_blocked, id=25648, stack(0x00007f66bf2f3000,0x00007f66bf3f4000)]
  0x00007f66f4087800 JavaThread "Reference Handler" daemon [_thread_blocked, id=25647, stack(0x00007f66bf3f4000,0x00007f66bf4f5000)]
  0x00007f66f400a000 JavaThread "main" [_thread_blocked, id=25637, stack(0x00007f66fb29b000,0x00007f66fb39c000)]

Other Threads:
=>0x00007f66f4080000 VMThread [stack: 0x00007f66bf4f5000,0x00007f66bf5f6000] [id=25646]
  0x00007f66f40d7000 WatcherThread [stack: 0x00007f66be50a000,0x00007f66be60b000] [id=25655]

VM state:at safepoint (normal execution)

VM Mutex/Monitor currently owned by a thread:  ([mutex/lock_event])
[0x00007f66f40067e0] Threads_lock - owner thread: 0x00007f66f4080000
[0x00007f66f4006ce0] Heap_lock - owner thread: 0x00007f66f4174000

Heap:
 PSYoungGen      total 68608K, used 5120K [0x00000000eab00000, 0x00000000ef300000, 0x0000000100000000)
  eden space 63488K, 0% used [0x00000000eab00000,0x00000000eab00000,0x00000000ee900000)
  from space 5120K, 100% used [0x00000000ee900000,0x00000000eee00000,0x00000000eee00000)
  to   space 5120K, 0% used [0x00000000eee00000,0x00000000eee00000,0x00000000ef300000)
 ParOldGen       total 84992K, used 24159K [0x00000000c0000000, 0x00000000c5300000, 0x00000000eab00000)
  object space 84992K, 28% used [0x00000000c0000000,0x00000000c1797e98,0x00000000c5300000)
 Metaspace       used 5970K, capacity 7024K, committed 7296K, reserved 1056768K
  class space    used 566K, capacity 616K, committed 640K, reserved 1048576K

Card table byte_map: [0x00007f66f8007000,0x00007f66f8208000] byte_map_base: 0x00007f66f7a07000

Marking Bits: (ParMarkBitMap*) 0x00007f66fa56b080
 Begin Bits: [0x00007f66e1ece000, 0x00007f66e2ece000)
 End Bits:   [0x00007f66e2ece000, 0x00007f66e3ece000)

Polling page: 0x00007f66fb3b6000

CodeCache: size=245760Kb used=5264Kb max_used=5264Kb free=240495Kb
 bounds [0x00007f66e4bec000, 0x00007f66e511c000, 0x00007f66f3bec000]
 total_blobs=1746 nmethods=1477 adapters=182
 compilation: enabled

Compilation events (10 events):
Event: 5.586 Thread 0x00007f66f40bf800 nmethod 1747 0x00007f66e510f310 code [0x00007f66e510f480, 0x00007f66e510f6c8]
Event: 5.586 Thread 0x00007f66f40bf800 1768       2       com.android.dx.rop.code.Rops::opGetField (97 bytes)
Event: 5.586 Thread 0x00007f66f40bf800 nmethod 1768 0x00007f66e510f7d0 code [0x00007f66e510f9c0, 0x00007f66e510ff38]
Event: 5.586 Thread 0x00007f66f40bf800 1776       2       com.android.dx.ssa.ConstCollector::run (236 bytes)
Event: 5.597 Thread 0x00007f66f40bf800 nmethod 1776 0x00007f66e5110250 code [0x00007f66e5110660, 0x00007f66e5111918]
Event: 5.597 Thread 0x00007f66f40bf800 1755       2       com.android.dx.ssa.back.FirstFitLocalCombiningAllocator::findRopRegForLocal (74 bytes)
Event: 5.597 Thread 0x00007f66f40bf800 nmethod 1755 0x00007f66e5113bd0 code [0x00007f66e5113d60, 0x00007f66e51140a8]
Event: 5.597 Thread 0x00007f66f40bf800 1764       2       com.android.dx.ssa.back.FirstFitLocalCombiningAllocator::allocateRegisters (37 bytes)
Event: 5.598 Thread 0x00007f66f40bf800 nmethod 1764 0x00007f66e5114290 code [0x00007f66e5114460, 0x00007f66e5114738]
Event: 5.598 Thread 0x00007f66f40bf800 1741       2       com.android.dx.cf.code.Ropper::addSynchExceptionHandlerBlock (206 bytes)

GC Heap History (9 events):
Event: 2.559 GC heap before
{Heap before GC invocations=1 (full 0):
 PSYoungGen      total 36864K, used 31744K [0x00000000eab00000, 0x00000000ed400000, 0x0000000100000000)
  eden space 31744K, 100% used [0x00000000eab00000,0x00000000eca00000,0x00000000eca00000)
  from space 5120K, 0% used [0x00000000ecf00000,0x00000000ecf00000,0x00000000ed400000)
  to   space 5120K, 0% used [0x00000000eca00000,0x00000000eca00000,0x00000000ecf00000)
 ParOldGen       total 84992K, used 0K [0x00000000c0000000, 0x00000000c5300000, 0x00000000eab00000)
  object space 84992K, 0% used [0x00000000c0000000,0x00000000c0000000,0x00000000c5300000)
 Metaspace       used 5603K, capacity 6704K, committed 6784K, reserved 1056768K
  class space    used 562K, capacity 616K, committed 640K, reserved 1048576K
Event: 2.583 GC heap after
Heap after GC invocations=1 (full 0):
 PSYoungGen      total 36864K, used 5093K [0x00000000eab00000, 0x00000000ed400000, 0x0000000100000000)
  eden space 31744K, 0% used [0x00000000eab00000,0x00000000eab00000,0x00000000eca00000)
  from space 5120K, 99% used [0x00000000eca00000,0x00000000ecef95e0,0x00000000ecf00000)
  to   space 5120K, 0% used [0x00000000ecf00000,0x00000000ecf00000,0x00000000ed400000)
 ParOldGen       total 84992K, used 1031K [0x00000000c0000000, 0x00000000c5300000, 0x00000000eab00000)
  object space 84992K, 1% used [0x00000000c0000000,0x00000000c0101c10,0x00000000c5300000)
 Metaspace       used 5603K, capacity 6704K, committed 6784K, reserved 1056768K
  class space    used 562K, capacity 616K, committed 640K, reserved 1048576K
}
Event: 3.251 GC heap before
{Heap before GC invocations=2 (full 0):
 PSYoungGen      total 36864K, used 36837K [0x00000000eab00000, 0x00000000ed400000, 0x0000000100000000)
  eden space 31744K, 100% used [0x00000000eab00000,0x00000000eca00000,0x00000000eca00000)
  from space 5120K, 99% used [0x00000000eca00000,0x00000000ecef95e0,0x00000000ecf00000)
  to   space 5120K, 0% used [0x00000000ecf00000,0x00000000ecf00000,0x00000000ed400000)
 ParOldGen       total 84992K, used 1031K [0x00000000c0000000, 0x00000000c5300000, 0x00000000eab00000)
  object space 84992K, 1% used [0x00000000c0000000,0x00000000c0101c10,0x00000000c5300000)
 Metaspace       used 5749K, capacity 6832K, committed 7040K, reserved 1056768K
  class space    used 565K, capacity 616K, committed 640K, reserved 1048576K
Event: 3.274 GC heap after
Heap after GC invocations=2 (full 0):
 PSYoungGen      total 36864K, used 5098K [0x00000000eab00000, 0x00000000ef300000, 0x0000000100000000)
  eden space 31744K, 0% used [0x00000000eab00000,0x00000000eab00000,0x00000000eca00000)
  from space 5120K, 99% used [0x00000000ecf00000,0x00000000ed3faab8,0x00000000ed400000)
  to   space 5120K, 0% used [0x00000000eca00000,0x00000000eca00000,0x00000000ecf00000)
 ParOldGen       total 84992K, used 5826K [0x00000000c0000000, 0x00000000c5300000, 0x00000000eab00000)
  object space 84992K, 6% used [0x00000000c0000000,0x00000000c05b0a98,0x00000000c5300000)
 Metaspace       used 5749K, capacity 6832K, committed 7040K, reserved 1056768K
  class space    used 565K, capacity 616K, committed 640K, reserved 1048576K
}
Event: 3.861 GC heap before
{Heap before GC invocations=3 (full 0):
 PSYoungGen      total 36864K, used 36842K [0x00000000eab00000, 0x00000000ef300000, 0x0000000100000000)
  eden space 31744K, 100% used [0x00000000eab00000,0x00000000eca00000,0x00000000eca00000)
  from space 5120K, 99% used [0x00000000ecf00000,0x00000000ed3faab8,0x00000000ed400000)
  to   space 5120K, 0% used [0x00000000eca00000,0x00000000eca00000,0x00000000ecf00000)
 ParOldGen       total 84992K, used 5826K [0x00000000c0000000, 0x00000000c5300000, 0x00000000eab00000)
  object space 84992K, 6% used [0x00000000c0000000,0x00000000c05b0a98,0x00000000c5300000)
 Metaspace       used 5791K, capacity 6896K, committed 7040K, reserved 1056768K
  class space    used 566K, capacity 616K, committed 640K, reserved 1048576K
Event: 3.929 GC heap after
Heap after GC invocations=3 (full 0):
 PSYoungGen      total 36864K, used 5098K [0x00000000eab00000, 0x00000000ef300000, 0x0000000100000000)
  eden space 31744K, 0% used [0x00000000eab00000,0x00000000eab00000,0x00000000eca00000)
  from space 5120K, 99% used [0x00000000eca00000,0x00000000ecefa9d0,0x00000000ecf00000)
  to   space 5120K, 0% used [0x00000000eee00000,0x00000000eee00000,0x00000000ef300000)
 ParOldGen       total 84992K, used 9851K [0x00000000c0000000, 0x00000000c5300000, 0x00000000eab00000)
  object space 84992K, 11% used [0x00000000c0000000,0x00000000c099ed28,0x00000000c5300000)
 Metaspace       used 5791K, capacity 6896K, committed 7040K, reserved 1056768K
  class space    used 566K, capacity 616K, committed 640K, reserved 1048576K
}
Event: 4.336 GC heap before
{Heap before GC invocations=4 (full 0):
 PSYoungGen      total 36864K, used 36842K [0x00000000eab00000, 0x00000000ef300000, 0x0000000100000000)
  eden space 31744K, 100% used [0x00000000eab00000,0x00000000eca00000,0x00000000eca00000)
  from space 5120K, 99% used [0x00000000eca00000,0x00000000ecefa9d0,0x00000000ecf00000)
  to   space 5120K, 0% used [0x00000000eee00000,0x00000000eee00000,0x00000000ef300000)
 ParOldGen       total 84992K, used 9851K [0x00000000c0000000, 0x00000000c5300000, 0x00000000eab00000)
  object space 84992K, 11% used [0x00000000c0000000,0x00000000c099ed28,0x00000000c5300000)
 Metaspace       used 5822K, capacity 6896K, committed 7040K, reserved 1056768K
  class space    used 566K, capacity 616K, committed 640K, reserved 1048576K
Event: 4.396 GC heap after
Heap after GC invocations=4 (full 0):
 PSYoungGen      total 68608K, used 5114K [0x00000000eab00000, 0x00000000ef300000, 0x0000000100000000)
  eden space 63488K, 0% used [0x00000000eab00000,0x00000000eab00000,0x00000000ee900000)
  from space 5120K, 99% used [0x00000000eee00000,0x00000000ef2fea80,0x00000000ef300000)
  to   space 5120K, 0% used [0x00000000ee900000,0x00000000ee900000,0x00000000eee00000)
 ParOldGen       total 84992K, used 14503K [0x00000000c0000000, 0x00000000c5300000, 0x00000000eab00000)
  object space 84992K, 17% used [0x00000000c0000000,0x00000000c0e29ce0,0x00000000c5300000)
 Metaspace       used 5822K, capacity 6896K, committed 7040K, reserved 1056768K
  class space    used 566K, capacity 616K, committed 640K, reserved 1048576K
}
Event: 5.614 GC heap before
{Heap before GC invocations=5 (full 0):
 PSYoungGen      total 68608K, used 68602K [0x00000000eab00000, 0x00000000ef300000, 0x0000000100000000)
  eden space 63488K, 100% used [0x00000000eab00000,0x00000000ee900000,0x00000000ee900000)
  from space 5120K, 99% used [0x00000000eee00000,0x00000000ef2fea80,0x00000000ef300000)
  to   space 5120K, 0% used [0x00000000ee900000,0x00000000ee900000,0x00000000eee00000)
 ParOldGen       total 84992K, used 14503K [0x00000000c0000000, 0x00000000c5300000, 0x00000000eab00000)
  object space 84992K, 17% used [0x00000000c0000000,0x00000000c0e29ce0,0x00000000c5300000)
 Metaspace       used 5970K, capacity 7024K, committed 7296K, reserved 1056768K
  class space    used 566K, capacity 616K, committed 640K, reserved 1048576K

Deoptimization events (10 events):
Event: 2.740 Thread 0x00007f66f400a000 Uncommon trap: reason=unstable_if action=reinterpret pc=0x00007f66e4e3c59c method=com.android.dx.rop.cst.Constant.compareTo(Lcom/android/dx/rop/cst/Constant;)I @ 12
Event: 2.740 Thread 0x00007f66f400a000 Uncommon trap: reason=bimorphic action=maybe_recompile pc=0x00007f66e4e293e0 method=java.util.HashMap.getNode(ILjava/lang/Object;)Ljava/util/HashMap$Node; @ 126
Event: 3.189 Thread 0x00007f66f400a000 Uncommon trap: reason=bimorphic action=maybe_recompile pc=0x00007f66e4e293e0 method=java.util.HashMap.getNode(ILjava/lang/Object;)Ljava/util/HashMap$Node; @ 126
Event: 3.189 Thread 0x00007f66f400a000 Uncommon trap: reason=bimorphic action=maybe_recompile pc=0x00007f66e4e293e0 method=java.util.HashMap.getNode(ILjava/lang/Object;)Ljava/util/HashMap$Node; @ 126
Event: 3.203 Thread 0x00007f66f41b0800 Uncommon trap: reason=unstable_if action=reinterpret pc=0x00007f66e4f3bdac method=com.android.dx.util.LabeledList.set(ILcom/android/dx/util/LabeledItem;)V @ 16
Event: 3.220 Thread 0x00007f66f4174000 Uncommon trap: reason=unstable_if action=reinterpret pc=0x00007f66e4f0ed3c method=com.android.dx.ssa.SsaMethod.updateOneDefinition(Lcom/android/dx/ssa/SsaInsn;Lcom/android/dx/rop/code/RegisterSpec;)V @ 4
Event: 3.234 Thread 0x00007f66f4174000 Uncommon trap: reason=unstable_if action=reinterpret pc=0x00007f66e4e19afc method=com.android.dx.cf.code.Ropper.labelToResultIndex(I)I @ 34
Event: 3.359 Thread 0x00007f66f4174000 Uncommon trap: reason=bimorphic action=maybe_recompile pc=0x00007f66e4e293e0 method=java.util.HashMap.getNode(ILjava/lang/Object;)Ljava/util/HashMap$Node; @ 126
Event: 3.816 Thread 0x00007f66f41b0800 Uncommon trap: reason=bimorphic action=maybe_recompile pc=0x00007f66e4e3949c method=java.util.HashMap.getNode(ILjava/lang/Object;)Ljava/util/HashMap$Node; @ 126
Event: 4.741 Thread 0x00007f66f4174000 Uncommon trap: reason=unstable_if action=reinterpret pc=0x00007f66e503e600 method=com.android.dx.ssa.SCCP.simulateStmt(Lcom/android/dx/ssa/SsaInsn;)V @ 59

Internal exceptions (5 events):
Event: 0.090 Thread 0x00007f66f400a000 Exception <a 'java/lang/NoSuchMethodError': Method sun.misc.Unsafe.defineClass(Ljava/lang/String;[BII)Ljava/lang/Class; name or signature does not match> (0x00000000eab07cc0) thrown at [/build/openjdk-8-vT_67x/openjdk-8-8u91-b14/src/hotspot/src/share/vm/p
Event: 0.090 Thread 0x00007f66f400a000 Exception <a 'java/lang/NoSuchMethodError': Method sun.misc.Unsafe.prefetchRead(Ljava/lang/Object;J)V name or signature does not match> (0x00000000eab07fa8) thrown at [/build/openjdk-8-vT_67x/openjdk-8-8u91-b14/src/hotspot/src/share/vm/prims/jni.cpp, line
Event: 0.534 Thread 0x00007f66f400a000 Exception <a 'java/util/zip/ZipException'> (0x00000000eab51ed8) thrown at [/build/openjdk-8-vT_67x/openjdk-8-8u91-b14/src/hotspot/src/share/vm/prims/jni.cpp, line 709]
Event: 0.534 Thread 0x00007f66f400a000 Exception <a 'java/security/PrivilegedActionException'> (0x00000000eab52178) thrown at [/build/openjdk-8-vT_67x/openjdk-8-8u91-b14/src/hotspot/src/share/vm/prims/jvm.cpp, line 1386]
Event: 0.534 Thread 0x00007f66f400a000 Exception <a 'java/security/PrivilegedActionException'> (0x00000000eab52388) thrown at [/build/openjdk-8-vT_67x/openjdk-8-8u91-b14/src/hotspot/src/share/vm/prims/jvm.cpp, line 1386]

Events (10 events):
Event: 5.238 Thread 0x00007f66f41ad800 DEOPT UNPACKING pc=0x00007f66e4c33373 sp=0x00007f66be1ecf38 mode 0
Event: 5.249 Thread 0x00007f66f419b000 DEOPT PACKING pc=0x00007f66e4f694e6 sp=0x00007f66be2edf70
Event: 5.249 Thread 0x00007f66f419b000 DEOPT UNPACKING pc=0x00007f66e4c33373 sp=0x00007f66be2edcb0 mode 0
Event: 5.285 Thread 0x00007f66f419b000 DEOPT PACKING pc=0x00007f66e4f908ec sp=0x00007f66be2ee320
Event: 5.285 Thread 0x00007f66f419b000 DEOPT UNPACKING pc=0x00007f66e4c33373 sp=0x00007f66be2ee020 mode 0
Event: 5.367 Thread 0x00007f66f41ad800 DEOPT PACKING pc=0x00007f66e4f58b3e sp=0x00007f66be1ed040
Event: 5.367 Thread 0x00007f66f41ad800 DEOPT UNPACKING pc=0x00007f66e4c33373 sp=0x00007f66be1ece28 mode 0
Event: 5.421 Thread 0x00007f66f41ad800 DEOPT PACKING pc=0x00007f66e4ea7ec7 sp=0x00007f66be1ecf70
Event: 5.421 Thread 0x00007f66f41ad800 DEOPT UNPACKING pc=0x00007f66e4c33373 sp=0x00007f66be1eccd8 mode 0
Event: 5.606 Executing VM operation: ParallelGCFailedAllocation


Dynamic libraries:
00400000-00401000 r-xp 00000000 08:16 1058522                            /usr/lib/jvm/java-8-openjdk-amd64/jre/bin/java
00600000-00601000 r--p 00000000 08:16 1058522                            /usr/lib/jvm/java-8-openjdk-amd64/jre/bin/java
00601000-00602000 rw-p 00001000 08:16 1058522                            /usr/lib/jvm/java-8-openjdk-amd64/jre/bin/java
00921000-00942000 rw-p 00000000 00:00 0                                  [heap]
c0000000-c5300000 rw-p 00000000 00:00 0 
c5300000-eab00000 ---p 00000000 00:00 0 
eab00000-ef300000 rw-p 00000000 00:00 0 
f4500000-100000000 ---p 00000000 00:00 0 
100000000-1000a0000 rw-p 00000000 00:00 0 
1000a0000-140000000 ---p 00000000 00:00 0 
7f6680000000-7f6680021000 rw-p 00000000 00:00 0 
7f6680021000-7f6684000000 ---p 00000000 00:00 0 
7f6684000000-7f6684021000 rw-p 00000000 00:00 0 
7f6684021000-7f6688000000 ---p 00000000 00:00 0 
7f6688000000-7f6688021000 rw-p 00000000 00:00 0 
7f6688021000-7f668c000000 ---p 00000000 00:00 0 
7f668c000000-7f668c026000 rw-p 00000000 00:00 0 
7f668c026000-7f6690000000 ---p 00000000 00:00 0 
7f6690000000-7f6690021000 rw-p 00000000 00:00 0 
7f6690021000-7f6694000000 ---p 00000000 00:00 0 
7f6694000000-7f669403b000 rw-p 00000000 00:00 0 
7f669403b000-7f6698000000 ---p 00000000 00:00 0 
7f6698000000-7f669868d000 rw-p 00000000 00:00 0 
7f669868d000-7f669c000000 ---p 00000000 00:00 0 
7f669c000000-7f669c021000 rw-p 00000000 00:00 0 
7f669c021000-7f66a0000000 ---p 00000000 00:00 0 
7f66a0000000-7f66a0a2c000 rw-p 00000000 00:00 0 
7f66a0a2c000-7f66a4000000 ---p 00000000 00:00 0 
7f66a4000000-7f66a4637000 rw-p 00000000 00:00 0 
7f66a4637000-7f66a8000000 ---p 00000000 00:00 0 
7f66a8000000-7f66a8021000 rw-p 00000000 00:00 0 
7f66a8021000-7f66ac000000 ---p 00000000 00:00 0 
7f66ac000000-7f66ac693000 rw-p 00000000 00:00 0 
7f66ac693000-7f66b0000000 ---p 00000000 00:00 0 
7f66b0000000-7f66b0021000 rw-p 00000000 00:00 0 
7f66b0021000-7f66b4000000 ---p 00000000 00:00 0 
7f66b4000000-7f66b4021000 rw-p 00000000 00:00 0 
7f66b4021000-7f66b8000000 ---p 00000000 00:00 0 
7f66b8000000-7f66b8021000 rw-p 00000000 00:00 0 
7f66b8021000-7f66bc000000 ---p 00000000 00:00 0 
7f66bdfed000-7f66bdff0000 ---p 00000000 00:00 0 
7f66bdff0000-7f66be0ee000 rw-p 00000000 00:00 0                          [stack:25660]
7f66be0ee000-7f66be0f1000 ---p 00000000 00:00 0 
7f66be0f1000-7f66be1ef000 rw-p 00000000 00:00 0                          [stack:25659]
7f66be1ef000-7f66be1f2000 ---p 00000000 00:00 0 
7f66be1f2000-7f66be2f0000 rw-p 00000000 00:00 0                          [stack:25658]
7f66be2f0000-7f66be2f3000 ---p 00000000 00:00 0 
7f66be2f3000-7f66be3f1000 rw-p 00000000 00:00 0                          [stack:25657]
7f66be3f1000-7f66be3f4000 ---p 00000000 00:00 0 
7f66be3f4000-7f66be4f2000 rw-p 00000000 00:00 0                          [stack:25656]
7f66be4f2000-7f66be4fb000 r--s 00055000 08:16 3152182                    /home/pc2/Desktop/Android/SOSapp/SOSapp/app/build/intermediates/exploded-aar/com.google.android.gms/play-services-fitness/8.4.0/jars/classes.jar
7f66be4fb000-7f66be50a000 r--s 000df000 08:16 3674186                    /root/Android/Sdk/build-tools/23.0.3/lib/dx.jar
7f66be50a000-7f66be50b000 ---p 00000000 00:00 0 
7f66be50b000-7f66be60b000 rw-p 00000000 00:00 0                          [stack:25655]
7f66be60b000-7f66be60e000 ---p 00000000 00:00 0 
7f66be60e000-7f66be70c000 rw-p 00000000 00:00 0                          [stack:25654]
7f66be70c000-7f66be70f000 ---p 00000000 00:00 0 
7f66be70f000-7f66be80d000 rw-p 00000000 00:00 0                          [stack:25653]
7f66be80d000-7f66be810000 ---p 00000000 00:00 0 
7f66be810000-7f66be90e000 rw-p 00000000 00:00 0                          [stack:25652]
7f66be90e000-7f66be911000 ---p 00000000 00:00 0 
7f66be911000-7f66bea0f000 rw-p 00000000 00:00 0                          [stack:25651]
7f66bea0f000-7f66bea12000 ---p 00000000 00:00 0 
7f66bea12000-7f66beb10000 rw-p 00000000 00:00 0                          [stack:25650]
7f66beb10000-7f66beb13000 ---p 00000000 00:00 0 
7f66beb13000-7f66bec11000 rw-p 00000000 00:00 0                          [stack:25649]
7f66bec11000-7f66bf2f3000 r--p 00000000 08:16 531444                     /usr/lib/locale/locale-archive
7f66bf2f3000-7f66bf2f6000 ---p 00000000 00:00 0 
7f66bf2f6000-7f66bf3f4000 rw-p 00000000 00:00 0                          [stack:25648]
7f66bf3f4000-7f66bf3f7000 ---p 00000000 00:00 0 
7f66bf3f7000-7f66bf4f5000 rw-p 00000000 00:00 0                          [stack:25647]
7f66bf4f5000-7f66bf4f6000 ---p 00000000 00:00 0 
7f66bf4f6000-7f66c0000000 rw-p 00000000 00:00 0                          [stack:25646]
7f66c0000000-7f66c0021000 rw-p 00000000 00:00 0 
7f66c0021000-7f66c4000000 ---p 00000000 00:00 0 
7f66c4000000-7f66c4021000 rw-p 00000000 00:00 0 
7f66c4021000-7f66c8000000 ---p 00000000 00:00 0 
7f66c8000000-7f66c8021000 rw-p 00000000 00:00 0 
7f66c8021000-7f66cc000000 ---p 00000000 00:00 0 
7f66cc000000-7f66cc021000 rw-p 00000000 00:00 0 
7f66cc021000-7f66d0000000 ---p 00000000 00:00 0 
7f66d0000000-7f66d0021000 rw-p 00000000 00:00 0 
7f66d0021000-7f66d4000000 ---p 00000000 00:00 0 
7f66d4000000-7f66d4021000 rw-p 00000000 00:00 0 
7f66d4021000-7f66d8000000 ---p 00000000 00:00 0 
7f66d8000000-7f66d8021000 rw-p 00000000 00:00 0 
7f66d8021000-7f66dc000000 ---p 00000000 00:00 0 
7f66dc000000-7f66dc021000 rw-p 00000000 00:00 0 
7f66dc021000-7f66e0000000 ---p 00000000 00:00 0 
7f66e0005000-7f66e0020000 r--s 001d7000 08:16 1971917                    /usr/lib/jvm/java-8-openjdk-amd64/jre/lib/ext/nashorn.jar
7f66e0020000-7f66e002a000 r--s 00116000 08:16 1972026                    /usr/lib/jvm/java-8-openjdk-amd64/jre/lib/ext/localedata.jar
7f66e002a000-7f66e0046000 r--s 00393000 08:16 1971986                    /usr/lib/jvm/java-8-openjdk-amd64/jre/lib/ext/cldrdata.jar
7f66e0046000-7f66e128b000 rw-p 00000000 00:00 0 
7f66e128b000-7f66e1458000 r--s 03be7000 08:16 1328837                    /usr/lib/jvm/java-8-openjdk-amd64/jre/lib/rt.jar
7f66e1458000-7f66e1b4e000 rw-p 00000000 00:00 0 
7f66e1b4e000-7f66e1cce000 ---p 00000000 00:00 0 
7f66e1cce000-7f66e3ece000 rw-p 00000000 00:00 0 
7f66e3ece000-7f66e3ecf000 ---p 00000000 00:00 0 
7f66e3ecf000-7f66e3fcf000 rw-p 00000000 00:00 0                          [stack:25645]
7f66e3fcf000-7f66e3fd0000 ---p 00000000 00:00 0 
7f66e3fd0000-7f66e40d0000 rw-p 00000000 00:00 0                          [stack:25644]
7f66e40d0000-7f66e40d1000 ---p 00000000 00:00 0 
7f66e40d1000-7f66e41d1000 rw-p 00000000 00:00 0                          [stack:25643]
7f66e41d1000-7f66e41d2000 ---p 00000000 00:00 0 
7f66e41d2000-7f66e42d2000 rw-p 00000000 00:00 0                          [stack:25642]
7f66e42d2000-7f66e42d3000 ---p 00000000 00:00 0 
7f66e42d3000-7f66e43d3000 rw-p 00000000 00:00 0                          [stack:25641]
7f66e43d3000-7f66e43d4000 ---p 00000000 00:00 0 
7f66e43d4000-7f66e44d4000 rw-p 00000000 00:00 0                          [stack:25640]
7f66e44d4000-7f66e44d5000 ---p 00000000 00:00 0 
7f66e44d5000-7f66e45d5000 rw-p 00000000 00:00 0                          [stack:25639]
7f66e45d5000-7f66e45d6000 ---p 00000000 00:00 0 
7f66e45d6000-7f66e4700000 rw-p 00000000 00:00 0                          [stack:25638]
7f66e4700000-7f66e482c000 ---p 00000000 00:00 0 
7f66e482c000-7f66e4841000 rw-p 00000000 00:00 0 
7f66e4841000-7f66e4bec000 ---p 00000000 00:00 0 
7f66e4bec000-7f66e511c000 rwxp 00000000 00:00 0 
7f66e511c000-7f66f3bec000 ---p 00000000 00:00 0 
7f66f3bec000-7f66f3bf4000 r-xp 00000000 08:16 1444986                    /usr/lib/jvm/java-8-openjdk-amd64/jre/lib/amd64/libzip.so
7f66f3bf4000-7f66f3df3000 ---p 00008000 08:16 1444986                    /usr/lib/jvm/java-8-openjdk-amd64/jre/lib/amd64/libzip.so
7f66f3df3000-7f66f3df4000 r--p 00007000 08:16 1444986                    /usr/lib/jvm/java-8-openjdk-amd64/jre/lib/amd64/libzip.so
7f66f3df4000-7f66f3df5000 rw-p 00008000 08:16 1444986                    /usr/lib/jvm/java-8-openjdk-amd64/jre/lib/amd64/libzip.so
7f66f3df5000-7f66f3dff000 r-xp 00000000 08:16 3413541                    /lib/x86_64-linux-gnu/libnss_files-2.19.so
7f66f3dff000-7f66f3ffe000 ---p 0000a000 08:16 3413541                    /lib/x86_64-linux-gnu/libnss_files-2.19.so
7f66f3ffe000-7f66f3fff000 r--p 00009000 08:16 3413541                    /lib/x86_64-linux-gnu/libnss_files-2.19.so
7f66f3fff000-7f66f4000000 rw-p 0000a000 08:16 3413541                    /lib/x86_64-linux-gnu/libnss_files-2.19.so
7f66f4000000-7f66f41d2000 rw-p 00000000 00:00 0 
7f66f41d2000-7f66f8000000 ---p 00000000 00:00 0 
7f66f8006000-7f66f8031000 rw-p 00000000 00:00 0 
7f66f8031000-7f66f815c000 ---p 00000000 00:00 0 
7f66f815c000-7f66f8181000 rw-p 00000000 00:00 0 
7f66f8181000-7f66f8207000 ---p 00000000 00:00 0 
7f66f8207000-7f66f8208000 rw-p 00000000 00:00 0 
7f66f8208000-7f66f8213000 r-xp 00000000 08:16 3413533                    /lib/x86_64-linux-gnu/libnss_nis-2.19.so
7f66f8213000-7f66f8412000 ---p 0000b000 08:16 3413533                    /lib/x86_64-linux-gnu/libnss_nis-2.19.so
7f66f8412000-7f66f8413000 r--p 0000a000 08:16 3413533                    /lib/x86_64-linux-gnu/libnss_nis-2.19.so
7f66f8413000-7f66f8414000 rw-p 0000b000 08:16 3413533                    /lib/x86_64-linux-gnu/libnss_nis-2.19.so
7f66f8414000-7f66f842b000 r-xp 00000000 08:16 3413529                    /lib/x86_64-linux-gnu/libnsl-2.19.so
7f66f842b000-7f66f862a000 ---p 00017000 08:16 3413529                    /lib/x86_64-linux-gnu/libnsl-2.19.so
7f66f862a000-7f66f862b000 r--p 00016000 08:16 3413529                    /lib/x86_64-linux-gnu/libnsl-2.19.so
7f66f862b000-7f66f862c000 rw-p 00017000 08:16 3413529                    /lib/x86_64-linux-gnu/libnsl-2.19.so
7f66f862c000-7f66f862e000 rw-p 00000000 00:00 0 
7f66f862e000-7f66f8637000 r-xp 00000000 08:16 3413528                    /lib/x86_64-linux-gnu/libnss_compat-2.19.so
7f66f8637000-7f66f8836000 ---p 00009000 08:16 3413528                    /lib/x86_64-linux-gnu/libnss_compat-2.19.so
7f66f8836000-7f66f8837000 r--p 00008000 08:16 3413528                    /lib/x86_64-linux-gnu/libnss_compat-2.19.so
7f66f8837000-7f66f8838000 rw-p 00009000 08:16 3413528                    /lib/x86_64-linux-gnu/libnss_compat-2.19.so
7f66f8838000-7f66f8864000 r-xp 00000000 08:16 1444413                    /usr/lib/jvm/java-8-openjdk-amd64/jre/lib/amd64/libjava.so
7f66f8864000-7f66f8a64000 ---p 0002c000 08:16 1444413                    /usr/lib/jvm/java-8-openjdk-amd64/jre/lib/amd64/libjava.so
7f66f8a64000-7f66f8a65000 r--p 0002c000 08:16 1444413                    /usr/lib/jvm/java-8-openjdk-amd64/jre/lib/amd64/libjava.so
7f66f8a65000-7f66f8a67000 rw-p 0002d000 08:16 1444413                    /usr/lib/jvm/java-8-openjdk-amd64/jre/lib/amd64/libjava.so
7f66f8a67000-7f66f8a77000 r-xp 00000000 08:16 1444420                    /usr/lib/jvm/java-8-openjdk-amd64/jre/lib/amd64/libverify.so
7f66f8a77000-7f66f8c76000 ---p 00010000 08:16 1444420                    /usr/lib/jvm/java-8-openjdk-amd64/jre/lib/amd64/libverify.so
7f66f8c76000-7f66f8c78000 r--p 0000f000 08:16 1444420                    /usr/lib/jvm/java-8-openjdk-amd64/jre/lib/amd64/libverify.so
7f66f8c78000-7f66f8c79000 rw-p 00011000 08:16 1444420                    /usr/lib/jvm/java-8-openjdk-amd64/jre/lib/amd64/libverify.so
7f66f8c79000-7f66f8c80000 r-xp 00000000 08:16 3413537                    /lib/x86_64-linux-gnu/librt-2.19.so
7f66f8c80000-7f66f8e7f000 ---p 00007000 08:16 3413537                    /lib/x86_64-linux-gnu/librt-2.19.so
7f66f8e7f000-7f66f8e80000 r--p 00006000 08:16 3413537                    /lib/x86_64-linux-gnu/librt-2.19.so
7f66f8e80000-7f66f8e81000 rw-p 00007000 08:16 3413537                    /lib/x86_64-linux-gnu/librt-2.19.so
7f66f8e81000-7f66f8e97000 r-xp 00000000 08:16 3413520                    /lib/x86_64-linux-gnu/libgcc_s.so.1
7f66f8e97000-7f66f9096000 ---p 00016000 08:16 3413520                    /lib/x86_64-linux-gnu/libgcc_s.so.1
7f66f9096000-7f66f9097000 rw-p 00015000 08:16 3413520                    /lib/x86_64-linux-gnu/libgcc_s.so.1
7f66f9097000-7f66f919c000 r-xp 00000000 08:16 3413523                    /lib/x86_64-linux-gnu/libm-2.19.so
7f66f919c000-7f66f939b000 ---p 00105000 08:16 3413523                    /lib/x86_64-linux-gnu/libm-2.19.so
7f66f939b000-7f66f939c000 r--p 00104000 08:16 3413523                    /lib/x86_64-linux-gnu/libm-2.19.so
7f66f939c000-7f66f939d000 rw-p 00105000 08:16 3413523                    /lib/x86_64-linux-gnu/libm-2.19.so
7f66f939d000-7f66f9483000 r-xp 00000000 08:16 524323                     /usr/lib/x86_64-linux-gnu/libstdc++.so.6.0.19
7f66f9483000-7f66f9682000 ---p 000e6000 08:16 524323                     /usr/lib/x86_64-linux-gnu/libstdc++.so.6.0.19
7f66f9682000-7f66f968a000 r--p 000e5000 08:16 524323                     /usr/lib/x86_64-linux-gnu/libstdc++.so.6.0.19
7f66f968a000-7f66f968c000 rw-p 000ed000 08:16 524323                     /usr/lib/x86_64-linux-gnu/libstdc++.so.6.0.19
7f66f968c000-7f66f96a1000 rw-p 00000000 00:00 0 
7f66f96a1000-7f66fa28f000 r-xp 00000000 08:16 1574165                    /usr/lib/jvm/java-8-openjdk-amd64/jre/lib/amd64/server/libjvm.so
7f66fa28f000-7f66fa48f000 ---p 00bee000 08:16 1574165                    /usr/lib/jvm/java-8-openjdk-amd64/jre/lib/amd64/server/libjvm.so
7f66fa48f000-7f66fa52d000 r--p 00bee000 08:16 1574165                    /usr/lib/jvm/java-8-openjdk-amd64/jre/lib/amd64/server/libjvm.so
7f66fa52d000-7f66fa556000 rw-p 00c8c000 08:16 1574165                    /usr/lib/jvm/java-8-openjdk-amd64/jre/lib/amd64/server/libjvm.so
7f66fa556000-7f66fa588000 rw-p 00000000 00:00 0 
7f66fa588000-7f66fa5a1000 r-xp 00000000 08:16 3413530                    /lib/x86_64-linux-gnu/libpthread-2.19.so
7f66fa5a1000-7f66fa7a0000 ---p 00019000 08:16 3413530                    /lib/x86_64-linux-gnu/libpthread-2.19.so
7f66fa7a0000-7f66fa7a1000 r--p 00018000 08:16 3413530                    /lib/x86_64-linux-gnu/libpthread-2.19.so
7f66fa7a1000-7f66fa7a2000 rw-p 00019000 08:16 3413530                    /lib/x86_64-linux-gnu/libpthread-2.19.so
7f66fa7a2000-7f66fa7a6000 rw-p 00000000 00:00 0 
7f66fa7a6000-7f66fa7a9000 r-xp 00000000 08:16 3413525                    /lib/x86_64-linux-gnu/libdl-2.19.so
7f66fa7a9000-7f66fa9a8000 ---p 00003000 08:16 3413525                    /lib/x86_64-linux-gnu/libdl-2.19.so
7f66fa9a8000-7f66fa9a9000 r--p 00002000 08:16 3413525                    /lib/x86_64-linux-gnu/libdl-2.19.so
7f66fa9a9000-7f66fa9aa000 rw-p 00003000 08:16 3413525                    /lib/x86_64-linux-gnu/libdl-2.19.so
7f66fa9aa000-7f66fa9c2000 r-xp 00000000 08:16 3412060                    /lib/x86_64-linux-gnu/libz.so.1.2.8
7f66fa9c2000-7f66fabc1000 ---p 00018000 08:16 3412060                    /lib/x86_64-linux-gnu/libz.so.1.2.8
7f66fabc1000-7f66fabc2000 r--p 00017000 08:16 3412060                    /lib/x86_64-linux-gnu/libz.so.1.2.8
7f66fabc2000-7f66fabc3000 rw-p 00018000 08:16 3412060                    /lib/x86_64-linux-gnu/libz.so.1.2.8
7f66fabc3000-7f66fad7d000 r-xp 00000000 08:16 3413538                    /lib/x86_64-linux-gnu/libc-2.19.so
7f66fad7d000-7f66faf7d000 ---p 001ba000 08:16 3413538                    /lib/x86_64-linux-gnu/libc-2.19.so
7f66faf7d000-7f66faf81000 r--p 001ba000 08:16 3413538                    /lib/x86_64-linux-gnu/libc-2.19.so
7f66faf81000-7f66faf83000 rw-p 001be000 08:16 3413538                    /lib/x86_64-linux-gnu/libc-2.19.so
7f66faf83000-7f66faf88000 rw-p 00000000 00:00 0 
7f66faf88000-7f66faf95000 r-xp 00000000 08:16 1574169                    /usr/lib/jvm/java-8-openjdk-amd64/jre/lib/amd64/jli/libjli.so
7f66faf95000-7f66fb195000 ---p 0000d000 08:16 1574169                    /usr/lib/jvm/java-8-openjdk-amd64/jre/lib/amd64/jli/libjli.so
7f66fb195000-7f66fb196000 r--p 0000d000 08:16 1574169                    /usr/lib/jvm/java-8-openjdk-amd64/jre/lib/amd64/jli/libjli.so
7f66fb196000-7f66fb197000 rw-p 0000e000 08:16 1574169                    /usr/lib/jvm/java-8-openjdk-amd64/jre/lib/amd64/jli/libjli.so
7f66fb197000-7f66fb1ba000 r-xp 00000000 08:16 3413531                    /lib/x86_64-linux-gnu/ld-2.19.so
7f66fb1ba000-7f66fb1c0000 r--s 0003a000 08:16 1972006                    /usr/lib/jvm/java-8-openjdk-amd64/jre/lib/ext/sunjce_provider.jar
7f66fb1c0000-7f66fb1c2000 r--s 00006000 08:16 924865                     /usr/share/java/java-atk-wrapper.jar
7f66fb1c2000-7f66fb29b000 rw-p 00000000 00:00 0 
7f66fb29b000-7f66fb29e000 ---p 00000000 00:00 0 
7f66fb29e000-7f66fb3a1000 rw-p 00000000 00:00 0                          [stack:25637]
7f66fb3a1000-7f66fb3a2000 r--s 00008000 08:16 1971996                    /usr/lib/jvm/java-8-openjdk-amd64/jre/lib/ext/sunec.jar
7f66fb3a2000-7f66fb3a5000 r--s 0000f000 08:16 1972013                    /usr/lib/jvm/java-8-openjdk-amd64/jre/lib/ext/icedtea-sound.jar
7f66fb3a5000-7f66fb3a7000 r--s 00001000 08:16 1971942                    /usr/lib/jvm/java-8-openjdk-amd64/jre/lib/ext/dnsns.jar
7f66fb3a7000-7f66fb3a8000 r--s 0000a000 08:16 1972003                    /usr/lib/jvm/java-8-openjdk-amd64/jre/lib/ext/jaccess.jar
7f66fb3a8000-7f66fb3a9000 r--s 00010000 08:16 1972005                    /usr/lib/jvm/java-8-openjdk-amd64/jre/lib/ext/zipfs.jar
7f66fb3a9000-7f66fb3ad000 r--s 00037000 08:16 1972031                    /usr/lib/jvm/java-8-openjdk-amd64/jre/lib/ext/sunpkcs11.jar
7f66fb3ad000-7f66fb3b5000 rw-s 00000000 08:16 4473107                    /tmp/hsperfdata_root/25633
7f66fb3b5000-7f66fb3b6000 rw-p 00000000 00:00 0 
7f66fb3b6000-7f66fb3b7000 ---p 00000000 00:00 0 
7f66fb3b7000-7f66fb3b9000 rw-p 00000000 00:00 0 
7f66fb3b9000-7f66fb3ba000 r--p 00022000 08:16 3413531                    /lib/x86_64-linux-gnu/ld-2.19.so
7f66fb3ba000-7f66fb3bb000 rw-p 00023000 08:16 3413531                    /lib/x86_64-linux-gnu/ld-2.19.so
7f66fb3bb000-7f66fb3bc000 rw-p 00000000 00:00 0 
7fff5e7e5000-7fff5e806000 rw-p 00000000 00:00 0                          [stack]
7fff5e865000-7fff5e867000 r-xp 00000000 00:00 0                          [vdso]
ffffffffff600000-ffffffffff601000 r-xp 00000000 00:00 0                  [vsyscall]

VM Arguments:
jvm_args: -Djava.awt.headless=true -Xmx1024M -Dfile.encoding=UTF-8 -Duser.country=US -Duser.language=en -Duser.variant 
java_command: com.android.dx.command.Main --dex --num-threads=4 --output /home/pc2/Desktop/Android/SOSapp/SOSapp/app/build/intermediates/pre-dexed/debug/com.google.android.gms-play-services-fitness-8.4.0_5de38b4c5c7d2564749947c7607b0eca8b2c244a.jar /home/pc2/Desktop/Android/SOSapp/SOSapp/app/build/intermediates/exploded-aar/com.google.android.gms/play-services-fitness/8.4.0/jars/classes.jar
java_class_path (initial): /root/Android/Sdk/build-tools/23.0.3/lib/dx.jar
Launcher Type: SUN_STANDARD

Environment Variables:
PATH=/usr/local/sbin:/usr/local/bin:/usr/sbin:/usr/bin:/sbin:/bin
USERNAME=root
LD_LIBRARY_PATH=.:
SHELL=/bin/bash
DISPLAY=:0

Signal Handlers:
SIGSEGV: [libjvm.so+0x9f6230], sa_mask[0]=11111111011111111101111111111110, sa_flags=SA_RESTART|SA_SIGINFO
SIGBUS: [libjvm.so+0x9f6230], sa_mask[0]=11111111011111111101111111111110, sa_flags=SA_RESTART|SA_SIGINFO
SIGFPE: [libjvm.so+0x856c80], sa_mask[0]=11111111011111111101111111111110, sa_flags=SA_RESTART|SA_SIGINFO
SIGPIPE: [libjvm.so+0x856c80], sa_mask[0]=11111111011111111101111111111110, sa_flags=SA_RESTART|SA_SIGINFO
SIGXFSZ: [libjvm.so+0x856c80], sa_mask[0]=11111111011111111101111111111110, sa_flags=SA_RESTART|SA_SIGINFO
SIGILL: [libjvm.so+0x856c80], sa_mask[0]=11111111011111111101111111111110, sa_flags=SA_RESTART|SA_SIGINFO
SIGUSR1: SIG_DFL, sa_mask[0]=00000000000000000000000000000000, sa_flags=none
SIGUSR2: [libjvm.so+0x856b50], sa_mask[0]=00100000000000000000000000000000, sa_flags=SA_RESTART|SA_SIGINFO
SIGHUP: [libjvm.so+0x856d40], sa_mask[0]=11111111011111111101111111111110, sa_flags=SA_RESTART|SA_SIGINFO
SIGINT: [libjvm.so+0x856d40], sa_mask[0]=11111111011111111101111111111110, sa_flags=SA_RESTART|SA_SIGINFO
SIGTERM: [libjvm.so+0x856d40], sa_mask[0]=11111111011111111101111111111110, sa_flags=SA_RESTART|SA_SIGINFO
SIGQUIT: [libjvm.so+0x856d40], sa_mask[0]=11111111011111111101111111111110, sa_flags=SA_RESTART|SA_SIGINFO


---------------  S Y S T E M  ---------------

OS:DISTRIB_ID=Ubuntu
DISTRIB_RELEASE=14.04
DISTRIB_CODENAME=trusty
DISTRIB_DESCRIPTION="Ubuntu 14.04.4 LTS"

uname:Linux 3.13.0-91-generic #138-Ubuntu SMP Fri Jun 24 17:00:34 UTC 2016 x86_64
libc:glibc 2.19 NPTL 2.19 
rlimit: STACK 8192k, CORE 0k, NPROC 62225, NOFILE 4096, AS infinity
load average:34.02 11.27 4.59

/proc/meminfo:
MemTotal:        8054008 kB
MemFree:          125760 kB
Buffers:             376 kB
Cached:           911816 kB
SwapCached:            0 kB
Active:          6756728 kB
Inactive:         889060 kB
Active(anon):    6742636 kB
Inactive(anon):   871540 kB
Active(file):      14092 kB
Inactive(file):    17520 kB
Unevictable:          48 kB
Mlocked:              48 kB
SwapTotal:             0 kB
SwapFree:              0 kB
Dirty:               536 kB
Writeback:             0 kB
AnonPages:       6735228 kB
Mapped:           414332 kB
Shmem:            878876 kB
Slab:             106752 kB
SReclaimable:      46880 kB
SUnreclaim:        59872 kB
KernelStack:        9960 kB
PageTables:        71532 kB
NFS_Unstable:          0 kB
Bounce:                0 kB
WritebackTmp:          0 kB
CommitLimit:     4027004 kB
Committed_AS:   17040480 kB
VmallocTotal:   34359738367 kB
VmallocUsed:      556980 kB
VmallocChunk:   34359168600 kB
HardwareCorrupted:     0 kB
AnonHugePages:   2207744 kB
HugePages_Total:       0
HugePages_Free:        0
HugePages_Rsvd:        0
HugePages_Surp:        0
Hugepagesize:       2048 kB
DirectMap4k:       99072 kB
DirectMap2M:     3973120 kB
DirectMap1G:     4194304 kB


CPU:total 8 (4 cores per cpu, 2 threads per core) family 6 model 60 stepping 3, cmov, cx8, fxsr, mmx, sse, sse2, sse3, ssse3, sse4.1, sse4.2, popcnt, avx, avx2, aes, clmul, erms, lzcnt, ht, tsc, tscinvbit, bmi1, bmi2

/proc/cpuinfo:
processor	: 0
vendor_id	: GenuineIntel
cpu family	: 6
model		: 60
model name	: Intel(R) Core(TM) i7-4702MQ CPU @ 2.20GHz
stepping	: 3
microcode	: 0x17
cpu MHz		: 2201.000
cache size	: 6144 KB
physical id	: 0
siblings	: 8
core id		: 0
cpu cores	: 4
apicid		: 0
initial apicid	: 0
fpu		: yes
fpu_exception	: yes
cpuid level	: 13
wp		: yes
flags		: fpu vme de pse tsc msr pae mce cx8 apic sep mtrr pge mca cmov pat pse36 clflush dts acpi mmx fxsr sse sse2 ss ht tm pbe syscall nx pdpe1gb rdtscp lm constant_tsc arch_perfmon pebs bts rep_good nopl xtopology nonstop_tsc aperfmperf eagerfpu pni pclmulqdq dtes64 monitor ds_cpl vmx est tm2 ssse3 fma cx16 xtpr pdcm pcid sse4_1 sse4_2 movbe popcnt tsc_deadline_timer aes xsave avx f16c rdrand lahf_lm abm ida arat epb xsaveopt pln pts dtherm tpr_shadow vnmi flexpriority ept vpid fsgsbase tsc_adjust bmi1 avx2 smep bmi2 erms invpcid
bogomips	: 4389.83
clflush size	: 64
cache_alignment	: 64
address sizes	: 39 bits physical, 48 bits virtual
power management:

processor	: 1
vendor_id	: GenuineIntel
cpu family	: 6
model		: 60
model name	: Intel(R) Core(TM) i7-4702MQ CPU @ 2.20GHz
stepping	: 3
microcode	: 0x17
cpu MHz		: 2201.000
cache size	: 6144 KB
physical id	: 0
siblings	: 8
core id		: 0
cpu cores	: 4
apicid		: 1
initial apicid	: 1
fpu		: yes
fpu_exception	: yes
cpuid level	: 13
wp		: yes
flags		: fpu vme de pse tsc msr pae mce cx8 apic sep mtrr pge mca cmov pat pse36 clflush dts acpi mmx fxsr sse sse2 ss ht tm pbe syscall nx pdpe1gb rdtscp lm constant_tsc arch_perfmon pebs bts rep_good nopl xtopology nonstop_tsc aperfmperf eagerfpu pni pclmulqdq dtes64 monitor ds_cpl vmx est tm2 ssse3 fma cx16 xtpr pdcm pcid sse4_1 sse4_2 movbe popcnt tsc_deadline_timer aes xsave avx f16c rdrand lahf_lm abm ida arat epb xsaveopt pln pts dtherm tpr_shadow vnmi flexpriority ept vpid fsgsbase tsc_adjust bmi1 avx2 smep bmi2 erms invpcid
bogomips	: 4389.83
clflush size	: 64
cache_alignment	: 64
address sizes	: 39 bits physical, 48 bits virtual
power management:

processor	: 2
vendor_id	: GenuineIntel
cpu family	: 6
model		: 60
model name	: Intel(R) Core(TM) i7-4702MQ CPU @ 2.20GHz
stepping	: 3
microcode	: 0x17
cpu MHz		: 2201.000
cache size	: 6144 KB
physical id	: 0
siblings	: 8
core id		: 1
cpu cores	: 4
apicid		: 2
initial apicid	: 2
fpu		: yes
fpu_exception	: yes
cpuid level	: 13
wp		: yes
flags		: fpu vme de pse tsc msr pae mce cx8 apic sep mtrr pge mca cmov pat pse36 clflush dts acpi mmx fxsr sse sse2 ss ht tm pbe syscall nx pdpe1gb rdtscp lm constant_tsc arch_perfmon pebs bts rep_good nopl xtopology nonstop_tsc aperfmperf eagerfpu pni pclmulqdq dtes64 monitor ds_cpl vmx est tm2 ssse3 fma cx16 xtpr pdcm pcid sse4_1 sse4_2 movbe popcnt tsc_deadline_timer aes xsave avx f16c rdrand lahf_lm abm ida arat epb xsaveopt pln pts dtherm tpr_shadow vnmi flexpriority ept vpid fsgsbase tsc_adjust bmi1 avx2 smep bmi2 erms invpcid
bogomips	: 4389.83
clflush size	: 64
cache_alignment	: 64
address sizes	: 39 bits physical, 48 bits virtual
power management:

processor	: 3
vendor_id	: GenuineIntel
cpu family	: 6
model		: 60
model name	: Intel(R) Core(TM) i7-4702MQ CPU @ 2.20GHz
stepping	: 3
microcode	: 0x17
cpu MHz		: 2201.000
cache size	: 6144 KB
physical id	: 0
siblings	: 8
core id		: 1
cpu cores	: 4
apicid		: 3
initial apicid	: 3
fpu		: yes
fpu_exception	: yes
cpuid level	: 13
wp		: yes
flags		: fpu vme de pse tsc msr pae mce cx8 apic sep mtrr pge mca cmov pat pse36 clflush dts acpi mmx fxsr sse sse2 ss ht tm pbe syscall nx pdpe1gb rdtscp lm constant_tsc arch_perfmon pebs bts rep_good nopl xtopology nonstop_tsc aperfmperf eagerfpu pni pclmulqdq dtes64 monitor ds_cpl vmx est tm2 ssse3 fma cx16 xtpr pdcm pcid sse4_1 sse4_2 movbe popcnt tsc_deadline_timer aes xsave avx f16c rdrand lahf_lm abm ida arat epb xsaveopt pln pts dtherm tpr_shadow vnmi flexpriority ept vpid fsgsbase tsc_adjust bmi1 avx2 smep bmi2 erms invpcid
bogomips	: 4389.83
clflush size	: 64
cache_alignment	: 64
address sizes	: 39 bits physical, 48 bits virtual
power management:

processor	: 4
vendor_id	: GenuineIntel
cpu family	: 6
model		: 60
model name	: Intel(R) Core(TM) i7-4702MQ CPU @ 2.20GHz
stepping	: 3
microcode	: 0x17
cpu MHz		: 2201.000
cache size	: 6144 KB
physical id	: 0
siblings	: 8
core id		: 2
cpu cores	: 4
apicid		: 4
initial apicid	: 4
fpu		: yes
fpu_exception	: yes
cpuid level	: 13
wp		: yes
flags		: fpu vme de pse tsc msr pae mce cx8 apic sep mtrr pge mca cmov pat pse36 clflush dts acpi mmx fxsr sse sse2 ss ht tm pbe syscall nx pdpe1gb rdtscp lm constant_tsc arch_perfmon pebs bts rep_good nopl xtopology nonstop_tsc aperfmperf eagerfpu pni pclmulqdq dtes64 monitor ds_cpl vmx est tm2 ssse3 fma cx16 xtpr pdcm pcid sse4_1 sse4_2 movbe popcnt tsc_deadline_timer aes xsave avx f16c rdrand lahf_lm abm ida arat epb xsaveopt pln pts dtherm tpr_shadow vnmi flexpriority ept vpid fsgsbase tsc_adjust bmi1 avx2 smep bmi2 erms invpcid
bogomips	: 4389.83
clflush size	: 64
cache_alignment	: 64
address sizes	: 39 bits physical, 48 bits virtual
power management:

processor	: 5
vendor_id	: GenuineIntel
cpu family	: 6
model		: 60
model name	: Intel(R) Core(TM) i7-4702MQ CPU @ 2.20GHz
stepping	: 3
microcode	: 0x17
cpu MHz		: 2201.000
cache size	: 6144 KB
physical id	: 0
siblings	: 8
core id		: 2
cpu cores	: 4
apicid		: 5
initial apicid	: 5
fpu		: yes
fpu_exception	: yes
cpuid level	: 13
wp		: yes
flags		: fpu vme de pse tsc msr pae mce cx8 apic sep mtrr pge mca cmov pat pse36 clflush dts acpi mmx fxsr sse sse2 ss ht tm pbe syscall nx pdpe1gb rdtscp lm constant_tsc arch_perfmon pebs bts rep_good nopl xtopology nonstop_tsc aperfmperf eagerfpu pni pclmulqdq dtes64 monitor ds_cpl vmx est tm2 ssse3 fma cx16 xtpr pdcm pcid sse4_1 sse4_2 movbe popcnt tsc_deadline_timer aes xsave avx f16c rdrand lahf_lm abm ida arat epb xsaveopt pln pts dtherm tpr_shadow vnmi flexpriority ept vpid fsgsbase tsc_adjust bmi1 avx2 smep bmi2 erms invpcid
bogomips	: 4389.83
clflush size	: 64
cache_alignment	: 64
address sizes	: 39 bits physical, 48 bits virtual
power management:

processor	: 6
vendor_id	: GenuineIntel
cpu family	: 6
model		: 60
model name	: Intel(R) Core(TM) i7-4702MQ CPU @ 2.20GHz
stepping	: 3
microcode	: 0x17
cpu MHz		: 2201.000
cache size	: 6144 KB
physical id	: 0
siblings	: 8
core id		: 3
cpu cores	: 4
apicid		: 6
initial apicid	: 6
fpu		: yes
fpu_exception	: yes
cpuid level	: 13
wp		: yes
flags		: fpu vme de pse tsc msr pae mce cx8 apic sep mtrr pge mca cmov pat pse36 clflush dts acpi mmx fxsr sse sse2 ss ht tm pbe syscall nx pdpe1gb rdtscp lm constant_tsc arch_perfmon pebs bts rep_good nopl xtopology nonstop_tsc aperfmperf eagerfpu pni pclmulqdq dtes64 monitor ds_cpl vmx est tm2 ssse3 fma cx16 xtpr pdcm pcid sse4_1 sse4_2 movbe popcnt tsc_deadline_timer aes xsave avx f16c rdrand lahf_lm abm ida arat epb xsaveopt pln pts dtherm tpr_shadow vnmi flexpriority ept vpid fsgsbase tsc_adjust bmi1 avx2 smep bmi2 erms invpcid
bogomips	: 4389.83
clflush size	: 64
cache_alignment	: 64
address sizes	: 39 bits physical, 48 bits virtual
power management:

processor	: 7
vendor_id	: GenuineIntel
cpu family	: 6
model		: 60
model name	: Intel(R) Core(TM) i7-4702MQ CPU @ 2.20GHz
stepping	: 3
microcode	: 0x17
cpu MHz		: 2201.000
cache size	: 6144 KB
physical id	: 0
siblings	: 8
core id		: 3
cpu cores	: 4
apicid		: 7
initial apicid	: 7
fpu		: yes
fpu_exception	: yes
cpuid level	: 13
wp		: yes
flags		: fpu vme de pse tsc msr pae mce cx8 apic sep mtrr pge mca cmov pat pse36 clflush dts acpi mmx fxsr sse sse2 ss ht tm pbe syscall nx pdpe1gb rdtscp lm constant_tsc arch_perfmon pebs bts rep_good nopl xtopology nonstop_tsc aperfmperf eagerfpu pni pclmulqdq dtes64 monitor ds_cpl vmx est tm2 ssse3 fma cx16 xtpr pdcm pcid sse4_1 sse4_2 movbe popcnt tsc_deadline_timer aes xsave avx f16c rdrand lahf_lm abm ida arat epb xsaveopt pln pts dtherm tpr_shadow vnmi flexpriority ept vpid fsgsbase tsc_adjust bmi1 avx2 smep bmi2 erms invpcid
bogomips	: 4389.83
clflush size	: 64
cache_alignment	: 64
address sizes	: 39 bits physical, 48 bits virtual
power management:



Memory: 4k page, physical 8054008k(125512k free), swap 0k(0k free)

vm_info: OpenJDK 64-Bit Server VM (25.91-b14) for linux-amd64 JRE (1.8.0_91-8u91-b14-0ubuntu4~14.04-b14), built on Apr 22 2016 12:27:31 by "buildd" with gcc 4.8.2

time: Mon Jul  4 21:18:14 2016
elapsed time: 5 seconds (0d 0h 0m 5s)

