#
# There is insufficient memory for the Java Runtime Environment to continue.
# Native memory allocation (mmap) failed to map 32505856 bytes for committing reserved memory.
# Possible reasons:
#   The system is out of physical RAM or swap space
#   In 32 bit mode, the process size limit was hit
# Possible solutions:
#   Reduce memory load on the system
#   Increase physical memory or swap space
#   Check if swap backing store is full
#   Use 64 bit Java on a 64 bit OS
#   Decrease Java heap size (-Xmx/-Xms)
#   Decrease number of Java threads
#   Decrease Java thread stack sizes (-Xss)
#   Set larger code cache with -XX:ReservedCodeCacheSize=
# This output file may be truncated or incomplete.
#
#  Out of Memory Error (os_linux.cpp:2630), pid=9327, tid=139727867995904
#
# JRE version: OpenJDK Runtime Environment (8.0_91-b14) (build 1.8.0_91-8u91-b14-0ubuntu4~14.04-b14)
# Java VM: OpenJDK 64-Bit Server VM (25.91-b14 mixed mode linux-amd64 compressed oops)
# Failed to write core dump. Core dumps have been disabled. To enable core dumping, try "ulimit -c unlimited" before starting Java again
#

---------------  T H R E A D  ---------------

Current thread (0x00007f1514080000):  VMThread [stack: 0x00007f14eddfe000,0x00007f14edeff000] [id=9349]

Stack: [0x00007f14eddfe000,0x00007f14edeff000],  sp=0x00007f14edefd480,  free space=1021k
Native frames: (J=compiled Java code, j=interpreted, Vv=VM code, C=native code)
V  [libjvm.so+0x9f573d]
V  [libjvm.so+0x4bc3da]
V  [libjvm.so+0x85b0a0]
V  [libjvm.so+0x855b9f]
V  [libjvm.so+0x8cb83b]
V  [libjvm.so+0x8cc4f0]
V  [libjvm.so+0x8cc80b]
V  [libjvm.so+0x8c8f1c]
V  [libjvm.so+0x8c96f8]
V  [libjvm.so+0x87e0d3]
V  [libjvm.so+0x9f7204]
V  [libjvm.so+0x9fb5b7]
V  [libjvm.so+0x9fa078]
V  [libjvm.so+0x9fa4f9]
V  [libjvm.so+0x9fa942]
V  [libjvm.so+0x8584a2]

VM_Operation (0x00007f14ece110a0): ParallelGCFailedAllocation, mode: safepoint, requested by thread 0x00007f151420f000


---------------  P R O C E S S  ---------------

Java Threads: ( => current thread )
  0x00007f1514217800 JavaThread "pool-1-thread-4" [_thread_blocked, id=9489, stack(0x00007f14ec90e000,0x00007f14eca0f000)]
  0x00007f1514215800 JavaThread "pool-1-thread-3" [_thread_blocked, id=9488, stack(0x00007f14eca0f000,0x00007f14ecb10000)]
  0x00007f1514212000 JavaThread "pool-1-thread-2" [_thread_blocked, id=9486, stack(0x00007f14ecb10000,0x00007f14ecc11000)]
  0x00007f1514210800 JavaThread "pool-2-thread-1" [_thread_blocked, id=9483, stack(0x00007f14ecc11000,0x00007f14ecd12000)]
  0x00007f151420f000 JavaThread "pool-1-thread-1" [_thread_blocked, id=9473, stack(0x00007f14ecd12000,0x00007f14ece13000)]
  0x00007f15140cc800 JavaThread "Service Thread" daemon [_thread_blocked, id=9404, stack(0x00007f14ecf14000,0x00007f14ed015000)]
  0x00007f15140bf800 JavaThread "C1 CompilerThread3" daemon [_thread_blocked, id=9401, stack(0x00007f14ed015000,0x00007f14ed116000)]
  0x00007f15140bb000 JavaThread "C2 CompilerThread2" daemon [_thread_blocked, id=9397, stack(0x00007f14ed116000,0x00007f14ed217000)]
  0x00007f15140b9000 JavaThread "C2 CompilerThread1" daemon [_thread_blocked, id=9396, stack(0x00007f14ed217000,0x00007f14ed318000)]
  0x00007f15140b6000 JavaThread "C2 CompilerThread0" daemon [_thread_blocked, id=9393, stack(0x00007f14ed318000,0x00007f14ed419000)]
  0x00007f15140b4000 JavaThread "Signal Dispatcher" daemon [_thread_blocked, id=9385, stack(0x00007f14ed419000,0x00007f14ed51a000)]
  0x00007f151408c000 JavaThread "Finalizer" daemon [_thread_blocked, id=9359, stack(0x00007f14edbfc000,0x00007f14edcfd000)]
  0x00007f1514087800 JavaThread "Reference Handler" daemon [_thread_blocked, id=9356, stack(0x00007f14edcfd000,0x00007f14eddfe000)]
  0x00007f151400a000 JavaThread "main" [_thread_blocked, id=9333, stack(0x00007f151dc00000,0x00007f151dd01000)]

Other Threads:
=>0x00007f1514080000 VMThread [stack: 0x00007f14eddfe000,0x00007f14edeff000] [id=9349]
  0x00007f15140cf000 WatcherThread [stack: 0x00007f14ece13000,0x00007f14ecf14000] [id=9405]

VM state:at safepoint (normal execution)

VM Mutex/Monitor currently owned by a thread:  ([mutex/lock_event])
[0x00007f15140067c0] Threads_lock - owner thread: 0x00007f1514080000
[0x00007f1514006cc0] Heap_lock - owner thread: 0x00007f151420f000

Heap:
 PSYoungGen      total 36864K, used 5109K [0x00000000eab00000, 0x00000000ed400000, 0x0000000100000000)
  eden space 31744K, 0% used [0x00000000eab00000,0x00000000eab00000,0x00000000eca00000)
  from space 5120K, 99% used [0x00000000eca00000,0x00000000ecefd5e0,0x00000000ecf00000)
  to   space 5120K, 0% used [0x00000000ecf00000,0x00000000ecf00000,0x00000000ed400000)
 ParOldGen       total 84992K, used 1516K [0x00000000c0000000, 0x00000000c5300000, 0x00000000eab00000)
  object space 84992K, 1% used [0x00000000c0000000,0x00000000c017b200,0x00000000c5300000)
 Metaspace       used 5683K, capacity 6768K, committed 7040K, reserved 1056768K
  class space    used 569K, capacity 616K, committed 640K, reserved 1048576K

Card table byte_map: [0x00007f151a19a000,0x00007f151a39b000] byte_map_base: 0x00007f1519b9a000

Marking Bits: (ParMarkBitMap*) 0x00007f151ced2080
 Begin Bits: [0x00007f14ee000000, 0x00007f14ef000000)
 End Bits:   [0x00007f14ef000000, 0x00007f14f0000000)

Polling page: 0x00007f151dd1d000

CodeCache: size=245760Kb used=2780Kb max_used=2797Kb free=242979Kb
 bounds [0x00007f1505000000, 0x00007f15052c0000, 0x00007f1514000000]
 total_blobs=985 nmethods=718 adapters=182
 compilation: enabled

Compilation events (10 events):
Event: 1.890 Thread 0x00007f15140b9000 nmethod 694 0x00007f15052b9f50 code [0x00007f15052ba0a0, 0x00007f15052ba118]
Event: 1.890 Thread 0x00007f15140b9000  697       4       com.android.dx.rop.type.Type::equals (31 bytes)
Event: 1.898 Thread 0x00007f15140b9000 nmethod 697 0x00007f15052bd2d0 code [0x00007f15052bd420, 0x00007f15052bd5b8]
Event: 1.898 Thread 0x00007f15140b6000 nmethod 740 0x00007f15052b8610 code [0x00007f15052b8760, 0x00007f15052b8938]
Event: 1.898 Thread 0x00007f15140b6000  809       4       java.util.Arrays::equals (78 bytes)
Event: 1.900 Thread 0x00007f15140b9000  664  s    4       java.util.Vector::add (39 bytes)
Event: 1.929 Thread 0x00007f15140bf800 nmethod 779 0x00007f15052b7f10 code [0x00007f15052b80a0, 0x00007f15052b8450]
Event: 1.929 Thread 0x00007f15140bf800  821       2       com.android.dx.ssa.SsaRenamer$BlockRenamer::addMapping (143 bytes)
Event: 1.929 Thread 0x00007f15140bf800 nmethod 821 0x00007f15052b91d0 code [0x00007f15052b93a0, 0x00007f15052b9988]
Event: 1.929 Thread 0x00007f15140bf800  812       2       com.android.dx.ssa.LocalVariableExtractor::processBlock (383 bytes)

GC Heap History (1 events):
Event: 2.127 GC heap before
{Heap before GC invocations=1 (full 0):
 PSYoungGen      total 36864K, used 31744K [0x00000000eab00000, 0x00000000ed400000, 0x0000000100000000)
  eden space 31744K, 100% used [0x00000000eab00000,0x00000000eca00000,0x00000000eca00000)
  from space 5120K, 0% used [0x00000000ecf00000,0x00000000ecf00000,0x00000000ed400000)
  to   space 5120K, 0% used [0x00000000eca00000,0x00000000eca00000,0x00000000ecf00000)
 ParOldGen       total 84992K, used 0K [0x00000000c0000000, 0x00000000c5300000, 0x00000000eab00000)
  object space 84992K, 0% used [0x00000000c0000000,0x00000000c0000000,0x00000000c5300000)
 Metaspace       used 5683K, capacity 6768K, committed 7040K, reserved 1056768K
  class space    used 569K, capacity 616K, committed 640K, reserved 1048576K

Deoptimization events (10 events):
Event: 0.262 Thread 0x00007f151400a000 Uncommon trap: reason=unstable_if action=reinterpret pc=0x00007f150515b450 method=java.lang.String.indexOf(II)I @ 49
Event: 0.816 Thread 0x00007f1514215800 Uncommon trap: reason=unstable_if action=reinterpret pc=0x00007f1505207000 method=java.util.HashMap.getNode(ILjava/lang/Object;)Ljava/util/HashMap$Node; @ 62
Event: 0.954 Thread 0x00007f1514212000 Uncommon trap: reason=unstable_if action=reinterpret pc=0x00007f150522bb44 method=com.android.dx.rop.code.RegisterSpec.equals(ILcom/android/dx/rop/type/TypeBearer;Lcom/android/dx/rop/code/LocalItem;)Z @ 16
Event: 1.016 Thread 0x00007f1514215800 Uncommon trap: reason=unstable_if action=reinterpret pc=0x00007f150520fdac method=java.util.BitSet.nextSetBit(I)I @ 87
Event: 1.023 Thread 0x00007f1514212000 Uncommon trap: reason=class_check action=maybe_recompile pc=0x00007f1505220510 method=com.android.dx.ssa.NormalSsaInsn.accept(Lcom/android/dx/ssa/SsaInsn$Visitor;)V @ 9
Event: 1.024 Thread 0x00007f1514212000 Uncommon trap: reason=class_check action=maybe_recompile pc=0x00007f1505220510 method=com.android.dx.ssa.NormalSsaInsn.accept(Lcom/android/dx/ssa/SsaInsn$Visitor;)V @ 9
Event: 1.024 Thread 0x00007f1514212000 Uncommon trap: reason=class_check action=maybe_recompile pc=0x00007f1505220510 method=com.android.dx.ssa.NormalSsaInsn.accept(Lcom/android/dx/ssa/SsaInsn$Visitor;)V @ 9
Event: 1.026 Thread 0x00007f1514212000 Uncommon trap: reason=class_check action=maybe_recompile pc=0x00007f1505220510 method=com.android.dx.ssa.NormalSsaInsn.accept(Lcom/android/dx/ssa/SsaInsn$Visitor;)V @ 9
Event: 1.398 Thread 0x00007f151400a000 Uncommon trap: reason=unstable_if action=reinterpret pc=0x00007f1505210ef8 method=java.util.BitSet.ensureCapacity(I)V @ 6
Event: 1.625 Thread 0x00007f151420f000 Uncommon trap: reason=unstable_if action=reinterpret pc=0x00007f1505211f10 method=java.util.HashMap.getNode(ILjava/lang/Object;)Ljava/util/HashMap$Node; @ 129

Internal exceptions (5 events):
Event: 0.024 Thread 0x00007f151400a000 Exception <a 'java/lang/NoSuchMethodError': Method sun.misc.Unsafe.defineClass(Ljava/lang/String;[BII)Ljava/lang/Class; name or signature does not match> (0x00000000eab07cc0) thrown at [/build/openjdk-8-vT_67x/openjdk-8-8u91-b14/src/hotspot/src/share/vm/p
Event: 0.024 Thread 0x00007f151400a000 Exception <a 'java/lang/NoSuchMethodError': Method sun.misc.Unsafe.prefetchRead(Ljava/lang/Object;J)V name or signature does not match> (0x00000000eab07fa8) thrown at [/build/openjdk-8-vT_67x/openjdk-8-8u91-b14/src/hotspot/src/share/vm/prims/jni.cpp, line
Event: 0.082 Thread 0x00007f151400a000 Exception <a 'java/util/zip/ZipException'> (0x00000000eab51ea8) thrown at [/build/openjdk-8-vT_67x/openjdk-8-8u91-b14/src/hotspot/src/share/vm/prims/jni.cpp, line 709]
Event: 0.082 Thread 0x00007f151400a000 Exception <a 'java/security/PrivilegedActionException'> (0x00000000eab52148) thrown at [/build/openjdk-8-vT_67x/openjdk-8-8u91-b14/src/hotspot/src/share/vm/prims/jvm.cpp, line 1386]
Event: 0.082 Thread 0x00007f151400a000 Exception <a 'java/security/PrivilegedActionException'> (0x00000000eab52358) thrown at [/build/openjdk-8-vT_67x/openjdk-8-8u91-b14/src/hotspot/src/share/vm/prims/jvm.cpp, line 1386]

Events (10 events):
Event: 1.414 loading class com/android/dx/cf/code/SwitchList
Event: 1.414 loading class com/android/dx/cf/code/SwitchList done
Event: 1.567 loading class java/util/TreeMap$EntrySet
Event: 1.569 loading class java/util/TreeMap$EntrySet done
Event: 1.569 loading class java/util/TreeMap$EntryIterator
Event: 1.569 loading class java/util/TreeMap$EntryIterator done
Event: 1.625 Thread 0x00007f151420f000 Uncommon trap: trap_request=0xffffff65 fr.pc=0x00007f1505211f10
Event: 1.625 Thread 0x00007f151420f000 DEOPT PACKING pc=0x00007f1505211f10 sp=0x00007f14ece10f40
Event: 1.625 Thread 0x00007f151420f000 DEOPT UNPACKING pc=0x00007f1505004f69 sp=0x00007f14ece10e80 mode 2
Event: 1.974 Executing VM operation: ParallelGCFailedAllocation


Dynamic libraries:
00400000-00401000 r-xp 00000000 08:16 1058522                            /usr/lib/jvm/java-8-openjdk-amd64/jre/bin/java
00600000-00601000 r--p 00000000 08:16 1058522                            /usr/lib/jvm/java-8-openjdk-amd64/jre/bin/java
00601000-00602000 rw-p 00001000 08:16 1058522                            /usr/lib/jvm/java-8-openjdk-amd64/jre/bin/java
0223a000-0225b000 rw-p 00000000 00:00 0                                  [heap]
c0000000-c5300000 rw-p 00000000 00:00 0 
c5300000-eab00000 ---p 00000000 00:00 0 
eab00000-ed400000 rw-p 00000000 00:00 0 
ef300000-100000000 ---p 00000000 00:00 0 
100000000-1000a0000 rw-p 00000000 00:00 0 
1000a0000-140000000 ---p 00000000 00:00 0 
7f149c000000-7f149c021000 rw-p 00000000 00:00 0 
7f149c021000-7f14a0000000 ---p 00000000 00:00 0 
7f14a4000000-7f14a4028000 rw-p 00000000 00:00 0 
7f14a4028000-7f14a8000000 ---p 00000000 00:00 0 
7f14a8000000-7f14a8021000 rw-p 00000000 00:00 0 
7f14a8021000-7f14ac000000 ---p 00000000 00:00 0 
7f14ac000000-7f14ac026000 rw-p 00000000 00:00 0 
7f14ac026000-7f14b0000000 ---p 00000000 00:00 0 
7f14b0000000-7f14b0021000 rw-p 00000000 00:00 0 
7f14b0021000-7f14b4000000 ---p 00000000 00:00 0 
7f14b4000000-7f14b4021000 rw-p 00000000 00:00 0 
7f14b4021000-7f14b8000000 ---p 00000000 00:00 0 
7f14b8000000-7f14b8470000 rw-p 00000000 00:00 0 
7f14b8470000-7f14bc000000 ---p 00000000 00:00 0 
7f14bc000000-7f14bc3ef000 rw-p 00000000 00:00 0 
7f14bc3ef000-7f14c0000000 ---p 00000000 00:00 0 
7f14c0000000-7f14c0021000 rw-p 00000000 00:00 0 
7f14c0021000-7f14c4000000 ---p 00000000 00:00 0 
7f14c4000000-7f14c44d0000 rw-p 00000000 00:00 0 
7f14c44d0000-7f14c8000000 ---p 00000000 00:00 0 
7f14c8000000-7f14c83bb000 rw-p 00000000 00:00 0 
7f14c83bb000-7f14cc000000 ---p 00000000 00:00 0 
7f14cc000000-7f14cc021000 rw-p 00000000 00:00 0 
7f14cc021000-7f14d0000000 ---p 00000000 00:00 0 
7f14d0000000-7f14d0021000 rw-p 00000000 00:00 0 
7f14d0021000-7f14d4000000 ---p 00000000 00:00 0 
7f14d4000000-7f14d4021000 rw-p 00000000 00:00 0 
7f14d4021000-7f14d8000000 ---p 00000000 00:00 0 
7f14d8000000-7f14d8021000 rw-p 00000000 00:00 0 
7f14d8021000-7f14dc000000 ---p 00000000 00:00 0 
7f14dc000000-7f14dc021000 rw-p 00000000 00:00 0 
7f14dc021000-7f14e0000000 ---p 00000000 00:00 0 
7f14e0000000-7f14e0021000 rw-p 00000000 00:00 0 
7f14e0021000-7f14e4000000 ---p 00000000 00:00 0 
7f14e8000000-7f14e8021000 rw-p 00000000 00:00 0 
7f14e8021000-7f14ec000000 ---p 00000000 00:00 0 
7f14ec90e000-7f14ec911000 ---p 00000000 00:00 0 
7f14ec911000-7f14eca0f000 rw-p 00000000 00:00 0                          [stack:9489]
7f14eca0f000-7f14eca12000 ---p 00000000 00:00 0 
7f14eca12000-7f14ecb10000 rw-p 00000000 00:00 0                          [stack:9488]
7f14ecb10000-7f14ecb13000 ---p 00000000 00:00 0 
7f14ecb13000-7f14ecc11000 rw-p 00000000 00:00 0                          [stack:9486]
7f14ecc11000-7f14ecc14000 ---p 00000000 00:00 0 
7f14ecc14000-7f14ecd12000 rw-p 00000000 00:00 0                          [stack:9483]
7f14ecd12000-7f14ecd15000 ---p 00000000 00:00 0 
7f14ecd15000-7f14ece13000 rw-p 00000000 00:00 0                          [stack:9473]
7f14ece13000-7f14ece14000 ---p 00000000 00:00 0 
7f14ece14000-7f14ecf14000 rw-p 00000000 00:00 0                          [stack:9405]
7f14ecf14000-7f14ecf17000 ---p 00000000 00:00 0 
7f14ecf17000-7f14ed015000 rw-p 00000000 00:00 0                          [stack:9404]
7f14ed015000-7f14ed018000 ---p 00000000 00:00 0 
7f14ed018000-7f14ed116000 rw-p 00000000 00:00 0                          [stack:9401]
7f14ed116000-7f14ed119000 ---p 00000000 00:00 0 
7f14ed119000-7f14ed217000 rw-p 00000000 00:00 0                          [stack:9397]
7f14ed217000-7f14ed21a000 ---p 00000000 00:00 0 
7f14ed21a000-7f14ed318000 rw-p 00000000 00:00 0                          [stack:9396]
7f14ed318000-7f14ed31b000 ---p 00000000 00:00 0 
7f14ed31b000-7f14ed419000 rw-p 00000000 00:00 0                          [stack:9393]
7f14ed419000-7f14ed41c000 ---p 00000000 00:00 0 
7f14ed41c000-7f14ed51a000 rw-p 00000000 00:00 0                          [stack:9385]
7f14ed51a000-7f14edbfc000 r--p 00000000 08:16 531444                     /usr/lib/locale/locale-archive
7f14edbfc000-7f14edbff000 ---p 00000000 00:00 0 
7f14edbff000-7f14edcfd000 rw-p 00000000 00:00 0                          [stack:9359]
7f14edcfd000-7f14edd00000 ---p 00000000 00:00 0 
7f14edd00000-7f14eddfe000 rw-p 00000000 00:00 0                          [stack:9356]
7f14eddfe000-7f14eddff000 ---p 00000000 00:00 0 
7f14eddff000-7f14f0000000 rw-p 00000000 00:00 0                          [stack:9349]
7f14f0000000-7f14f0021000 rw-p 00000000 00:00 0 
7f14f0021000-7f14f4000000 ---p 00000000 00:00 0 
7f14f4000000-7f14f4021000 rw-p 00000000 00:00 0 
7f14f4021000-7f14f8000000 ---p 00000000 00:00 0 
7f14f8000000-7f14f8021000 rw-p 00000000 00:00 0 
7f14f8021000-7f14fc000000 ---p 00000000 00:00 0 
7f14fc000000-7f14fc021000 rw-p 00000000 00:00 0 
7f14fc021000-7f1500000000 ---p 00000000 00:00 0 
7f1500000000-7f1500021000 rw-p 00000000 00:00 0 
7f1500021000-7f1504000000 ---p 00000000 00:00 0 
7f1504056000-7f150405a000 r--s 00025000 08:16 2500877                    /home/pc2/Desktop/Android/SOSapp/SOSapp/app/build/intermediates/exploded-aar/com.android.support/mediarouter-v7/23.0.0/jars/classes.jar
7f150405a000-7f1504069000 r--s 000df000 08:16 3674186                    /root/Android/Sdk/build-tools/23.0.3/lib/dx.jar
7f1504069000-7f1504084000 r--s 001d7000 08:16 1971917                    /usr/lib/jvm/java-8-openjdk-amd64/jre/lib/ext/nashorn.jar
7f1504084000-7f150408e000 r--s 00116000 08:16 1972026                    /usr/lib/jvm/java-8-openjdk-amd64/jre/lib/ext/localedata.jar
7f150408e000-7f1505000000 rw-p 00000000 00:00 0 
7f1505000000-7f15052c0000 rwxp 00000000 00:00 0 
7f15052c0000-7f1514000000 ---p 00000000 00:00 0 
7f1514000000-7f151424a000 rw-p 00000000 00:00 0 
7f151424a000-7f1518000000 ---p 00000000 00:00 0 
7f1518000000-7f1518001000 rw-p 00000000 00:00 0 
7f1518001000-7f151801d000 r--s 00393000 08:16 1971986                    /usr/lib/jvm/java-8-openjdk-amd64/jre/lib/ext/cldrdata.jar
7f151801d000-7f1518bf9000 rw-p 00000000 00:00 0 
7f1518bf9000-7f1518dc6000 r--s 03be7000 08:16 1328837                    /usr/lib/jvm/java-8-openjdk-amd64/jre/lib/rt.jar
7f1518dc6000-7f151947c000 rw-p 00000000 00:00 0 
7f151947c000-7f151963c000 ---p 00000000 00:00 0 
7f151963c000-7f151983c000 rw-p 00000000 00:00 0 
7f151983c000-7f151983d000 ---p 00000000 00:00 0 
7f151983d000-7f151993d000 rw-p 00000000 00:00 0                          [stack:9343]
7f151993d000-7f151993e000 ---p 00000000 00:00 0 
7f151993e000-7f1519a3e000 rw-p 00000000 00:00 0                          [stack:9342]
7f1519a3e000-7f1519a3f000 ---p 00000000 00:00 0 
7f1519a3f000-7f1519b3f000 rw-p 00000000 00:00 0                          [stack:9341]
7f1519b3f000-7f1519b40000 ---p 00000000 00:00 0 
7f1519b40000-7f1519c40000 rw-p 00000000 00:00 0                          [stack:9340]
7f1519c40000-7f1519c41000 ---p 00000000 00:00 0 
7f1519c41000-7f1519d41000 rw-p 00000000 00:00 0                          [stack:9338]
7f1519d41000-7f1519d42000 ---p 00000000 00:00 0 
7f1519d42000-7f1519e42000 rw-p 00000000 00:00 0                          [stack:9337]
7f1519e42000-7f1519e43000 ---p 00000000 00:00 0 
7f1519e43000-7f1519f43000 rw-p 00000000 00:00 0                          [stack:9336]
7f1519f43000-7f1519f44000 ---p 00000000 00:00 0 
7f1519f44000-7f151a06e000 rw-p 00000000 00:00 0                          [stack:9335]
7f151a06e000-7f151a19a000 ---p 00000000 00:00 0 
7f151a19a000-7f151a1c4000 rw-p 00000000 00:00 0 
7f151a1c4000-7f151a2ef000 ---p 00000000 00:00 0 
7f151a2ef000-7f151a304000 rw-p 00000000 00:00 0 
7f151a304000-7f151a39a000 ---p 00000000 00:00 0 
7f151a39a000-7f151a3a6000 rw-p 00000000 00:00 0 
7f151a3a6000-7f151a75b000 ---p 00000000 00:00 0 
7f151a75b000-7f151a763000 r-xp 00000000 08:16 1444986                    /usr/lib/jvm/java-8-openjdk-amd64/jre/lib/amd64/libzip.so
7f151a763000-7f151a962000 ---p 00008000 08:16 1444986                    /usr/lib/jvm/java-8-openjdk-amd64/jre/lib/amd64/libzip.so
7f151a962000-7f151a963000 r--p 00007000 08:16 1444986                    /usr/lib/jvm/java-8-openjdk-amd64/jre/lib/amd64/libzip.so
7f151a963000-7f151a964000 rw-p 00008000 08:16 1444986                    /usr/lib/jvm/java-8-openjdk-amd64/jre/lib/amd64/libzip.so
7f151a964000-7f151a96e000 r-xp 00000000 08:16 3413541                    /lib/x86_64-linux-gnu/libnss_files-2.19.so
7f151a96e000-7f151ab6d000 ---p 0000a000 08:16 3413541                    /lib/x86_64-linux-gnu/libnss_files-2.19.so
7f151ab6d000-7f151ab6e000 r--p 00009000 08:16 3413541                    /lib/x86_64-linux-gnu/libnss_files-2.19.so
7f151ab6e000-7f151ab6f000 rw-p 0000a000 08:16 3413541                    /lib/x86_64-linux-gnu/libnss_files-2.19.so
7f151ab6f000-7f151ab7a000 r-xp 00000000 08:16 3413533                    /lib/x86_64-linux-gnu/libnss_nis-2.19.so
7f151ab7a000-7f151ad79000 ---p 0000b000 08:16 3413533                    /lib/x86_64-linux-gnu/libnss_nis-2.19.so
7f151ad79000-7f151ad7a000 r--p 0000a000 08:16 3413533                    /lib/x86_64-linux-gnu/libnss_nis-2.19.so
7f151ad7a000-7f151ad7b000 rw-p 0000b000 08:16 3413533                    /lib/x86_64-linux-gnu/libnss_nis-2.19.so
7f151ad7b000-7f151ad92000 r-xp 00000000 08:16 3413529                    /lib/x86_64-linux-gnu/libnsl-2.19.so
7f151ad92000-7f151af91000 ---p 00017000 08:16 3413529                    /lib/x86_64-linux-gnu/libnsl-2.19.so
7f151af91000-7f151af92000 r--p 00016000 08:16 3413529                    /lib/x86_64-linux-gnu/libnsl-2.19.so
7f151af92000-7f151af93000 rw-p 00017000 08:16 3413529                    /lib/x86_64-linux-gnu/libnsl-2.19.so
7f151af93000-7f151af95000 rw-p 00000000 00:00 0 
7f151af95000-7f151af9e000 r-xp 00000000 08:16 3413528                    /lib/x86_64-linux-gnu/libnss_compat-2.19.so
7f151af9e000-7f151b19d000 ---p 00009000 08:16 3413528                    /lib/x86_64-linux-gnu/libnss_compat-2.19.so
7f151b19d000-7f151b19e000 r--p 00008000 08:16 3413528                    /lib/x86_64-linux-gnu/libnss_compat-2.19.so
7f151b19e000-7f151b19f000 rw-p 00009000 08:16 3413528                    /lib/x86_64-linux-gnu/libnss_compat-2.19.so
7f151b19f000-7f151b1cb000 r-xp 00000000 08:16 1444413                    /usr/lib/jvm/java-8-openjdk-amd64/jre/lib/amd64/libjava.so
7f151b1cb000-7f151b3cb000 ---p 0002c000 08:16 1444413                    /usr/lib/jvm/java-8-openjdk-amd64/jre/lib/amd64/libjava.so
7f151b3cb000-7f151b3cc000 r--p 0002c000 08:16 1444413                    /usr/lib/jvm/java-8-openjdk-amd64/jre/lib/amd64/libjava.so
7f151b3cc000-7f151b3ce000 rw-p 0002d000 08:16 1444413                    /usr/lib/jvm/java-8-openjdk-amd64/jre/lib/amd64/libjava.so
7f151b3ce000-7f151b3de000 r-xp 00000000 08:16 1444420                    /usr/lib/jvm/java-8-openjdk-amd64/jre/lib/amd64/libverify.so
7f151b3de000-7f151b5dd000 ---p 00010000 08:16 1444420                    /usr/lib/jvm/java-8-openjdk-amd64/jre/lib/amd64/libverify.so
7f151b5dd000-7f151b5df000 r--p 0000f000 08:16 1444420                    /usr/lib/jvm/java-8-openjdk-amd64/jre/lib/amd64/libverify.so
7f151b5df000-7f151b5e0000 rw-p 00011000 08:16 1444420                    /usr/lib/jvm/java-8-openjdk-amd64/jre/lib/amd64/libverify.so
7f151b5e0000-7f151b5e7000 r-xp 00000000 08:16 3413537                    /lib/x86_64-linux-gnu/librt-2.19.so
7f151b5e7000-7f151b7e6000 ---p 00007000 08:16 3413537                    /lib/x86_64-linux-gnu/librt-2.19.so
7f151b7e6000-7f151b7e7000 r--p 00006000 08:16 3413537                    /lib/x86_64-linux-gnu/librt-2.19.so
7f151b7e7000-7f151b7e8000 rw-p 00007000 08:16 3413537                    /lib/x86_64-linux-gnu/librt-2.19.so
7f151b7e8000-7f151b7fe000 r-xp 00000000 08:16 3413520                    /lib/x86_64-linux-gnu/libgcc_s.so.1
7f151b7fe000-7f151b9fd000 ---p 00016000 08:16 3413520                    /lib/x86_64-linux-gnu/libgcc_s.so.1
7f151b9fd000-7f151b9fe000 rw-p 00015000 08:16 3413520                    /lib/x86_64-linux-gnu/libgcc_s.so.1
7f151b9fe000-7f151bb03000 r-xp 00000000 08:16 3413523                    /lib/x86_64-linux-gnu/libm-2.19.so
7f151bb03000-7f151bd02000 ---p 00105000 08:16 3413523                    /lib/x86_64-linux-gnu/libm-2.19.so
7f151bd02000-7f151bd03000 r--p 00104000 08:16 3413523                    /lib/x86_64-linux-gnu/libm-2.19.so
7f151bd03000-7f151bd04000 rw-p 00105000 08:16 3413523                    /lib/x86_64-linux-gnu/libm-2.19.so
7f151bd04000-7f151bdea000 r-xp 00000000 08:16 524323                     /usr/lib/x86_64-linux-gnu/libstdc++.so.6.0.19
7f151bdea000-7f151bfe9000 ---p 000e6000 08:16 524323                     /usr/lib/x86_64-linux-gnu/libstdc++.so.6.0.19
7f151bfe9000-7f151bff1000 r--p 000e5000 08:16 524323                     /usr/lib/x86_64-linux-gnu/libstdc++.so.6.0.19
7f151bff1000-7f151bff3000 rw-p 000ed000 08:16 524323                     /usr/lib/x86_64-linux-gnu/libstdc++.so.6.0.19
7f151bff3000-7f151c008000 rw-p 00000000 00:00 0 
7f151c008000-7f151cbf6000 r-xp 00000000 08:16 1574165                    /usr/lib/jvm/java-8-openjdk-amd64/jre/lib/amd64/server/libjvm.so
7f151cbf6000-7f151cdf6000 ---p 00bee000 08:16 1574165                    /usr/lib/jvm/java-8-openjdk-amd64/jre/lib/amd64/server/libjvm.so
7f151cdf6000-7f151ce94000 r--p 00bee000 08:16 1574165                    /usr/lib/jvm/java-8-openjdk-amd64/jre/lib/amd64/server/libjvm.so
7f151ce94000-7f151cebd000 rw-p 00c8c000 08:16 1574165                    /usr/lib/jvm/java-8-openjdk-amd64/jre/lib/amd64/server/libjvm.so
7f151cebd000-7f151ceef000 rw-p 00000000 00:00 0 
7f151ceef000-7f151cf08000 r-xp 00000000 08:16 3413530                    /lib/x86_64-linux-gnu/libpthread-2.19.so
7f151cf08000-7f151d107000 ---p 00019000 08:16 3413530                    /lib/x86_64-linux-gnu/libpthread-2.19.so
7f151d107000-7f151d108000 r--p 00018000 08:16 3413530                    /lib/x86_64-linux-gnu/libpthread-2.19.so
7f151d108000-7f151d109000 rw-p 00019000 08:16 3413530                    /lib/x86_64-linux-gnu/libpthread-2.19.so
7f151d109000-7f151d10d000 rw-p 00000000 00:00 0 
7f151d10d000-7f151d110000 r-xp 00000000 08:16 3413525                    /lib/x86_64-linux-gnu/libdl-2.19.so
7f151d110000-7f151d30f000 ---p 00003000 08:16 3413525                    /lib/x86_64-linux-gnu/libdl-2.19.so
7f151d30f000-7f151d310000 r--p 00002000 08:16 3413525                    /lib/x86_64-linux-gnu/libdl-2.19.so
7f151d310000-7f151d311000 rw-p 00003000 08:16 3413525                    /lib/x86_64-linux-gnu/libdl-2.19.so
7f151d311000-7f151d329000 r-xp 00000000 08:16 3412060                    /lib/x86_64-linux-gnu/libz.so.1.2.8
7f151d329000-7f151d528000 ---p 00018000 08:16 3412060                    /lib/x86_64-linux-gnu/libz.so.1.2.8
7f151d528000-7f151d529000 r--p 00017000 08:16 3412060                    /lib/x86_64-linux-gnu/libz.so.1.2.8
7f151d529000-7f151d52a000 rw-p 00018000 08:16 3412060                    /lib/x86_64-linux-gnu/libz.so.1.2.8
7f151d52a000-7f151d6e4000 r-xp 00000000 08:16 3413538                    /lib/x86_64-linux-gnu/libc-2.19.so
7f151d6e4000-7f151d8e4000 ---p 001ba000 08:16 3413538                    /lib/x86_64-linux-gnu/libc-2.19.so
7f151d8e4000-7f151d8e8000 r--p 001ba000 08:16 3413538                    /lib/x86_64-linux-gnu/libc-2.19.so
7f151d8e8000-7f151d8ea000 rw-p 001be000 08:16 3413538                    /lib/x86_64-linux-gnu/libc-2.19.so
7f151d8ea000-7f151d8ef000 rw-p 00000000 00:00 0 
7f151d8ef000-7f151d8fc000 r-xp 00000000 08:16 1574169                    /usr/lib/jvm/java-8-openjdk-amd64/jre/lib/amd64/jli/libjli.so
7f151d8fc000-7f151dafc000 ---p 0000d000 08:16 1574169                    /usr/lib/jvm/java-8-openjdk-amd64/jre/lib/amd64/jli/libjli.so
7f151dafc000-7f151dafd000 r--p 0000d000 08:16 1574169                    /usr/lib/jvm/java-8-openjdk-amd64/jre/lib/amd64/jli/libjli.so
7f151dafd000-7f151dafe000 rw-p 0000e000 08:16 1574169                    /usr/lib/jvm/java-8-openjdk-amd64/jre/lib/amd64/jli/libjli.so
7f151dafe000-7f151db21000 r-xp 00000000 08:16 3413531                    /lib/x86_64-linux-gnu/ld-2.19.so
7f151db21000-7f151db27000 r--s 0003a000 08:16 1972006                    /usr/lib/jvm/java-8-openjdk-amd64/jre/lib/ext/sunjce_provider.jar
7f151db27000-7f151dc00000 rw-p 00000000 00:00 0 
7f151dc00000-7f151dc03000 ---p 00000000 00:00 0 
7f151dc03000-7f151dd06000 rw-p 00000000 00:00 0                          [stack:9333]
7f151dd06000-7f151dd08000 r--s 00006000 08:16 924865                     /usr/share/java/java-atk-wrapper.jar
7f151dd08000-7f151dd09000 r--s 00008000 08:16 1971996                    /usr/lib/jvm/java-8-openjdk-amd64/jre/lib/ext/sunec.jar
7f151dd09000-7f151dd0c000 r--s 0000f000 08:16 1972013                    /usr/lib/jvm/java-8-openjdk-amd64/jre/lib/ext/icedtea-sound.jar
7f151dd0c000-7f151dd0e000 r--s 00001000 08:16 1971942                    /usr/lib/jvm/java-8-openjdk-amd64/jre/lib/ext/dnsns.jar
7f151dd0e000-7f151dd0f000 r--s 0000a000 08:16 1972003                    /usr/lib/jvm/java-8-openjdk-amd64/jre/lib/ext/jaccess.jar
7f151dd0f000-7f151dd10000 r--s 00010000 08:16 1972005                    /usr/lib/jvm/java-8-openjdk-amd64/jre/lib/ext/zipfs.jar
7f151dd10000-7f151dd14000 r--s 00037000 08:16 1972031                    /usr/lib/jvm/java-8-openjdk-amd64/jre/lib/ext/sunpkcs11.jar
7f151dd14000-7f151dd1c000 rw-s 00000000 08:16 4473316                    /tmp/hsperfdata_root/9327
7f151dd1c000-7f151dd1d000 rw-p 00000000 00:00 0 
7f151dd1d000-7f151dd1e000 ---p 00000000 00:00 0 
7f151dd1e000-7f151dd20000 rw-p 00000000 00:00 0 
7f151dd20000-7f151dd21000 r--p 00022000 08:16 3413531                    /lib/x86_64-linux-gnu/ld-2.19.so
7f151dd21000-7f151dd22000 rw-p 00023000 08:16 3413531                    /lib/x86_64-linux-gnu/ld-2.19.so
7f151dd22000-7f151dd23000 rw-p 00000000 00:00 0 
7ffff7077000-7ffff7098000 rw-p 00000000 00:00 0                          [stack]
7ffff7155000-7ffff7157000 r-xp 00000000 00:00 0                          [vdso]
ffffffffff600000-ffffffffff601000 r-xp 00000000 00:00 0                  [vsyscall]

VM Arguments:
jvm_args: -Djava.awt.headless=true -Xmx1024M -Dfile.encoding=UTF-8 -Duser.country=US -Duser.language=en -Duser.variant 
java_command: com.android.dx.command.Main --dex --num-threads=4 --output /home/pc2/Desktop/Android/SOSapp/SOSapp/app/build/intermediates/pre-dexed/debug/com.android.support-mediarouter-v7-23.0.0_4a089e1156ccdfa79a63412effff51942225d4f4.jar /home/pc2/Desktop/Android/SOSapp/SOSapp/app/build/intermediates/exploded-aar/com.android.support/mediarouter-v7/23.0.0/jars/classes.jar
java_class_path (initial): /root/Android/Sdk/build-tools/23.0.3/lib/dx.jar
Launcher Type: SUN_STANDARD

Environment Variables:
PATH=/usr/local/sbin:/usr/local/bin:/usr/sbin:/usr/bin:/sbin:/bin
USERNAME=root
LD_LIBRARY_PATH=.:
SHELL=/bin/bash
DISPLAY=:0

Signal Handlers:
SIGSEGV: [libjvm.so+0x9f6230], sa_mask[0]=11111111011111111101111111111110, sa_flags=SA_RESTART|SA_SIGINFO
SIGBUS: [libjvm.so+0x9f6230], sa_mask[0]=11111111011111111101111111111110, sa_flags=SA_RESTART|SA_SIGINFO
SIGFPE: [libjvm.so+0x856c80], sa_mask[0]=11111111011111111101111111111110, sa_flags=SA_RESTART|SA_SIGINFO
SIGPIPE: [libjvm.so+0x856c80], sa_mask[0]=11111111011111111101111111111110, sa_flags=SA_RESTART|SA_SIGINFO
SIGXFSZ: [libjvm.so+0x856c80], sa_mask[0]=11111111011111111101111111111110, sa_flags=SA_RESTART|SA_SIGINFO
SIGILL: [libjvm.so+0x856c80], sa_mask[0]=11111111011111111101111111111110, sa_flags=SA_RESTART|SA_SIGINFO
SIGUSR1: SIG_DFL, sa_mask[0]=00000000000000000000000000000000, sa_flags=none
SIGUSR2: [libjvm.so+0x856b50], sa_mask[0]=00100000000000000000000000000000, sa_flags=SA_RESTART|SA_SIGINFO
SIGHUP: [libjvm.so+0x856d40], sa_mask[0]=11111111011111111101111111111110, sa_flags=SA_RESTART|SA_SIGINFO
SIGINT: [libjvm.so+0x856d40], sa_mask[0]=11111111011111111101111111111110, sa_flags=SA_RESTART|SA_SIGINFO
SIGTERM: [libjvm.so+0x856d40], sa_mask[0]=11111111011111111101111111111110, sa_flags=SA_RESTART|SA_SIGINFO
SIGQUIT: [libjvm.so+0x856d40], sa_mask[0]=11111111011111111101111111111110, sa_flags=SA_RESTART|SA_SIGINFO


---------------  S Y S T E M  ---------------

OS:DISTRIB_ID=Ubuntu
DISTRIB_RELEASE=14.04
DISTRIB_CODENAME=trusty
DISTRIB_DESCRIPTION="Ubuntu 14.04.4 LTS"

uname:Linux 3.13.0-91-generic #138-Ubuntu SMP Fri Jun 24 17:00:34 UTC 2016 x86_64
libc:glibc 2.19 NPTL 2.19 
rlimit: STACK 8192k, CORE 0k, NPROC 62225, NOFILE 4096, AS infinity
load average:1.51 1.37 1.35

/proc/meminfo:
MemTotal:        8054008 kB
MemFree:         2737740 kB
Buffers:            2288 kB
Cached:           393668 kB
SwapCached:            0 kB
Active:          4433364 kB
Inactive:         387704 kB
Active(anon):    4430112 kB
Inactive(anon):   323912 kB
Active(file):       3252 kB
Inactive(file):    63792 kB
Unevictable:          48 kB
Mlocked:              48 kB
SwapTotal:             0 kB
SwapFree:              0 kB
Dirty:               376 kB
Writeback:             0 kB
AnonPages:       4428692 kB
Mapped:           370104 kB
Shmem:            325564 kB
Slab:              94760 kB
SReclaimable:      38492 kB
SUnreclaim:        56268 kB
KernelStack:        9560 kB
PageTables:        56096 kB
NFS_Unstable:          0 kB
Bounce:                0 kB
WritebackTmp:          0 kB
CommitLimit:     4027004 kB
Committed_AS:   12594264 kB
VmallocTotal:   34359738367 kB
VmallocUsed:      600124 kB
VmallocChunk:   34359117788 kB
HardwareCorrupted:     0 kB
AnonHugePages:   1593344 kB
HugePages_Total:       0
HugePages_Free:        0
HugePages_Rsvd:        0
HugePages_Surp:        0
Hugepagesize:       2048 kB
DirectMap4k:      490240 kB
DirectMap2M:     7776256 kB
DirectMap1G:           0 kB


CPU:total 8 (4 cores per cpu, 2 threads per core) family 6 model 60 stepping 3, cmov, cx8, fxsr, mmx, sse, sse2, sse3, ssse3, sse4.1, sse4.2, popcnt, avx, avx2, aes, clmul, erms, lzcnt, ht, tsc, tscinvbit, bmi1, bmi2

/proc/cpuinfo:
processor	: 0
vendor_id	: GenuineIntel
cpu family	: 6
model		: 60
model name	: Intel(R) Core(TM) i7-4702MQ CPU @ 2.20GHz
stepping	: 3
microcode	: 0x17
cpu MHz		: 2201.000
cache size	: 6144 KB
physical id	: 0
siblings	: 8
core id		: 0
cpu cores	: 4
apicid		: 0
initial apicid	: 0
fpu		: yes
fpu_exception	: yes
cpuid level	: 13
wp		: yes
flags		: fpu vme de pse tsc msr pae mce cx8 apic sep mtrr pge mca cmov pat pse36 clflush dts acpi mmx fxsr sse sse2 ss ht tm pbe syscall nx pdpe1gb rdtscp lm constant_tsc arch_perfmon pebs bts rep_good nopl xtopology nonstop_tsc aperfmperf eagerfpu pni pclmulqdq dtes64 monitor ds_cpl vmx est tm2 ssse3 fma cx16 xtpr pdcm pcid sse4_1 sse4_2 movbe popcnt tsc_deadline_timer aes xsave avx f16c rdrand lahf_lm abm ida arat epb xsaveopt pln pts dtherm tpr_shadow vnmi flexpriority ept vpid fsgsbase tsc_adjust bmi1 avx2 smep bmi2 erms invpcid
bogomips	: 4390.28
clflush size	: 64
cache_alignment	: 64
address sizes	: 39 bits physical, 48 bits virtual
power management:

processor	: 1
vendor_id	: GenuineIntel
cpu family	: 6
model		: 60
model name	: Intel(R) Core(TM) i7-4702MQ CPU @ 2.20GHz
stepping	: 3
microcode	: 0x17
cpu MHz		: 2201.000
cache size	: 6144 KB
physical id	: 0
siblings	: 8
core id		: 0
cpu cores	: 4
apicid		: 1
initial apicid	: 1
fpu		: yes
fpu_exception	: yes
cpuid level	: 13
wp		: yes
flags		: fpu vme de pse tsc msr pae mce cx8 apic sep mtrr pge mca cmov pat pse36 clflush dts acpi mmx fxsr sse sse2 ss ht tm pbe syscall nx pdpe1gb rdtscp lm constant_tsc arch_perfmon pebs bts rep_good nopl xtopology nonstop_tsc aperfmperf eagerfpu pni pclmulqdq dtes64 monitor ds_cpl vmx est tm2 ssse3 fma cx16 xtpr pdcm pcid sse4_1 sse4_2 movbe popcnt tsc_deadline_timer aes xsave avx f16c rdrand lahf_lm abm ida arat epb xsaveopt pln pts dtherm tpr_shadow vnmi flexpriority ept vpid fsgsbase tsc_adjust bmi1 avx2 smep bmi2 erms invpcid
bogomips	: 4390.28
clflush size	: 64
cache_alignment	: 64
address sizes	: 39 bits physical, 48 bits virtual
power management:

processor	: 2
vendor_id	: GenuineIntel
cpu family	: 6
model		: 60
model name	: Intel(R) Core(TM) i7-4702MQ CPU @ 2.20GHz
stepping	: 3
microcode	: 0x17
cpu MHz		: 2201.000
cache size	: 6144 KB
physical id	: 0
siblings	: 8
core id		: 1
cpu cores	: 4
apicid		: 2
initial apicid	: 2
fpu		: yes
fpu_exception	: yes
cpuid level	: 13
wp		: yes
flags		: fpu vme de pse tsc msr pae mce cx8 apic sep mtrr pge mca cmov pat pse36 clflush dts acpi mmx fxsr sse sse2 ss ht tm pbe syscall nx pdpe1gb rdtscp lm constant_tsc arch_perfmon pebs bts rep_good nopl xtopology nonstop_tsc aperfmperf eagerfpu pni pclmulqdq dtes64 monitor ds_cpl vmx est tm2 ssse3 fma cx16 xtpr pdcm pcid sse4_1 sse4_2 movbe popcnt tsc_deadline_timer aes xsave avx f16c rdrand lahf_lm abm ida arat epb xsaveopt pln pts dtherm tpr_shadow vnmi flexpriority ept vpid fsgsbase tsc_adjust bmi1 avx2 smep bmi2 erms invpcid
bogomips	: 4390.28
clflush size	: 64
cache_alignment	: 64
address sizes	: 39 bits physical, 48 bits virtual
power management:

processor	: 3
vendor_id	: GenuineIntel
cpu family	: 6
model		: 60
model name	: Intel(R) Core(TM) i7-4702MQ CPU @ 2.20GHz
stepping	: 3
microcode	: 0x17
cpu MHz		: 2201.000
cache size	: 6144 KB
physical id	: 0
siblings	: 8
core id		: 1
cpu cores	: 4
apicid		: 3
initial apicid	: 3
fpu		: yes
fpu_exception	: yes
cpuid level	: 13
wp		: yes
flags		: fpu vme de pse tsc msr pae mce cx8 apic sep mtrr pge mca cmov pat pse36 clflush dts acpi mmx fxsr sse sse2 ss ht tm pbe syscall nx pdpe1gb rdtscp lm constant_tsc arch_perfmon pebs bts rep_good nopl xtopology nonstop_tsc aperfmperf eagerfpu pni pclmulqdq dtes64 monitor ds_cpl vmx est tm2 ssse3 fma cx16 xtpr pdcm pcid sse4_1 sse4_2 movbe popcnt tsc_deadline_timer aes xsave avx f16c rdrand lahf_lm abm ida arat epb xsaveopt pln pts dtherm tpr_shadow vnmi flexpriority ept vpid fsgsbase tsc_adjust bmi1 avx2 smep bmi2 erms invpcid
bogomips	: 4390.28
clflush size	: 64
cache_alignment	: 64
address sizes	: 39 bits physical, 48 bits virtual
power management:

processor	: 4
vendor_id	: GenuineIntel
cpu family	: 6
model		: 60
model name	: Intel(R) Core(TM) i7-4702MQ CPU @ 2.20GHz
stepping	: 3
microcode	: 0x17
cpu MHz		: 2201.000
cache size	: 6144 KB
physical id	: 0
siblings	: 8
core id		: 2
cpu cores	: 4
apicid		: 4
initial apicid	: 4
fpu		: yes
fpu_exception	: yes
cpuid level	: 13
wp		: yes
flags		: fpu vme de pse tsc msr pae mce cx8 apic sep mtrr pge mca cmov pat pse36 clflush dts acpi mmx fxsr sse sse2 ss ht tm pbe syscall nx pdpe1gb rdtscp lm constant_tsc arch_perfmon pebs bts rep_good nopl xtopology nonstop_tsc aperfmperf eagerfpu pni pclmulqdq dtes64 monitor ds_cpl vmx est tm2 ssse3 fma cx16 xtpr pdcm pcid sse4_1 sse4_2 movbe popcnt tsc_deadline_timer aes xsave avx f16c rdrand lahf_lm abm ida arat epb xsaveopt pln pts dtherm tpr_shadow vnmi flexpriority ept vpid fsgsbase tsc_adjust bmi1 avx2 smep bmi2 erms invpcid
bogomips	: 4390.28
clflush size	: 64
cache_alignment	: 64
address sizes	: 39 bits physical, 48 bits virtual
power management:

processor	: 5
vendor_id	: GenuineIntel
cpu family	: 6
model		: 60
model name	: Intel(R) Core(TM) i7-4702MQ CPU @ 2.20GHz
stepping	: 3
microcode	: 0x17
cpu MHz		: 2201.000
cache size	: 6144 KB
physical id	: 0
siblings	: 8
core id		: 2
cpu cores	: 4
apicid		: 5
initial apicid	: 5
fpu		: yes
fpu_exception	: yes
cpuid level	: 13
wp		: yes
flags		: fpu vme de pse tsc msr pae mce cx8 apic sep mtrr pge mca cmov pat pse36 clflush dts acpi mmx fxsr sse sse2 ss ht tm pbe syscall nx pdpe1gb rdtscp lm constant_tsc arch_perfmon pebs bts rep_good nopl xtopology nonstop_tsc aperfmperf eagerfpu pni pclmulqdq dtes64 monitor ds_cpl vmx est tm2 ssse3 fma cx16 xtpr pdcm pcid sse4_1 sse4_2 movbe popcnt tsc_deadline_timer aes xsave avx f16c rdrand lahf_lm abm ida arat epb xsaveopt pln pts dtherm tpr_shadow vnmi flexpriority ept vpid fsgsbase tsc_adjust bmi1 avx2 smep bmi2 erms invpcid
bogomips	: 4390.28
clflush size	: 64
cache_alignment	: 64
address sizes	: 39 bits physical, 48 bits virtual
power management:

processor	: 6
vendor_id	: GenuineIntel
cpu family	: 6
model		: 60
model name	: Intel(R) Core(TM) i7-4702MQ CPU @ 2.20GHz
stepping	: 3
microcode	: 0x17
cpu MHz		: 2201.000
cache size	: 6144 KB
physical id	: 0
siblings	: 8
core id		: 3
cpu cores	: 4
apicid		: 6
initial apicid	: 6
fpu		: yes
fpu_exception	: yes
cpuid level	: 13
wp		: yes
flags		: fpu vme de pse tsc msr pae mce cx8 apic sep mtrr pge mca cmov pat pse36 clflush dts acpi mmx fxsr sse sse2 ss ht tm pbe syscall nx pdpe1gb rdtscp lm constant_tsc arch_perfmon pebs bts rep_good nopl xtopology nonstop_tsc aperfmperf eagerfpu pni pclmulqdq dtes64 monitor ds_cpl vmx est tm2 ssse3 fma cx16 xtpr pdcm pcid sse4_1 sse4_2 movbe popcnt tsc_deadline_timer aes xsave avx f16c rdrand lahf_lm abm ida arat epb xsaveopt pln pts dtherm tpr_shadow vnmi flexpriority ept vpid fsgsbase tsc_adjust bmi1 avx2 smep bmi2 erms invpcid
bogomips	: 4390.28
clflush size	: 64
cache_alignment	: 64
address sizes	: 39 bits physical, 48 bits virtual
power management:

processor	: 7
vendor_id	: GenuineIntel
cpu family	: 6
model		: 60
model name	: Intel(R) Core(TM) i7-4702MQ CPU @ 2.20GHz
stepping	: 3
microcode	: 0x17
cpu MHz		: 2201.000
cache size	: 6144 KB
physical id	: 0
siblings	: 8
core id		: 3
cpu cores	: 4
apicid		: 7
initial apicid	: 7
fpu		: yes
fpu_exception	: yes
cpuid level	: 13
wp		: yes
flags		: fpu vme de pse tsc msr pae mce cx8 apic sep mtrr pge mca cmov pat pse36 clflush dts acpi mmx fxsr sse sse2 ss ht tm pbe syscall nx pdpe1gb rdtscp lm constant_tsc arch_perfmon pebs bts rep_good nopl xtopology nonstop_tsc aperfmperf eagerfpu pni pclmulqdq dtes64 monitor ds_cpl vmx est tm2 ssse3 fma cx16 xtpr pdcm pcid sse4_1 sse4_2 movbe popcnt tsc_deadline_timer aes xsave avx f16c rdrand lahf_lm abm ida arat epb xsaveopt pln pts dtherm tpr_shadow vnmi flexpriority ept vpid fsgsbase tsc_adjust bmi1 avx2 smep bmi2 erms invpcid
bogomips	: 4390.28
clflush size	: 64
cache_alignment	: 64
address sizes	: 39 bits physical, 48 bits virtual
power management:



Memory: 4k page, physical 8054008k(2737244k free), swap 0k(0k free)

vm_info: OpenJDK 64-Bit Server VM (25.91-b14) for linux-amd64 JRE (1.8.0_91-8u91-b14-0ubuntu4~14.04-b14), built on Apr 22 2016 12:27:31 by "buildd" with gcc 4.8.2

time: Tue Jul 12 16:03:19 2016
elapsed time: 3 seconds (0d 0h 0m 3s)

